Log file open, 03/26/18 15:30:57
LogWindows: Failed to load 'aqProf.dll' (GetLastError=126)
LogWindows: File 'aqProf.dll' does not exist
LogWindows: Failed to load 'VSPerf140.dll' (GetLastError=126)
LogWindows: File 'VSPerf140.dll' does not exist
LogWindows: Failed to load 'VtuneApi.dll' (GetLastError=126)
LogWindows: File 'VtuneApi.dll' does not exist
LogWindows: Failed to load 'VtuneApi32e.dll' (GetLastError=126)
LogWindows: File 'VtuneApi32e.dll' does not exist
LogInit: Display: Running engine for game: havr
LogPlatformFile: Not using cached read wrapper
LogInit: Display: RandInit(1674635262) SRandInit(1674635262).
LogInit: Read version file with build ID '3709383'
LogInit: Overriding engine version to CL 3832480, compatible CL 3709383
LogInit: Registered custom module enumerator with build ID '3709383'
LogTaskGraph: Started task graph with 5 named threads and 8 total threads with 3 sets of task threads.
LogStats: Stats thread started at 0.383688
LogD3D11RHI: Aftermath initialized
LogModuleManager: Display: Found up-to-date module file ../../../Engine/Plugins/2D/Paper2D/Binaries/Win64/UE4Editor-Paper2D.dll (API version 3709383).
LogModuleManager: Display: Found up-to-date module file ../../../Engine/Plugins/2D/Paper2D/Binaries/Win64/UE4Editor-Paper2DEditor.dll (API version 3709383).
LogModuleManager: Display: Found up-to-date module file ../../../Engine/Plugins/2D/Paper2D/Binaries/Win64/UE4Editor-PaperSpriteSheetImporter.dll (API version 3709383).
LogModuleManager: Display: Found up-to-date module file ../../../Engine/Plugins/2D/Paper2D/Binaries/Win64/UE4Editor-PaperTiledImporter.dll (API version 3709383).
LogModuleManager: Display: Found up-to-date module file ../../../Engine/Plugins/2D/Paper2D/Binaries/Win64/UE4Editor-SmartSnapping.dll (API version 3709383).
LogModuleManager: Display: Found up-to-date module file ../../../Engine/Plugins/Blendables/LightPropagationVolume/Binaries/Win64/UE4Editor-LightPropagationVolumeRuntime.dll (API version 3709383).
LogModuleManager: Display: Found up-to-date module file ../../../Engine/Plugins/Blendables/LightPropagationVolume/Binaries/Win64/UE4Editor-LightPropagationVolumeEditor.dll (API version 3709383).
LogModuleManager: Display: Found up-to-date module file ../../../Engine/Plugins/Developer/GitSourceControl/Binaries/Win64/UE4Editor-GitSourceControl.dll (API version 3709383).
LogModuleManager: Display: Found up-to-date module file ../../../Engine/Plugins/Developer/PerforceSourceControl/Binaries/Win64/UE4Editor-PerforceSourceControl.dll (API version 3709383).
LogModuleManager: Display: Found up-to-date module file ../../../Engine/Plugins/Developer/SubversionSourceControl/Binaries/Win64/UE4Editor-SubversionSourceControl.dll (API version 3709383).
LogModuleManager: Display: Found up-to-date module file ../../../Engine/Plugins/Developer/UObjectPlugin/Binaries/Win64/UE4Editor-UObjectPlugin.dll (API version 3709383).
LogModuleManager: Display: Found up-to-date module file ../../../Engine/Plugins/Developer/VisualStudioCodeSourceCodeAccess/Binaries/Win64/UE4Editor-VisualStudioCodeSourceCodeAccess.dll (API version 3709383).
LogModuleManager: Display: Found up-to-date module file ../../../Engine/Plugins/Developer/VisualStudioSourceCodeAccess/Binaries/Win64/UE4Editor-VisualStudioSourceCodeAccess.dll (API version 3709383).
LogModuleManager: Display: Found up-to-date module file ../../../Engine/Plugins/Editor/AssetManagerEditor/Binaries/Win64/UE4Editor-AssetManagerEditor.dll (API version 3709383).
LogModuleManager: Display: Found up-to-date module file ../../../Engine/Plugins/Editor/AudioCapture/Binaries/Win64/UE4Editor-AudioCapture.dll (API version 3709383).
LogModuleManager: Display: Found up-to-date module file ../../../Engine/Plugins/Editor/FacialAnimation/Binaries/Win64/UE4Editor-FacialAnimation.dll (API version 3709383).
LogModuleManager: Display: Found up-to-date module file ../../../Engine/Plugins/Editor/FacialAnimation/Binaries/Win64/UE4Editor-FacialAnimationEditor.dll (API version 3709383).
LogModuleManager: Display: Found up-to-date module file ../../../Engine/Plugins/Editor/GameplayTagsEditor/Binaries/Win64/UE4Editor-GameplayTagsEditor.dll (API version 3709383).
LogModuleManager: Display: Found up-to-date module file ../../../Engine/Plugins/Editor/MobileLauncherProfileWizard/Binaries/Win64/UE4Editor-MobileLauncherProfileWizard.dll (API version 3709383).
LogModuleManager: Display: Found up-to-date module file ../../../Engine/Plugins/Editor/PluginBrowser/Binaries/Win64/UE4Editor-PluginBrowser.dll (API version 3709383).
LogModuleManager: Display: Found up-to-date module file ../../../Engine/Plugins/Editor/SpeedTreeImporter/Binaries/Win64/UE4Editor-SpeedTreeImporter.dll (API version 3709383).
LogModuleManager: Display: Found up-to-date module file ../../../Engine/Plugins/Experimental/AlembicImporter/Binaries/Win64/UE4Editor-AlembicImporter.dll (API version 3709383).
LogModuleManager: Display: Found up-to-date module file ../../../Engine/Plugins/Experimental/AlembicImporter/Binaries/Win64/UE4Editor-AlembicLibrary.dll (API version 3709383).
LogModuleManager: Display: Found up-to-date module file ../../../Engine/Plugins/Experimental/CharacterAI/Binaries/Win64/UE4Editor-CharacterAI.dll (API version 3709383).
LogModuleManager: Display: Found up-to-date module file ../../../Engine/Plugins/Experimental/HTML5Networking/Binaries/Win64/UE4Editor-HTML5Networking.dll (API version 3709383).
LogModuleManager: Display: Found up-to-date module file ../../../Engine/Plugins/Media/AndroidMedia/Binaries/Win64/UE4Editor-AndroidMediaEditor.dll (API version 3709383).
LogModuleManager: Display: Found up-to-date module file ../../../Engine/Plugins/Media/AndroidMedia/Binaries/Win64/UE4Editor-AndroidMediaFactory.dll (API version 3709383).
LogModuleManager: Display: Found up-to-date module file ../../../Engine/Plugins/Media/AvfMedia/Binaries/Win64/UE4Editor-AvfMediaEditor.dll (API version 3709383).
LogModuleManager: Display: Found up-to-date module file ../../../Engine/Plugins/Media/AvfMedia/Binaries/Win64/UE4Editor-AvfMediaFactory.dll (API version 3709383).
LogModuleManager: Display: Found up-to-date module file ../../../Engine/Plugins/Media/AvfMedia/Binaries/Win64/UE4Editor-AvfMediaFactory.dll (API version 3709383).
LogModuleManager: Display: Found up-to-date module file ../../../Engine/Plugins/Media/ImgMedia/Binaries/Win64/UE4Editor-ImgMedia.dll (API version 3709383).
LogModuleManager: Display: Found up-to-date module file ../../../Engine/Plugins/Media/ImgMedia/Binaries/Win64/UE4Editor-ImgMediaEditor.dll (API version 3709383).
LogModuleManager: Display: Found up-to-date module file ../../../Engine/Plugins/Media/ImgMedia/Binaries/Win64/UE4Editor-ImgMediaFactory.dll (API version 3709383).
LogModuleManager: Display: Found up-to-date module file ../../../Engine/Plugins/Media/ImgMedia/Binaries/Win64/UE4Editor-ImgMediaFactory.dll (API version 3709383).
LogModuleManager: Display: Found up-to-date module file ../../../Engine/Plugins/Media/ImgMedia/Binaries/Win64/UE4Editor-OpenExrWrapper.dll (API version 3709383).
LogModuleManager: Display: Found up-to-date module file ../../../Engine/Plugins/Media/MediaCompositing/Binaries/Win64/UE4Editor-MediaCompositing.dll (API version 3709383).
LogModuleManager: Display: Found up-to-date module file ../../../Engine/Plugins/Media/MediaCompositing/Binaries/Win64/UE4Editor-MediaCompositingEditor.dll (API version 3709383).
LogModuleManager: Display: Found up-to-date module file ../../../Engine/Plugins/Media/MediaPlayerEditor/Binaries/Win64/UE4Editor-MediaPlayerEditor.dll (API version 3709383).
LogModuleManager: Display: Found up-to-date module file ../../../Engine/Plugins/Media/WmfMedia/Binaries/Win64/UE4Editor-WmfMedia.dll (API version 3709383).
LogModuleManager: Display: Found up-to-date module file ../../../Engine/Plugins/Media/WmfMedia/Binaries/Win64/UE4Editor-WmfMediaEditor.dll (API version 3709383).
LogModuleManager: Display: Found up-to-date module file ../../../Engine/Plugins/Media/WmfMedia/Binaries/Win64/UE4Editor-WmfMediaFactory.dll (API version 3709383).
LogModuleManager: Display: Found up-to-date module file ../../../Engine/Plugins/Media/WmfMedia/Binaries/Win64/UE4Editor-WmfMediaFactory.dll (API version 3709383).
LogModuleManager: Display: Found up-to-date module file ../../../Engine/Plugins/Messaging/TcpMessaging/Binaries/Win64/UE4Editor-TcpMessaging.dll (API version 3709383).
LogModuleManager: Display: Found up-to-date module file ../../../Engine/Plugins/Messaging/UdpMessaging/Binaries/Win64/UE4Editor-UdpMessaging.dll (API version 3709383).
LogModuleManager: Display: Found up-to-date module file ../../../Engine/Plugins/MovieScene/ActorSequence/Binaries/Win64/UE4Editor-ActorSequence.dll (API version 3709383).
LogModuleManager: Display: Found up-to-date module file ../../../Engine/Plugins/MovieScene/LevelSequenceEditor/Binaries/Win64/UE4Editor-LevelSequenceEditor.dll (API version 3709383).
LogModuleManager: Display: Found up-to-date module file ../../../Engine/Plugins/MovieScene/MatineeToLevelSequence/Binaries/Win64/UE4Editor-MatineeToLevelSequence.dll (API version 3709383).
LogModuleManager: Display: Found up-to-date module file ../../../Engine/Plugins/Online/OnlineSubsystem/Binaries/Win64/UE4Editor-OnlineSubsystem.dll (API version 3709383).
LogModuleManager: Display: Found up-to-date module file ../../../Engine/Plugins/Runtime/AndroidPermission/Binaries/Win64/UE4Editor-AndroidPermission.dll (API version 3709383).
LogModuleManager: Display: Found up-to-date module file ../../../Engine/Plugins/Online/OnlineSubsystemNull/Binaries/Win64/UE4Editor-OnlineSubsystemNull.dll (API version 3709383).
LogModuleManager: Display: Found up-to-date module file ../../../Engine/Plugins/Online/OnlineSubsystemUtils/Binaries/Win64/UE4Editor-OnlineSubsystemUtils.dll (API version 3709383).
LogModuleManager: Display: Found up-to-date module file ../../../Engine/Plugins/Online/OnlineSubsystemUtils/Binaries/Win64/UE4Editor-OnlineBlueprintSupport.dll (API version 3709383).
LogModuleManager: Display: Found up-to-date module file ../../../Engine/Plugins/Runtime/AndroidDeviceProfileSelector/Binaries/Win64/UE4Editor-AndroidDeviceProfileSelector.dll (API version 3709383).
LogModuleManager: Display: Found up-to-date module file ../../../Engine/Plugins/Runtime/AppleARKit/Binaries/Win64/UE4Editor-AppleARKit.dll (API version 3709383).
LogModuleManager: Display: Found up-to-date module file ../../../Engine/Plugins/Runtime/ArchVisCharacter/Binaries/Win64/UE4Editor-ArchVisCharacter.dll (API version 3709383).
LogModuleManager: Display: Found up-to-date module file ../../../Engine/Plugins/Runtime/CableComponent/Binaries/Win64/UE4Editor-CableComponent.dll (API version 3709383).
LogModuleManager: Display: Found up-to-date module file ../../../Engine/Plugins/Runtime/CustomMeshComponent/Binaries/Win64/UE4Editor-CustomMeshComponent.dll (API version 3709383).
LogModuleManager: Display: Found up-to-date module file ../../../Engine/Plugins/Runtime/ExampleDeviceProfileSelector/Binaries/Win64/UE4Editor-ExampleDeviceProfileSelector.dll (API version 3709383).
LogModuleManager: Display: Found up-to-date module file ../../../Engine/Plugins/Runtime/ImmediatePhysics/Binaries/Win64/UE4Editor-ImmediatePhysics.dll (API version 3709383).
LogModuleManager: Display: Found up-to-date module file ../../../Engine/Plugins/Runtime/ImmediatePhysics/Binaries/Win64/UE4Editor-ImmediatePhysicsEditor.dll (API version 3709383).
LogModuleManager: Display: Found up-to-date module file ../../../Engine/Plugins/Runtime/LocationServicesBPLibrary/Binaries/Win64/UE4Editor-LocationServicesBPLibrary.dll (API version 3709383).
LogModuleManager: Display: Found up-to-date module file ../../../Engine/Plugins/Runtime/MobilePatchingUtils/Binaries/Win64/UE4Editor-MobilePatchingUtils.dll (API version 3709383).
LogModuleManager: Display: Found up-to-date module file ../../../Engine/Plugins/Runtime/Oculus/OculusVR/Binaries/Win64/UE4Editor-OculusHMD.dll (API version 3709383).
LogModuleManager: Display: Found up-to-date module file ../../../Engine/Plugins/Runtime/Oculus/OculusVR/Binaries/Win64/UE4Editor-OculusInput.dll (API version 3709383).
LogModuleManager: Display: Found up-to-date module file ../../../Engine/Plugins/Runtime/Oculus/OculusVR/Binaries/Win64/UE4Editor-OculusEditor.dll (API version 3709383).
LogModuleManager: Display: Found up-to-date module file ../../../Engine/Plugins/Runtime/PhysXVehicles/Binaries/Win64/UE4Editor-PhysXVehicles.dll (API version 3709383).
LogModuleManager: Display: Found up-to-date module file ../../../Engine/Plugins/Runtime/PhysXVehicles/Binaries/Win64/UE4Editor-PhysXVehiclesEditor.dll (API version 3709383).
LogModuleManager: Display: Found up-to-date module file ../../../Engine/Plugins/Runtime/ProceduralMeshComponent/Binaries/Win64/UE4Editor-ProceduralMeshComponent.dll (API version 3709383).
LogModuleManager: Display: Found up-to-date module file ../../../Engine/Plugins/Runtime/ProceduralMeshComponent/Binaries/Win64/UE4Editor-ProceduralMeshComponentEditor.dll (API version 3709383).
LogModuleManager: Display: Found up-to-date module file ../../../Engine/Plugins/Runtime/RuntimePhysXCooking/Binaries/Win64/UE4Editor-RuntimePhysXCooking.dll (API version 3709383).
LogModuleManager: Display: Found up-to-date module file ../../../Engine/Plugins/Runtime/Steam/SteamVR/Binaries/Win64/UE4Editor-SteamVR.dll (API version 3709383).
LogModuleManager: Display: Found up-to-date module file ../../../Engine/Plugins/Runtime/Steam/SteamVR/Binaries/Win64/UE4Editor-SteamVRController.dll (API version 3709383).
LogModuleManager: Display: Found up-to-date module file ../../../Engine/Plugins/Runtime/WindowsMoviePlayer/Binaries/Win64/UE4Editor-WindowsMoviePlayer.dll (API version 3709383).
LogPluginManager: Mounting plugin Paper2D
LogPluginManager: Mounting plugin LightPropagationVolume
LogPluginManager: Mounting plugin CodeLiteSourceCodeAccess
LogPluginManager: Mounting plugin GitSourceControl
LogPluginManager: Mounting plugin KDevelopSourceCodeAccess
LogPluginManager: Mounting plugin NullSourceCodeAccess
LogPluginManager: Mounting plugin PerforceSourceControl
LogPluginManager: Mounting plugin SubversionSourceControl
LogPluginManager: Mounting plugin UObjectPlugin
LogPluginManager: Mounting plugin VisualStudioCodeSourceCodeAccess
LogPluginManager: Mounting plugin VisualStudioSourceCodeAccess
LogPluginManager: Mounting plugin XCodeSourceCodeAccess
LogPluginManager: Mounting plugin AssetManagerEditor
LogPluginManager: Mounting plugin AudioCapture
LogPluginManager: Mounting plugin FacialAnimation
LogPluginManager: Mounting plugin GameplayTagsEditor
LogPluginManager: Mounting plugin MobileLauncherProfileWizard
LogPluginManager: Mounting plugin PluginBrowser
LogPluginManager: Mounting plugin SpeedTreeImporter
LogPluginManager: Mounting plugin AlembicImporter
LogPluginManager: Mounting plugin CharacterAI
LogPluginManager: Mounting plugin HTML5Networking
LogPluginManager: Mounting plugin AndroidMedia
LogPluginManager: Mounting plugin AvfMedia
LogPluginManager: Mounting plugin ImgMedia
LogPluginManager: Mounting plugin MediaCompositing
LogPluginManager: Mounting plugin MediaPlayerEditor
LogPluginManager: Mounting plugin WmfMedia
LogPluginManager: Mounting plugin TcpMessaging
LogPluginManager: Mounting plugin UdpMessaging
LogPluginManager: Mounting plugin ActorSequence
LogPluginManager: Mounting plugin LevelSequenceEditor
LogPluginManager: Mounting plugin MatineeToLevelSequence
LogPluginManager: Mounting plugin OnlineSubsystemGooglePlay
LogPluginManager: Mounting plugin OnlineSubsystemIOS
LogPluginManager: Mounting plugin OnlineSubsystem
LogPluginManager: Mounting plugin OnlineSubsystemNull
LogPluginManager: Mounting plugin OnlineSubsystemUtils
LogPluginManager: Mounting plugin AndroidDeviceProfileSelector
LogPluginManager: Mounting plugin AndroidMoviePlayer
LogPluginManager: Mounting plugin AndroidPermission
LogPluginManager: Mounting plugin AppleARKit
LogPluginManager: Mounting plugin AppleMoviePlayer
LogPluginManager: Mounting plugin ArchVisCharacter
LogPluginManager: Mounting plugin CableComponent
LogPluginManager: Mounting plugin CustomMeshComponent
LogPluginManager: Mounting plugin ExampleDeviceProfileSelector
LogPluginManager: Mounting plugin GoogleCloudMessaging
LogPluginManager: Mounting plugin ImmediatePhysics
LogPluginManager: Mounting plugin IOSDeviceProfileSelector
LogPluginManager: Mounting plugin LinuxDeviceProfileSelector
LogPluginManager: Mounting plugin LocationServicesBPLibrary
LogPluginManager: Mounting plugin MobilePatchingUtils
LogPluginManager: Mounting plugin OculusVR
LogPluginManager: Plugin shader directory ../../../Engine/Plugins/Runtime/Oculus/OculusVR/Shaders found
LogPluginManager: Mapping shader source directory ../../../Engine/Plugins/Runtime/Oculus/OculusVR/Shaders to virtual directory /Plugin/OculusVR
LogPluginManager: Mounting plugin PhysXVehicles
LogPluginManager: Mounting plugin ProceduralMeshComponent
LogPluginManager: Mounting plugin RuntimePhysXCooking
LogPluginManager: Mounting plugin SteamVR
LogPluginManager: Mounting plugin WindowsMoviePlayer
LogInit: Using libcurl 7.47.1
LogInit:  - built for x86_64-pc-win32
LogInit:  - supports SSL with OpenSSL/1.0.2g
LogInit:  - supports HTTP deflate (compression) using libz 1.2.8
LogInit:  - other features:
LogInit:      CURL_VERSION_SSL
LogInit:      CURL_VERSION_LIBZ
LogInit:      CURL_VERSION_IPV6
LogInit:      CURL_VERSION_ASYNCHDNS
LogInit:      CURL_VERSION_LARGEFILE
LogInit:      CURL_VERSION_IDN
LogInit:  CurlRequestOptions (configurable via config and command line):
LogInit:  - bVerifyPeer = false  - Libcurl will NOT verify peer certificate
LogInit:  - bUseHttpProxy = false  - Libcurl will NOT use HTTP proxy
LogInit:  - bDontReuseConnections = false  - Libcurl will reuse connections
LogInit:  - CertBundlePath = nullptr  - Libcurl will use whatever was configured at build time.
LogInit: Build: ++UE4+Release-4.18-CL-3832480
LogInit: Engine Version: 4.18.3-3832480+++UE4+Release-4.18
LogInit: Compatible Engine Version: 4.18.0-3709383+++UE4+Release-4.18
LogInit: Net CL: 3709383
LogDevObjectVersion: Number of dev versions registered: 16
LogDevObjectVersion:   Dev-Blueprints (B0D832E4-1F89-4F0D-ACCF-7EB736FD4AA2): 10
LogDevObjectVersion:   Dev-Build (E1C64328-A22C-4D53-A36C-8E866417BD8C): 0
LogDevObjectVersion:   Dev-Core (375EC13C-06E4-48FB-B500-84F0262A717E): 2
LogDevObjectVersion:   Dev-Editor (E4B068ED-F494-42E9-A231-DA0B2E46BB41): 20
LogDevObjectVersion:   Dev-Framework (CFFC743F-43B0-4480-9391-14DF171D2073): 30
LogDevObjectVersion:   Dev-Mobile (B02B49B5-BB20-44E9-A304-32B752E40360): 0
LogDevObjectVersion:   Dev-Networking (A4E4105C-59A1-49B5-A7C5-40C4547EDFEE): 0
LogDevObjectVersion:   Dev-Online (39C831C9-5AE6-47DC-9A44-9C173E1C8E7C): 0
LogDevObjectVersion:   Dev-Physics (78F01B33-EBEA-4F98-B9B4-84EACCB95AA2): 0
LogDevObjectVersion:   Dev-Platform (6631380F-2D4D-43E0-8009-CF276956A95A): 0
LogDevObjectVersion:   Dev-Rendering (12F88B9F-8875-4AFC-A67C-D90C383ABD29): 20
LogDevObjectVersion:   Dev-Sequencer (7B5AE74C-D270-4C10-A958-57980B212A5A): 4
LogDevObjectVersion:   Dev-VR (D7296918-1DD6-4BDD-9DE2-64A83CC13884): 0
LogDevObjectVersion:   Dev-LoadTimes (C2A15278-BFE7-4AFE-6C17-90FF531DF755): 1
LogDevObjectVersion:   Private-Geometry (6EACA3D4-40EC-4CC1-B786-8BED09428FC5): 1
LogDevObjectVersion:   Dev-AnimPhys (29E575DD-E0A3-4627-9D10-D276232CDCEA): 12
LogInit: Compiled (64-bit): Jan 12 2018 02:04:55
LogInit: Compiled with Visual C++: 19.00.24215.01
LogInit: Build Configuration: Development
LogInit: Branch Name: ++UE4+Release-4.18
LogInit: Command line: -EpicPortal 
LogInit: Base directory: C:/Program Files/Epic Games/UE_4.18/Engine/Binaries/Win64/
LogInit: Installed Engine Build: 1
LogInit: Presizing for max 8388607 objects, including 0 objects not considered by GC, pre-allocating 0 bytes for permanent pool.
LogInit: Object subsystem initialized
[2018.03.26-20.31.06:873][  0]LogInit: Selected Device Profile: [Windows]
[2018.03.26-20.31.06:874][  0]LogInit: Applying CVar settings loaded from the selected device profile: [Windows]
[2018.03.26-20.31.07:050][  0]LogInit: Computer: HAILEE
[2018.03.26-20.31.07:050][  0]LogInit: User: HaileeMrotek
[2018.03.26-20.31.07:051][  0]LogInit: CPU Page size=4096, Cores=2
[2018.03.26-20.31.07:051][  0]LogInit: High frequency timer resolution =1.851265 MHz
[2018.03.26-20.31.07:052][  0]LogMemory: Memory total: Physical=5.9GB (6GB approx)
[2018.03.26-20.31.07:052][  0]LogMemory: Platform Memory Stats for Windows
[2018.03.26-20.31.07:052][  0]LogMemory: Process Physical Memory: 274.64 MB used, 274.64 MB peak
[2018.03.26-20.31.07:052][  0]LogMemory: Process Virtual Memory: 269.29 MB used, 269.29 MB peak
[2018.03.26-20.31.07:052][  0]LogMemory: Physical Memory: 4572.28 MB used,  1440.99 MB free, 6013.27 MB total
[2018.03.26-20.31.07:052][  0]LogMemory: Virtual Memory: 664.43 MB used,  1440.99 MB free, 134217728.00 MB total
[2018.03.26-20.31.08:366][  0]LogInit: Using OS detected language (en-US).
[2018.03.26-20.31.08:366][  0]LogInit: Using OS detected locale (en-US).
[2018.03.26-20.31.08:535][  0]LogTextLocalizationManager: No specific localization for 'en-US' exists, so the 'en' localization will be used.
[2018.03.26-20.31.10:261][  0]LogInit: Setting process to per monitor DPI aware
[2018.03.26-20.31.14:575][  0]LogD3D11RHI: D3D11 adapters:
[2018.03.26-20.31.19:721][  0]LogD3D11RHI:    0. 'Intel(R) HD Graphics 4000' (Feature Level 11_0)
[2018.03.26-20.31.19:722][  0]LogD3D11RHI:       32/0/1760 MB DedicatedVideo/DedicatedSystem/SharedSystem, Outputs:1, VendorId:0x8086
[2018.03.26-20.31.19:745][  0]LogD3D11RHI:    1. 'Microsoft Basic Render Driver' (Feature Level 11_0)
[2018.03.26-20.31.19:745][  0]LogD3D11RHI:       0/0/3006 MB DedicatedVideo/DedicatedSystem/SharedSystem, Outputs:0, VendorId:0x1414
[2018.03.26-20.31.19:745][  0]LogD3D11RHI: Chosen D3D11 Adapter: 0
[2018.03.26-20.31.19:756][  0]LogD3D11RHI: Creating new Direct3DDevice
[2018.03.26-20.31.19:756][  0]LogD3D11RHI:     GPU DeviceId: 0x166 (for the marketing name, search the web for "GPU Device Id")
[2018.03.26-20.31.19:757][  0]LogWindows: EnumDisplayDevices:
[2018.03.26-20.31.19:757][  0]LogWindows:    0. 'Intel(R) HD Graphics 4000' (P:1 D:1)
[2018.03.26-20.31.19:757][  0]LogWindows:    1. 'Intel(R) HD Graphics 4000' (P:0 D:0)
[2018.03.26-20.31.19:758][  0]LogWindows:    2. 'Intel(R) HD Graphics 4000' (P:0 D:0)
[2018.03.26-20.31.19:758][  0]LogWindows: DebugString: GetVideoDriverDetailsInvalid PrimaryIsNotTheChoosenAdapter GetVideoDriverDetailsInvalid PrimaryIsNotTheChoosenAdapter GetVideoDriverDetailsInvalid PrimaryIsNotTheChoosenAdapter FoundDriverCount:0 
[2018.03.26-20.31.19:758][  0]LogD3D11RHI:     Adapter Name: Intel(R) HD Graphics 4000
[2018.03.26-20.31.19:758][  0]LogD3D11RHI:   Driver Version: Unknown (internal:Unknown, unified:Unknown)
[2018.03.26-20.31.19:758][  0]LogD3D11RHI:      Driver Date: Unknown
[2018.03.26-20.31.19:758][  0]LogRHI: Texture pool is 638 MB (70% of 912 MB)
[2018.03.26-20.31.19:766][  0]LogD3D11RHI: Async texture creation enabled
[2018.03.26-20.31.19:776][  0]LogD3D11RHI: GPU Timing Frequency: 12.500000 (Debug: 2 0)
[2018.03.26-20.31.19:779][  0]LogShaderCompilers: Guid format shader working directory is -21 characters bigger than the processId version (../../../../../../Users/Hailee Mrotek/Documents/GitHub/Ha_VRJ_Test/havr 4.18/Intermediate/Shaders/WorkingDirectory/220/).
[2018.03.26-20.31.19:779][  0]LogShaderCompilers: Cleaned the shader compiler working directory 'C:/Users/Hailee Mrotek/AppData/Local/Temp/UnrealShaderWorkingDir/4644C0DA4C8340923B541A9875C27668/'.
[2018.03.26-20.31.19:779][  0]LogShaderCompilers: Display: Using Local Shader Compiler.
[2018.03.26-20.31.42:163][  0]LogTemp: Display: Loaded TP AllDesktopTargetPlatform
[2018.03.26-20.31.42:415][  0]LogTemp: Display: Loaded TP MacClientTargetPlatform
[2018.03.26-20.31.42:614][  0]LogTemp: Display: Loaded TP MacNoEditorTargetPlatform
[2018.03.26-20.31.42:866][  0]LogTemp: Display: Loaded TP MacServerTargetPlatform
[2018.03.26-20.31.43:175][  0]LogTemp: Display: Loaded TP MacTargetPlatform
[2018.03.26-20.31.43:483][  0]LogTemp: Display: Loaded TP WindowsClientTargetPlatform
[2018.03.26-20.31.43:677][  0]LogTemp: Display: Loaded TP WindowsNoEditorTargetPlatform
[2018.03.26-20.31.44:026][  0]LogTemp: Display: Loaded TP WindowsServerTargetPlatform
[2018.03.26-20.31.44:277][  0]LogTemp: Display: Loaded TP WindowsTargetPlatform
[2018.03.26-20.31.44:510][  0]LogTemp: Display: Loaded TP Android_ASTCTargetPlatform
[2018.03.26-20.31.44:793][  0]LogTemp: Display: Loaded TP Android_ATCTargetPlatform
[2018.03.26-20.31.45:018][  0]LogTemp: Display: Loaded TP Android_DXTTargetPlatform
[2018.03.26-20.31.45:344][  0]LogTemp: Display: Loaded TP Android_ETC1TargetPlatform
[2018.03.26-20.31.45:766][  0]LogTemp: Display: Loaded TP Android_ETC2TargetPlatform
[2018.03.26-20.31.46:256][  0]LogTemp: Display: Loaded TP Android_MultiTargetPlatform
[2018.03.26-20.31.46:256][  0]LogTemp: Display: Loaded TP Android_PVRTCTargetPlatform
[2018.03.26-20.31.46:496][  0]LogTemp: Display: Loaded TP AndroidTargetPlatform
[2018.03.26-20.31.46:732][  0]LogTemp: Display: Loaded TP HTML5TargetPlatform
[2018.03.26-20.31.47:324][  0]LogTemp: Display: Loaded TP IOSTargetPlatform
[2018.03.26-20.31.47:460][  0]LogTemp: Display: Loaded TP TVOSTargetPlatform
[2018.03.26-20.31.47:840][  0]LogTemp: Display: Loaded TP LinuxClientTargetPlatform
[2018.03.26-20.31.48:158][  0]LogTemp: Display: Loaded TP LinuxNoEditorTargetPlatform
[2018.03.26-20.31.48:471][  0]LogTemp: Display: Loaded TP LinuxServerTargetPlatform
[2018.03.26-20.31.48:808][  0]LogTemp: Display: Loaded TP LinuxTargetPlatform
[2018.03.26-20.31.48:808][  0]LogTargetPlatformManager: Display: Building Assets For Windows
[2018.03.26-20.31.52:354][  0]LogDerivedDataCache: Display: Max Cache Size: 512 MB
[2018.03.26-20.31.53:421][  0]LogDerivedDataCache: Loaded boot cache 1.07s 92MB C:/Users/Hailee Mrotek/AppData/Local/UnrealEngine/4.18/DerivedDataCache/Boot.ddc.
[2018.03.26-20.31.53:421][  0]LogDerivedDataCache: Display: Loaded Boot cache: C:/Users/Hailee Mrotek/AppData/Local/UnrealEngine/4.18/DerivedDataCache/Boot.ddc
[2018.03.26-20.31.53:421][  0]LogDerivedDataCache: FDerivedDataBackendGraph:  Pak pak cache file ../../../../../../Users/Hailee Mrotek/Documents/GitHub/Ha_VRJ_Test/havr 4.18/DerivedDataCache/DDC.ddp not found, will not use a pak cache.
[2018.03.26-20.31.53:421][  0]LogDerivedDataCache: Unable to find inner node Pak for hierarchical cache Hierarchy.
[2018.03.26-20.31.53:421][  0]LogDerivedDataCache: FDerivedDataBackendGraph:  CompressedPak pak cache file ../../../../../../Users/Hailee Mrotek/Documents/GitHub/Ha_VRJ_Test/havr 4.18/DerivedDataCache/Compressed.ddp not found, will not use a pak cache.
[2018.03.26-20.31.53:421][  0]LogDerivedDataCache: Unable to find inner node CompressedPak for hierarchical cache Hierarchy.
[2018.03.26-20.31.53:472][  0]LogDerivedDataCache: Display: Pak cache opened for reading ../../../Engine/DerivedDataCache/Compressed.ddp.
[2018.03.26-20.31.53:490][  0]LogDerivedDataCache: Using Local data cache path C:/Users/Hailee Mrotek/AppData/Local/UnrealEngine/Common/DerivedDataCache: Writable
[2018.03.26-20.31.53:574][  0]LogMaterial: Verifying Global Shaders for PCD3D_SM5
[2018.03.26-20.31.53:574][  0]LogSlate: Using Freetype 2.6.0
[2018.03.26-20.31.53:603][  0]LogSlate: SlateFontCache - WITH_FREETYPE: 1, WITH_HARFBUZZ: 1
[2018.03.26-20.31.53:603][  0]LogSlate: SlateFontCache - WITH_FREETYPE: 1, WITH_HARFBUZZ: 1
[2018.03.26-20.32.00:675][  0]LogInit: Selected Device Profile: [Windows]
[2018.03.26-20.32.02:397][  0]LogSimplygon: Simplygon DLL not present - disabling.
[2018.03.26-20.32.02:658][  0]LogMeshReduction: Using SimplygonSwarm for distributed automatic mesh merging
[2018.03.26-20.32.02:658][  0]LogMeshReduction: Using QuadricMeshReduction for automatic static mesh reduction
[2018.03.26-20.32.02:658][  0]LogMeshReduction: No automatic skeletal mesh reduction module available
[2018.03.26-20.32.02:658][  0]LogMeshReduction: No automatic mesh merging module available
[2018.03.26-20.32.02:658][  0]LogMeshMerging: No automatic mesh merging module available
[2018.03.26-20.32.02:791][  0]LogNetVersion: havr , NetCL: 3709383, EngineNetVer: 2, GameNetVer: 0 (Checksum: 283802736)
[2018.03.26-20.32.03:635][  0]LogAssetRegistry: FAssetRegistry took 0.0337 seconds to start up
[2018.03.26-20.32.08:752][  0]LogPackageLocalizationCache: Processed 7 localized package path(s) for 2 prioritized culture(s) in 1.606274 seconds
[2018.03.26-20.32.08:775][  0]LogUObjectArray: 35871 objects as part of root set at end of initial load.
[2018.03.26-20.32.08:775][  0]LogUObjectAllocator: 7363920 out of 0 bytes used by permanent object pool.
[2018.03.26-20.32.08:775][  0]LogUObjectArray: CloseDisregardForGC: 0/0 objects in disregard for GC pool
[2018.03.26-20.32.09:093][  0]LogInit: WinSock: version 1.1 (2.2), MaxSocks=32767, MaxUdp=65467
[2018.03.26-20.33.26:317][  0]LogTcpMessaging: Initializing TcpMessaging bridge
[2018.03.26-20.33.26:440][  0]LogUdpMessaging: Initializing bridge on interface 0.0.0.0:0 to multicast group 230.0.0.1:6666.
[2018.03.26-20.33.29:686][  0]LogMaterial: Uniform references updated for custom material expression Custom.
[2018.03.26-20.33.31:972][  0]SourceControl: Source control is disabled
[2018.03.26-20.33.31:972][  0]SourceControl: Source control is disabled
[2018.03.26-20.33.32:476][  0]SourceControl: Source control is disabled
[2018.03.26-20.33.32:861][  0]SourceControl: Source control is disabled
[2018.03.26-20.33.36:822][  0]LogAndroidPermission: UAndroidPermissionCallbackProxy::GetInstance
[2018.03.26-20.33.37:867][  0]LogOcInput: OculusInput pre-init called
[2018.03.26-20.33.39:058][  0]LogEngine: Initializing Engine...
[2018.03.26-20.33.39:067][  0]LogHMD: Failed to initialize OpenVR with code 110
[2018.03.26-20.33.40:365][  0]LogStats: UGameplayTagsManager::ConstructGameplayTagTree: Construct from data asset -  0.000 s
[2018.03.26-20.33.40:365][  0]LogStats: UGameplayTagsManager::ConstructGameplayTagTree: GameplayTagTreeChangedEvent.Broadcast -  0.000 s
[2018.03.26-20.33.41:015][  0]LogAIModule: Creating AISystem for world Untitled
[2018.03.26-20.33.41:055][  0]LogInit: XAudio2 using 'Speakers (Realtek High Definition Audio)' : 2 channels at 48 kHz using 32 bits per sample (channel mask 0x3)
[2018.03.26-20.33.41:869][  0]LogInit: FAudioDevice initialized.
[2018.03.26-20.33.42:266][  0]LogDerivedDataCache: Saved boot cache 0.40s 92MB C:/Users/Hailee Mrotek/AppData/Local/UnrealEngine/4.18/DerivedDataCache/Boot.ddc.
[2018.03.26-20.33.42:289][  0]LogInit: Texture streaming: Enabled
[2018.03.26-20.33.42:920][  0]LogEngineSessionManager: EngineSessionManager initialized
[2018.03.26-20.33.43:410][  0]LogInit: Transaction tracking system initialized
[2018.03.26-20.33.45:007][  0]BlueprintLog: New page: Editor Load
[2018.03.26-20.33.49:224][  0]LocalizationService: Localization service is disabled
[2018.03.26-20.33.52:871][  0]LogConsoleResponse: Display: 
[2018.03.26-20.33.54:414][  0]LogCook: Display: Max memory allowance for cook 16384mb min free memory 0mb
[2018.03.26-20.33.54:414][  0]LogCook: Display: Mobile HDR setting 1
[2018.03.26-20.33.54:414][  0]LogGameplayTags: Display: UGameplayTagsManager::DoneAddingNativeTags. DelegateIsBound: 0
[2018.03.26-20.33.55:123][  0]LogFileCache: Scanning file cache for directory 'C:/Users/Hailee Mrotek/Documents/GitHub/Ha_VRJ_Test/havr 4.18/Content/' took 0.06s
[2018.03.26-20.33.58:951][  0]SourceControl: Source control is disabled
[2018.03.26-20.33.58:951][  0]Cmd: MAP LOAD FILE="../../../../../../Users/Hailee Mrotek/Documents/GitHub/Ha_VRJ_Test/havr 4.18/Content/VirtualRealityBP/Maps/MotionControllerMap.umap" TEMPLATE=0 SHOWPROGRESS=1 FEATURELEVEL=3
[2018.03.26-20.33.58:952][  0]LightingResults: New page: Lighting Build
[2018.03.26-20.33.59:092][  0]MapCheck: New page: Map Check
[2018.03.26-20.33.59:092][  0]LightingResults: New page: Lighting Build
[2018.03.26-20.34.06:832][  0]LogAIModule: Creating AISystem for world MotionControllerMap
[2018.03.26-20.34.06:991][  0]LogEditorServer: Finished looking for orphan Actors (0.000 secs)
[2018.03.26-20.34.07:075][  0]Cmd: MAP CHECKDEP NOCLEARLOG
[2018.03.26-20.34.07:286][  0]MapCheck: Map check complete: 0 Error(s), 0 Warning(s), took 210.53ms to complete.
[2018.03.26-20.34.07:286][  0]LogFileHelpers: Loading map 'MotionControllerMap' took 8.335
[2018.03.26-20.34.07:592][  0]LogCollectionManager: Loaded 0 collections in 0.005161 seconds
[2018.03.26-20.34.07:809][  0]LogFileCache: Scanning file cache for directory 'C:/Users/Hailee Mrotek/Documents/GitHub/Ha_VRJ_Test/havr 4.18/Saved/Collections/' took 0.01s
[2018.03.26-20.34.07:809][  0]LogFileCache: Scanning file cache for directory 'C:/Users/Hailee Mrotek/Documents/GitHub/Ha_VRJ_Test/havr 4.18/Content/Developers/HaileeMrotek/Collections/' took 0.01s
[2018.03.26-20.34.07:809][  0]LogFileCache: Scanning file cache for directory 'C:/Users/Hailee Mrotek/Documents/GitHub/Ha_VRJ_Test/havr 4.18/Content/Collections/' took 0.01s
[2018.03.26-20.34.07:810][  0]LogCollectionManager: Rebuilt the GUID cache for 0 collections in 0.000001 seconds
[2018.03.26-20.34.07:834][  0]LogContentBrowser: Native class hierarchy populated in 0.0244 seconds. Added 2363 classes and 519 folders.
[2018.03.26-20.34.08:034][  0]LogContentBrowser: Native class hierarchy updated for 'WidgetCarousel' in 0.0004 seconds. Added 0 classes and 0 folders.
[2018.03.26-20.34.08:155][  0]LogContentBrowser: Native class hierarchy updated for 'AddContentDialog' in 0.0004 seconds. Added 0 classes and 0 folders.
[2018.03.26-20.34.08:285][  0]LogContentBrowser: Native class hierarchy updated for 'SceneOutliner' in 0.0004 seconds. Added 1 classes and 2 folders.
[2018.03.26-20.34.08:336][  0]LogSlate: Took 0.000430 seconds to synchronously load lazily loaded font '../../../Engine/Content/Slate/Fonts/Roboto-Regular.ttf' (155K)
[2018.03.26-20.34.08:340][  0]LogSlate: Took 0.000396 seconds to synchronously load lazily loaded font '../../../Engine/Content/Slate/Fonts/Roboto-Bold.ttf' (160K)
[2018.03.26-20.34.08:351][  0]LogSlate: Took 0.000455 seconds to synchronously load lazily loaded font '../../../Engine/Content/Editor/Slate/Fonts/FontAwesome.ttf' (139K)
[2018.03.26-20.34.08:680][  0]LogRenderer: Reallocating scene render targets to support 856x372 Format 26 NumSamples 1 (Frame:1).
[2018.03.26-20.34.10:432][  0]LogContentBrowser: Native class hierarchy updated for 'HierarchicalLODOutliner' in 0.0005 seconds. Added 1 classes and 2 folders.
[2018.03.26-20.34.10:432][  0]LogLoad: (Engine Initialization) Total time: 218.80 seconds
[2018.03.26-20.34.10:432][  0]LogLoad: (Engine Initialization) Total Blueprint compile time: 0.00 seconds
[2018.03.26-20.34.10:432][  0]LogExternalProfiler: No external profilers were discovered.  External profiling features will not be available.
[2018.03.26-20.34.10:846][  0]LogContentStreaming: Texture pool size now 1000 MB
[2018.03.26-20.34.10:884][  0]LogSlate: Took 0.000703 seconds to synchronously load lazily loaded font '../../../Engine/Content/Slate/Fonts/Roboto-Light.ttf' (159K)
[2018.03.26-20.34.11:867][  3]LogAssetRegistry: Asset discovery search completed in 128.2539 seconds
[2018.03.26-20.34.11:872][  3]LogCollectionManager: Rebuilt the object cache for 0 collections in 0.000001 seconds (found 0 objects)
[2018.03.26-20.34.11:872][  3]LogCollectionManager: Fixed up redirectors for 0 collections in 0.000151 seconds (updated 0 objects)
[2018.03.26-20.34.35:809][295]LogSlate: Took 0.000356 seconds to synchronously load lazily loaded font '../../../Engine/Content/Slate/Fonts/Roboto-Light.ttf' (159K)
[2018.03.26-20.34.38:436][295]LogMaterial: Missing cached shader map for material 001-export_Mat, compiling. 
[2018.03.26-20.34.38:461][295]LogMaterial: Warning: C:\Users\Hailee Mrotek\Documents\GitHub\Ha_VRJ_Test\havr 4.18\Content\icons\001-export_Mat.uasset: Failed to compile Material for platform PCD3D_SM5, Default Material will be used in game.
[2018.03.26-20.34.38:461][295]LogMaterial: 	(Node TextureSample) Texture Sample> Missing input texture
[2018.03.26-20.44.01:512][256]LogSlate: Took 0.000553 seconds to synchronously load lazily loaded font '../../../Engine/Content/Slate/Fonts/Roboto-Light.ttf' (159K)
[2018.03.26-20.44.10:581][706]LogFileHelpers: Editor autosave (incl. sublevels) for '/Game/VirtualRealityBP/Maps/MotionControllerMap' took 0.031
[2018.03.26-20.44.10:640][706]OBJ SavePackage: Generating thumbnails for [1] asset(s) in package [/Game/VR_MENU/MenuBP_3D/Stairs] ([1] browsable assets)...
[2018.03.26-20.44.10:737][706]OBJ SavePackage:     Rendered thumbnail for [Blueprint /Game/VR_MENU/MenuBP_3D/Stairs.Stairs]
[2018.03.26-20.44.10:737][706]OBJ SavePackage: Finished generating thumbnails for package [/Game/VR_MENU/MenuBP_3D/Stairs]
[2018.03.26-20.44.11:086][706]LogSavePackage: Save=174.05ms
[2018.03.26-20.44.11:086][706]LogSavePackage: Moving '../../../../../../Users/Hailee Mrotek/Documents/GitHub/Ha_VRJ_Test/havr 4.18/Saved/Stairs_Auto160E409974877ADA6EA707280AF231C57.tmp' to '../../../../../../Users/Hailee Mrotek/Documents/GitHub/Ha_VRJ_Test/havr 4.18/Saved/Autosaves/Game/VR_MENU/MenuBP_3D/Stairs_Auto1.uasset'
[2018.03.26-20.44.11:095][706]LogSavePackage: Display: Finished SavePackage ../../../../../../Users/Hailee Mrotek/Documents/GitHub/Ha_VRJ_Test/havr 4.18/Saved/Autosaves/Game/VR_MENU/MenuBP_3D/Stairs_Auto1.uasset
[2018.03.26-20.44.11:095][706]LogFileHelpers: Auto-saving content packages took 0.513
[2018.03.26-20.48.46:005][ 96]LogLinker: Warning: Can't find file '/Game/icons/001-export_Mat'
[2018.03.26-20.48.46:005][ 96]LogLinker: Warning: Can't find file for asset '/Game/icons/001-export_Mat' while loading ../../../../../../Users/Hailee Mrotek/Documents/GitHub/Ha_VRJ_Test/havr 4.18/Content/VR_MENU/MenuBP_3D/Stairs.uasset.
[2018.03.26-20.48.46:020][ 96]LoadErrors: Error: /Game/VR_MENU/MenuBP_3D/Stairs : Can't find file for asset. /Game/icons/001-export_Mat
[2018.03.26-20.48.46:021][ 96]LogLinker: Warning: Can't find file '/Game/icons/001-export_Mat'
[2018.03.26-20.48.46:021][ 96]LogLinker: Warning: Can't find file for asset '/Game/icons/001-export_Mat' while loading ../../../../../../Users/Hailee Mrotek/Documents/GitHub/Ha_VRJ_Test/havr 4.18/Content/VR_MENU/MenuBP_3D/Stairs.uasset.
[2018.03.26-20.48.47:253][ 96]LogSlate: Took 0.000385 seconds to synchronously load lazily loaded font '../../../Engine/Content/Slate/Fonts/Roboto-Regular.ttf' (155K)
[2018.03.26-20.48.48:152][ 96]LogContentBrowser: Native class hierarchy updated for 'BlueprintGraph' in 0.0015 seconds. Added 116 classes and 0 folders.
[2018.03.26-20.48.53:107][ 96]LogSlate: Took 0.034938 seconds to synchronously load lazily loaded font '../../../Engine/Content/Editor/Slate/Fonts/Roboto-BoldCondensed.ttf' (158K)
[2018.03.26-20.48.55:994][143]LogRenderer: Reallocating scene render targets to support 856x564 Format 26 NumSamples 1 (Frame:1).
[2018.03.26-20.59.46:688][467]LogFactory: FactoryCreateFile: Texture with ReimportTextureFactory (0 0 ../../../../../../Users/Hailee Mrotek/Pictures/015-bed.jpg)
[2018.03.26-20.59.46:772][467]LogTexture: Display: Building textures: 015-bed (AutoDXT, 128X128)
[2018.03.26-20.59.54:475][813]LogMaterial: Missing cached shader map for material 015-bed_Mat, compiling. 
[2018.03.26-21.00.27:677][615]LogSlate: Took 0.071424 seconds to synchronously load lazily loaded font '../../../Engine/Content/Editor/Slate/Fonts/Roboto-Italic.ttf' (157K)
[2018.03.26-21.01.34:177][458]LogFileHelpers: Editor autosave (incl. sublevels) for '/Game/VirtualRealityBP/Maps/MotionControllerMap' took 0.150
[2018.03.26-21.01.34:185][458]OBJ SavePackage: Generating thumbnails for [1] asset(s) in package [/Game/VR_MENU/MenuBP_3D/BP_Menu] ([1] browsable assets)...
[2018.03.26-21.01.34:259][458]OBJ SavePackage:     Rendered thumbnail for [Blueprint /Game/VR_MENU/MenuBP_3D/BP_Menu.BP_Menu]
[2018.03.26-21.01.34:259][458]OBJ SavePackage: Finished generating thumbnails for package [/Game/VR_MENU/MenuBP_3D/BP_Menu]
[2018.03.26-21.01.34:478][458]LogSavePackage: Save=179.50ms
[2018.03.26-21.01.34:478][458]LogSavePackage: Moving '../../../../../../Users/Hailee Mrotek/Documents/GitHub/Ha_VRJ_Test/havr 4.18/Saved/BP_Menu_Auto280793DD74E7CE5CF1D0124B0E831CD54.tmp' to '../../../../../../Users/Hailee Mrotek/Documents/GitHub/Ha_VRJ_Test/havr 4.18/Saved/Autosaves/Game/VR_MENU/MenuBP_3D/BP_Menu_Auto2.uasset'
[2018.03.26-21.01.34:510][458]LogSavePackage: Display: Finished SavePackage ../../../../../../Users/Hailee Mrotek/Documents/GitHub/Ha_VRJ_Test/havr 4.18/Saved/Autosaves/Game/VR_MENU/MenuBP_3D/BP_Menu_Auto2.uasset
[2018.03.26-21.01.34:518][458]OBJ SavePackage: Generating thumbnails for [1] asset(s) in package [/Game/icons/015-bed] ([1] browsable assets)...
[2018.03.26-21.01.34:523][458]OBJ SavePackage:     Rendered thumbnail for [Texture2D /Game/icons/015-bed.015-bed]
[2018.03.26-21.01.34:523][458]OBJ SavePackage: Finished generating thumbnails for package [/Game/icons/015-bed]
[2018.03.26-21.01.34:548][458]LogSavePackage: Save=18.87ms
[2018.03.26-21.01.34:548][458]LogSavePackage: Moving '../../../../../../Users/Hailee Mrotek/Documents/GitHub/Ha_VRJ_Test/havr 4.18/Saved/015-bed_Auto230EEE1404147CD2BE35635A437E111BD.tmp' to '../../../../../../Users/Hailee Mrotek/Documents/GitHub/Ha_VRJ_Test/havr 4.18/Saved/Autosaves/Game/icons/015-bed_Auto2.uasset'
[2018.03.26-21.01.34:558][458]LogSavePackage: Display: Finished SavePackage ../../../../../../Users/Hailee Mrotek/Documents/GitHub/Ha_VRJ_Test/havr 4.18/Saved/Autosaves/Game/icons/015-bed_Auto2.uasset
[2018.03.26-21.01.34:563][458]OBJ SavePackage: Generating thumbnails for [1] asset(s) in package [/Game/icons/015-bed_Mat] ([1] browsable assets)...
[2018.03.26-21.01.34:645][458]OBJ SavePackage:     Rendered thumbnail for [Material /Game/icons/015-bed_Mat.015-bed_Mat]
[2018.03.26-21.01.34:645][458]OBJ SavePackage: Finished generating thumbnails for package [/Game/icons/015-bed_Mat]
[2018.03.26-21.01.34:684][458]LogSavePackage: Save=31.45ms
[2018.03.26-21.01.34:685][458]LogSavePackage: Moving '../../../../../../Users/Hailee Mrotek/Documents/GitHub/Ha_VRJ_Test/havr 4.18/Saved/015-bed_Mat_Auto251BAA19448FE542D0F96049BB8122E97.tmp' to '../../../../../../Users/Hailee Mrotek/Documents/GitHub/Ha_VRJ_Test/havr 4.18/Saved/Autosaves/Game/icons/015-bed_Mat_Auto2.uasset'
[2018.03.26-21.01.34:694][458]LogSavePackage: Display: Finished SavePackage ../../../../../../Users/Hailee Mrotek/Documents/GitHub/Ha_VRJ_Test/havr 4.18/Saved/Autosaves/Game/icons/015-bed_Mat_Auto2.uasset
[2018.03.26-21.01.34:694][458]LogFileHelpers: Auto-saving content packages took 0.515
[2018.03.26-21.02.00:830][160]LogSavePackage: Save=613.54ms
[2018.03.26-21.02.00:830][160]LogSavePackage: Moving '../../../../../../Users/Hailee Mrotek/Documents/GitHub/Ha_VRJ_Test/havr 4.18/Saved/MotionControllerMapEA5F14274C9A706D2F3349ADC0889297.tmp' to '../../../../../../Users/Hailee Mrotek/Documents/GitHub/Ha_VRJ_Test/havr 4.18/Content/VirtualRealityBP/Maps/MotionControllerMap.umap'
[2018.03.26-21.02.00:847][160]LogSavePackage: Display: Finished SavePackage ../../../../../../Users/Hailee Mrotek/Documents/GitHub/Ha_VRJ_Test/havr 4.18/Content/VirtualRealityBP/Maps/MotionControllerMap.umap
[2018.03.26-21.02.01:656][160]LogSavePackage: Save=521.27ms
[2018.03.26-21.02.01:657][160]LogSavePackage: Moving '../../../../../../Users/Hailee Mrotek/Documents/GitHub/Ha_VRJ_Test/havr 4.18/Saved/MotionControllerMap_BuiltData68C8923048FEB3F942A55882989D952E.tmp' to '../../../../../../Users/Hailee Mrotek/Documents/GitHub/Ha_VRJ_Test/havr 4.18/Content/VirtualRealityBP/Maps/MotionControllerMap_BuiltData.uasset'
[2018.03.26-21.02.01:666][160]LogSavePackage: Display: Finished SavePackage ../../../../../../Users/Hailee Mrotek/Documents/GitHub/Ha_VRJ_Test/havr 4.18/Content/VirtualRealityBP/Maps/MotionControllerMap_BuiltData.uasset
[2018.03.26-21.02.43:764][695]LogMaterial: Warning: Material /Game/icons/015-bed_Mat.015-bed_Mat needed to have new flag set bUsedWithStaticLighting !
[2018.03.26-21.02.43:788][695]LogMaterial: Missing cached shader map for material 015-bed_Mat, compiling. 
[2018.03.26-21.02.45:705][749]Cmd: TRANSACTION UNDO
[2018.03.26-21.02.45:705][749]LogEditorTransaction: Undo Create Actors
[2018.03.26-21.02.45:796][749]LogPhysics: Warning: Found bad index buffer when cooking UModelComponent physics data! Component: None, Buffer: 0, Buffer Size: 0, Element: 0
[2018.03.26-21.02.45:796][749]LogPhysics: Warning: Found bad index buffer when cooking UModelComponent physics data! Component: None, Buffer: 0, Buffer Size: 0, Element: 1
[2018.03.26-21.02.45:796][749]LogPhysics: Warning: Found bad index buffer when cooking UModelComponent physics data! Component: None, Buffer: 0, Buffer Size: 0, Element: 2
[2018.03.26-21.02.45:796][749]LogPhysics: Warning: Found bad index buffer when cooking UModelComponent physics data! Component: None, Buffer: 0, Buffer Size: 0, Element: 3
[2018.03.26-21.02.45:796][749]LogPhysics: Warning: UBodySetup::GetCookInfo: Triangle data from '/Game/VirtualRealityBP/Maps/MotionControllerMap.MotionControllerMap:PersistentLevel.ModelComponent_25' invalid (296 verts, 0 indices).
[2018.03.26-21.02.45:796][749]LogPhysics: Warning: Attempt to build physics data for /Game/VirtualRealityBP/Maps/MotionControllerMap.MotionControllerMap:PersistentLevel.ModelComponent_25.BodySetup_381 when we are unable to.
[2018.03.26-21.06.59:816][ 12]Cmd: TRANSACTION UNDO
[2018.03.26-21.06.59:817][ 12]LogEditorTransaction: Undo Create Actors
