Log file open, 02/24/18 14:05:37
LogWindows: Failed to load 'aqProf.dll' (GetLastError=126)
LogWindows: File 'aqProf.dll' does not exist
LogWindows: Failed to load 'VSPerf140.dll' (GetLastError=126)
LogWindows: File 'VSPerf140.dll' does not exist
LogWindows: Failed to load 'VtuneApi.dll' (GetLastError=126)
LogWindows: File 'VtuneApi.dll' does not exist
LogWindows: Failed to load 'VtuneApi32e.dll' (GetLastError=126)
LogWindows: File 'VtuneApi32e.dll' does not exist
LogInit: Display: Running engine for game: havr
LogPlatformFile: Not using cached read wrapper
LogInit: Display: RandInit(1642920938) SRandInit(1642920938).
LogTaskGraph: Started task graph with 5 named threads and 14 total threads with 3 sets of task threads.
LogStats: Stats thread started at 0.413705
LogD3D11RHI: Aftermath initialized
LogPluginManager: Mounting plugin Paper2D
LogPluginManager: Mounting plugin LightPropagationVolume
LogPluginManager: Mounting plugin CodeLiteSourceCodeAccess
LogPluginManager: Mounting plugin GitSourceControl
LogPluginManager: Mounting plugin KDevelopSourceCodeAccess
LogPluginManager: Mounting plugin NullSourceCodeAccess
LogPluginManager: Mounting plugin PerforceSourceControl
LogPluginManager: Mounting plugin SubversionSourceControl
LogPluginManager: Mounting plugin UObjectPlugin
LogPluginManager: Mounting plugin VisualStudioSourceCodeAccess
LogPluginManager: Mounting plugin XCodeSourceCodeAccess
LogPluginManager: Mounting plugin AssetManagerEditor
LogPluginManager: Mounting plugin AudioCapture
LogPluginManager: Mounting plugin FacialAnimation
LogPluginManager: Mounting plugin GameplayTagsEditor
LogPluginManager: Mounting plugin MobileLauncherProfileWizard
LogPluginManager: Mounting plugin PluginBrowser
LogPluginManager: Mounting plugin SpeedTreeImporter
LogPluginManager: Mounting plugin AlembicImporter
LogPluginManager: Mounting plugin CharacterAI
LogPluginManager: Mounting plugin HTML5Networking
LogPluginManager: Mounting plugin AndroidMedia
LogPluginManager: Mounting plugin AvfMedia
LogPluginManager: Mounting plugin MediaPlayerEditor
LogPluginManager: Mounting plugin WmfMedia
LogPluginManager: Mounting plugin TcpMessaging
LogPluginManager: Mounting plugin UdpMessaging
LogPluginManager: Mounting plugin LevelSequenceEditor
LogPluginManager: Mounting plugin MatineeToLevelSequence
LogPluginManager: Mounting plugin OnlineSubsystemGooglePlay
LogPluginManager: Mounting plugin OnlineSubsystemIOS
LogPluginManager: Mounting plugin OnlineSubsystem
LogPluginManager: Mounting plugin OnlineSubsystemNull
LogPluginManager: Mounting plugin OnlineSubsystemUtils
LogPluginManager: Mounting plugin AndroidDeviceProfileSelector
LogPluginManager: Mounting plugin AndroidMoviePlayer
LogPluginManager: Mounting plugin AndroidPermission
LogPluginManager: Mounting plugin AppleMoviePlayer
LogPluginManager: Mounting plugin ArchVisCharacter
LogPluginManager: Mounting plugin CableComponent
LogPluginManager: Mounting plugin CustomMeshComponent
LogPluginManager: Mounting plugin ExampleDeviceProfileSelector
LogPluginManager: Mounting plugin GoogleCloudMessaging
LogPluginManager: Mounting plugin ImmediatePhysics
LogPluginManager: Mounting plugin IOSDeviceProfileSelector
LogPluginManager: Mounting plugin LinuxDeviceProfileSelector
LogPluginManager: Mounting plugin LocationServicesBPLibrary
LogPluginManager: Mounting plugin MobilePatchingUtils
LogPluginManager: Mounting plugin OculusVR
LogPluginManager: Mounting plugin PhysXVehicles
LogPluginManager: Mounting plugin ProceduralMeshComponent
LogPluginManager: Mounting plugin RuntimePhysXCooking
LogPluginManager: Mounting plugin SteamVR
LogPluginManager: Mounting plugin WindowsMoviePlayer
LogInit: Using libcurl 7.47.1
LogInit:  - built for x86_64-pc-win32
LogInit:  - supports SSL with OpenSSL/1.0.2g
LogInit:  - supports HTTP deflate (compression) using libz 1.2.8
LogInit:  - other features:
LogInit:      CURL_VERSION_SSL
LogInit:      CURL_VERSION_LIBZ
LogInit:      CURL_VERSION_IPV6
LogInit:      CURL_VERSION_ASYNCHDNS
LogInit:      CURL_VERSION_LARGEFILE
LogInit:      CURL_VERSION_IDN
LogInit:  CurlRequestOptions (configurable via config and command line):
LogInit:  - bVerifyPeer = false  - Libcurl will NOT verify peer certificate
LogInit:  - bUseHttpProxy = false  - Libcurl will NOT use HTTP proxy
LogInit:  - bDontReuseConnections = false  - Libcurl will reuse connections
LogInit:  - CertBundlePath = nullptr  - Libcurl will use whatever was configured at build time.
LogInit: Build: ++UE4+Release-4.17-CL-3658906
LogInit: Engine Version: 4.17.2-3658906+++UE4+Release-4.17
LogInit: Compatible Engine Version: 4.17.0-3573198+++UE4+Release-4.17
LogInit: Net CL: 3573198
LogDevObjectVersion: Number of dev versions registered: 16
LogDevObjectVersion:   Dev-Blueprints (B0D832E4-1F89-4F0D-ACCF-7EB736FD4AA2): 10
LogDevObjectVersion:   Dev-Build (E1C64328-A22C-4D53-A36C-8E866417BD8C): 0
LogDevObjectVersion:   Dev-Core (375EC13C-06E4-48FB-B500-84F0262A717E): 2
LogDevObjectVersion:   Dev-Editor (E4B068ED-F494-42E9-A231-DA0B2E46BB41): 20
LogDevObjectVersion:   Dev-Framework (CFFC743F-43B0-4480-9391-14DF171D2073): 28
LogDevObjectVersion:   Dev-Mobile (B02B49B5-BB20-44E9-A304-32B752E40360): 0
LogDevObjectVersion:   Dev-Networking (A4E4105C-59A1-49B5-A7C5-40C4547EDFEE): 0
LogDevObjectVersion:   Dev-Online (39C831C9-5AE6-47DC-9A44-9C173E1C8E7C): 0
LogDevObjectVersion:   Dev-Physics (78F01B33-EBEA-4F98-B9B4-84EACCB95AA2): 0
LogDevObjectVersion:   Dev-Platform (6631380F-2D4D-43E0-8009-CF276956A95A): 0
LogDevObjectVersion:   Dev-Rendering (12F88B9F-8875-4AFC-A67C-D90C383ABD29): 19
LogDevObjectVersion:   Dev-Sequencer (7B5AE74C-D270-4C10-A958-57980B212A5A): 4
LogDevObjectVersion:   Dev-VR (D7296918-1DD6-4BDD-9DE2-64A83CC13884): 0
LogDevObjectVersion:   Dev-LoadTimes (C2A15278-BFE7-4AFE-6C17-90FF531DF755): 1
LogDevObjectVersion:   Private-Geometry (6EACA3D4-40EC-4CC1-B786-8BED09428FC5): 1
LogDevObjectVersion:   Dev-AnimPhys (29E575DD-E0A3-4627-9D10-D276232CDCEA): 7
LogInit: Compiled (64-bit): Sep 22 2017 13:47:16
LogInit: Compiled with Visual C++: 19.00.24215.01
LogInit: Build Configuration: Development
LogInit: Branch Name: ++UE4+Release-4.17
LogInit: Command line: -EpicPortal 
LogInit: Base directory: C:/Program Files/Epic Games/UE_4.17/Engine/Binaries/Win64/
LogInit: Installed Engine Build: 1
LogInit: Presizing for max 8388607 objects, including 0 objects not considered by GC, pre-allocating 0 bytes for permanent pool.
LogInit: Object subsystem initialized
[2018.02.24-20.05.39:144][  0]LogInit: Selected Device Profile: [Windows]
[2018.02.24-20.05.39:145][  0]LogInit: Applying CVar settings loaded from the selected device profile: [Windows]
[2018.02.24-20.05.39:185][  0]LogInit: Computer: DESKTOP-FKFG7D5
[2018.02.24-20.05.39:185][  0]LogInit: User: Brad
[2018.02.24-20.05.39:185][  0]LogInit: CPU Page size=4096, Cores=4
[2018.02.24-20.05.39:185][  0]LogInit: High frequency timer resolution =3.386482 MHz
[2018.02.24-20.05.39:185][  0]LogMemory: Memory total: Physical=15.9GB (16GB approx)
[2018.02.24-20.05.39:185][  0]LogMemory: Platform Memory Stats for Windows
[2018.02.24-20.05.39:185][  0]LogMemory: Process Physical Memory: 286.57 MB used, 286.57 MB peak
[2018.02.24-20.05.39:185][  0]LogMemory: Process Virtual Memory: 277.84 MB used, 277.84 MB peak
[2018.02.24-20.05.39:185][  0]LogMemory: Physical Memory: 7950.23 MB used,  8378.52 MB free, 16328.75 MB total
[2018.02.24-20.05.39:185][  0]LogMemory: Virtual Memory: 738.68 MB used,  8378.52 MB free, 134217728.00 MB total
[2018.02.24-20.05.39:984][  0]LogInit: Using OS detected language (en-US).
[2018.02.24-20.05.39:984][  0]LogInit: Using OS detected locale (en-US).
[2018.02.24-20.05.40:138][  0]LogTextLocalizationManager: No specific localization for 'en-US' exists, so the 'en' localization will be used.
[2018.02.24-20.05.47:181][  0]LogD3D11RHI: D3D11 adapters:
[2018.02.24-20.05.48:186][  0]LogD3D11RHI:    0. 'NVIDIA GeForce GTX 980 Ti' (Feature Level 11_0)
[2018.02.24-20.05.48:186][  0]LogD3D11RHI:       6097/0/8164 MB DedicatedVideo/DedicatedSystem/SharedSystem, Outputs:1, VendorId:0x10de
[2018.02.24-20.05.48:189][  0]LogD3D11RHI:    1. 'Microsoft Basic Render Driver' (Feature Level 11_0)
[2018.02.24-20.05.48:189][  0]LogD3D11RHI:       0/0/8164 MB DedicatedVideo/DedicatedSystem/SharedSystem, Outputs:0, VendorId:0x1414
[2018.02.24-20.05.48:189][  0]LogD3D11RHI: Chosen D3D11 Adapter: 0
[2018.02.24-20.05.48:196][  0]LogD3D11RHI: Creating new Direct3DDevice
[2018.02.24-20.05.48:197][  0]LogD3D11RHI:     GPU DeviceId: 0x17c8 (for the marketing name, search the web for "GPU Device Id")
[2018.02.24-20.05.48:197][  0]LogWindows: EnumDisplayDevices:
[2018.02.24-20.05.48:197][  0]LogWindows:    0. 'NVIDIA GeForce GTX 980 Ti' (P:1 D:1)
[2018.02.24-20.05.48:197][  0]LogWindows:    1. 'NVIDIA GeForce GTX 980 Ti' (P:0 D:0)
[2018.02.24-20.05.48:197][  0]LogWindows:    2. 'NVIDIA GeForce GTX 980 Ti' (P:0 D:0)
[2018.02.24-20.05.48:198][  0]LogWindows:    3. 'NVIDIA GeForce GTX 980 Ti' (P:0 D:0)
[2018.02.24-20.05.48:198][  0]LogWindows: DebugString: GetVideoDriverDetailsInvalid PrimaryIsNotTheChoosenAdapter GetVideoDriverDetailsInvalid PrimaryIsNotTheChoosenAdapter GetVideoDriverDetailsInvalid PrimaryIsNotTheChoosenAdapter GetVideoDriverDetailsInvalid PrimaryIsNotTheChoosenAdapter FoundDriverCount:0 
[2018.02.24-20.05.48:198][  0]LogD3D11RHI:     Adapter Name: NVIDIA GeForce GTX 980 Ti
[2018.02.24-20.05.48:198][  0]LogD3D11RHI:   Driver Version: Unknown (internal:Unknown, unified:Unknown)
[2018.02.24-20.05.48:198][  0]LogD3D11RHI:      Driver Date: Unknown
[2018.02.24-20.05.48:198][  0]LogRHI: Texture pool is 1361 MB (70% of 1945 MB)
[2018.02.24-20.05.48:226][  0]LogD3D11RHI: Async texture creation enabled
[2018.02.24-20.05.48:259][  0]LogD3D11RHI: GPU Timing Frequency: 1000.000000 (Debug: 2 2)
[2018.02.24-20.05.48:260][  0]LogShaderCompilers: Guid format shader working directory is -17 characters bigger than the processId version (../../../../../../Users/Brad/Documents/GitHub/Ha_VRJ_Test/havr/Intermediate/Shaders/WorkingDirectory/2420/).
[2018.02.24-20.05.48:261][  0]LogShaderCompilers: Cleaned the shader compiler working directory 'C:/Users/Brad/AppData/Local/Temp/UnrealShaderWorkingDir/5A2C1E8940FD3E50BC1DB68969BBA6B1/'.
[2018.02.24-20.05.48:261][  0]LogShaderCompilers: Display: Using Local Shader Compiler.
[2018.02.24-20.05.52:327][  0]LogTemp: Display: Loaded TP AllDesktopTargetPlatform
[2018.02.24-20.05.52:439][  0]LogTemp: Display: Loaded TP MacClientTargetPlatform
[2018.02.24-20.05.52:545][  0]LogTemp: Display: Loaded TP MacNoEditorTargetPlatform
[2018.02.24-20.05.52:648][  0]LogTemp: Display: Loaded TP MacServerTargetPlatform
[2018.02.24-20.05.52:753][  0]LogTemp: Display: Loaded TP MacTargetPlatform
[2018.02.24-20.05.52:838][  0]LogTemp: Display: Loaded TP WindowsClientTargetPlatform
[2018.02.24-20.05.52:935][  0]LogTemp: Display: Loaded TP WindowsNoEditorTargetPlatform
[2018.02.24-20.05.53:044][  0]LogTemp: Display: Loaded TP WindowsServerTargetPlatform
[2018.02.24-20.05.53:120][  0]LogTemp: Display: Loaded TP WindowsTargetPlatform
[2018.02.24-20.05.53:238][  0]LogTemp: Display: Loaded TP AndroidTargetPlatform
[2018.02.24-20.05.53:351][  0]LogTemp: Display: Loaded TP Android_ASTCTargetPlatform
[2018.02.24-20.05.53:450][  0]LogTemp: Display: Loaded TP Android_ATCTargetPlatform
[2018.02.24-20.05.53:545][  0]LogTemp: Display: Loaded TP Android_DXTTargetPlatform
[2018.02.24-20.05.53:629][  0]LogTemp: Display: Loaded TP Android_ETC1TargetPlatform
[2018.02.24-20.05.53:706][  0]LogTemp: Display: Loaded TP Android_ETC2TargetPlatform
[2018.02.24-20.05.53:923][  0]LogTemp: Display: Loaded TP Android_MultiTargetPlatform
[2018.02.24-20.05.53:923][  0]LogTemp: Display: Loaded TP Android_PVRTCTargetPlatform
[2018.02.24-20.05.53:997][  0]LogTemp: Display: Loaded TP HTML5TargetPlatform
[2018.02.24-20.05.54:184][  0]LogTemp: Display: Loaded TP IOSTargetPlatform
[2018.02.24-20.05.54:246][  0]LogTemp: Display: Loaded TP TVOSTargetPlatform
[2018.02.24-20.05.54:366][  0]LogTemp: Display: Loaded TP LinuxClientTargetPlatform
[2018.02.24-20.05.54:492][  0]LogTemp: Display: Loaded TP LinuxNoEditorTargetPlatform
[2018.02.24-20.05.54:597][  0]LogTemp: Display: Loaded TP LinuxServerTargetPlatform
[2018.02.24-20.05.54:738][  0]LogTemp: Display: Loaded TP LinuxTargetPlatform
[2018.02.24-20.05.54:738][  0]LogTargetPlatformManager: Display: Building Assets For Windows
[2018.02.24-20.05.55:782][  0]LogDerivedDataCache: Display: Max Cache Size: 512 MB
[2018.02.24-20.05.56:441][  0]LogDerivedDataCache: Loaded boot cache 0.66s 106MB C:/Users/Brad/AppData/Local/UnrealEngine/4.17/DerivedDataCache/Boot.ddc.
[2018.02.24-20.05.56:441][  0]LogDerivedDataCache: Display: Loaded Boot cache: C:/Users/Brad/AppData/Local/UnrealEngine/4.17/DerivedDataCache/Boot.ddc
[2018.02.24-20.05.56:441][  0]LogDerivedDataCache: FDerivedDataBackendGraph:  Pak pak cache file ../../../../../../Users/Brad/Documents/GitHub/Ha_VRJ_Test/havr/DerivedDataCache/DDC.ddp not found, will not use a pak cache.
[2018.02.24-20.05.56:441][  0]LogDerivedDataCache: Unable to find inner node Pak for hierarchical cache Hierarchy.
[2018.02.24-20.05.56:441][  0]LogDerivedDataCache: FDerivedDataBackendGraph:  CompressedPak pak cache file ../../../../../../Users/Brad/Documents/GitHub/Ha_VRJ_Test/havr/DerivedDataCache/Compressed.ddp not found, will not use a pak cache.
[2018.02.24-20.05.56:441][  0]LogDerivedDataCache: Unable to find inner node CompressedPak for hierarchical cache Hierarchy.
[2018.02.24-20.05.56:465][  0]LogDerivedDataCache: Display: Pak cache opened for reading ../../../Engine/DerivedDataCache/Compressed.ddp.
[2018.02.24-20.05.56:478][  0]LogDerivedDataCache: Using Local data cache path C:/Users/Brad/AppData/Local/UnrealEngine/Common/DerivedDataCache: Writable
[2018.02.24-20.05.56:505][  0]LogMaterial: Verifying Global Shaders for PCD3D_SM5
[2018.02.24-20.05.56:506][  0]LogSlate: Using Freetype 2.6.0
[2018.02.24-20.05.56:542][  0]LogSlate: SlateFontCache - WITH_FREETYPE: 1, WITH_HARFBUZZ: 1
[2018.02.24-20.05.56:542][  0]LogSlate: SlateFontCache - WITH_FREETYPE: 1, WITH_HARFBUZZ: 1
[2018.02.24-20.05.57:733][  0]LogAssetRegistry: FAssetRegistry took 0.0275 seconds to start up
[2018.02.24-20.05.57:994][  0]LogInit: Selected Device Profile: [Windows]
[2018.02.24-20.05.58:271][  0]LogContentStreaming: Texture pool size is 0.00 MB
[2018.02.24-20.05.59:013][  0]LogSimplygon: Simplygon DLL not present - disabling.
[2018.02.24-20.05.59:096][  0]LogMeshReduction: Using SimplygonSwarm for distributed automatic mesh merging
[2018.02.24-20.05.59:096][  0]LogMeshReduction: Using QuadricMeshReduction for automatic static mesh reduction
[2018.02.24-20.05.59:096][  0]LogMeshReduction: No automatic skeletal mesh reduction module available
[2018.02.24-20.05.59:096][  0]LogMeshReduction: No automatic mesh merging module available
[2018.02.24-20.05.59:096][  0]LogMeshMerging: No automatic mesh merging module available
[2018.02.24-20.05.59:840][  0]LogNetVersion: havr , NetCL: 3573198, EngineNetVer: 2, GameNetVer: 0 (Checksum: 4054377725)
[2018.02.24-20.06.00:398][  0]LogPackageLocalizationCache: Processed 5 localized package path(s) for 2 prioritized culture(s) in 0.152270 seconds
[2018.02.24-20.06.00:407][  0]LogUObjectArray: 35825 objects as part of root set at end of initial load.
[2018.02.24-20.06.00:407][  0]LogUObjectAllocator: 7529104 out of 0 bytes used by permanent object pool.
[2018.02.24-20.06.00:407][  0]LogUObjectArray: CloseDisregardForGC: 0/0 objects in disregard for GC pool
[2018.02.24-20.06.00:528][  0]LogInit: WinSock: version 1.1 (2.2), MaxSocks=32767, MaxUdp=65467
[2018.02.24-20.06.12:210][  0]LogTcpMessaging: Initializing TcpMessaging bridge
[2018.02.24-20.06.12:281][  0]LogUdpMessaging: Initializing bridge on interface 0.0.0.0:0 to multicast group 230.0.0.1:6666.
[2018.02.24-20.06.13:658][  0]LogMaterial: Uniform references updated for custom material expression Custom.
[2018.02.24-20.06.14:755][  0]SourceControl: Source control is disabled
[2018.02.24-20.06.14:755][  0]SourceControl: Source control is disabled
[2018.02.24-20.06.14:843][  0]SourceControl: Source control is disabled
[2018.02.24-20.06.14:951][  0]SourceControl: Source control is disabled
[2018.02.24-20.06.16:248][  0]LogAndroidPermission: UAndroidPermissionCallbackProxy::GetInstance
[2018.02.24-20.06.16:762][  0]LogOcInput: OculusInput pre-init called
[2018.02.24-20.06.17:292][  0]LogEngine: Initializing Engine...
[2018.02.24-20.06.17:294][  0]LogHMD: Oculus plugin initialized. Version: 4.17.2-3658906+++UE4+Release-4.17, OVRPlugin: 1.15.0
[2018.02.24-20.06.17:884][  0]LogStats: UGameplayTagsManager::ConstructGameplayTagTree: Construct from data asset -  0.000 s
[2018.02.24-20.06.17:884][  0]LogStats: UGameplayTagsManager::ConstructGameplayTagTree: GameplayTagTreeChangedEvent.Broadcast -  0.000 s
[2018.02.24-20.06.18:123][  0]LogAIModule: Creating AISystem for world Untitled
[2018.02.24-20.06.18:156][  0]LogInit: XAudio2 using 'Headset Earphone (Razer Kraken 7.1 Chroma)' : 2 channels at 48 kHz using 16 bits per sample (channel mask 0x3)
[2018.02.24-20.06.18:194][  0]LogInit: FAudioDevice initialized.
[2018.02.24-20.06.18:293][  0]LogDerivedDataCache: Saved boot cache 0.10s 106MB C:/Users/Brad/AppData/Local/UnrealEngine/4.17/DerivedDataCache/Boot.ddc.
[2018.02.24-20.06.18:324][  0]LogInit: Texture streaming: Enabled
[2018.02.24-20.06.18:572][  0]LogEngineSessionManager: EngineSessionManager initialized
[2018.02.24-20.06.19:074][  0]LogInit: Transaction tracking system initialized
[2018.02.24-20.06.19:762][  0]BlueprintLog: New page: Editor Load
[2018.02.24-20.06.21:622][  0]LocalizationService: Localization service is disabled
[2018.02.24-20.06.23:095][  0]LogConsoleResponse: Display: 
[2018.02.24-20.06.23:682][  0]LogFileCache: Scanning file cache for directory 'C:/Users/Brad/Documents/GitHub/Ha_VRJ_Test/havr/Content/' took 0.03s
[2018.02.24-20.06.23:682][  0]LogCook: Display: Max memory allowance for cook 16384mb min free memory 0mb
[2018.02.24-20.06.23:683][  0]LogCook: Display: Mobile HDR setting 1
[2018.02.24-20.06.23:683][  0]LogGameplayTags: Display: UGameplayTagsManager::DoneAddingNativeTags. DelegateIsBound: 0
[2018.02.24-20.06.25:842][  0]SourceControl: Source control is disabled
[2018.02.24-20.06.25:842][  0]Cmd: MAP LOAD FILE="../../../../../../Users/Brad/Documents/GitHub/Ha_VRJ_Test/havr/Content/VirtualRealityBP/Maps/MotionControllerMap.umap" TEMPLATE=0 SHOWPROGRESS=1 FEATURELEVEL=3
[2018.02.24-20.06.25:843][  0]LightingResults: New page: Lighting Build
[2018.02.24-20.06.25:921][  0]MapCheck: New page: Map Check
[2018.02.24-20.06.25:921][  0]LightingResults: New page: Lighting Build
[2018.02.24-20.06.28:407][  0]LogAIModule: Creating AISystem for world MotionControllerMap
[2018.02.24-20.06.28:432][  0]LogEditorServer: Finished looking for orphan Actors (0.000 secs)
[2018.02.24-20.06.28:454][  0]Cmd: MAP CHECKDEP NOCLEARLOG
[2018.02.24-20.06.28:566][  0]MapCheck: Map check complete: 0 Error(s), 0 Warning(s), took 111.785ms to complete.
[2018.02.24-20.06.28:566][  0]LogFileHelpers: Loading map 'MotionControllerMap' took 2.724
[2018.02.24-20.06.28:965][  0]LogCollectionManager: Loaded 0 collections in 0.001662 seconds
[2018.02.24-20.06.29:109][  0]LogFileCache: Scanning file cache for directory 'C:/Users/Brad/Documents/GitHub/Ha_VRJ_Test/havr/Saved/Collections/' took 0.01s
[2018.02.24-20.06.29:109][  0]LogFileCache: Scanning file cache for directory 'C:/Users/Brad/Documents/GitHub/Ha_VRJ_Test/havr/Content/Developers/Brad/Collections/' took 0.01s
[2018.02.24-20.06.29:109][  0]LogFileCache: Scanning file cache for directory 'C:/Users/Brad/Documents/GitHub/Ha_VRJ_Test/havr/Content/Collections/' took 0.01s
[2018.02.24-20.06.29:109][  0]LogCollectionManager: Rebuilt the GUID cache for 0 collections in 0.000001 seconds
[2018.02.24-20.06.29:122][  0]LogContentBrowser: Native class hierarchy populated in 0.0106 seconds. Added 2386 classes and 500 folders.
[2018.02.24-20.06.29:269][  0]LogContentBrowser: Native class hierarchy updated for 'WidgetCarousel' in 0.0007 seconds. Added 0 classes and 0 folders.
[2018.02.24-20.06.29:928][  0]LogContentBrowser: Native class hierarchy updated for 'AddContentDialog' in 0.0006 seconds. Added 0 classes and 0 folders.
[2018.02.24-20.06.30:016][  0]LogContentBrowser: Native class hierarchy updated for 'SceneOutliner' in 0.0010 seconds. Added 1 classes and 2 folders.
[2018.02.24-20.06.30:228][  0]LogContentBrowser: Native class hierarchy updated for 'HierarchicalLODOutliner' in 0.0007 seconds. Added 1 classes and 2 folders.
[2018.02.24-20.06.30:228][  0]LogLoad: (Engine Initialization) Total time: 57.21 seconds
[2018.02.24-20.06.30:228][  0]LogLoad: (Engine Initialization) Total Blueprint compile time: 0.00 seconds
[2018.02.24-20.06.30:228][  0]LogExternalProfiler: No external profilers were discovered.  External profiling features will not be available.
[2018.02.24-20.06.30:248][  0]LogOcInput: OculusInput is initialized
[2018.02.24-20.06.30:272][  0]LogContentStreaming: Texture pool size now 1000 MB
[2018.02.24-20.06.30:292][  0]LogSlate: Took 0.018534 seconds to synchronously load lazily loaded font '../../../Engine/Content/Slate/Fonts/Roboto-Regular.ttf' (155K)
[2018.02.24-20.06.30:306][  0]LogSlate: Took 0.011673 seconds to synchronously load lazily loaded font '../../../Engine/Content/Slate/Fonts/Roboto-Bold.ttf' (160K)
[2018.02.24-20.06.30:334][  0]LogSlate: Took 0.020767 seconds to synchronously load lazily loaded font '../../../Engine/Content/Editor/Slate/Fonts/FontAwesome.ttf' (139K)
[2018.02.24-20.06.30:601][  0]LogSlate: Took 0.028702 seconds to synchronously load lazily loaded font '../../../Engine/Content/Slate/Fonts/Roboto-Light.ttf' (159K)
[2018.02.24-20.06.30:633][  1]LogRenderer: Reallocating scene render targets to support 760x360 Format 26 NumSamples 1 (Frame:1).
[2018.02.24-20.06.30:651][  1]LogAssetRegistry: Asset discovery search completed in 32.9403 seconds
[2018.02.24-20.06.30:653][  1]LogCollectionManager: Rebuilt the object cache for 0 collections in 0.000001 seconds (found 0 objects)
[2018.02.24-20.06.30:653][  1]LogCollectionManager: Fixed up redirectors for 0 collections in 0.000073 seconds (updated 0 objects)
[2018.02.24-20.08.41:802][761]LogRenderer: Reallocating scene render targets to support 1144x576 Format 26 NumSamples 1 (Frame:7756).
[2018.02.24-20.08.50:086][425]LogSlate: Took 0.001120 seconds to synchronously load lazily loaded font '../../../Engine/Content/Slate/Fonts/Roboto-Light.ttf' (159K)
[2018.02.24-20.08.50:191][425]LogAIModule: Creating AISystem for world HAVR_MENU_SUCCESS
[2018.02.24-20.08.50:229][425]Cmd: MAP LOAD FILE="../../../../../../Users/Brad/Documents/GitHub/Ha_VRJ_Test/havr/Content/UMG/HAVR_MENU_SUCCESS.umap" TEMPLATE=0 SHOWPROGRESS=1 FEATURELEVEL=3
[2018.02.24-20.08.50:229][425]LightingResults: New page: Lighting Build
[2018.02.24-20.08.50:230][425]LoadErrors: New page: Loading map: HAVR_MENU_SUCCESS.umap
[2018.02.24-20.08.50:233][425]MapCheck: New page: Map Check
[2018.02.24-20.08.50:234][425]LightingResults: New page: Lighting Build
[2018.02.24-20.08.50:277][425]LogEditorServer: Finished looking for orphan Actors (0.000 secs)
[2018.02.24-20.08.50:330][425]Cmd: MAP CHECKDEP NOCLEARLOG
[2018.02.24-20.08.50:416][425]MapCheck: Map check complete: 0 Error(s), 0 Warning(s), took 85.633ms to complete.
[2018.02.24-20.08.50:417][425]LogFileHelpers: Loading map 'HAVR_MENU_SUCCESS' took 0.191
[2018.02.24-20.09.01:133][279]LogContentBrowser: Native class hierarchy updated for 'BlueprintGraph' in 0.0013 seconds. Added 113 classes and 0 folders.
[2018.02.24-20.09.02:345][279]LogSlate: Took 0.000176 seconds to synchronously load lazily loaded font '../../../Engine/Content/Slate/Fonts/Roboto-Light.ttf' (159K)
[2018.02.24-20.09.02:351][279]LogSlate: Took 0.006075 seconds to synchronously load lazily loaded font '../../../Engine/Content/Editor/Slate/Fonts/Roboto-BoldCondensed.ttf' (158K)
[2018.02.24-20.09.16:062][ 18]LogSlate: Took 0.006457 seconds to synchronously load lazily loaded font '../../../Engine/Content/Editor/Slate/Fonts/Roboto-Italic.ttf' (157K)
[2018.02.24-20.09.24:204][507]LogTemp: Repeating last play command: VR Preview
[2018.02.24-20.09.24:318][507]LogBlueprintUserMessages: Early PlayInEditor Detection: Level '/Game/UMG/HAVR_MENU_SUCCESS.HAVR_MENU_SUCCESS:PersistentLevel' has LevelScriptBlueprint '/Game/UMG/HAVR_MENU_SUCCESS.HAVR_MENU_SUCCESS:PersistentLevel.HAVR_MENU_SUCCESS' with GeneratedClass '/Game/UMG/HAVR_MENU_SUCCESS.HAVR_MENU_SUCCESS_C' with ClassGeneratedBy '/Game/UMG/HAVR_MENU_SUCCESS.HAVR_MENU_SUCCESS:PersistentLevel.HAVR_MENU_SUCCESS'
[2018.02.24-20.09.24:319][507]LogPlayLevel: PlayLevel: No blueprints needed recompiling
[2018.02.24-20.09.24:319][507]LogHMD: Initializing OVRPlugin session
[2018.02.24-20.09.24:416][507]PIE: New page: PIE session: HAVR_MENU_SUCCESS (Feb 24, 2018, 8:09:24 AM)
[2018.02.24-20.09.24:417][507]LogPlayLevel: Creating play world package: /Game/UMG/UEDPIE_0_HAVR_MENU_SUCCESS
[2018.02.24-20.09.24:428][507]LogPlayLevel: PIE: StaticDuplicateObject took: (0.010817s)
[2018.02.24-20.09.24:429][507]LogAIModule: Creating AISystem for world HAVR_MENU_SUCCESS
[2018.02.24-20.09.24:429][507]LogPlayLevel: PIE: World Init took: (0.001000s)
[2018.02.24-20.09.24:430][507]LogPlayLevel: PIE: Created PIE world by copying editor world from /Game/UMG/HAVR_MENU_SUCCESS.HAVR_MENU_SUCCESS to /Game/UMG/UEDPIE_0_HAVR_MENU_SUCCESS.HAVR_MENU_SUCCESS (0.012588s)
[2018.02.24-20.09.24:474][507]LogInit: XAudio2 using 'Headphones (Rift Audio)' : 2 channels at 48 kHz using 16 bits per sample (channel mask 0x3)
[2018.02.24-20.09.24:516][507]LogInit: FAudioDevice initialized.
[2018.02.24-20.09.24:612][507]LogHMD: Allocating Oculus 2720 x 1600 rendertarget swapchain
[2018.02.24-20.09.24:655][507]LogUObjectGlobals: Warning: Failed to find object 'Class None.'
[2018.02.24-20.09.24:655][507]LogLoad: Game class is 'GameModeBase'
[2018.02.24-20.09.24:658][507]LogWorld: Bringing World /Game/UMG/UEDPIE_0_HAVR_MENU_SUCCESS.HAVR_MENU_SUCCESS up for play (max tick rate 0) at 2018.02.24-14.09.24
[2018.02.24-20.09.24:661][507]LogWorld: Bringing up level for play took: 0.006084
[2018.02.24-20.09.24:750][507]LogContentBrowser: Native class hierarchy updated for 'MovieSceneCapture' in 0.0008 seconds. Added 11 classes and 0 folders.
[2018.02.24-20.09.24:763][507]LogUnrealMath: Error: FMatrix::InverseFast(), trying to invert a NIL matrix, this results in NaNs! Use Inverse() instead.
[2018.02.24-20.09.24:763][507]LogOutputDevice: Warning: 

Script Stack:
BP_MotionController_C.SetupRoomScaleOutline
BP_MotionController_C.ExecuteUbergraph_BP_MotionController
BP_MotionController_C.ReceiveBeginPlay
MotionControllerPawn_C.ExecuteUbergraph_MotionControllerPawn
MotionControllerPawn_C.ReceiveBeginPlay

[2018.02.24-20.09.24:926][507]LogStats: FPlatformStackWalk::StackWalkAndDump -  0.162 s
[2018.02.24-20.09.24:926][507]LogOutputDevice: Error: === Handled ensure: ===
[2018.02.24-20.09.24:926][507]LogOutputDevice: Error: 
[2018.02.24-20.09.24:926][507]LogOutputDevice: Error: Ensure condition failed: false [File:D:\Build\++UE4+Release-4.17+Compile\Sync\Engine\Source\Runtime\Core\Private\Math\Matrix.cpp] [Line: 8]
[2018.02.24-20.09.24:926][507]LogOutputDevice: Error: FMatrix::InverseFast(), trying to invert a NIL matrix, this results in NaNs! Use Inverse() instead.
[2018.02.24-20.09.24:926][507]LogOutputDevice: Error: Stack: 
[2018.02.24-20.09.24:926][507]LogOutputDevice: Error: UE4Editor-Core.dll!0x000000006D6D3E36
[2018.02.24-20.09.24:926][507]LogOutputDevice: Error: UE4Editor-Core.dll!0x000000006D45C2D2
[2018.02.24-20.09.24:926][507]LogOutputDevice: Error: UE4Editor-Core.dll!0x000000006D474746
[2018.02.24-20.09.24:926][507]LogOutputDevice: Error: UE4Editor-Core.dll!0x000000006D3FE1A1
[2018.02.24-20.09.24:926][507]LogOutputDevice: Error: UE4Editor-Engine.dll!0x0000000056EB74EB
[2018.02.24-20.09.24:926][507]LogOutputDevice: Error: UE4Editor-Engine.dll!0x000000005780ABD3
[2018.02.24-20.09.24:926][507]LogOutputDevice: Error: UE4Editor-Engine.dll!0x00000000578406C4
[2018.02.24-20.09.24:926][507]LogOutputDevice: Error: UE4Editor-CoreUObject.dll!0x000000007032E944
[2018.02.24-20.09.24:926][507]LogOutputDevice: Error: UE4Editor-CoreUObject.dll!0x00000000704EDDA4
[2018.02.24-20.09.24:926][507]LogOutputDevice: Error: UE4Editor-CoreUObject.dll!0x0000000070503101
[2018.02.24-20.09.24:926][507]LogOutputDevice: Error: UE4Editor-CoreUObject.dll!0x00000000705052E2
[2018.02.24-20.09.24:926][507]LogOutputDevice: Error: UE4Editor-CoreUObject.dll!0x00000000704EE7AE
[2018.02.24-20.09.24:926][507]LogOutputDevice: Error: UE4Editor-CoreUObject.dll!0x00000000705052E2
[2018.02.24-20.09.24:926][507]LogOutputDevice: Error: UE4Editor-CoreUObject.dll!0x00000000704EE7AE
[2018.02.24-20.09.24:926][507]LogOutputDevice: Error: UE4Editor-CoreUObject.dll!0x00000000705052E2
[2018.02.24-20.09.24:926][507]LogOutputDevice: Error: UE4Editor-CoreUObject.dll!0x000000007032E944
[2018.02.24-20.09.24:926][507]LogOutputDevice: Error: UE4Editor-CoreUObject.dll!0x0000000070504675
[2018.02.24-20.09.24:926][507]LogOutputDevice: Error: UE4Editor-Engine.dll!0x0000000056F9B247
[2018.02.24-20.09.24:926][507]LogOutputDevice: Error: UE4Editor-Engine.dll!0x0000000058145B47
[2018.02.24-20.09.24:926][507]LogOutputDevice: Error: UE4Editor-Engine.dll!0x0000000056F5DC2F
[2018.02.24-20.09.24:926][507]LogOutputDevice: Error: UE4Editor-Engine.dll!0x0000000056F6ABCB
[2018.02.24-20.09.24:926][507]LogOutputDevice: Error: UE4Editor-Engine.dll!0x0000000056F96959
[2018.02.24-20.09.24:926][507]LogOutputDevice: Error: UE4Editor-Engine.dll!0x0000000056F77E03
[2018.02.24-20.09.24:926][507]LogOutputDevice: Error: UE4Editor-Engine.dll!0x000000005769BE89
[2018.02.24-20.09.24:926][507]LogOutputDevice: Error: UE4Editor-Engine.dll!0x0000000056FD05B6
[2018.02.24-20.09.24:926][507]LogOutputDevice: Error: UE4Editor-CoreUObject.dll!0x000000007032E944
[2018.02.24-20.09.24:926][507]LogOutputDevice: Error: UE4Editor-CoreUObject.dll!0x00000000704EDDA4
[2018.02.24-20.09.24:926][507]LogOutputDevice: Error: UE4Editor-CoreUObject.dll!0x0000000070503101
[2018.02.24-20.09.24:926][507]LogOutputDevice: Error: UE4Editor-CoreUObject.dll!0x000000007052CDA4
[2018.02.24-20.09.24:926][507]LogOutputDevice: Error: UE4Editor-CoreUObject.dll!0x00000000705052E2
[2018.02.24-20.09.24:926][507]LogOutputDevice: Error: UE4Editor-CoreUObject.dll!0x00000000704EE7AE
[2018.02.24-20.09.24:926][507]LogOutputDevice: Error: UE4Editor-CoreUObject.dll!0x00000000705052E2
[2018.02.24-20.09.24:926][507]LogOutputDevice: Error: UE4Editor-CoreUObject.dll!0x000000007032E944
[2018.02.24-20.09.24:926][507]LogOutputDevice: Error: UE4Editor-CoreUObject.dll!0x0000000070504675
[2018.02.24-20.09.24:926][507]LogOutputDevice: Error: UE4Editor-Engine.dll!0x0000000056F9B247
[2018.02.24-20.09.24:926][507]LogOutputDevice: Error: UE4Editor-Engine.dll!0x0000000058145B47
[2018.02.24-20.09.24:926][507]LogOutputDevice: Error: UE4Editor-Engine.dll!0x0000000056F5DC2F
[2018.02.24-20.09.24:926][507]LogOutputDevice: Error: UE4Editor-Engine.dll!0x0000000056F6ABCB
[2018.02.24-20.09.24:926][507]LogOutputDevice: Error: UE4Editor-Engine.dll!0x000000005812A871
[2018.02.24-20.09.24:926][507]LogOutputDevice: Error: UE4Editor-Engine.dll!0x00000000576A4991
[2018.02.24-20.09.24:926][507]LogOutputDevice: Error: UE4Editor-Engine.dll!0x000000005811601E
[2018.02.24-20.09.24:926][507]LogOutputDevice: Error: UE4Editor-Engine.dll!0x00000000576C7CF6
[2018.02.24-20.09.24:926][507]LogOutputDevice: Error: UE4Editor-UnrealEd.dll!0x000000005561AE6C
[2018.02.24-20.09.24:926][507]LogOutputDevice: Error: UE4Editor-UnrealEd.dll!0x000000005564584E
[2018.02.24-20.09.24:926][507]LogOutputDevice: Error: UE4Editor-UnrealEd.dll!0x0000000055661394
[2018.02.24-20.09.24:926][507]LogOutputDevice: Error: UE4Editor-UnrealEd.dll!0x00000000550CBDF8
[2018.02.24-20.09.24:926][507]LogOutputDevice: Error: UE4Editor-UnrealEd.dll!0x000000005595D646
[2018.02.24-20.09.24:927][507]LogOutputDevice: Error: UE4Editor.exe!0x00000000A2B7534A
[2018.02.24-20.09.24:927][507]LogOutputDevice: Error: UE4Editor.exe!0x00000000A2B83970
[2018.02.24-20.09.24:927][507]LogOutputDevice: Error: UE4Editor.exe!0x00000000A2B839EA
[2018.02.24-20.09.24:927][507]LogOutputDevice: Error: UE4Editor.exe!0x00000000A2B902D9
[2018.02.24-20.09.24:927][507]LogOutputDevice: Error: UE4Editor.exe!0x00000000A2B91C47
[2018.02.24-20.09.24:927][507]LogOutputDevice: Error: KERNEL32.DLL!0x00000000A3D41FE4
[2018.02.24-20.09.24:927][507]LogOutputDevice: Error: ntdll.dll!0x00000000A67BEFC1
[2018.02.24-20.09.24:927][507]LogOutputDevice: Error: 
[2018.02.24-20.09.24:936][507]LogStats:                SubmitErrorReport -  0.000 s
[2018.02.24-20.09.25:575][507]LogStats:                    SendNewReport -  0.639 s
[2018.02.24-20.09.25:575][507]LogStats:             FDebug::EnsureFailed -  0.812 s
[2018.02.24-20.09.25:575][507]LogUnrealMath: Error: FMatrix::InverseFast(), trying to invert a NIL matrix, this results in NaNs! Use Inverse() instead.
[2018.02.24-20.09.25:575][507]LogUnrealMath: Error: FMatrix::InverseFast(), trying to invert a NIL matrix, this results in NaNs! Use Inverse() instead.
[2018.02.24-20.09.25:575][507]LogUnrealMath: Error: FMatrix::InverseFast(), trying to invert a NIL matrix, this results in NaNs! Use Inverse() instead.
[2018.02.24-20.09.25:575][507]LogBlueprint: Warning: SetRelativeScale3D : Invalid Scale entered (X=0.000 Y=-nan(ind) Z=70.000). Resetting to 1.f.
[2018.02.24-20.09.25:583][507]LogUnrealMath: Error: FMatrix::InverseFast(), trying to invert a NIL matrix, this results in NaNs! Use Inverse() instead.
[2018.02.24-20.09.25:583][507]LogUnrealMath: Error: FMatrix::InverseFast(), trying to invert a NIL matrix, this results in NaNs! Use Inverse() instead.
[2018.02.24-20.09.25:583][507]LogUnrealMath: Error: FMatrix::InverseFast(), trying to invert a NIL matrix, this results in NaNs! Use Inverse() instead.
[2018.02.24-20.09.25:583][507]LogUnrealMath: Error: FMatrix::InverseFast(), trying to invert a NIL matrix, this results in NaNs! Use Inverse() instead.
[2018.02.24-20.09.25:583][507]LogBlueprint: Warning: SetRelativeScale3D : Invalid Scale entered (X=0.000 Y=-nan(ind) Z=70.000). Resetting to 1.f.
[2018.02.24-20.09.25:592][507]PIE: Play in editor start time for /Game/UMG/UEDPIE_0_HAVR_MENU_SUCCESS 1.476
[2018.02.24-20.09.25:592][507]LogBlueprintUserMessages: Late PlayInEditor Detection: Level '/Game/UMG/HAVR_MENU_SUCCESS.HAVR_MENU_SUCCESS:PersistentLevel' has LevelScriptBlueprint '/Game/UMG/HAVR_MENU_SUCCESS.HAVR_MENU_SUCCESS:PersistentLevel.HAVR_MENU_SUCCESS' with GeneratedClass '/Game/UMG/HAVR_MENU_SUCCESS.HAVR_MENU_SUCCESS_C' with ClassGeneratedBy '/Game/UMG/HAVR_MENU_SUCCESS.HAVR_MENU_SUCCESS:PersistentLevel.HAVR_MENU_SUCCESS'
[2018.02.24-20.09.25:685][507]LogRenderer: Reallocating scene render targets to support 2720x1600 Format 26 NumSamples 1 (Frame:1).
[2018.02.24-20.09.27:434][615]LogBlueprintUserMessages: Early EndPlayMap Detection: Level '/Game/UMG/HAVR_MENU_SUCCESS.HAVR_MENU_SUCCESS:PersistentLevel' has LevelScriptBlueprint '/Game/UMG/HAVR_MENU_SUCCESS.HAVR_MENU_SUCCESS:PersistentLevel.HAVR_MENU_SUCCESS' with GeneratedClass '/Game/UMG/HAVR_MENU_SUCCESS.HAVR_MENU_SUCCESS_C' with ClassGeneratedBy '/Game/UMG/HAVR_MENU_SUCCESS.HAVR_MENU_SUCCESS:PersistentLevel.HAVR_MENU_SUCCESS'
[2018.02.24-20.09.27:574][615]LogBlueprintUserMessages: Late EndPlayMap Detection: Level '/Game/UMG/HAVR_MENU_SUCCESS.HAVR_MENU_SUCCESS:PersistentLevel' has LevelScriptBlueprint '/Game/UMG/HAVR_MENU_SUCCESS.HAVR_MENU_SUCCESS:PersistentLevel.HAVR_MENU_SUCCESS' with GeneratedClass '/Game/UMG/HAVR_MENU_SUCCESS.HAVR_MENU_SUCCESS_C' with ClassGeneratedBy '/Game/UMG/HAVR_MENU_SUCCESS.HAVR_MENU_SUCCESS:PersistentLevel.HAVR_MENU_SUCCESS'
[2018.02.24-20.10.20:487][  2]LogTemp: Repeating last play command: VR Preview
[2018.02.24-20.10.20:527][  2]LogBlueprintUserMessages: Early PlayInEditor Detection: Level '/Game/UMG/HAVR_MENU_SUCCESS.HAVR_MENU_SUCCESS:PersistentLevel' has LevelScriptBlueprint '/Game/UMG/HAVR_MENU_SUCCESS.HAVR_MENU_SUCCESS:PersistentLevel.HAVR_MENU_SUCCESS' with GeneratedClass '/Game/UMG/HAVR_MENU_SUCCESS.HAVR_MENU_SUCCESS_C' with ClassGeneratedBy '/Game/UMG/HAVR_MENU_SUCCESS.HAVR_MENU_SUCCESS:PersistentLevel.HAVR_MENU_SUCCESS'
[2018.02.24-20.10.20:527][  2]LogPlayLevel: PlayLevel: No blueprints needed recompiling
[2018.02.24-20.10.20:528][  2]LogHMD: Initializing OVRPlugin session
[2018.02.24-20.10.20:547][  2]PIE: New page: PIE session: HAVR_MENU_SUCCESS (Feb 24, 2018, 8:10:20 AM)
[2018.02.24-20.10.20:547][  2]LogPlayLevel: Creating play world package: /Game/UMG/UEDPIE_0_HAVR_MENU_SUCCESS
[2018.02.24-20.10.20:562][  2]LogPlayLevel: PIE: StaticDuplicateObject took: (0.015027s)
[2018.02.24-20.10.20:562][  2]LogAIModule: Creating AISystem for world HAVR_MENU_SUCCESS
[2018.02.24-20.10.20:563][  2]LogPlayLevel: PIE: World Init took: (0.001319s)
[2018.02.24-20.10.20:563][  2]LogPlayLevel: PIE: Created PIE world by copying editor world from /Game/UMG/HAVR_MENU_SUCCESS.HAVR_MENU_SUCCESS to /Game/UMG/UEDPIE_0_HAVR_MENU_SUCCESS.HAVR_MENU_SUCCESS (0.016683s)
[2018.02.24-20.10.20:596][  2]LogInit: XAudio2 using 'Headphones (Rift Audio)' : 2 channels at 48 kHz using 16 bits per sample (channel mask 0x3)
[2018.02.24-20.10.20:639][  2]LogInit: FAudioDevice initialized.
[2018.02.24-20.10.20:730][  2]LogHMD: Allocating Oculus 2720 x 1600 rendertarget swapchain
[2018.02.24-20.10.20:758][  2]LogUObjectGlobals: Warning: Failed to find object 'Class None.'
[2018.02.24-20.10.20:759][  2]LogLoad: Game class is 'GameModeBase'
[2018.02.24-20.10.20:762][  2]LogWorld: Bringing World /Game/UMG/UEDPIE_0_HAVR_MENU_SUCCESS.HAVR_MENU_SUCCESS up for play (max tick rate 0) at 2018.02.24-14.10.20
[2018.02.24-20.10.20:762][  2]LogWorld: Bringing up level for play took: 0.002860
[2018.02.24-20.10.20:767][  2]LogUnrealMath: Error: FMatrix::InverseFast(), trying to invert a NIL matrix, this results in NaNs! Use Inverse() instead.
[2018.02.24-20.10.20:767][  2]LogUnrealMath: Error: FMatrix::InverseFast(), trying to invert a NIL matrix, this results in NaNs! Use Inverse() instead.
[2018.02.24-20.10.20:767][  2]LogUnrealMath: Error: FMatrix::InverseFast(), trying to invert a NIL matrix, this results in NaNs! Use Inverse() instead.
[2018.02.24-20.10.20:767][  2]LogUnrealMath: Error: FMatrix::InverseFast(), trying to invert a NIL matrix, this results in NaNs! Use Inverse() instead.
[2018.02.24-20.10.20:767][  2]LogBlueprint: Warning: SetRelativeScale3D : Invalid Scale entered (X=0.000 Y=-nan(ind) Z=70.000). Resetting to 1.f.
[2018.02.24-20.10.20:772][  2]LogUnrealMath: Error: FMatrix::InverseFast(), trying to invert a NIL matrix, this results in NaNs! Use Inverse() instead.
[2018.02.24-20.10.20:772][  2]LogUnrealMath: Error: FMatrix::InverseFast(), trying to invert a NIL matrix, this results in NaNs! Use Inverse() instead.
[2018.02.24-20.10.20:773][  2]LogUnrealMath: Error: FMatrix::InverseFast(), trying to invert a NIL matrix, this results in NaNs! Use Inverse() instead.
[2018.02.24-20.10.20:773][  2]LogUnrealMath: Error: FMatrix::InverseFast(), trying to invert a NIL matrix, this results in NaNs! Use Inverse() instead.
[2018.02.24-20.10.20:773][  2]LogBlueprint: Warning: SetRelativeScale3D : Invalid Scale entered (X=0.000 Y=-nan(ind) Z=70.000). Resetting to 1.f.
[2018.02.24-20.10.20:781][  2]PIE: Play in editor start time for /Game/UMG/UEDPIE_0_HAVR_MENU_SUCCESS 0.665
[2018.02.24-20.10.20:782][  2]LogBlueprintUserMessages: Late PlayInEditor Detection: Level '/Game/UMG/HAVR_MENU_SUCCESS.HAVR_MENU_SUCCESS:PersistentLevel' has LevelScriptBlueprint '/Game/UMG/HAVR_MENU_SUCCESS.HAVR_MENU_SUCCESS:PersistentLevel.HAVR_MENU_SUCCESS' with GeneratedClass '/Game/UMG/HAVR_MENU_SUCCESS.HAVR_MENU_SUCCESS_C' with ClassGeneratedBy '/Game/UMG/HAVR_MENU_SUCCESS.HAVR_MENU_SUCCESS:PersistentLevel.HAVR_MENU_SUCCESS'
[2018.02.24-20.10.25:556][385]LogBlueprintUserMessages: Early EndPlayMap Detection: Level '/Game/UMG/HAVR_MENU_SUCCESS.HAVR_MENU_SUCCESS:PersistentLevel' has LevelScriptBlueprint '/Game/UMG/HAVR_MENU_SUCCESS.HAVR_MENU_SUCCESS:PersistentLevel.HAVR_MENU_SUCCESS' with GeneratedClass '/Game/UMG/HAVR_MENU_SUCCESS.HAVR_MENU_SUCCESS_C' with ClassGeneratedBy '/Game/UMG/HAVR_MENU_SUCCESS.HAVR_MENU_SUCCESS:PersistentLevel.HAVR_MENU_SUCCESS'
[2018.02.24-20.10.25:693][385]LogBlueprintUserMessages: Late EndPlayMap Detection: Level '/Game/UMG/HAVR_MENU_SUCCESS.HAVR_MENU_SUCCESS:PersistentLevel' has LevelScriptBlueprint '/Game/UMG/HAVR_MENU_SUCCESS.HAVR_MENU_SUCCESS:PersistentLevel.HAVR_MENU_SUCCESS' with GeneratedClass '/Game/UMG/HAVR_MENU_SUCCESS.HAVR_MENU_SUCCESS_C' with ClassGeneratedBy '/Game/UMG/HAVR_MENU_SUCCESS.HAVR_MENU_SUCCESS:PersistentLevel.HAVR_MENU_SUCCESS'
[2018.02.24-20.10.54:257][620]LogMetaData: Removing '/Game/VR_MENU/MenuBP_3D/BP_Menu.BP_Menu:UserConstructionScript.K2Node_FunctionEntry_0' ref from Metadata '/Game/UMG/MenuBP_3D/BP_Menu.PackageMetaData'
[2018.02.24-20.10.54:257][620]LogMetaData: Removing '/Game/VR_MENU/MenuBP_3D/BP_Menu.BP_Menu_C' ref from Metadata '/Game/UMG/MenuBP_3D/BP_Menu.PackageMetaData'
[2018.02.24-20.10.54:257][620]LogMetaData: Removing '/Game/VR_MENU/MenuBP_3D/BP_Menu.BP_Menu:EventGraph.K2Node_Event_0' ref from Metadata '/Game/UMG/MenuBP_3D/BP_Menu.PackageMetaData'
[2018.02.24-20.10.54:257][620]LogMetaData: Removing '/Game/VR_MENU/MenuBP_3D/BP_Menu.BP_Menu:EventGraph.K2Node_Event_1' ref from Metadata '/Game/UMG/MenuBP_3D/BP_Menu.PackageMetaData'
[2018.02.24-20.10.54:257][620]LogMetaData: Removing '/Game/VR_MENU/MenuBP_3D/BP_Menu.BP_Menu:EventGraph.K2Node_Event_2' ref from Metadata '/Game/UMG/MenuBP_3D/BP_Menu.PackageMetaData'
[2018.02.24-20.10.54:257][620]LogMetaData: Removing '/Game/VR_MENU/MenuBP_3D/BP_Menu.SKEL_BP_Menu_C:ReceiveBeginPlay' ref from Metadata '/Game/UMG/MenuBP_3D/BP_Menu.PackageMetaData'
[2018.02.24-20.10.54:257][620]LogMetaData: Removing '/Game/VR_MENU/MenuBP_3D/BP_Menu.SKEL_BP_Menu_C:ReceiveActorBeginOverlap' ref from Metadata '/Game/UMG/MenuBP_3D/BP_Menu.PackageMetaData'
[2018.02.24-20.10.54:257][620]LogMetaData: Removing '/Game/VR_MENU/MenuBP_3D/BP_Menu.SKEL_BP_Menu_C:ReceiveTick' ref from Metadata '/Game/UMG/MenuBP_3D/BP_Menu.PackageMetaData'
[2018.02.24-20.10.54:257][620]LogMetaData: Removing '/Game/VR_MENU/MenuBP_3D/BP_Menu.SKEL_BP_Menu_C:DefaultSceneRoot' ref from Metadata '/Game/UMG/MenuBP_3D/BP_Menu.PackageMetaData'
[2018.02.24-20.10.54:257][620]LogMetaData: Removing '/Game/VR_MENU/MenuBP_3D/BP_Menu.SKEL_BP_Menu_C:Plane' ref from Metadata '/Game/UMG/MenuBP_3D/BP_Menu.PackageMetaData'
[2018.02.24-20.10.54:257][620]LogMetaData: Removing '/Game/VR_MENU/MenuBP_3D/BP_Menu.SKEL_BP_Menu_C:ChildActor' ref from Metadata '/Game/UMG/MenuBP_3D/BP_Menu.PackageMetaData'
[2018.02.24-20.10.54:257][620]LogMetaData: Removing '/Game/VR_MENU/MenuBP_3D/BP_Menu.SKEL_BP_Menu_C:ChildActor1' ref from Metadata '/Game/UMG/MenuBP_3D/BP_Menu.PackageMetaData'
[2018.02.24-20.10.54:257][620]LogMetaData: Removing '/Game/VR_MENU/MenuBP_3D/BP_Menu.SKEL_BP_Menu_C:ChildActor2' ref from Metadata '/Game/UMG/MenuBP_3D/BP_Menu.PackageMetaData'
[2018.02.24-20.10.54:257][620]LogMetaData: Removing '/Game/VR_MENU/MenuBP_3D/BP_Menu.SKEL_BP_Menu_C:UserConstructionScript' ref from Metadata '/Game/UMG/MenuBP_3D/BP_Menu.PackageMetaData'
[2018.02.24-20.10.54:257][620]LogMetaData: Removing '/Game/VR_MENU/MenuBP_3D/BP_Menu.SKEL_BP_Menu_C' ref from Metadata '/Game/UMG/MenuBP_3D/BP_Menu.PackageMetaData'
[2018.02.24-20.10.54:257][620]LogMetaData: Removing '/Game/VR_MENU/MenuBP_3D/BP_Menu.BP_Menu_C:DefaultSceneRoot' ref from Metadata '/Game/UMG/MenuBP_3D/BP_Menu.PackageMetaData'
[2018.02.24-20.10.54:257][620]LogMetaData: Removing '/Game/VR_MENU/MenuBP_3D/BP_Menu.BP_Menu_C:Plane' ref from Metadata '/Game/UMG/MenuBP_3D/BP_Menu.PackageMetaData'
[2018.02.24-20.10.54:257][620]LogMetaData: Removing '/Game/VR_MENU/MenuBP_3D/BP_Menu.BP_Menu_C:ChildActor' ref from Metadata '/Game/UMG/MenuBP_3D/BP_Menu.PackageMetaData'
[2018.02.24-20.10.54:257][620]LogMetaData: Removing '/Game/VR_MENU/MenuBP_3D/BP_Menu.BP_Menu_C:ChildActor1' ref from Metadata '/Game/UMG/MenuBP_3D/BP_Menu.PackageMetaData'
[2018.02.24-20.10.54:257][620]LogMetaData: Removing '/Game/VR_MENU/MenuBP_3D/BP_Menu.BP_Menu_C:ChildActor2' ref from Metadata '/Game/UMG/MenuBP_3D/BP_Menu.PackageMetaData'
[2018.02.24-20.10.54:257][620]LogMetaData: Removing '/Game/VR_MENU/MenuBP_3D/BP_Menu.BP_Menu_C:ReceiveTick' ref from Metadata '/Game/UMG/MenuBP_3D/BP_Menu.PackageMetaData'
[2018.02.24-20.10.54:257][620]LogMetaData: Removing '/Game/VR_MENU/MenuBP_3D/BP_Menu.BP_Menu_C:UserConstructionScript' ref from Metadata '/Game/UMG/MenuBP_3D/BP_Menu.PackageMetaData'
[2018.02.24-20.10.54:258][620]LogMetaData: Removing '/Game/VR_MENU/MenuBP_3D/BP_Menu.BP_Menu_C:ExecuteUbergraph_BP_Menu' ref from Metadata '/Game/UMG/MenuBP_3D/BP_Menu.PackageMetaData'
[2018.02.24-20.10.54:310][620]LogMetaData: Removing '/Game/VR_MENU/MenuBP_3D/BP_ButtonParent.BP_ButtonParent_C' ref from Metadata '/Game/UMG/MenuBP_3D/BP_ButtonParent.PackageMetaData'
[2018.02.24-20.10.54:310][620]LogMetaData: Removing '/Game/VR_MENU/MenuBP_3D/BP_ButtonParent.SKEL_BP_ButtonParent_C:ReceiveBeginPlay' ref from Metadata '/Game/UMG/MenuBP_3D/BP_ButtonParent.PackageMetaData'
[2018.02.24-20.10.54:310][620]LogMetaData: Removing '/Game/VR_MENU/MenuBP_3D/BP_ButtonParent.SKEL_BP_ButtonParent_C:ReceiveActorBeginOverlap' ref from Metadata '/Game/UMG/MenuBP_3D/BP_ButtonParent.PackageMetaData'
[2018.02.24-20.10.54:310][620]LogMetaData: Removing '/Game/VR_MENU/MenuBP_3D/BP_ButtonParent.SKEL_BP_ButtonParent_C:BndEvt__Box_K2Node_ComponentBoundEvent_0_ComponentBeginOverlapSignature__DelegateSignature' ref from Metadata '/Game/UMG/MenuBP_3D/BP_ButtonParent.PackageMetaData'
[2018.02.24-20.10.54:310][620]LogMetaData: Removing '/Game/VR_MENU/MenuBP_3D/BP_ButtonParent.SKEL_BP_ButtonParent_C:ReceiveTick' ref from Metadata '/Game/UMG/MenuBP_3D/BP_ButtonParent.PackageMetaData'
[2018.02.24-20.10.54:310][620]LogMetaData: Removing '/Game/VR_MENU/MenuBP_3D/BP_ButtonParent.SKEL_BP_ButtonParent_C:BndEvt__Box_K2Node_ComponentBoundEvent_4_ComponentEndOverlapSignature__DelegateSignature' ref from Metadata '/Game/UMG/MenuBP_3D/BP_ButtonParent.PackageMetaData'
[2018.02.24-20.10.54:311][620]LogMetaData: Removing '/Game/VR_MENU/MenuBP_3D/BP_ButtonParent.SKEL_BP_ButtonParent_C:FigerTip' ref from Metadata '/Game/UMG/MenuBP_3D/BP_ButtonParent.PackageMetaData'
[2018.02.24-20.10.54:311][620]LogMetaData: Removing '/Game/VR_MENU/MenuBP_3D/BP_ButtonParent.SKEL_BP_ButtonParent_C:DisablePress' ref from Metadata '/Game/UMG/MenuBP_3D/BP_ButtonParent.PackageMetaData'
[2018.02.24-20.10.54:311][620]LogMetaData: Removing '/Game/VR_MENU/MenuBP_3D/BP_ButtonParent.SKEL_BP_ButtonParent_C:ButtonStartLocation' ref from Metadata '/Game/UMG/MenuBP_3D/BP_ButtonParent.PackageMetaData'
[2018.02.24-20.10.54:311][620]LogMetaData: Removing '/Game/VR_MENU/MenuBP_3D/BP_ButtonParent.SKEL_BP_ButtonParent_C:PressDistance' ref from Metadata '/Game/UMG/MenuBP_3D/BP_ButtonParent.PackageMetaData'
[2018.02.24-20.10.54:311][620]LogMetaData: Removing '/Game/VR_MENU/MenuBP_3D/BP_ButtonParent.SKEL_BP_ButtonParent_C:ButtonText' ref from Metadata '/Game/UMG/MenuBP_3D/BP_ButtonParent.PackageMetaData'
[2018.02.24-20.10.54:311][620]LogMetaData: Removing '/Game/VR_MENU/MenuBP_3D/BP_ButtonParent.SKEL_BP_ButtonParent_C:SnapbackTimeline' ref from Metadata '/Game/UMG/MenuBP_3D/BP_ButtonParent.PackageMetaData'
[2018.02.24-20.10.54:311][620]LogMetaData: Removing '/Game/VR_MENU/MenuBP_3D/BP_ButtonParent.SKEL_BP_ButtonParent_C:DefaultSceneRoot' ref from Metadata '/Game/UMG/MenuBP_3D/BP_ButtonParent.PackageMetaData'
[2018.02.24-20.10.54:311][620]LogMetaData: Removing '/Game/VR_MENU/MenuBP_3D/BP_ButtonParent.SKEL_BP_ButtonParent_C:Cube' ref from Metadata '/Game/UMG/MenuBP_3D/BP_ButtonParent.PackageMetaData'
[2018.02.24-20.10.54:311][620]LogMetaData: Removing '/Game/VR_MENU/MenuBP_3D/BP_ButtonParent.SKEL_BP_ButtonParent_C:Box' ref from Metadata '/Game/UMG/MenuBP_3D/BP_ButtonParent.PackageMetaData'
[2018.02.24-20.10.54:311][620]LogMetaData: Removing '/Game/VR_MENU/MenuBP_3D/BP_ButtonParent.SKEL_BP_ButtonParent_C:Wall_txt' ref from Metadata '/Game/UMG/MenuBP_3D/BP_ButtonParent.PackageMetaData'
[2018.02.24-20.10.54:311][620]LogMetaData: Removing '/Game/VR_MENU/MenuBP_3D/BP_ButtonParent.SKEL_BP_ButtonParent_C:UserConstructionScript' ref from Metadata '/Game/UMG/MenuBP_3D/BP_ButtonParent.PackageMetaData'
[2018.02.24-20.10.54:311][620]LogMetaData: Removing '/Game/VR_MENU/MenuBP_3D/BP_ButtonParent.SKEL_BP_ButtonParent_C' ref from Metadata '/Game/UMG/MenuBP_3D/BP_ButtonParent.PackageMetaData'
[2018.02.24-20.10.54:311][620]LogMetaData: Removing '/Game/VR_MENU/MenuBP_3D/BP_ButtonParent.BP_ButtonParent_C:FigerTip' ref from Metadata '/Game/UMG/MenuBP_3D/BP_ButtonParent.PackageMetaData'
[2018.02.24-20.10.54:311][620]LogMetaData: Removing '/Game/VR_MENU/MenuBP_3D/BP_ButtonParent.BP_ButtonParent_C:DisablePress' ref from Metadata '/Game/UMG/MenuBP_3D/BP_ButtonParent.PackageMetaData'
[2018.02.24-20.10.54:311][620]LogMetaData: Removing '/Game/VR_MENU/MenuBP_3D/BP_ButtonParent.BP_ButtonParent_C:ButtonStartLocation' ref from Metadata '/Game/UMG/MenuBP_3D/BP_ButtonParent.PackageMetaData'
[2018.02.24-20.10.54:311][620]LogMetaData: Removing '/Game/VR_MENU/MenuBP_3D/BP_ButtonParent.BP_ButtonParent_C:PressDistance' ref from Metadata '/Game/UMG/MenuBP_3D/BP_ButtonParent.PackageMetaData'
[2018.02.24-20.10.54:311][620]LogMetaData: Removing '/Game/VR_MENU/MenuBP_3D/BP_ButtonParent.BP_ButtonParent_C:ButtonText' ref from Metadata '/Game/UMG/MenuBP_3D/BP_ButtonParent.PackageMetaData'
[2018.02.24-20.10.54:311][620]LogMetaData: Removing '/Game/VR_MENU/MenuBP_3D/BP_ButtonParent.BP_ButtonParent_C:SnapbackTimeline' ref from Metadata '/Game/UMG/MenuBP_3D/BP_ButtonParent.PackageMetaData'
[2018.02.24-20.10.54:311][620]LogMetaData: Removing '/Game/VR_MENU/MenuBP_3D/BP_ButtonParent.BP_ButtonParent_C:DefaultSceneRoot' ref from Metadata '/Game/UMG/MenuBP_3D/BP_ButtonParent.PackageMetaData'
[2018.02.24-20.10.54:311][620]LogMetaData: Removing '/Game/VR_MENU/MenuBP_3D/BP_ButtonParent.BP_ButtonParent_C:Cube' ref from Metadata '/Game/UMG/MenuBP_3D/BP_ButtonParent.PackageMetaData'
[2018.02.24-20.10.54:311][620]LogMetaData: Removing '/Game/VR_MENU/MenuBP_3D/BP_ButtonParent.BP_ButtonParent_C:Box' ref from Metadata '/Game/UMG/MenuBP_3D/BP_ButtonParent.PackageMetaData'
[2018.02.24-20.10.54:311][620]LogMetaData: Removing '/Game/VR_MENU/MenuBP_3D/BP_ButtonParent.BP_ButtonParent_C:Wall_txt' ref from Metadata '/Game/UMG/MenuBP_3D/BP_ButtonParent.PackageMetaData'
[2018.02.24-20.10.54:311][620]LogMetaData: Removing '/Game/VR_MENU/MenuBP_3D/BP_ButtonParent.BP_ButtonParent_C:ReceiveTick' ref from Metadata '/Game/UMG/MenuBP_3D/BP_ButtonParent.PackageMetaData'
[2018.02.24-20.10.54:311][620]LogMetaData: Removing '/Game/VR_MENU/MenuBP_3D/BP_ButtonParent.BP_ButtonParent_C:UserConstructionScript' ref from Metadata '/Game/UMG/MenuBP_3D/BP_ButtonParent.PackageMetaData'
[2018.02.24-20.10.54:311][620]LogMetaData: Removing '/Game/VR_MENU/MenuBP_3D/BP_ButtonParent.BP_ButtonParent_C:ExecuteUbergraph_BP_ButtonParent' ref from Metadata '/Game/UMG/MenuBP_3D/BP_ButtonParent.PackageMetaData'
[2018.02.24-20.10.54:311][620]LogMetaData: Removing '/Game/VR_MENU/MenuBP_3D/BP_ButtonParent.BP_ButtonParent_C:BndEvt__Box_K2Node_ComponentBoundEvent_4_ComponentEndOverlapSignature__DelegateSignature' ref from Metadata '/Game/UMG/MenuBP_3D/BP_ButtonParent.PackageMetaData'
[2018.02.24-20.10.54:311][620]LogMetaData: Removing '/Game/VR_MENU/MenuBP_3D/BP_ButtonParent.BP_ButtonParent_C:BndEvt__Box_K2Node_ComponentBoundEvent_0_ComponentBeginOverlapSignature__DelegateSignature' ref from Metadata '/Game/UMG/MenuBP_3D/BP_ButtonParent.PackageMetaData'
[2018.02.24-20.10.54:320][620]LogMetaData: Removing '/Game/VR_MENU/MenuBP_3D/BP_Create_Structure.BP_Create_Structure:UserConstructionScript.K2Node_FunctionEntry_0' ref from Metadata '/Game/UMG/MenuBP_3D/BP_Create_Structure.PackageMetaData'
[2018.02.24-20.10.54:320][620]LogMetaData: Removing '/Game/VR_MENU/MenuBP_3D/BP_Create_Structure.BP_Create_Structure_C' ref from Metadata '/Game/UMG/MenuBP_3D/BP_Create_Structure.PackageMetaData'
[2018.02.24-20.10.54:320][620]LogMetaData: Removing '/Game/VR_MENU/MenuBP_3D/BP_Create_Structure.BP_Create_Structure:EventGraph.K2Node_Event_0' ref from Metadata '/Game/UMG/MenuBP_3D/BP_Create_Structure.PackageMetaData'
[2018.02.24-20.10.54:320][620]LogMetaData: Removing '/Game/VR_MENU/MenuBP_3D/BP_Create_Structure.BP_Create_Structure:EventGraph.K2Node_CallParentFunction_1' ref from Metadata '/Game/UMG/MenuBP_3D/BP_Create_Structure.PackageMetaData'
[2018.02.24-20.10.54:320][620]LogMetaData: Removing '/Game/VR_MENU/MenuBP_3D/BP_Create_Structure.BP_Create_Structure:EventGraph.K2Node_Event_1' ref from Metadata '/Game/UMG/MenuBP_3D/BP_Create_Structure.PackageMetaData'
[2018.02.24-20.10.54:320][620]LogMetaData: Removing '/Game/VR_MENU/MenuBP_3D/BP_Create_Structure.BP_Create_Structure:EventGraph.K2Node_CallParentFunction_2' ref from Metadata '/Game/UMG/MenuBP_3D/BP_Create_Structure.PackageMetaData'
[2018.02.24-20.10.54:320][620]LogMetaData: Removing '/Game/VR_MENU/MenuBP_3D/BP_Create_Structure.BP_Create_Structure:EventGraph.K2Node_Event_2' ref from Metadata '/Game/UMG/MenuBP_3D/BP_Create_Structure.PackageMetaData'
[2018.02.24-20.10.54:320][620]LogMetaData: Removing '/Game/VR_MENU/MenuBP_3D/BP_Create_Structure.BP_Create_Structure:EventGraph.K2Node_CallParentFunction_3' ref from Metadata '/Game/UMG/MenuBP_3D/BP_Create_Structure.PackageMetaData'
[2018.02.24-20.10.54:320][620]LogMetaData: Removing '/Game/VR_MENU/MenuBP_3D/BP_Create_Structure.SKEL_BP_Create_Structure_C:ReceiveBeginPlay' ref from Metadata '/Game/UMG/MenuBP_3D/BP_Create_Structure.PackageMetaData'
[2018.02.24-20.10.54:320][620]LogMetaData: Removing '/Game/VR_MENU/MenuBP_3D/BP_Create_Structure.SKEL_BP_Create_Structure_C:ReceiveActorBeginOverlap' ref from Metadata '/Game/UMG/MenuBP_3D/BP_Create_Structure.PackageMetaData'
[2018.02.24-20.10.54:320][620]LogMetaData: Removing '/Game/VR_MENU/MenuBP_3D/BP_Create_Structure.SKEL_BP_Create_Structure_C:ReceiveTick' ref from Metadata '/Game/UMG/MenuBP_3D/BP_Create_Structure.PackageMetaData'
[2018.02.24-20.10.54:320][620]LogMetaData: Removing '/Game/VR_MENU/MenuBP_3D/BP_Create_Structure.SKEL_BP_Create_Structure_C:UserConstructionScript' ref from Metadata '/Game/UMG/MenuBP_3D/BP_Create_Structure.PackageMetaData'
[2018.02.24-20.10.54:320][620]LogMetaData: Removing '/Game/VR_MENU/MenuBP_3D/BP_Create_Structure.SKEL_BP_Create_Structure_C' ref from Metadata '/Game/UMG/MenuBP_3D/BP_Create_Structure.PackageMetaData'
[2018.02.24-20.10.54:320][620]LogMetaData: Removing '/Game/VR_MENU/MenuBP_3D/BP_Create_Structure.BP_Create_Structure_C:UserConstructionScript' ref from Metadata '/Game/UMG/MenuBP_3D/BP_Create_Structure.PackageMetaData'
[2018.02.24-20.10.54:320][620]LogMetaData: Removing '/Game/VR_MENU/MenuBP_3D/BP_Create_Structure.BP_Create_Structure_C:ExecuteUbergraph_BP_Create_Structure' ref from Metadata '/Game/UMG/MenuBP_3D/BP_Create_Structure.PackageMetaData'
[2018.02.24-20.10.54:335][620]LogMetaData: Removing '/Game/VR_MENU/MenuBP_3D/BP_Options.BP_Options:UserConstructionScript.K2Node_FunctionEntry_0' ref from Metadata '/Game/UMG/MenuBP_3D/BP_Options.PackageMetaData'
[2018.02.24-20.10.54:335][620]LogMetaData: Removing '/Game/VR_MENU/MenuBP_3D/BP_Options.BP_Options_C' ref from Metadata '/Game/UMG/MenuBP_3D/BP_Options.PackageMetaData'
[2018.02.24-20.10.54:335][620]LogMetaData: Removing '/Game/VR_MENU/MenuBP_3D/BP_Options.BP_Options:EventGraph.K2Node_Event_0' ref from Metadata '/Game/UMG/MenuBP_3D/BP_Options.PackageMetaData'
[2018.02.24-20.10.54:335][620]LogMetaData: Removing '/Game/VR_MENU/MenuBP_3D/BP_Options.BP_Options:EventGraph.K2Node_CallParentFunction_1' ref from Metadata '/Game/UMG/MenuBP_3D/BP_Options.PackageMetaData'
[2018.02.24-20.10.54:335][620]LogMetaData: Removing '/Game/VR_MENU/MenuBP_3D/BP_Options.BP_Options:EventGraph.K2Node_Event_1' ref from Metadata '/Game/UMG/MenuBP_3D/BP_Options.PackageMetaData'
[2018.02.24-20.10.54:335][620]LogMetaData: Removing '/Game/VR_MENU/MenuBP_3D/BP_Options.BP_Options:EventGraph.K2Node_CallParentFunction_2' ref from Metadata '/Game/UMG/MenuBP_3D/BP_Options.PackageMetaData'
[2018.02.24-20.10.54:335][620]LogMetaData: Removing '/Game/VR_MENU/MenuBP_3D/BP_Options.BP_Options:EventGraph.K2Node_Event_2' ref from Metadata '/Game/UMG/MenuBP_3D/BP_Options.PackageMetaData'
[2018.02.24-20.10.54:335][620]LogMetaData: Removing '/Game/VR_MENU/MenuBP_3D/BP_Options.BP_Options:EventGraph.K2Node_CallParentFunction_3' ref from Metadata '/Game/UMG/MenuBP_3D/BP_Options.PackageMetaData'
[2018.02.24-20.10.54:335][620]LogMetaData: Removing '/Game/VR_MENU/MenuBP_3D/BP_Options.SKEL_BP_Options_C:ReceiveBeginPlay' ref from Metadata '/Game/UMG/MenuBP_3D/BP_Options.PackageMetaData'
[2018.02.24-20.10.54:335][620]LogMetaData: Removing '/Game/VR_MENU/MenuBP_3D/BP_Options.SKEL_BP_Options_C:ReceiveActorBeginOverlap' ref from Metadata '/Game/UMG/MenuBP_3D/BP_Options.PackageMetaData'
[2018.02.24-20.10.54:335][620]LogMetaData: Removing '/Game/VR_MENU/MenuBP_3D/BP_Options.SKEL_BP_Options_C:ReceiveTick' ref from Metadata '/Game/UMG/MenuBP_3D/BP_Options.PackageMetaData'
[2018.02.24-20.10.54:335][620]LogMetaData: Removing '/Game/VR_MENU/MenuBP_3D/BP_Options.SKEL_BP_Options_C:UserConstructionScript' ref from Metadata '/Game/UMG/MenuBP_3D/BP_Options.PackageMetaData'
[2018.02.24-20.10.54:335][620]LogMetaData: Removing '/Game/VR_MENU/MenuBP_3D/BP_Options.SKEL_BP_Options_C' ref from Metadata '/Game/UMG/MenuBP_3D/BP_Options.PackageMetaData'
[2018.02.24-20.10.54:335][620]LogMetaData: Removing '/Game/VR_MENU/MenuBP_3D/BP_Options.BP_Options_C:UserConstructionScript' ref from Metadata '/Game/UMG/MenuBP_3D/BP_Options.PackageMetaData'
[2018.02.24-20.10.54:335][620]LogMetaData: Removing '/Game/VR_MENU/MenuBP_3D/BP_Options.BP_Options_C:ExecuteUbergraph_BP_Options' ref from Metadata '/Game/UMG/MenuBP_3D/BP_Options.PackageMetaData'
[2018.02.24-20.10.54:354][620]LogMetaData: Removing '/Game/VR_MENU/MenuBP_3D/BP_Quit.BP_Quit:UserConstructionScript.K2Node_FunctionEntry_0' ref from Metadata '/Game/UMG/MenuBP_3D/BP_Quit.PackageMetaData'
[2018.02.24-20.10.54:354][620]LogMetaData: Removing '/Game/VR_MENU/MenuBP_3D/BP_Quit.BP_Quit_C' ref from Metadata '/Game/UMG/MenuBP_3D/BP_Quit.PackageMetaData'
[2018.02.24-20.10.54:354][620]LogMetaData: Removing '/Game/VR_MENU/MenuBP_3D/BP_Quit.BP_Quit:EventGraph.K2Node_Event_0' ref from Metadata '/Game/UMG/MenuBP_3D/BP_Quit.PackageMetaData'
[2018.02.24-20.10.54:354][620]LogMetaData: Removing '/Game/VR_MENU/MenuBP_3D/BP_Quit.BP_Quit:EventGraph.K2Node_CallParentFunction_1' ref from Metadata '/Game/UMG/MenuBP_3D/BP_Quit.PackageMetaData'
[2018.02.24-20.10.54:354][620]LogMetaData: Removing '/Game/VR_MENU/MenuBP_3D/BP_Quit.BP_Quit:EventGraph.K2Node_Event_1' ref from Metadata '/Game/UMG/MenuBP_3D/BP_Quit.PackageMetaData'
[2018.02.24-20.10.54:354][620]LogMetaData: Removing '/Game/VR_MENU/MenuBP_3D/BP_Quit.BP_Quit:EventGraph.K2Node_CallParentFunction_2' ref from Metadata '/Game/UMG/MenuBP_3D/BP_Quit.PackageMetaData'
[2018.02.24-20.10.54:354][620]LogMetaData: Removing '/Game/VR_MENU/MenuBP_3D/BP_Quit.BP_Quit:EventGraph.K2Node_Event_2' ref from Metadata '/Game/UMG/MenuBP_3D/BP_Quit.PackageMetaData'
[2018.02.24-20.10.54:354][620]LogMetaData: Removing '/Game/VR_MENU/MenuBP_3D/BP_Quit.BP_Quit:EventGraph.K2Node_CallParentFunction_3' ref from Metadata '/Game/UMG/MenuBP_3D/BP_Quit.PackageMetaData'
[2018.02.24-20.10.54:354][620]LogMetaData: Removing '/Game/VR_MENU/MenuBP_3D/BP_Quit.SKEL_BP_Quit_C:ReceiveBeginPlay' ref from Metadata '/Game/UMG/MenuBP_3D/BP_Quit.PackageMetaData'
[2018.02.24-20.10.54:354][620]LogMetaData: Removing '/Game/VR_MENU/MenuBP_3D/BP_Quit.SKEL_BP_Quit_C:ReceiveActorBeginOverlap' ref from Metadata '/Game/UMG/MenuBP_3D/BP_Quit.PackageMetaData'
[2018.02.24-20.10.54:354][620]LogMetaData: Removing '/Game/VR_MENU/MenuBP_3D/BP_Quit.SKEL_BP_Quit_C:ReceiveTick' ref from Metadata '/Game/UMG/MenuBP_3D/BP_Quit.PackageMetaData'
[2018.02.24-20.10.54:354][620]LogMetaData: Removing '/Game/VR_MENU/MenuBP_3D/BP_Quit.SKEL_BP_Quit_C:UserConstructionScript' ref from Metadata '/Game/UMG/MenuBP_3D/BP_Quit.PackageMetaData'
[2018.02.24-20.10.54:354][620]LogMetaData: Removing '/Game/VR_MENU/MenuBP_3D/BP_Quit.SKEL_BP_Quit_C' ref from Metadata '/Game/UMG/MenuBP_3D/BP_Quit.PackageMetaData'
[2018.02.24-20.10.54:399][620]LogMetaData: Removing '/Game/VR_MENU/HAVR_MENU_SUCCESS.HAVR_MENU_SUCCESS_C' ref from Metadata '/Game/UMG/HAVR_MENU_SUCCESS.PackageMetaData'
[2018.02.24-20.10.54:399][620]LogMetaData: Removing '/Game/VR_MENU/HAVR_MENU_SUCCESS.SKEL_HAVR_MENU_SUCCESS_C' ref from Metadata '/Game/UMG/HAVR_MENU_SUCCESS.PackageMetaData'
[2018.02.24-20.10.54:481][620]Cmd: OBJ SAVEPACKAGE PACKAGE="/Game/VR_MENU/UIElements/brick-wall" FILE="../../../../../../Users/Brad/Documents/GitHub/Ha_VRJ_Test/havr/Content/VR_MENU/UIElements/brick-wall.uasset" SILENT=true
[2018.02.24-20.10.54:500][620]LogSavePackage: Save=16.41ms
[2018.02.24-20.10.54:500][620]LogSavePackage: Moving '../../../../../../Users/Brad/Documents/GitHub/Ha_VRJ_Test/havr/Saved/brick-wallCC66C2C74DF456B515BAD4BDE51D022B.tmp' to '../../../../../../Users/Brad/Documents/GitHub/Ha_VRJ_Test/havr/Content/VR_MENU/UIElements/brick-wall.uasset'
[2018.02.24-20.10.54:507][620]LogSavePackage: Display: Finished SavePackage ../../../../../../Users/Brad/Documents/GitHub/Ha_VRJ_Test/havr/Content/VR_MENU/UIElements/brick-wall.uasset
[2018.02.24-20.10.54:514][620]Cmd: OBJ SAVEPACKAGE PACKAGE="/Game/VR_MENU/UIElements/couch" FILE="../../../../../../Users/Brad/Documents/GitHub/Ha_VRJ_Test/havr/Content/VR_MENU/UIElements/couch.uasset" SILENT=true
[2018.02.24-20.10.54:544][620]LogSavePackage: Save=17.36ms
[2018.02.24-20.10.54:544][620]LogSavePackage: Moving '../../../../../../Users/Brad/Documents/GitHub/Ha_VRJ_Test/havr/Saved/couch38CC7C2248201AE6515E6F81E15A4305.tmp' to '../../../../../../Users/Brad/Documents/GitHub/Ha_VRJ_Test/havr/Content/VR_MENU/UIElements/couch.uasset'
[2018.02.24-20.10.54:547][620]LogSavePackage: Display: Finished SavePackage ../../../../../../Users/Brad/Documents/GitHub/Ha_VRJ_Test/havr/Content/VR_MENU/UIElements/couch.uasset
[2018.02.24-20.10.54:583][620]Cmd: OBJ SAVEPACKAGE PACKAGE="/Game/VR_MENU/MenuBP_3D/BP_Menu" FILE="../../../../../../Users/Brad/Documents/GitHub/Ha_VRJ_Test/havr/Content/VR_MENU/MenuBP_3D/BP_Menu.uasset" SILENT=true
[2018.02.24-20.10.54:652][620]LogSavePackage: Save=66.33ms
[2018.02.24-20.10.54:652][620]LogSavePackage: Moving '../../../../../../Users/Brad/Documents/GitHub/Ha_VRJ_Test/havr/Saved/BP_MenuBCFF3B5D41DC10AC353A3C84EF204992.tmp' to '../../../../../../Users/Brad/Documents/GitHub/Ha_VRJ_Test/havr/Content/VR_MENU/MenuBP_3D/BP_Menu.uasset'
[2018.02.24-20.10.54:660][620]LogSavePackage: Display: Finished SavePackage ../../../../../../Users/Brad/Documents/GitHub/Ha_VRJ_Test/havr/Content/VR_MENU/MenuBP_3D/BP_Menu.uasset
[2018.02.24-20.10.54:676][620]Cmd: OBJ SAVEPACKAGE PACKAGE="/Game/VR_MENU/MenuBP_3D/BP_ButtonParent" FILE="../../../../../../Users/Brad/Documents/GitHub/Ha_VRJ_Test/havr/Content/VR_MENU/MenuBP_3D/BP_ButtonParent.uasset" SILENT=true
[2018.02.24-20.10.54:875][620]LogSavePackage: Save=191.20ms
[2018.02.24-20.10.54:876][620]LogSavePackage: Moving '../../../../../../Users/Brad/Documents/GitHub/Ha_VRJ_Test/havr/Saved/BP_ButtonParent080A3045482FA9C81ADA95AAB08F9EE1.tmp' to '../../../../../../Users/Brad/Documents/GitHub/Ha_VRJ_Test/havr/Content/VR_MENU/MenuBP_3D/BP_ButtonParent.uasset'
[2018.02.24-20.10.54:881][620]LogSavePackage: Display: Finished SavePackage ../../../../../../Users/Brad/Documents/GitHub/Ha_VRJ_Test/havr/Content/VR_MENU/MenuBP_3D/BP_ButtonParent.uasset
[2018.02.24-20.10.54:971][620]LogSavePackage: Save=65.62ms
[2018.02.24-20.10.54:971][620]LogSavePackage: Moving '../../../../../../Users/Brad/Documents/GitHub/Ha_VRJ_Test/havr/Saved/BP_Create_Structure24FBFCB44DFF0CB03DBBBC8906B7FBE8.tmp' to '../../../../../../Users/Brad/Documents/GitHub/Ha_VRJ_Test/havr/Content/VR_MENU/MenuBP_3D/BP_Create_Structure.uasset'
[2018.02.24-20.10.54:975][620]LogSavePackage: Display: Finished SavePackage ../../../../../../Users/Brad/Documents/GitHub/Ha_VRJ_Test/havr/Content/VR_MENU/MenuBP_3D/BP_Create_Structure.uasset
[2018.02.24-20.10.55:006][620]Cmd: OBJ SAVEPACKAGE PACKAGE="/Game/VR_MENU/MenuBP_3D/BP_Options" FILE="../../../../../../Users/Brad/Documents/GitHub/Ha_VRJ_Test/havr/Content/VR_MENU/MenuBP_3D/BP_Options.uasset" SILENT=true
[2018.02.24-20.10.55:050][620]LogSavePackage: Save=42.02ms
[2018.02.24-20.10.55:050][620]LogSavePackage: Moving '../../../../../../Users/Brad/Documents/GitHub/Ha_VRJ_Test/havr/Saved/BP_Options66C22D8545FF192CACF1CD8063A4A066.tmp' to '../../../../../../Users/Brad/Documents/GitHub/Ha_VRJ_Test/havr/Content/VR_MENU/MenuBP_3D/BP_Options.uasset'
[2018.02.24-20.10.55:054][620]LogSavePackage: Display: Finished SavePackage ../../../../../../Users/Brad/Documents/GitHub/Ha_VRJ_Test/havr/Content/VR_MENU/MenuBP_3D/BP_Options.uasset
[2018.02.24-20.10.55:073][620]Cmd: OBJ SAVEPACKAGE PACKAGE="/Game/VR_MENU/MenuBP_3D/BP_Quit" FILE="../../../../../../Users/Brad/Documents/GitHub/Ha_VRJ_Test/havr/Content/VR_MENU/MenuBP_3D/BP_Quit.uasset" SILENT=true
[2018.02.24-20.10.55:115][620]LogSavePackage: Save=39.31ms
[2018.02.24-20.10.55:115][620]LogSavePackage: Moving '../../../../../../Users/Brad/Documents/GitHub/Ha_VRJ_Test/havr/Saved/BP_QuitECE2DD514C00957AD7B15FAE251FEA2F.tmp' to '../../../../../../Users/Brad/Documents/GitHub/Ha_VRJ_Test/havr/Content/VR_MENU/MenuBP_3D/BP_Quit.uasset'
[2018.02.24-20.10.55:126][620]LogSavePackage: Display: Finished SavePackage ../../../../../../Users/Brad/Documents/GitHub/Ha_VRJ_Test/havr/Content/VR_MENU/MenuBP_3D/BP_Quit.uasset
[2018.02.24-20.10.55:474][620]LogSavePackage: Save=157.37ms
[2018.02.24-20.10.55:474][620]LogSavePackage: Moving '../../../../../../Users/Brad/Documents/GitHub/Ha_VRJ_Test/havr/Saved/HAVR_MENU_SUCCESSAD52C6EB48C05175F20EA5ABE30F1C31.tmp' to '../../../../../../Users/Brad/Documents/GitHub/Ha_VRJ_Test/havr/Content/VR_MENU/HAVR_MENU_SUCCESS.umap'
[2018.02.24-20.10.55:485][620]LogSavePackage: Display: Finished SavePackage ../../../../../../Users/Brad/Documents/GitHub/Ha_VRJ_Test/havr/Content/VR_MENU/HAVR_MENU_SUCCESS.umap
[2018.02.24-20.10.55:555][620]LogFileHelpers: Saving map 'HAVR_MENU_SUCCESS' took 0.425
[2018.02.24-20.10.55:700][620]LogSavePackage: Save=139.53ms
[2018.02.24-20.10.55:700][620]LogSavePackage: Moving '../../../../../../Users/Brad/Documents/GitHub/Ha_VRJ_Test/havr/Saved/HAVR_MENU_SUCCESS_BuiltDataEC34BEEC48C3571052B969AAEB3ECE12.tmp' to '../../../../../../Users/Brad/Documents/GitHub/Ha_VRJ_Test/havr/Content/VR_MENU/HAVR_MENU_SUCCESS_BuiltData.uasset'
[2018.02.24-20.10.55:710][620]LogSavePackage: Display: Finished SavePackage ../../../../../../Users/Brad/Documents/GitHub/Ha_VRJ_Test/havr/Content/VR_MENU/HAVR_MENU_SUCCESS_BuiltData.uasset
[2018.02.24-20.10.55:713][620]Cmd: OBJ SAVEPACKAGE PACKAGE="/Game/VR_MENU/MenuBP_3D/Default__Door_C" FILE="../../../../../../Users/Brad/Documents/GitHub/Ha_VRJ_Test/havr/Content/VR_MENU/MenuBP_3D/Default__Door_C.uasset" SILENT=true
[2018.02.24-20.10.55:723][620]LogSavePackage: Save=7.01ms
[2018.02.24-20.10.55:723][620]LogSavePackage: Moving '../../../../../../Users/Brad/Documents/GitHub/Ha_VRJ_Test/havr/Saved/Default__Door_CAEDA3695469E7D2DC38F86B9D2FF535A.tmp' to '../../../../../../Users/Brad/Documents/GitHub/Ha_VRJ_Test/havr/Content/VR_MENU/MenuBP_3D/Default__Door_C.uasset'
[2018.02.24-20.10.55:729][620]LogSavePackage: Display: Finished SavePackage ../../../../../../Users/Brad/Documents/GitHub/Ha_VRJ_Test/havr/Content/VR_MENU/MenuBP_3D/Default__Door_C.uasset
[2018.02.24-20.10.55:733][620]Cmd: OBJ SAVEPACKAGE PACKAGE="/Game/VR_MENU/MenuBP_3D/Door" FILE="../../../../../../Users/Brad/Documents/GitHub/Ha_VRJ_Test/havr/Content/VR_MENU/MenuBP_3D/Door.uasset" SILENT=true
[2018.02.24-20.10.55:749][620]LogSavePackage: Save=13.11ms
[2018.02.24-20.10.55:750][620]LogSavePackage: Moving '../../../../../../Users/Brad/Documents/GitHub/Ha_VRJ_Test/havr/Saved/Door366672504E4CB9DA60E9979B57ECFC07.tmp' to '../../../../../../Users/Brad/Documents/GitHub/Ha_VRJ_Test/havr/Content/VR_MENU/MenuBP_3D/Door.uasset'
[2018.02.24-20.10.55:755][620]LogSavePackage: Display: Finished SavePackage ../../../../../../Users/Brad/Documents/GitHub/Ha_VRJ_Test/havr/Content/VR_MENU/MenuBP_3D/Door.uasset
[2018.02.24-20.10.55:759][620]Cmd: OBJ SAVEPACKAGE PACKAGE="/Game/VR_MENU/MenuBP_3D/Door_C" FILE="../../../../../../Users/Brad/Documents/GitHub/Ha_VRJ_Test/havr/Content/VR_MENU/MenuBP_3D/Door_C.uasset" SILENT=true
[2018.02.24-20.10.55:776][620]LogSavePackage: Save=6.15ms
[2018.02.24-20.10.55:776][620]LogSavePackage: Moving '../../../../../../Users/Brad/Documents/GitHub/Ha_VRJ_Test/havr/Saved/Door_CCB8545164A84B2020C749889628E9A08.tmp' to '../../../../../../Users/Brad/Documents/GitHub/Ha_VRJ_Test/havr/Content/VR_MENU/MenuBP_3D/Door_C.uasset'
[2018.02.24-20.10.55:779][620]LogSavePackage: Display: Finished SavePackage ../../../../../../Users/Brad/Documents/GitHub/Ha_VRJ_Test/havr/Content/VR_MENU/MenuBP_3D/Door_C.uasset
[2018.02.24-20.10.55:791][620]Cmd: OBJ SAVEPACKAGE PACKAGE="/Game/VR_MENU/UIElements/parquet" FILE="../../../../../../Users/Brad/Documents/GitHub/Ha_VRJ_Test/havr/Content/VR_MENU/UIElements/parquet.uasset" SILENT=true
[2018.02.24-20.10.55:817][620]LogSavePackage: Save=18.76ms
[2018.02.24-20.10.55:817][620]LogSavePackage: Moving '../../../../../../Users/Brad/Documents/GitHub/Ha_VRJ_Test/havr/Saved/parquet6546110C415D7256F9422383ADDF22F6.tmp' to '../../../../../../Users/Brad/Documents/GitHub/Ha_VRJ_Test/havr/Content/VR_MENU/UIElements/parquet.uasset'
[2018.02.24-20.10.55:829][620]LogSavePackage: Display: Finished SavePackage ../../../../../../Users/Brad/Documents/GitHub/Ha_VRJ_Test/havr/Content/VR_MENU/UIElements/parquet.uasset
[2018.02.24-20.10.57:787][620]LogSavePackage: Save=600.59ms
[2018.02.24-20.10.57:787][620]LogSavePackage: Moving '../../../../../../Users/Brad/Documents/GitHub/Ha_VRJ_Test/havr/Saved/BP_MotionController53CF66E54255A0860F887E98EA98B500.tmp' to '../../../../../../Users/Brad/Documents/GitHub/Ha_VRJ_Test/havr/Content/VirtualRealityBP/Blueprints/BP_MotionController.uasset'
[2018.02.24-20.10.57:791][620]LogSavePackage: Display: Finished SavePackage ../../../../../../Users/Brad/Documents/GitHub/Ha_VRJ_Test/havr/Content/VirtualRealityBP/Blueprints/BP_MotionController.uasset
[2018.02.24-20.10.58:083][620]LogSavePackage: Save=253.00ms
[2018.02.24-20.10.58:083][620]LogSavePackage: Moving '../../../../../../Users/Brad/Documents/GitHub/Ha_VRJ_Test/havr/Saved/MotionControllerPawn92952DB2498B25AB8C32B7A066981CB9.tmp' to '../../../../../../Users/Brad/Documents/GitHub/Ha_VRJ_Test/havr/Content/VirtualRealityBP/Blueprints/MotionControllerPawn.uasset'
[2018.02.24-20.10.58:087][620]LogSavePackage: Display: Finished SavePackage ../../../../../../Users/Brad/Documents/GitHub/Ha_VRJ_Test/havr/Content/VirtualRealityBP/Blueprints/MotionControllerPawn.uasset
