Log file open, 01/29/18 17:17:56
LogWindows: Failed to load 'aqProf.dll' (GetLastError=126)
LogWindows: File 'aqProf.dll' does not exist
LogWindows: Failed to load 'VSPerf140.dll' (GetLastError=126)
LogWindows: File 'VSPerf140.dll' does not exist
LogWindows: Failed to load 'VtuneApi.dll' (GetLastError=126)
LogWindows: File 'VtuneApi.dll' does not exist
LogWindows: Failed to load 'VtuneApi32e.dll' (GetLastError=126)
LogWindows: File 'VtuneApi32e.dll' does not exist
LogInit: Display: Running engine for game: havr
LogPlatformFile: Not using cached read wrapper
LogInit: Display: RandInit(-522404997) SRandInit(-522404997).
LogTaskGraph: Started task graph with 5 named threads and 14 total threads with 3 sets of task threads.
LogStats: Stats thread started at 0.267130
LogD3D11RHI: Aftermath initialized
LogPluginManager: Mounting plugin Paper2D
LogPluginManager: Mounting plugin LightPropagationVolume
LogPluginManager: Mounting plugin CodeLiteSourceCodeAccess
LogPluginManager: Mounting plugin GitSourceControl
LogPluginManager: Mounting plugin KDevelopSourceCodeAccess
LogPluginManager: Mounting plugin NullSourceCodeAccess
LogPluginManager: Mounting plugin PerforceSourceControl
LogPluginManager: Mounting plugin SubversionSourceControl
LogPluginManager: Mounting plugin UObjectPlugin
LogPluginManager: Mounting plugin VisualStudioSourceCodeAccess
LogPluginManager: Mounting plugin XCodeSourceCodeAccess
LogPluginManager: Mounting plugin AssetManagerEditor
LogPluginManager: Mounting plugin AudioCapture
LogPluginManager: Mounting plugin FacialAnimation
LogPluginManager: Mounting plugin GameplayTagsEditor
LogPluginManager: Mounting plugin MobileLauncherProfileWizard
LogPluginManager: Mounting plugin PluginBrowser
LogPluginManager: Mounting plugin SpeedTreeImporter
LogPluginManager: Mounting plugin AlembicImporter
LogPluginManager: Mounting plugin CharacterAI
LogPluginManager: Mounting plugin HTML5Networking
LogPluginManager: Mounting plugin AndroidMedia
LogPluginManager: Mounting plugin AvfMedia
LogPluginManager: Mounting plugin MediaPlayerEditor
LogPluginManager: Mounting plugin WmfMedia
LogPluginManager: Mounting plugin TcpMessaging
LogPluginManager: Mounting plugin UdpMessaging
LogPluginManager: Mounting plugin LevelSequenceEditor
LogPluginManager: Mounting plugin MatineeToLevelSequence
LogPluginManager: Mounting plugin OnlineSubsystemGooglePlay
LogPluginManager: Mounting plugin OnlineSubsystemIOS
LogPluginManager: Mounting plugin OnlineSubsystem
LogPluginManager: Mounting plugin OnlineSubsystemNull
LogPluginManager: Mounting plugin OnlineSubsystemUtils
LogPluginManager: Mounting plugin AndroidDeviceProfileSelector
LogPluginManager: Mounting plugin AndroidMoviePlayer
LogPluginManager: Mounting plugin AndroidPermission
LogPluginManager: Mounting plugin AppleMoviePlayer
LogPluginManager: Mounting plugin ArchVisCharacter
LogPluginManager: Mounting plugin CableComponent
LogPluginManager: Mounting plugin CustomMeshComponent
LogPluginManager: Mounting plugin ExampleDeviceProfileSelector
LogPluginManager: Mounting plugin GoogleCloudMessaging
LogPluginManager: Mounting plugin ImmediatePhysics
LogPluginManager: Mounting plugin IOSDeviceProfileSelector
LogPluginManager: Mounting plugin LinuxDeviceProfileSelector
LogPluginManager: Mounting plugin LocationServicesBPLibrary
LogPluginManager: Mounting plugin MobilePatchingUtils
LogPluginManager: Mounting plugin OculusVR
LogPluginManager: Mounting plugin PhysXVehicles
LogPluginManager: Mounting plugin ProceduralMeshComponent
LogPluginManager: Mounting plugin RuntimePhysXCooking
LogPluginManager: Mounting plugin SteamVR
LogPluginManager: Mounting plugin WindowsMoviePlayer
LogInit: Using libcurl 7.47.1
LogInit:  - built for x86_64-pc-win32
LogInit:  - supports SSL with OpenSSL/1.0.2g
LogInit:  - supports HTTP deflate (compression) using libz 1.2.8
LogInit:  - other features:
LogInit:      CURL_VERSION_SSL
LogInit:      CURL_VERSION_LIBZ
LogInit:      CURL_VERSION_IPV6
LogInit:      CURL_VERSION_ASYNCHDNS
LogInit:      CURL_VERSION_LARGEFILE
LogInit:      CURL_VERSION_IDN
LogInit:  CurlRequestOptions (configurable via config and command line):
LogInit:  - bVerifyPeer = false  - Libcurl will NOT verify peer certificate
LogInit:  - bUseHttpProxy = false  - Libcurl will NOT use HTTP proxy
LogInit:  - bDontReuseConnections = false  - Libcurl will reuse connections
LogInit:  - CertBundlePath = nullptr  - Libcurl will use whatever was configured at build time.
LogInit: Build: ++UE4+Release-4.17-CL-3658906
LogInit: Engine Version: 4.17.2-3658906+++UE4+Release-4.17
LogInit: Compatible Engine Version: 4.17.0-3573198+++UE4+Release-4.17
LogInit: Net CL: 3573198
LogDevObjectVersion: Number of dev versions registered: 16
LogDevObjectVersion:   Dev-Blueprints (B0D832E4-1F89-4F0D-ACCF-7EB736FD4AA2): 10
LogDevObjectVersion:   Dev-Build (E1C64328-A22C-4D53-A36C-8E866417BD8C): 0
LogDevObjectVersion:   Dev-Core (375EC13C-06E4-48FB-B500-84F0262A717E): 2
LogDevObjectVersion:   Dev-Editor (E4B068ED-F494-42E9-A231-DA0B2E46BB41): 20
LogDevObjectVersion:   Dev-Framework (CFFC743F-43B0-4480-9391-14DF171D2073): 28
LogDevObjectVersion:   Dev-Mobile (B02B49B5-BB20-44E9-A304-32B752E40360): 0
LogDevObjectVersion:   Dev-Networking (A4E4105C-59A1-49B5-A7C5-40C4547EDFEE): 0
LogDevObjectVersion:   Dev-Online (39C831C9-5AE6-47DC-9A44-9C173E1C8E7C): 0
LogDevObjectVersion:   Dev-Physics (78F01B33-EBEA-4F98-B9B4-84EACCB95AA2): 0
LogDevObjectVersion:   Dev-Platform (6631380F-2D4D-43E0-8009-CF276956A95A): 0
LogDevObjectVersion:   Dev-Rendering (12F88B9F-8875-4AFC-A67C-D90C383ABD29): 19
LogDevObjectVersion:   Dev-Sequencer (7B5AE74C-D270-4C10-A958-57980B212A5A): 4
LogDevObjectVersion:   Dev-VR (D7296918-1DD6-4BDD-9DE2-64A83CC13884): 0
LogDevObjectVersion:   Dev-LoadTimes (C2A15278-BFE7-4AFE-6C17-90FF531DF755): 1
LogDevObjectVersion:   Private-Geometry (6EACA3D4-40EC-4CC1-B786-8BED09428FC5): 1
LogDevObjectVersion:   Dev-AnimPhys (29E575DD-E0A3-4627-9D10-D276232CDCEA): 7
LogInit: Compiled (64-bit): Sep 22 2017 13:47:16
LogInit: Compiled with Visual C++: 19.00.24215.01
LogInit: Build Configuration: Development
LogInit: Branch Name: ++UE4+Release-4.17
LogInit: Command line: -EpicPortal 
LogInit: Base directory: C:/Program Files/Epic Games/UE_4.17/Engine/Binaries/Win64/
LogInit: Installed Engine Build: 1
LogInit: Presizing for max 8388607 objects, including 0 objects not considered by GC, pre-allocating 0 bytes for permanent pool.
LogInit: Object subsystem initialized
[2018.01.29-23.17.58:041][  0]LogInit: Selected Device Profile: [Windows]
[2018.01.29-23.17.58:041][  0]LogInit: Applying CVar settings loaded from the selected device profile: [Windows]
[2018.01.29-23.17.58:071][  0]LogInit: Computer: DESKTOP-FKFG7D5
[2018.01.29-23.17.58:071][  0]LogInit: User: Brad
[2018.01.29-23.17.58:071][  0]LogInit: CPU Page size=4096, Cores=4
[2018.01.29-23.17.58:071][  0]LogInit: High frequency timer resolution =3.386483 MHz
[2018.01.29-23.17.58:072][  0]LogMemory: Memory total: Physical=15.9GB (16GB approx)
[2018.01.29-23.17.58:072][  0]LogMemory: Platform Memory Stats for Windows
[2018.01.29-23.17.58:072][  0]LogMemory: Process Physical Memory: 285.33 MB used, 285.33 MB peak
[2018.01.29-23.17.58:072][  0]LogMemory: Process Virtual Memory: 277.91 MB used, 277.91 MB peak
[2018.01.29-23.17.58:072][  0]LogMemory: Physical Memory: 6219.72 MB used,  10109.04 MB free, 16328.75 MB total
[2018.01.29-23.17.58:072][  0]LogMemory: Virtual Memory: 738.64 MB used,  10109.04 MB free, 134217728.00 MB total
[2018.01.29-23.17.58:448][  0]LogInit: Using OS detected language (en-US).
[2018.01.29-23.17.58:448][  0]LogInit: Using OS detected locale (en-US).
[2018.01.29-23.17.58:452][  0]LogTextLocalizationManager: No specific localization for 'en-US' exists, so the 'en' localization will be used.
[2018.01.29-23.17.59:926][  0]LogD3D11RHI: D3D11 adapters:
[2018.01.29-23.18.00:101][  0]LogD3D11RHI:    0. 'NVIDIA GeForce GTX 980 Ti' (Feature Level 11_0)
[2018.01.29-23.18.00:101][  0]LogD3D11RHI:       6097/0/8164 MB DedicatedVideo/DedicatedSystem/SharedSystem, Outputs:1, VendorId:0x10de
[2018.01.29-23.18.00:104][  0]LogD3D11RHI:    1. 'Microsoft Basic Render Driver' (Feature Level 11_0)
[2018.01.29-23.18.00:104][  0]LogD3D11RHI:       0/0/8164 MB DedicatedVideo/DedicatedSystem/SharedSystem, Outputs:0, VendorId:0x1414
[2018.01.29-23.18.00:104][  0]LogD3D11RHI: Chosen D3D11 Adapter: 0
[2018.01.29-23.18.00:150][  0]LogD3D11RHI: Creating new Direct3DDevice
[2018.01.29-23.18.00:150][  0]LogD3D11RHI:     GPU DeviceId: 0x17c8 (for the marketing name, search the web for "GPU Device Id")
[2018.01.29-23.18.00:150][  0]LogWindows: EnumDisplayDevices:
[2018.01.29-23.18.00:150][  0]LogWindows:    0. 'NVIDIA GeForce GTX 980 Ti' (P:1 D:1)
[2018.01.29-23.18.00:152][  0]LogWindows:    1. 'NVIDIA GeForce GTX 980 Ti' (P:0 D:0)
[2018.01.29-23.18.00:153][  0]LogWindows:    2. 'NVIDIA GeForce GTX 980 Ti' (P:0 D:0)
[2018.01.29-23.18.00:153][  0]LogWindows:    3. 'NVIDIA GeForce GTX 980 Ti' (P:0 D:0)
[2018.01.29-23.18.00:156][  0]LogWindows: DebugString: GetVideoDriverDetailsInvalid PrimaryIsNotTheChoosenAdapter GetVideoDriverDetailsInvalid PrimaryIsNotTheChoosenAdapter GetVideoDriverDetailsInvalid PrimaryIsNotTheChoosenAdapter GetVideoDriverDetailsInvalid PrimaryIsNotTheChoosenAdapter FoundDriverCount:0 
[2018.01.29-23.18.00:156][  0]LogD3D11RHI:     Adapter Name: NVIDIA GeForce GTX 980 Ti
[2018.01.29-23.18.00:156][  0]LogD3D11RHI:   Driver Version: Unknown (internal:Unknown, unified:Unknown)
[2018.01.29-23.18.00:156][  0]LogD3D11RHI:      Driver Date: Unknown
[2018.01.29-23.18.00:156][  0]LogRHI: Texture pool is 1361 MB (70% of 1945 MB)
[2018.01.29-23.18.00:304][  0]LogD3D11RHI: Async texture creation enabled
[2018.01.29-23.18.00:624][  0]LogD3D11RHI: GPU Timing Frequency: 1000.000000 (Debug: 2 2)
[2018.01.29-23.18.00:628][  0]LogShaderCompilers: Guid format shader working directory is -14 characters bigger than the processId version (../../../../../../Users/Brad/Documents/Unreal Projects/havr/Intermediate/Shaders/WorkingDirectory/8396/).
[2018.01.29-23.18.00:629][  0]LogShaderCompilers: Cleaned the shader compiler working directory 'C:/Users/Brad/AppData/Local/Temp/UnrealShaderWorkingDir/624353454A8F8F5BF3EBE49E6ADFD9CE/'.
[2018.01.29-23.18.00:629][  0]LogShaderCompilers: Display: Using Local Shader Compiler.
[2018.01.29-23.18.03:296][  0]LogTemp: Display: Loaded TP AllDesktopTargetPlatform
[2018.01.29-23.18.03:456][  0]LogTemp: Display: Loaded TP MacClientTargetPlatform
[2018.01.29-23.18.03:570][  0]LogTemp: Display: Loaded TP MacNoEditorTargetPlatform
[2018.01.29-23.18.03:699][  0]LogTemp: Display: Loaded TP MacServerTargetPlatform
[2018.01.29-23.18.03:815][  0]LogTemp: Display: Loaded TP MacTargetPlatform
[2018.01.29-23.18.03:918][  0]LogTemp: Display: Loaded TP WindowsClientTargetPlatform
[2018.01.29-23.18.04:012][  0]LogTemp: Display: Loaded TP WindowsNoEditorTargetPlatform
[2018.01.29-23.18.04:119][  0]LogTemp: Display: Loaded TP WindowsServerTargetPlatform
[2018.01.29-23.18.04:232][  0]LogTemp: Display: Loaded TP WindowsTargetPlatform
[2018.01.29-23.18.04:358][  0]LogTemp: Display: Loaded TP AndroidTargetPlatform
[2018.01.29-23.18.04:499][  0]LogTemp: Display: Loaded TP Android_ASTCTargetPlatform
[2018.01.29-23.18.04:647][  0]LogTemp: Display: Loaded TP Android_ATCTargetPlatform
[2018.01.29-23.18.04:801][  0]LogTemp: Display: Loaded TP Android_DXTTargetPlatform
[2018.01.29-23.18.04:947][  0]LogTemp: Display: Loaded TP Android_ETC1TargetPlatform
[2018.01.29-23.18.05:069][  0]LogTemp: Display: Loaded TP Android_ETC2TargetPlatform
[2018.01.29-23.18.05:298][  0]LogTemp: Display: Loaded TP Android_MultiTargetPlatform
[2018.01.29-23.18.05:298][  0]LogTemp: Display: Loaded TP Android_PVRTCTargetPlatform
[2018.01.29-23.18.05:413][  0]LogTemp: Display: Loaded TP HTML5TargetPlatform
[2018.01.29-23.18.05:601][  0]LogTemp: Display: Loaded TP IOSTargetPlatform
[2018.01.29-23.18.05:663][  0]LogTemp: Display: Loaded TP TVOSTargetPlatform
[2018.01.29-23.18.05:798][  0]LogTemp: Display: Loaded TP LinuxClientTargetPlatform
[2018.01.29-23.18.05:915][  0]LogTemp: Display: Loaded TP LinuxNoEditorTargetPlatform
[2018.01.29-23.18.06:029][  0]LogTemp: Display: Loaded TP LinuxServerTargetPlatform
[2018.01.29-23.18.06:137][  0]LogTemp: Display: Loaded TP LinuxTargetPlatform
[2018.01.29-23.18.06:137][  0]LogTargetPlatformManager: Display: Building Assets For Windows
[2018.01.29-23.18.07:357][  0]LogDerivedDataCache: Display: Max Cache Size: 512 MB
[2018.01.29-23.18.07:526][  0]LogDerivedDataCache: Loaded boot cache 0.17s 106MB C:/Users/Brad/AppData/Local/UnrealEngine/4.17/DerivedDataCache/Boot.ddc.
[2018.01.29-23.18.07:527][  0]LogDerivedDataCache: Display: Loaded Boot cache: C:/Users/Brad/AppData/Local/UnrealEngine/4.17/DerivedDataCache/Boot.ddc
[2018.01.29-23.18.07:527][  0]LogDerivedDataCache: FDerivedDataBackendGraph:  Pak pak cache file ../../../../../../Users/Brad/Documents/Unreal Projects/havr/DerivedDataCache/DDC.ddp not found, will not use a pak cache.
[2018.01.29-23.18.07:527][  0]LogDerivedDataCache: Unable to find inner node Pak for hierarchical cache Hierarchy.
[2018.01.29-23.18.07:527][  0]LogDerivedDataCache: FDerivedDataBackendGraph:  CompressedPak pak cache file ../../../../../../Users/Brad/Documents/Unreal Projects/havr/DerivedDataCache/Compressed.ddp not found, will not use a pak cache.
[2018.01.29-23.18.07:527][  0]LogDerivedDataCache: Unable to find inner node CompressedPak for hierarchical cache Hierarchy.
[2018.01.29-23.18.07:551][  0]LogDerivedDataCache: Display: Pak cache opened for reading ../../../Engine/DerivedDataCache/Compressed.ddp.
[2018.01.29-23.18.07:564][  0]LogDerivedDataCache: Using Local data cache path C:/Users/Brad/AppData/Local/UnrealEngine/Common/DerivedDataCache: Writable
[2018.01.29-23.18.07:578][  0]LogMaterial: Verifying Global Shaders for PCD3D_SM5
[2018.01.29-23.18.07:578][  0]LogSlate: Using Freetype 2.6.0
[2018.01.29-23.18.07:579][  0]LogSlate: SlateFontCache - WITH_FREETYPE: 1, WITH_HARFBUZZ: 1
[2018.01.29-23.18.07:579][  0]LogSlate: SlateFontCache - WITH_FREETYPE: 1, WITH_HARFBUZZ: 1
[2018.01.29-23.18.08:058][  0]LogAssetRegistry: FAssetRegistry took 0.0303 seconds to start up
[2018.01.29-23.18.08:242][  0]LogInit: Selected Device Profile: [Windows]
[2018.01.29-23.18.08:458][  0]LogContentStreaming: Texture pool size is 0.00 MB
[2018.01.29-23.18.09:279][  0]LogSimplygon: Simplygon DLL not present - disabling.
[2018.01.29-23.18.09:369][  0]LogMeshReduction: Using SimplygonSwarm for distributed automatic mesh merging
[2018.01.29-23.18.09:369][  0]LogMeshReduction: Using QuadricMeshReduction for automatic static mesh reduction
[2018.01.29-23.18.09:369][  0]LogMeshReduction: No automatic skeletal mesh reduction module available
[2018.01.29-23.18.09:369][  0]LogMeshReduction: No automatic mesh merging module available
[2018.01.29-23.18.09:369][  0]LogMeshMerging: No automatic mesh merging module available
[2018.01.29-23.18.10:043][  0]LogNetVersion: havr , NetCL: 3573198, EngineNetVer: 2, GameNetVer: 0 (Checksum: 4054377725)
[2018.01.29-23.18.10:616][  0]LogPackageLocalizationCache: Processed 5 localized package path(s) for 2 prioritized culture(s) in 0.105584 seconds
[2018.01.29-23.18.10:623][  0]LogUObjectArray: 35825 objects as part of root set at end of initial load.
[2018.01.29-23.18.10:623][  0]LogUObjectAllocator: 7529104 out of 0 bytes used by permanent object pool.
[2018.01.29-23.18.10:628][  0]LogUObjectArray: CloseDisregardForGC: 0/0 objects in disregard for GC pool
[2018.01.29-23.18.10:752][  0]LogInit: WinSock: version 1.1 (2.2), MaxSocks=32767, MaxUdp=65467
[2018.01.29-23.18.17:437][  0]LogTcpMessaging: Initializing TcpMessaging bridge
[2018.01.29-23.18.17:495][  0]LogUdpMessaging: Initializing bridge on interface 0.0.0.0:0 to multicast group 230.0.0.1:6666.
[2018.01.29-23.18.18:901][  0]LogMaterial: Uniform references updated for custom material expression Custom.
[2018.01.29-23.18.19:808][  0]SourceControl: Source control is disabled
[2018.01.29-23.18.19:808][  0]SourceControl: Source control is disabled
[2018.01.29-23.18.20:025][  0]SourceControl: Source control is disabled
[2018.01.29-23.18.20:184][  0]SourceControl: Source control is disabled
[2018.01.29-23.18.21:463][  0]LogAndroidPermission: UAndroidPermissionCallbackProxy::GetInstance
[2018.01.29-23.18.21:870][  0]LogOcInput: OculusInput pre-init called
[2018.01.29-23.18.22:323][  0]LogEngine: Initializing Engine...
[2018.01.29-23.18.22:326][  0]LogHMD: Oculus plugin initialized. Version: 4.17.2-3658906+++UE4+Release-4.17, OVRPlugin: 1.15.0
[2018.01.29-23.18.22:652][  0]LogStats: UGameplayTagsManager::ConstructGameplayTagTree: Construct from data asset -  0.000 s
[2018.01.29-23.18.22:652][  0]LogStats: UGameplayTagsManager::ConstructGameplayTagTree: GameplayTagTreeChangedEvent.Broadcast -  0.000 s
[2018.01.29-23.18.22:962][  0]LogAIModule: Creating AISystem for world Untitled
[2018.01.29-23.18.22:994][  0]LogInit: XAudio2 using 'Headset Earphone (Razer Kraken 7.1 Chroma)' : 2 channels at 48 kHz using 16 bits per sample (channel mask 0x3)
[2018.01.29-23.18.23:034][  0]LogInit: FAudioDevice initialized.
[2018.01.29-23.18.23:299][  0]LogDerivedDataCache: Saved boot cache 0.27s 106MB C:/Users/Brad/AppData/Local/UnrealEngine/4.17/DerivedDataCache/Boot.ddc.
[2018.01.29-23.18.23:320][  0]LogInit: Texture streaming: Enabled
[2018.01.29-23.18.23:600][  0]LogEngineSessionManager: EngineSessionManager initialized
[2018.01.29-23.18.24:205][  0]LogInit: Transaction tracking system initialized
[2018.01.29-23.18.24:826][  0]BlueprintLog: New page: Editor Load
[2018.01.29-23.18.27:824][  0]LocalizationService: Localization service is disabled
[2018.01.29-23.18.29:560][  0]LogConsoleResponse: Display: 
[2018.01.29-23.18.29:849][  0]LogCook: Display: Max memory allowance for cook 16384mb min free memory 0mb
[2018.01.29-23.18.29:849][  0]LogCook: Display: Mobile HDR setting 1
[2018.01.29-23.18.29:849][  0]LogGameplayTags: Display: UGameplayTagsManager::DoneAddingNativeTags. DelegateIsBound: 0
[2018.01.29-23.18.30:315][  0]LogFileCache: Scanning file cache for directory 'C:/Users/Brad/Documents/Unreal Projects/havr/Content/' took 0.03s
[2018.01.29-23.18.32:196][  0]SourceControl: Source control is disabled
[2018.01.29-23.18.32:196][  0]Cmd: MAP LOAD FILE="../../../../../../Users/Brad/Documents/Unreal Projects/havr/Content/VirtualRealityBP/Maps/StartupMap.umap" TEMPLATE=0 SHOWPROGRESS=1 FEATURELEVEL=3
[2018.01.29-23.18.32:208][  0]LightingResults: New page: Lighting Build
[2018.01.29-23.18.32:317][  0]MapCheck: New page: Map Check
[2018.01.29-23.18.32:317][  0]LightingResults: New page: Lighting Build
[2018.01.29-23.18.32:526][  0]LogAIModule: Creating AISystem for world StartupMap
[2018.01.29-23.18.32:535][  0]LogEditorServer: Finished looking for orphan Actors (0.000 secs)
[2018.01.29-23.18.32:580][  0]Cmd: MAP CHECKDEP NOCLEARLOG
[2018.01.29-23.18.32:691][  0]MapCheck: Map check complete: 0 Error(s), 0 Warning(s), took 111.717ms to complete.
[2018.01.29-23.18.32:692][  0]LogFileHelpers: Loading map 'StartupMap' took 0.496
[2018.01.29-23.18.32:969][  0]LogCollectionManager: Loaded 0 collections in 0.002319 seconds
[2018.01.29-23.18.33:100][  0]LogFileCache: Scanning file cache for directory 'C:/Users/Brad/Documents/Unreal Projects/havr/Saved/Collections/' took 0.02s
[2018.01.29-23.18.33:100][  0]LogFileCache: Scanning file cache for directory 'C:/Users/Brad/Documents/Unreal Projects/havr/Content/Developers/Brad/Collections/' took 0.00s
[2018.01.29-23.18.33:100][  0]LogFileCache: Scanning file cache for directory 'C:/Users/Brad/Documents/Unreal Projects/havr/Content/Collections/' took 0.00s
[2018.01.29-23.18.33:100][  0]LogCollectionManager: Rebuilt the GUID cache for 0 collections in 0.000001 seconds
[2018.01.29-23.18.33:123][  0]LogContentBrowser: Native class hierarchy populated in 0.0225 seconds. Added 2386 classes and 500 folders.
[2018.01.29-23.18.33:295][  0]LogContentBrowser: Native class hierarchy updated for 'WidgetCarousel' in 0.0006 seconds. Added 0 classes and 0 folders.
[2018.01.29-23.18.33:380][  0]LogContentBrowser: Native class hierarchy updated for 'AddContentDialog' in 0.0012 seconds. Added 0 classes and 0 folders.
[2018.01.29-23.18.33:468][  0]LogContentBrowser: Native class hierarchy updated for 'SceneOutliner' in 0.0007 seconds. Added 1 classes and 2 folders.
[2018.01.29-23.18.33:641][  0]LogContentBrowser: Native class hierarchy updated for 'HierarchicalLODOutliner' in 0.0014 seconds. Added 1 classes and 2 folders.
[2018.01.29-23.18.33:641][  0]LogLoad: (Engine Initialization) Total time: 39.11 seconds
[2018.01.29-23.18.33:641][  0]LogLoad: (Engine Initialization) Total Blueprint compile time: 0.00 seconds
[2018.01.29-23.18.33:641][  0]LogExternalProfiler: No external profilers were discovered.  External profiling features will not be available.
[2018.01.29-23.18.34:006][  0]LogOcInput: OculusInput is initialized
[2018.01.29-23.18.34:040][  0]LogContentStreaming: Texture pool size now 1000 MB
[2018.01.29-23.18.34:042][  0]LogSlate: Took 0.000249 seconds to synchronously load lazily loaded font '../../../Engine/Content/Slate/Fonts/Roboto-Regular.ttf' (155K)
[2018.01.29-23.18.34:053][  0]LogSlate: Took 0.000259 seconds to synchronously load lazily loaded font '../../../Engine/Content/Slate/Fonts/Roboto-Bold.ttf' (160K)
[2018.01.29-23.18.34:073][  0]LogSlate: Took 0.000266 seconds to synchronously load lazily loaded font '../../../Engine/Content/Editor/Slate/Fonts/FontAwesome.ttf' (139K)
[2018.01.29-23.18.34:319][  0]LogSlate: Took 0.000254 seconds to synchronously load lazily loaded font '../../../Engine/Content/Slate/Fonts/Roboto-Light.ttf' (159K)
[2018.01.29-23.18.34:425][  2]LogRenderer: Reallocating scene render targets to support 760x360 Format 26 NumSamples 1 (Frame:1).
[2018.01.29-23.18.35:078][  3]LogAssetRegistry: Asset discovery search completed in 27.0410 seconds
[2018.01.29-23.18.35:082][  3]LogCollectionManager: Rebuilt the object cache for 0 collections in 0.000001 seconds (found 0 objects)
[2018.01.29-23.18.35:082][  3]LogCollectionManager: Fixed up redirectors for 0 collections in 0.000318 seconds (updated 0 objects)
[2018.01.29-23.21.31:297][659]LogRenderer: Reallocating scene render targets to support 1144x576 Format 26 NumSamples 1 (Frame:175).
[2018.01.29-23.21.39:272][884]LogSlate: Took 0.000195 seconds to synchronously load lazily loaded font '../../../Engine/Content/Slate/Fonts/Roboto-Light.ttf' (159K)
[2018.01.29-23.21.40:222][884]LogAIModule: Creating AISystem for world MotionControllerMap
[2018.01.29-23.21.40:252][884]Cmd: MAP LOAD FILE="../../../../../../Users/Brad/Documents/Unreal Projects/havr/Content/VirtualRealityBP/Maps/MotionControllerMap.umap" TEMPLATE=0 SHOWPROGRESS=1 FEATURELEVEL=3
[2018.01.29-23.21.40:252][884]LightingResults: New page: Lighting Build
[2018.01.29-23.21.40:252][884]LoadErrors: New page: Loading map: MotionControllerMap.umap
[2018.01.29-23.21.40:254][884]MapCheck: New page: Map Check
[2018.01.29-23.21.40:254][884]LightingResults: New page: Lighting Build
[2018.01.29-23.21.40:285][884]LogEditorServer: Finished looking for orphan Actors (0.000 secs)
[2018.01.29-23.21.40:336][884]Cmd: MAP CHECKDEP NOCLEARLOG
[2018.01.29-23.21.40:436][884]MapCheck: Map check complete: 0 Error(s), 0 Warning(s), took 99.467ms to complete.
[2018.01.29-23.21.40:437][884]LogFileHelpers: Loading map 'MotionControllerMap' took 0.186
[2018.01.29-23.21.43:357][980]LogTemp: Repeating last play command: VR Preview
[2018.01.29-23.21.43:438][980]LogBlueprintUserMessages: Early PlayInEditor Detection: Level '/Game/VirtualRealityBP/Maps/MotionControllerMap.MotionControllerMap:PersistentLevel' has LevelScriptBlueprint '/Game/VirtualRealityBP/Maps/MotionControllerMap.MotionControllerMap:PersistentLevel.MotionControllerMap' with GeneratedClass '/Game/VirtualRealityBP/Maps/MotionControllerMap.MotionControllerMap_C' with ClassGeneratedBy '/Game/VirtualRealityBP/Maps/MotionControllerMap.MotionControllerMap:PersistentLevel.MotionControllerMap'
[2018.01.29-23.21.43:438][980]LogPlayLevel: PlayLevel: No blueprints needed recompiling
[2018.01.29-23.21.43:438][980]LogHMD: Initializing OVRPlugin session
[2018.01.29-23.21.43:476][980]PIE: New page: PIE session: MotionControllerMap (Jan 29, 2018, 11:21:43 AM)
[2018.01.29-23.21.43:476][980]LogPlayLevel: Creating play world package: /Game/VirtualRealityBP/Maps/UEDPIE_0_MotionControllerMap
[2018.01.29-23.21.43:492][980]LogPlayLevel: PIE: StaticDuplicateObject took: (0.015562s)
[2018.01.29-23.21.43:492][980]LogAIModule: Creating AISystem for world MotionControllerMap
[2018.01.29-23.21.43:493][980]LogPlayLevel: PIE: World Init took: (0.000994s)
[2018.01.29-23.21.43:493][980]LogPlayLevel: PIE: Created PIE world by copying editor world from /Game/VirtualRealityBP/Maps/MotionControllerMap.MotionControllerMap to /Game/VirtualRealityBP/Maps/UEDPIE_0_MotionControllerMap.MotionControllerMap (0.016866s)
[2018.01.29-23.21.43:530][980]LogInit: XAudio2 using 'Headphones (Rift Audio)' : 2 channels at 48 kHz using 16 bits per sample (channel mask 0x3)
[2018.01.29-23.21.43:542][980]LogInit: FAudioDevice initialized.
[2018.01.29-23.21.43:638][980]LogHMD: Allocating Oculus 2720 x 1600 rendertarget swapchain
[2018.01.29-23.21.43:677][980]LogUObjectGlobals: Warning: Failed to find object 'Class None.'
[2018.01.29-23.21.43:678][980]LogLoad: Game class is 'GameModeBase'
[2018.01.29-23.21.43:682][980]LogWorld: Bringing World /Game/VirtualRealityBP/Maps/UEDPIE_0_MotionControllerMap.MotionControllerMap up for play (max tick rate 0) at 2018.01.29-17.21.43
[2018.01.29-23.21.43:682][980]LogWorld: Bringing up level for play took: 0.002965
[2018.01.29-23.21.43:774][980]LogContentBrowser: Native class hierarchy updated for 'MovieSceneCapture' in 0.0009 seconds. Added 11 classes and 0 folders.
[2018.01.29-23.21.43:779][980]LogUnrealMath: Error: FMatrix::InverseFast(), trying to invert a NIL matrix, this results in NaNs! Use Inverse() instead.
[2018.01.29-23.21.43:779][980]LogOutputDevice: Warning: 

Script Stack:
BP_MotionController_C.SetupRoomScaleOutline
BP_MotionController_C.ExecuteUbergraph_BP_MotionController
BP_MotionController_C.ReceiveBeginPlay
MotionControllerPawn_C.ExecuteUbergraph_MotionControllerPawn
MotionControllerPawn_C.ReceiveBeginPlay

[2018.01.29-23.21.43:937][980]LogStats: FPlatformStackWalk::StackWalkAndDump -  0.159 s
[2018.01.29-23.21.43:937][980]LogOutputDevice: Error: === Handled ensure: ===
[2018.01.29-23.21.43:937][980]LogOutputDevice: Error: 
[2018.01.29-23.21.43:937][980]LogOutputDevice: Error: Ensure condition failed: false [File:D:\Build\++UE4+Release-4.17+Compile\Sync\Engine\Source\Runtime\Core\Private\Math\Matrix.cpp] [Line: 8]
[2018.01.29-23.21.43:937][980]LogOutputDevice: Error: FMatrix::InverseFast(), trying to invert a NIL matrix, this results in NaNs! Use Inverse() instead.
[2018.01.29-23.21.43:937][980]LogOutputDevice: Error: Stack: 
[2018.01.29-23.21.43:937][980]LogOutputDevice: Error: UE4Editor-Core.dll!0x0000000071553E36
[2018.01.29-23.21.43:937][980]LogOutputDevice: Error: UE4Editor-Core.dll!0x00000000712DC2D2
[2018.01.29-23.21.43:937][980]LogOutputDevice: Error: UE4Editor-Core.dll!0x00000000712F4746
[2018.01.29-23.21.43:938][980]LogOutputDevice: Error: UE4Editor-Core.dll!0x000000007127E1A1
[2018.01.29-23.21.43:938][980]LogOutputDevice: Error: UE4Editor-Engine.dll!0x0000000065C974EB
[2018.01.29-23.21.43:938][980]LogOutputDevice: Error: UE4Editor-Engine.dll!0x00000000665EABD3
[2018.01.29-23.21.43:938][980]LogOutputDevice: Error: UE4Editor-Engine.dll!0x00000000666206C4
[2018.01.29-23.21.43:938][980]LogOutputDevice: Error: UE4Editor-CoreUObject.dll!0x00000000815EE944
[2018.01.29-23.21.43:938][980]LogOutputDevice: Error: UE4Editor-CoreUObject.dll!0x00000000817ADDA4
[2018.01.29-23.21.43:938][980]LogOutputDevice: Error: UE4Editor-CoreUObject.dll!0x00000000817C3101
[2018.01.29-23.21.43:938][980]LogOutputDevice: Error: UE4Editor-CoreUObject.dll!0x00000000817C52E2
[2018.01.29-23.21.43:938][980]LogOutputDevice: Error: UE4Editor-CoreUObject.dll!0x00000000817AE7AE
[2018.01.29-23.21.43:938][980]LogOutputDevice: Error: UE4Editor-CoreUObject.dll!0x00000000817C52E2
[2018.01.29-23.21.43:938][980]LogOutputDevice: Error: UE4Editor-CoreUObject.dll!0x00000000817AE7AE
[2018.01.29-23.21.43:938][980]LogOutputDevice: Error: UE4Editor-CoreUObject.dll!0x00000000817C52E2
[2018.01.29-23.21.43:938][980]LogOutputDevice: Error: UE4Editor-CoreUObject.dll!0x00000000815EE944
[2018.01.29-23.21.43:938][980]LogOutputDevice: Error: UE4Editor-CoreUObject.dll!0x00000000817C4675
[2018.01.29-23.21.43:938][980]LogOutputDevice: Error: UE4Editor-Engine.dll!0x0000000065D7B247
[2018.01.29-23.21.43:938][980]LogOutputDevice: Error: UE4Editor-Engine.dll!0x0000000066F25B47
[2018.01.29-23.21.43:938][980]LogOutputDevice: Error: UE4Editor-Engine.dll!0x0000000065D3DC2F
[2018.01.29-23.21.43:938][980]LogOutputDevice: Error: UE4Editor-Engine.dll!0x0000000065D4ABCB
[2018.01.29-23.21.43:938][980]LogOutputDevice: Error: UE4Editor-Engine.dll!0x0000000065D76959
[2018.01.29-23.21.43:938][980]LogOutputDevice: Error: UE4Editor-Engine.dll!0x0000000065D57E03
[2018.01.29-23.21.43:938][980]LogOutputDevice: Error: UE4Editor-Engine.dll!0x000000006647BE89
[2018.01.29-23.21.43:938][980]LogOutputDevice: Error: UE4Editor-Engine.dll!0x0000000065DB05B6
[2018.01.29-23.21.43:938][980]LogOutputDevice: Error: UE4Editor-CoreUObject.dll!0x00000000815EE944
[2018.01.29-23.21.43:938][980]LogOutputDevice: Error: UE4Editor-CoreUObject.dll!0x00000000817ADDA4
[2018.01.29-23.21.43:938][980]LogOutputDevice: Error: UE4Editor-CoreUObject.dll!0x00000000817C3101
[2018.01.29-23.21.43:938][980]LogOutputDevice: Error: UE4Editor-CoreUObject.dll!0x00000000817ECDA4
[2018.01.29-23.21.43:938][980]LogOutputDevice: Error: UE4Editor-CoreUObject.dll!0x00000000817C52E2
[2018.01.29-23.21.43:938][980]LogOutputDevice: Error: UE4Editor-CoreUObject.dll!0x00000000817AE7AE
[2018.01.29-23.21.43:938][980]LogOutputDevice: Error: UE4Editor-CoreUObject.dll!0x00000000817C52E2
[2018.01.29-23.21.43:938][980]LogOutputDevice: Error: UE4Editor-CoreUObject.dll!0x00000000815EE944
[2018.01.29-23.21.43:938][980]LogOutputDevice: Error: UE4Editor-CoreUObject.dll!0x00000000817C4675
[2018.01.29-23.21.43:938][980]LogOutputDevice: Error: UE4Editor-Engine.dll!0x0000000065D7B247
[2018.01.29-23.21.43:938][980]LogOutputDevice: Error: UE4Editor-Engine.dll!0x0000000066F25B47
[2018.01.29-23.21.43:938][980]LogOutputDevice: Error: UE4Editor-Engine.dll!0x0000000065D3DC2F
[2018.01.29-23.21.43:938][980]LogOutputDevice: Error: UE4Editor-Engine.dll!0x0000000065D4ABCB
[2018.01.29-23.21.43:938][980]LogOutputDevice: Error: UE4Editor-Engine.dll!0x0000000066F0A871
[2018.01.29-23.21.43:938][980]LogOutputDevice: Error: UE4Editor-Engine.dll!0x0000000066484991
[2018.01.29-23.21.43:938][980]LogOutputDevice: Error: UE4Editor-Engine.dll!0x0000000066EF601E
[2018.01.29-23.21.43:938][980]LogOutputDevice: Error: UE4Editor-Engine.dll!0x00000000664A7CF6
[2018.01.29-23.21.43:938][980]LogOutputDevice: Error: UE4Editor-UnrealEd.dll!0x000000005791AE6C
[2018.01.29-23.21.43:938][980]LogOutputDevice: Error: UE4Editor-UnrealEd.dll!0x000000005794584E
[2018.01.29-23.21.43:938][980]LogOutputDevice: Error: UE4Editor-UnrealEd.dll!0x0000000057961394
[2018.01.29-23.21.43:938][980]LogOutputDevice: Error: UE4Editor-UnrealEd.dll!0x00000000573CBDF8
[2018.01.29-23.21.43:938][980]LogOutputDevice: Error: UE4Editor-UnrealEd.dll!0x0000000057C5D646
[2018.01.29-23.21.43:938][980]LogOutputDevice: Error: UE4Editor.exe!0x00000000ECCC534A
[2018.01.29-23.21.43:938][980]LogOutputDevice: Error: UE4Editor.exe!0x00000000ECCD3970
[2018.01.29-23.21.43:938][980]LogOutputDevice: Error: UE4Editor.exe!0x00000000ECCD39EA
[2018.01.29-23.21.43:938][980]LogOutputDevice: Error: UE4Editor.exe!0x00000000ECCE02D9
[2018.01.29-23.21.43:938][980]LogOutputDevice: Error: UE4Editor.exe!0x00000000ECCE1C47
[2018.01.29-23.21.43:938][980]LogOutputDevice: Error: KERNEL32.DLL!0x00000000A76C1FE4
[2018.01.29-23.21.43:938][980]LogOutputDevice: Error: ntdll.dll!0x00000000A7A2EFB1
[2018.01.29-23.21.43:938][980]LogOutputDevice: Error: 
[2018.01.29-23.21.43:949][980]LogStats:                SubmitErrorReport -  0.000 s
[2018.01.29-23.21.44:363][980]LogStats:                    SendNewReport -  0.414 s
[2018.01.29-23.21.44:363][980]LogStats:             FDebug::EnsureFailed -  0.584 s
[2018.01.29-23.21.44:363][980]LogUnrealMath: Error: FMatrix::InverseFast(), trying to invert a NIL matrix, this results in NaNs! Use Inverse() instead.
[2018.01.29-23.21.44:363][980]LogUnrealMath: Error: FMatrix::InverseFast(), trying to invert a NIL matrix, this results in NaNs! Use Inverse() instead.
[2018.01.29-23.21.44:363][980]LogUnrealMath: Error: FMatrix::InverseFast(), trying to invert a NIL matrix, this results in NaNs! Use Inverse() instead.
[2018.01.29-23.21.44:364][980]LogBlueprint: Warning: SetRelativeScale3D : Invalid Scale entered (X=0.000 Y=-nan(ind) Z=70.000). Resetting to 1.f.
[2018.01.29-23.21.44:368][980]LogUnrealMath: Error: FMatrix::InverseFast(), trying to invert a NIL matrix, this results in NaNs! Use Inverse() instead.
[2018.01.29-23.21.44:368][980]LogUnrealMath: Error: FMatrix::InverseFast(), trying to invert a NIL matrix, this results in NaNs! Use Inverse() instead.
[2018.01.29-23.21.44:368][980]LogUnrealMath: Error: FMatrix::InverseFast(), trying to invert a NIL matrix, this results in NaNs! Use Inverse() instead.
[2018.01.29-23.21.44:368][980]LogUnrealMath: Error: FMatrix::InverseFast(), trying to invert a NIL matrix, this results in NaNs! Use Inverse() instead.
[2018.01.29-23.21.44:369][980]LogBlueprint: Warning: SetRelativeScale3D : Invalid Scale entered (X=0.000 Y=-nan(ind) Z=70.000). Resetting to 1.f.
[2018.01.29-23.21.44:378][980]PIE: Play in editor start time for /Game/VirtualRealityBP/Maps/UEDPIE_0_MotionControllerMap 0.261
[2018.01.29-23.21.44:379][980]LogBlueprintUserMessages: Late PlayInEditor Detection: Level '/Game/VirtualRealityBP/Maps/MotionControllerMap.MotionControllerMap:PersistentLevel' has LevelScriptBlueprint '/Game/VirtualRealityBP/Maps/MotionControllerMap.MotionControllerMap:PersistentLevel.MotionControllerMap' with GeneratedClass '/Game/VirtualRealityBP/Maps/MotionControllerMap.MotionControllerMap_C' with ClassGeneratedBy '/Game/VirtualRealityBP/Maps/MotionControllerMap.MotionControllerMap:PersistentLevel.MotionControllerMap'
[2018.01.29-23.21.44:405][980]LogRenderer: Reallocating scene render targets to support 2720x1600 Format 26 NumSamples 1 (Frame:1).
[2018.01.29-23.22.19:485][630]LogBlueprintUserMessages: Early EndPlayMap Detection: Level '/Game/VirtualRealityBP/Maps/MotionControllerMap.MotionControllerMap:PersistentLevel' has LevelScriptBlueprint '/Game/VirtualRealityBP/Maps/MotionControllerMap.MotionControllerMap:PersistentLevel.MotionControllerMap' with GeneratedClass '/Game/VirtualRealityBP/Maps/MotionControllerMap.MotionControllerMap_C' with ClassGeneratedBy '/Game/VirtualRealityBP/Maps/MotionControllerMap.MotionControllerMap:PersistentLevel.MotionControllerMap'
[2018.01.29-23.22.19:731][630]LogBlueprintUserMessages: Late EndPlayMap Detection: Level '/Game/VirtualRealityBP/Maps/MotionControllerMap.MotionControllerMap:PersistentLevel' has LevelScriptBlueprint '/Game/VirtualRealityBP/Maps/MotionControllerMap.MotionControllerMap:PersistentLevel.MotionControllerMap' with GeneratedClass '/Game/VirtualRealityBP/Maps/MotionControllerMap.MotionControllerMap_C' with ClassGeneratedBy '/Game/VirtualRealityBP/Maps/MotionControllerMap.MotionControllerMap:PersistentLevel.MotionControllerMap'
[2018.01.29-23.29.19:775][451]LogAssetTools: Warning: Failed to import 'C:\Users\Brad\Desktop\VRWatch\Content\VirtualRealityBP\Blueprints\MenuBP\BP_ButtonParent.uasset'. Unknown extension 'uasset'.
[2018.01.29-23.29.19:796][451]LogSlate: Took 0.000676 seconds to synchronously load lazily loaded font '../../../Engine/Content/Slate/Fonts/Roboto-Light.ttf' (159K)
[2018.01.29-23.30.14:263][520]LogWindowsTextInputMethodSystem: Display: IME system now deactivated.
[2018.01.29-23.30.14:645][521]Cmd: QUIT_EDITOR
[2018.01.29-23.30.14:818][521]LogExit: Preparing to exit.
[2018.01.29-23.30.15:148][521]LogDirectoryWatcher: A directory notification for 'C:/Users/Brad/Documents/Unreal Projects/havr/Content/' was aborted.
[2018.01.29-23.30.15:151][521]PIE: UWidget::RemoveFromParent() called on '/Game/VirtualRealityBP/Maps/MotionControllerMap.MotionControllerMap:None' which has no UMG parent (if it was added directly to a native Slate widget via TakeWidget() then it must be removed explicitly rather than via RemoveFromParent())
[2018.01.29-23.30.15:190][521]LogExit: Editor shut down
[2018.01.29-23.30.15:202][521]LogExit: Transaction tracking system shut down
[2018.01.29-23.30.15:356][521]LogDirectoryWatcher: A directory notification for '../../../Engine/Content/' was aborted.
[2018.01.29-23.30.15:361][521]LogDirectoryWatcher: A directory notification for '../../../../../../Users/Brad/Documents/Unreal Projects/havr/Content/' was aborted.
[2018.01.29-23.30.15:362][521]LogDirectoryWatcher: A directory notification for '../../../Engine/Plugins/2D/Paper2D/Content/' was aborted.
[2018.01.29-23.30.15:362][521]LogDirectoryWatcher: A directory notification for '../../../Engine/Plugins/Runtime/Oculus/OculusVR/Content/' was aborted.
[2018.01.29-23.30.15:362][521]LogDirectoryWatcher: A directory notification for '../../../Engine/Plugins/Runtime/Steam/SteamVR/Content/' was aborted.
[2018.01.29-23.30.15:514][521]LogExit: Object subsystem successfully closed.
[2018.01.29-23.30.15:538][521]LogD3D11RHI: Shutdown
[2018.01.29-23.30.15:538][521]LogD3D11RHI: CleanupD3DDevice
[2018.01.29-23.30.15:543][521]LogD3D11RHI: ~FD3D11DynamicRHI
[2018.01.29-23.30.15:574][521]LogModuleManager: Shutting down and abandoning module MovieSceneCapture (532)
[2018.01.29-23.30.15:574][521]LogModuleManager: Shutting down and abandoning module HierarchicalLODOutliner (530)
[2018.01.29-23.30.15:574][521]LogModuleManager: Shutting down and abandoning module SceneOutliner (528)
[2018.01.29-23.30.15:574][521]LogModuleManager: Shutting down and abandoning module AddContentDialog (526)
[2018.01.29-23.30.15:574][521]LogDirectoryWatcher: A directory notification for 'C:/Program Files/Epic Games/UE_4.17/FeaturePacks/' was aborted.
[2018.01.29-23.30.15:576][521]LogModuleManager: Shutting down and abandoning module WidgetCarousel (525)
[2018.01.29-23.30.15:577][521]LogModuleManager: Shutting down and abandoning module EditorWidgets (522)
[2018.01.29-23.30.15:578][521]LogModuleManager: Shutting down and abandoning module CollectionManager (520)
[2018.01.29-23.30.15:578][521]LogDirectoryWatcher: A directory notification for 'C:/Users/Brad/Documents/Unreal Projects/havr/Content/Collections/' was aborted.
[2018.01.29-23.30.15:578][521]LogDirectoryWatcher: A directory notification for 'C:/Users/Brad/Documents/Unreal Projects/havr/Content/Developers/Brad/Collections/' was aborted.
[2018.01.29-23.30.15:578][521]LogDirectoryWatcher: A directory notification for 'C:/Users/Brad/Documents/Unreal Projects/havr/Saved/Collections/' was aborted.
[2018.01.29-23.30.15:578][521]LogModuleManager: Shutting down and abandoning module StatsViewer (518)
[2018.01.29-23.30.15:578][521]LogModuleManager: Shutting down and abandoning module FoliageEdit (516)
[2018.01.29-23.30.15:578][521]LogModuleManager: Shutting down and abandoning module LandscapeEditor (514)
[2018.01.29-23.30.15:578][521]LogModuleManager: Shutting down and abandoning module MeshPaintMode (512)
[2018.01.29-23.30.15:578][521]LogModuleManager: Shutting down and abandoning module SceneDepthPickerMode (510)
[2018.01.29-23.30.15:578][521]LogModuleManager: Shutting down and abandoning module ActorPickerMode (508)
[2018.01.29-23.30.15:578][521]LogModuleManager: Shutting down and abandoning module GeometryMode (506)
[2018.01.29-23.30.15:579][521]LogModuleManager: Shutting down and abandoning module TextureAlignMode (504)
[2018.01.29-23.30.15:579][521]LogModuleManager: Shutting down and abandoning module BspMode (502)
[2018.01.29-23.30.15:579][521]LogModuleManager: Shutting down and abandoning module PIEPreviewDeviceProfileSelector (500)
[2018.01.29-23.30.15:579][521]LogModuleManager: Shutting down and abandoning module HardwareSurvey (498)
[2018.01.29-23.30.15:579][521]LogModuleManager: Shutting down and abandoning module SequenceRecorderSections (496)
[2018.01.29-23.30.15:579][521]LogModuleManager: Shutting down and abandoning module AutomationWorker (494)
[2018.01.29-23.30.15:579][521]LogModuleManager: Shutting down and abandoning module MatineeToLevelSequence (492)
[2018.01.29-23.30.15:579][521]LogModuleManager: Shutting down and abandoning module LevelSequenceEditor (490)
[2018.01.29-23.30.15:579][521]LogModuleManager: Shutting down and abandoning module PlacementMode (489)
[2018.01.29-23.30.15:579][521]LogModuleManager: Shutting down and abandoning module WmfMediaFactory (486)
[2018.01.29-23.30.15:579][521]LogModuleManager: Shutting down and abandoning module WmfMediaEditor (484)
[2018.01.29-23.30.15:579][521]LogModuleManager: Shutting down and abandoning module AvfMediaFactory (482)
[2018.01.29-23.30.15:579][521]LogModuleManager: Shutting down and abandoning module AvfMediaEditor (480)
[2018.01.29-23.30.15:579][521]LogModuleManager: Shutting down and abandoning module AndroidMediaFactory (478)
[2018.01.29-23.30.15:579][521]LogModuleManager: Shutting down and abandoning module Media (477)
[2018.01.29-23.30.15:580][521]LogModuleManager: Shutting down and abandoning module AndroidMediaEditor (474)
[2018.01.29-23.30.15:580][521]LogModuleManager: Shutting down and abandoning module CharacterAI (472)
[2018.01.29-23.30.15:580][521]LogModuleManager: Shutting down and abandoning module AudioCapture (470)
[2018.01.29-23.30.15:580][521]LogModuleManager: Shutting down and abandoning module SequenceRecorder (469)
[2018.01.29-23.30.15:580][521]LogModuleManager: Shutting down and abandoning module SmartSnapping (466)
[2018.01.29-23.30.15:580][521]LogModuleManager: Shutting down and abandoning module SessionServices (464)
[2018.01.29-23.30.15:580][521]LogModuleManager: Shutting down and abandoning module ViewportSnapping (462)
[2018.01.29-23.30.15:580][521]LogModuleManager: Shutting down and abandoning module ViewportInteraction (460)
[2018.01.29-23.30.15:580][521]LogModuleManager: Shutting down and abandoning module ClothPainter (458)
[2018.01.29-23.30.15:580][521]LogModuleManager: Shutting down and abandoning module LogVisualizer (456)
[2018.01.29-23.30.15:580][521]LogModuleManager: Shutting down and abandoning module IntroTutorials (454)
[2018.01.29-23.30.15:580][521]LogModuleManager: Shutting down and abandoning module GameProjectGeneration (453)
[2018.01.29-23.30.15:580][521]LogModuleManager: Shutting down and abandoning module IOSPlatformEditor (450)
[2018.01.29-23.30.15:580][521]LogModuleManager: Shutting down and abandoning module HTML5PlatformEditor (448)
[2018.01.29-23.30.15:580][521]LogModuleManager: Shutting down and abandoning module AndroidPlatformEditor (446)
[2018.01.29-23.30.15:580][521]LogModuleManager: Shutting down and abandoning module AndroidDeviceDetection (445)
[2018.01.29-23.30.16:157][521]LogModuleManager: Shutting down and abandoning module WindowsPlatformEditor (442)
[2018.01.29-23.30.16:157][521]LogModuleManager: Shutting down and abandoning module IOSRuntimeSettings (440)
[2018.01.29-23.30.16:157][521]LogModuleManager: Shutting down and abandoning module AndroidRuntimeSettings (438)
[2018.01.29-23.30.16:157][521]LogModuleManager: Shutting down and abandoning module InputBindingEditor (436)
[2018.01.29-23.30.16:157][521]LogModuleManager: Shutting down and abandoning module MergeActors (434)
[2018.01.29-23.30.16:158][521]LogModuleManager: Shutting down and abandoning module SizeMap (432)
[2018.01.29-23.30.16:158][521]LogModuleManager: Shutting down and abandoning module TreeMap (430)
[2018.01.29-23.30.16:158][521]LogModuleManager: Shutting down and abandoning module ReferenceViewer (428)
[2018.01.29-23.30.16:158][521]LogModuleManager: Shutting down and abandoning module LocalizationDashboard (426)
[2018.01.29-23.30.16:158][521]LogModuleManager: Shutting down and abandoning module LocalizationService (425)
[2018.01.29-23.30.16:158][521]LogModuleManager: Shutting down and abandoning module HardwareTargeting (422)
[2018.01.29-23.30.16:158][521]LogModuleManager: Shutting down and abandoning module DeviceProfileEditor (420)
[2018.01.29-23.30.16:158][521]LogModuleManager: Shutting down and abandoning module UndoHistory (418)
[2018.01.29-23.30.16:158][521]LogModuleManager: Shutting down and abandoning module XmlParser (416)
[2018.01.29-23.30.16:158][521]LogModuleManager: Shutting down and abandoning module Blutility (414)
[2018.01.29-23.30.16:158][521]LogModuleManager: Shutting down and abandoning module ProjectSettingsViewer (412)
[2018.01.29-23.30.16:158][521]LogModuleManager: Shutting down and abandoning module ProjectTargetPlatformEditor (411)
[2018.01.29-23.30.16:158][521]LogModuleManager: Shutting down and abandoning module EditorSettingsViewer (408)
[2018.01.29-23.30.16:158][521]LogModuleManager: Shutting down and abandoning module SettingsEditor (406)
[2018.01.29-23.30.16:158][521]LogModuleManager: Shutting down and abandoning module ProjectLauncher (404)
[2018.01.29-23.30.16:158][521]LogModuleManager: Shutting down and abandoning module SessionFrontend (402)
[2018.01.29-23.30.16:159][521]LogModuleManager: Shutting down and abandoning module ProfilerClient (400)
[2018.01.29-23.30.16:159][521]LogModuleManager: Shutting down and abandoning module DeviceManager (398)
[2018.01.29-23.30.16:159][521]LogModuleManager: Shutting down and abandoning module TargetDeviceServices (397)
[2018.01.29-23.30.16:224][521]LogModuleManager: Shutting down and abandoning module AutomationController (394)
[2018.01.29-23.30.16:224][521]LogModuleManager: Shutting down and abandoning module AutomationWindow (392)
[2018.01.29-23.30.16:224][521]LogModuleManager: Shutting down and abandoning module Layers (390)
[2018.01.29-23.30.16:224][521]LogModuleManager: Shutting down and abandoning module ComponentVisualizers (388)
[2018.01.29-23.30.16:224][521]LogModuleManager: Shutting down and abandoning module DetailCustomizations (386)
[2018.01.29-23.30.16:224][521]LogModuleManager: Shutting down and abandoning module PackagesDialog (384)
[2018.01.29-23.30.16:224][521]LogModuleManager: Shutting down and abandoning module Persona (382)
[2018.01.29-23.30.16:225][521]LogModuleManager: Shutting down and abandoning module AdvancedPreviewScene (381)
[2018.01.29-23.30.16:225][521]LogModuleManager: Shutting down and abandoning module AnimGraph (379)
[2018.01.29-23.30.16:225][521]LogModuleManager: Shutting down and abandoning module Kismet (376)
[2018.01.29-23.30.16:237][521]LogModuleManager: Shutting down and abandoning module ClassViewer (374)
[2018.01.29-23.30.16:237][521]LogModuleManager: Shutting down and abandoning module Toolbox (372)
[2018.01.29-23.30.16:237][521]LogModuleManager: Shutting down and abandoning module ModuleUI (370)
[2018.01.29-23.30.16:237][521]LogModuleManager: Shutting down and abandoning module MovieSceneTools (368)
[2018.01.29-23.30.16:237][521]LogModuleManager: Shutting down and abandoning module OutputLog (366)
[2018.01.29-23.30.16:237][521]LogModuleManager: Shutting down and abandoning module GammaUI (364)
[2018.01.29-23.30.16:237][521]LogModuleManager: Shutting down and abandoning module Documentation (362)
[2018.01.29-23.30.16:237][521]LogModuleManager: Shutting down and abandoning module MovieSceneTracks (360)
[2018.01.29-23.30.16:237][521]LogModuleManager: Shutting down and abandoning module MovieScene (358)
[2018.01.29-23.30.16:237][521]LogModuleManager: Shutting down and abandoning module Niagara (356)
[2018.01.29-23.30.16:237][521]LogModuleManager: Shutting down and abandoning module NiagaraEditor (355)
[2018.01.29-23.30.16:237][521]LogModuleManager: Shutting down and abandoning module StreamingPauseRendering (352)
[2018.01.29-23.30.16:237][521]LogModuleManager: Shutting down and abandoning module LauncherPlatform (350)
[2018.01.29-23.30.16:237][521]LogModuleManager: Shutting down and abandoning module AnalyticsET (348)
[2018.01.29-23.30.16:237][521]LogModuleManager: Shutting down and abandoning module PortalServices (346)
[2018.01.29-23.30.16:237][521]LogModuleManager: Shutting down and abandoning module PortalRpc (344)
[2018.01.29-23.30.16:237][521]LogModuleManager: Shutting down and abandoning module MessagingRpc (342)
[2018.01.29-23.30.16:237][521]LogModuleManager: Shutting down and abandoning module AIModule (340)
[2018.01.29-23.30.16:237][521]LogModuleManager: Shutting down and abandoning module GameplayDebugger (339)
[2018.01.29-23.30.16:237][521]LogModuleManager: Shutting down and abandoning module AITestSuite (337)
[2018.01.29-23.30.16:237][521]LogModuleManager: Shutting down and abandoning module ProfilerService (334)
[2018.01.29-23.30.16:334][521]LogModuleManager: Shutting down and abandoning module TaskGraph (332)
[2018.01.29-23.30.16:334][521]LogModuleManager: Shutting down and abandoning module SteamVRController (330)
[2018.01.29-23.30.16:334][521]LogModuleManager: Shutting down and abandoning module ProceduralMeshComponentEditor (328)
[2018.01.29-23.30.16:334][521]LogModuleManager: Shutting down and abandoning module ProceduralMeshComponent (326)
[2018.01.29-23.30.16:335][521]LogModuleManager: Shutting down and abandoning module OculusInput (324)
[2018.01.29-23.30.16:335][521]LogModuleManager: Shutting down and abandoning module MobilePatchingUtils (322)
[2018.01.29-23.30.16:335][521]LogModuleManager: Shutting down and abandoning module CustomMeshComponent (320)
[2018.01.29-23.30.16:335][521]LogModuleManager: Shutting down and abandoning module CableComponent (318)
[2018.01.29-23.30.16:335][521]LogModuleManager: Shutting down and abandoning module ArchVisCharacter (316)
[2018.01.29-23.30.16:335][521]LogModuleManager: Shutting down and abandoning module AndroidPermission (314)
[2018.01.29-23.30.16:335][521]LogModuleManager: Shutting down and abandoning module MediaPlayerEditor (310)
[2018.01.29-23.30.16:335][521]LogModuleManager: Shutting down and abandoning module HTML5Networking (308)
[2018.01.29-23.30.16:335][521]LogModuleManager: Shutting down and abandoning module AlembicImporter (306)
[2018.01.29-23.30.16:335][521]LogModuleManager: Shutting down and abandoning module AlembicLibrary (305)
[2018.01.29-23.30.16:335][521]LogModuleManager: Shutting down and abandoning module GeometryCache (304)
[2018.01.29-23.30.16:335][521]LogModuleManager: Shutting down and abandoning module GeometryCacheEd (303)
[2018.01.29-23.30.16:335][521]LogModuleManager: Shutting down and abandoning module SpeedTreeImporter (298)
[2018.01.29-23.30.16:335][521]LogModuleManager: Shutting down and abandoning module PluginBrowser (296)
[2018.01.29-23.30.16:335][521]LogModuleManager: Shutting down and abandoning module MobileLauncherProfileWizard (294)
[2018.01.29-23.30.16:335][521]LogModuleManager: Shutting down and abandoning module VisualStudioSourceCodeAccess (292)
[2018.01.29-23.30.16:335][521]LogModuleManager: Shutting down and abandoning module DesktopPlatform (291)
[2018.01.29-23.30.16:335][521]LogModuleManager: Shutting down and abandoning module UObjectPlugin (288)
[2018.01.29-23.30.16:335][521]LogModuleManager: Shutting down and abandoning module SubversionSourceControl (286)
[2018.01.29-23.30.16:335][521]LogModuleManager: Shutting down and abandoning module PerforceSourceControl (284)
[2018.01.29-23.30.16:335][521]LogModuleManager: Shutting down and abandoning module GitSourceControl (282)
[2018.01.29-23.30.16:335][521]LogModuleManager: Shutting down and abandoning module SourceControl (281)
[2018.01.29-23.30.16:335][521]LogModuleManager: Shutting down and abandoning module LightPropagationVolumeEditor (278)
[2018.01.29-23.30.16:335][521]LogModuleManager: Shutting down and abandoning module PaperTiledImporter (276)
[2018.01.29-23.30.16:335][521]LogModuleManager: Shutting down and abandoning module PaperSpriteSheetImporter (274)
[2018.01.29-23.30.16:335][521]LogModuleManager: Shutting down and abandoning module Paper2DEditor (272)
[2018.01.29-23.30.16:335][521]LogModuleManager: Shutting down and abandoning module MeshPaint (271)
[2018.01.29-23.30.16:335][521]LogModuleManager: Shutting down and abandoning module LevelEditor (269)
[2018.01.29-23.30.16:337][521]LogModuleManager: Shutting down and abandoning module PixelInspectorModule (268)
[2018.01.29-23.30.16:337][521]LogModuleManager: Shutting down and abandoning module MainFrame (266)
[2018.01.29-23.30.16:338][521]LogModuleManager: Shutting down and abandoning module HotReload (265)
[2018.01.29-23.30.16:338][521]LogModuleManager: Shutting down and abandoning module RuntimePhysXCooking (260)
[2018.01.29-23.30.16:338][521]LogModuleManager: Shutting down and abandoning module PhysXVehiclesEditor (258)
[2018.01.29-23.30.16:338][521]LogModuleManager: Shutting down and abandoning module PhysXVehicles (256)
[2018.01.29-23.30.16:338][521]LogModuleManager: Shutting down and abandoning module OculusEditor (254)
[2018.01.29-23.30.16:338][521]LogModuleManager: Shutting down and abandoning module LocationServicesBPLibrary (252)
[2018.01.29-23.30.16:338][521]LogModuleManager: Shutting down and abandoning module ImmediatePhysicsEditor (250)
[2018.01.29-23.30.16:338][521]LogModuleManager: Shutting down and abandoning module ImmediatePhysics (248)
[2018.01.29-23.30.16:338][521]LogModuleManager: Shutting down and abandoning module UdpMessaging (246)
[2018.01.29-23.30.16:438][521]LogModuleManager: Shutting down and abandoning module TcpMessaging (244)
[2018.01.29-23.30.16:539][521]LogModuleManager: Shutting down and abandoning module GameplayTagsEditor (242)
[2018.01.29-23.30.16:539][521]LogModuleManager: Shutting down and abandoning module FacialAnimationEditor (240)
[2018.01.29-23.30.16:539][521]LogModuleManager: Shutting down and abandoning module FacialAnimation (238)
[2018.01.29-23.30.16:539][521]LogModuleManager: Shutting down and abandoning module AssetManagerEditor (236)
[2018.01.29-23.30.16:539][521]LogModuleManager: Shutting down and abandoning module GraphEditor (235)
[2018.01.29-23.30.16:539][521]LogModuleManager: Shutting down and abandoning module ContentBrowser (233)
[2018.01.29-23.30.16:540][521]LogModuleManager: Shutting down and abandoning module LightPropagationVolumeRuntime (230)
[2018.01.29-23.30.16:540][521]LogModuleManager: Shutting down and abandoning module Paper2D (228)
[2018.01.29-23.30.16:540][521]LogModuleManager: Shutting down and abandoning module WindowsMoviePlayer (226)
[2018.01.29-23.30.16:541][521]LogModuleManager: Shutting down and abandoning module WmfMedia (224)
[2018.01.29-23.30.16:547][521]LogModuleManager: Shutting down and abandoning module PacketHandler (222)
[2018.01.29-23.30.16:547][521]LogModuleManager: Shutting down and abandoning module ClothingSystemEditor (220)
[2018.01.29-23.30.16:547][521]LogModuleManager: Shutting down and abandoning module ClothingSystemRuntime (218)
[2018.01.29-23.30.16:547][521]LogModuleManager: Shutting down and abandoning module Overlay (216)
[2018.01.29-23.30.16:548][521]LogModuleManager: Shutting down and abandoning module OverlayEditor (215)
[2018.01.29-23.30.16:548][521]LogModuleManager: Shutting down and abandoning module MediaAssets (212)
[2018.01.29-23.30.16:548][521]LogModuleManager: Shutting down and abandoning module VREditor (210)
[2018.01.29-23.30.16:548][521]LogModuleManager: Shutting down and abandoning module StringTableEditor (208)
[2018.01.29-23.30.16:548][521]LogModuleManager: Shutting down and abandoning module GameplayTasksEditor (206)
[2018.01.29-23.30.16:548][521]LogModuleManager: Shutting down and abandoning module BehaviorTreeEditor (204)
[2018.01.29-23.30.16:548][521]LogModuleManager: Shutting down and abandoning module FunctionalTesting (202)
[2018.01.29-23.30.16:548][521]LogModuleManager: Shutting down and abandoning module CollisionAnalyzer (200)
[2018.01.29-23.30.16:548][521]LogModuleManager: Shutting down and abandoning module WorkspaceMenuStructure (199)
[2018.01.29-23.30.16:548][521]LogModuleManager: Shutting down and abandoning module UMG (196)
[2018.01.29-23.30.16:548][521]LogModuleManager: Shutting down and abandoning module UMGEditor (195)
[2018.01.29-23.30.16:548][521]LogModuleManager: Shutting down and abandoning module Sequencer (194)
[2018.01.29-23.30.16:548][521]LogModuleManager: Shutting down and abandoning module MessageLog (191)
[2018.01.29-23.30.16:548][521]LogModuleManager: Shutting down and abandoning module SlateReflector (186)
[2018.01.29-23.30.16:548][521]LogModuleManager: Shutting down and abandoning module Slate (184)
[2018.01.29-23.30.16:548][521]LogModuleManager: Shutting down and abandoning module EditorStyle (182)
[2018.01.29-23.30.16:550][521]LogModuleManager: Shutting down and abandoning module MRMesh (180)
[2018.01.29-23.30.16:550][521]LogModuleManager: Shutting down and abandoning module SourceCodeAccess (178)
[2018.01.29-23.30.16:550][521]LogModuleManager: Shutting down and abandoning module HeadMountedDisplay (176)
[2018.01.29-23.30.16:550][521]LogModuleManager: Shutting down and abandoning module XAudio2 (174)
[2018.01.29-23.30.16:550][521]LogModuleManager: Shutting down and abandoning module Networking (172)
[2018.01.29-23.30.16:550][521]LogModuleManager: Shutting down and abandoning module Core (168)
[2018.01.29-23.30.16:550][521]LogModuleManager: Shutting down and abandoning module KismetCompiler (164)
[2018.01.29-23.30.16:550][521]LogModuleManager: Shutting down and abandoning module LevelSequence (162)
[2018.01.29-23.30.16:550][521]LogModuleManager: Shutting down and abandoning module MeshUtilities (160)
[2018.01.29-23.30.16:550][521]LogModuleManager: Shutting down and abandoning module MeshMergeUtilities (159)
[2018.01.29-23.30.16:550][521]LogModuleManager: Shutting down and abandoning module MeshReductionInterface (158)
[2018.01.29-23.30.16:550][521]LogModuleManager: Shutting down and abandoning module SimplygonSwarm (157)
[2018.01.29-23.30.16:550][521]LogModuleManager: Shutting down and abandoning module SimplygonMeshReduction (155)
[2018.01.29-23.30.16:550][521]LogModuleManager: Shutting down and abandoning module QuadricMeshReduction (153)
[2018.01.29-23.30.16:550][521]LogModuleManager: Shutting down and abandoning module MaterialBaking (149)
[2018.01.29-23.30.16:550][521]LogModuleManager: Shutting down and abandoning module DirectoryWatcher (146)
[2018.01.29-23.30.16:551][521]LogModuleManager: Shutting down and abandoning module DerivedDataCache (144)
[2018.01.29-23.30.16:583][521]LogDerivedDataCache: Shutdown
[2018.01.29-23.30.16:583][521]LogModuleManager: Shutting down and abandoning module TargetPlatform (142)
[2018.01.29-23.30.16:583][521]LogModuleManager: Shutting down and abandoning module VulkanShaderFormat (141)
[2018.01.29-23.30.16:583][521]LogModuleManager: Shutting down and abandoning module ShaderFormatVectorVM (139)
[2018.01.29-23.30.16:583][521]LogModuleManager: Shutting down and abandoning module ShaderFormatOpenGL (137)
[2018.01.29-23.30.16:583][521]LogModuleManager: Shutting down and abandoning module ShaderFormatD3D (135)
[2018.01.29-23.30.16:583][521]LogModuleManager: Shutting down and abandoning module MetalShaderFormat (133)
[2018.01.29-23.30.16:583][521]LogModuleManager: Shutting down and abandoning module TextureFormatUncompressed (131)
[2018.01.29-23.30.16:583][521]LogModuleManager: Shutting down and abandoning module TextureFormatPVR (129)
[2018.01.29-23.30.16:583][521]LogModuleManager: Shutting down and abandoning module TextureFormatDXT (127)
[2018.01.29-23.30.16:583][521]LogModuleManager: Shutting down and abandoning module TextureFormatIntelISPCTexComp (125)
[2018.01.29-23.30.16:583][521]LogModuleManager: Shutting down and abandoning module TextureFormatASTC (123)
[2018.01.29-23.30.16:583][521]LogModuleManager: Shutting down and abandoning module ImageWrapper (122)
[2018.01.29-23.30.16:584][521]LogModuleManager: Shutting down and abandoning module TextureFormatAndroid (119)
[2018.01.29-23.30.16:584][521]LogModuleManager: Shutting down and abandoning module AudioFormatOpus (117)
[2018.01.29-23.30.16:584][521]LogModuleManager: Shutting down and abandoning module AudioFormatOgg (115)
[2018.01.29-23.30.16:584][521]LogModuleManager: Shutting down and abandoning module AudioFormatADPCM (113)
[2018.01.29-23.30.16:584][521]LogModuleManager: Shutting down and abandoning module LinuxTargetPlatform (111)
[2018.01.29-23.30.16:584][521]LogModuleManager: Shutting down and abandoning module LinuxServerTargetPlatform (109)
[2018.01.29-23.30.16:584][521]LogModuleManager: Shutting down and abandoning module LinuxNoEditorTargetPlatform (107)
[2018.01.29-23.30.16:584][521]LogModuleManager: Shutting down and abandoning module LinuxClientTargetPlatform (105)
[2018.01.29-23.30.16:584][521]LogModuleManager: Shutting down and abandoning module TVOSTargetPlatform (103)
[2018.01.29-23.30.16:584][521]LogModuleManager: Shutting down and abandoning module Messaging (101)
[2018.01.29-23.30.16:584][521]LogModuleManager: Shutting down and abandoning module IOSTargetPlatform (99)
[2018.01.29-23.30.16:584][521]LogModuleManager: Shutting down and abandoning module HTML5TargetPlatform (97)
[2018.01.29-23.30.16:584][521]LogModuleManager: Shutting down and abandoning module Android_PVRTCTargetPlatform (95)
[2018.01.29-23.30.16:584][521]LogModuleManager: Shutting down and abandoning module Android_MultiTargetPlatform (93)
[2018.01.29-23.30.16:584][521]LogModuleManager: Shutting down and abandoning module Android_ETC2TargetPlatform (91)
[2018.01.29-23.30.16:584][521]LogModuleManager: Shutting down and abandoning module Android_ETC1TargetPlatform (89)
[2018.01.29-23.30.16:584][521]LogModuleManager: Shutting down and abandoning module Android_DXTTargetPlatform (87)
[2018.01.29-23.30.16:584][521]LogModuleManager: Shutting down and abandoning module Android_ATCTargetPlatform (85)
[2018.01.29-23.30.16:584][521]LogModuleManager: Shutting down and abandoning module Android_ASTCTargetPlatform (83)
[2018.01.29-23.30.16:584][521]LogModuleManager: Shutting down and abandoning module AndroidTargetPlatform (81)
[2018.01.29-23.30.16:584][521]LogModuleManager: Shutting down and abandoning module WindowsTargetPlatform (79)
[2018.01.29-23.30.16:584][521]LogModuleManager: Shutting down and abandoning module WindowsServerTargetPlatform (77)
[2018.01.29-23.30.16:584][521]LogModuleManager: Shutting down and abandoning module WindowsNoEditorTargetPlatform (75)
[2018.01.29-23.30.16:584][521]LogModuleManager: Shutting down and abandoning module WindowsClientTargetPlatform (73)
[2018.01.29-23.30.16:584][521]LogModuleManager: Shutting down and abandoning module MacTargetPlatform (71)
[2018.01.29-23.30.16:584][521]LogModuleManager: Shutting down and abandoning module MacServerTargetPlatform (69)
[2018.01.29-23.30.16:584][521]LogModuleManager: Shutting down and abandoning module MacNoEditorTargetPlatform (67)
[2018.01.29-23.30.16:584][521]LogModuleManager: Shutting down and abandoning module MacClientTargetPlatform (65)
[2018.01.29-23.30.16:584][521]LogModuleManager: Shutting down and abandoning module AllDesktopTargetPlatform (63)
[2018.01.29-23.30.16:584][521]LogModuleManager: Shutting down and abandoning module InputCore (60)
[2018.01.29-23.30.16:584][521]LogModuleManager: Shutting down and abandoning module Settings (58)
[2018.01.29-23.30.16:584][521]LogModuleManager: Shutting down and abandoning module PhysXCooking (56)
[2018.01.29-23.30.16:584][521]LogModuleManager: Shutting down and abandoning module SteamVR (54)
[2018.01.29-23.30.16:584][521]LogModuleManager: Shutting down and abandoning module OculusHMD (52)
[2018.01.29-23.30.16:584][521]LogModuleManager: Shutting down and abandoning module ExampleDeviceProfileSelector (50)
[2018.01.29-23.30.16:584][521]LogModuleManager: Shutting down and abandoning module OnlineBlueprintSupport (48)
[2018.01.29-23.30.16:584][521]LogModuleManager: Shutting down and abandoning module OnlineSubsystem (44)
[2018.01.29-23.30.16:584][521]LogOnline: Display: Unloading online subsystem: NULL
[2018.01.29-23.30.16:584][521]LogModuleManager: Shutting down and abandoning module XMPP (43)
[2018.01.29-23.30.16:584][521]LogModuleManager: Shutting down and abandoning module HTTP (41)
[2018.01.29-23.30.16:584][521]LogHttp: Display: Http module shutting down, but needs to wait on 1 outstanding Http requests:
[2018.01.29-23.30.16:584][521]LogHttp: Display: 	verb=[POST] url=[https://datarouter.ol.epicgames.com/datarouter/api/v1/public/data?SessionID=%7B8DF7A2DB-4818-F1DD-0124-5697C3062AF3%7D&AppID=UEEditor.Rocket.Release&AppVersion=4.17.2-3658906%2B%2B%2BUE4%2BRelease-4.17&UserID=f3de0f9440d7aa1242fbf189e10a3c48%7C3b358db9697144059ebfd7a116889269%7C51dbd286-d0c8-4618-b21c-352298b6b129&AppEnvironment=datacollector-binary&UploadType=eteventstream] status=Processing
[2018.01.29-23.30.16:616][521]LogModuleManager: Shutting down and abandoning module SSL (40)
[2018.01.29-23.30.16:617][521]LogModuleManager: Shutting down and abandoning module AnimationModifiers (36)
[2018.01.29-23.30.16:618][521]LogModuleManager: Shutting down and abandoning module PropertyEditor (35)
[2018.01.29-23.30.16:618][521]LogModuleManager: Shutting down and abandoning module AudioEditor (32)
[2018.01.29-23.30.16:618][521]LogModuleManager: Shutting down and abandoning module TextureCompressor (30)
[2018.01.29-23.30.16:618][521]LogModuleManager: Shutting down and abandoning module ShaderCore (28)
[2018.01.29-23.30.16:618][521]LogModuleManager: Shutting down and abandoning module Landscape (26)
[2018.01.29-23.30.16:618][521]LogModuleManager: Shutting down and abandoning module SlateRHIRenderer (24)
[2018.01.29-23.30.16:618][521]LogModuleManager: Shutting down and abandoning module OpenGLDrv (22)
[2018.01.29-23.30.16:618][521]LogModuleManager: Shutting down and abandoning module D3D11RHI (20)
[2018.01.29-23.30.16:618][521]LogModuleManager: Shutting down and abandoning module AnimGraphRuntime (18)
[2018.01.29-23.30.16:618][521]LogModuleManager: Shutting down and abandoning module Renderer (16)
[2018.01.29-23.30.16:618][521]LogModuleManager: Shutting down and abandoning module Engine (14)
[2018.01.29-23.30.16:618][521]LogModuleManager: Shutting down and abandoning module CoreUObject (12)
[2018.01.29-23.30.16:618][521]LogModuleManager: Shutting down and abandoning module NetworkFile (10)
[2018.01.29-23.30.16:618][521]LogModuleManager: Shutting down and abandoning module CookedIterativeFile (8)
[2018.01.29-23.30.16:618][521]LogModuleManager: Shutting down and abandoning module StreamingFile (6)
[2018.01.29-23.30.16:618][521]LogModuleManager: Shutting down and abandoning module SandboxFile (4)
[2018.01.29-23.30.16:618][521]LogModuleManager: Shutting down and abandoning module PakFile (2)
[2018.01.29-23.30.16:639][521]LogExit: Exiting.
[2018.01.29-23.30.16:659][521]Log file closed, 01/29/18 17:30:16
