Log file open, 04/28/18 12:21:32
LogWindows: Failed to load 'aqProf.dll' (GetLastError=126)
LogWindows: File 'aqProf.dll' does not exist
LogWindows: Failed to load 'VSPerf140.dll' (GetLastError=126)
LogWindows: File 'VSPerf140.dll' does not exist
LogWindows: Failed to load 'VtuneApi.dll' (GetLastError=126)
LogWindows: File 'VtuneApi.dll' does not exist
LogWindows: Failed to load 'VtuneApi32e.dll' (GetLastError=126)
LogWindows: File 'VtuneApi32e.dll' does not exist
LogInit: Display: Running engine for game: havr
LogPlatformFile: Not using cached read wrapper
LogInit: Display: RandInit(1847006682) SRandInit(1847006682).
LogInit: Read version file with build ID '3944462'
LogInit: Overriding engine version to CL 3944462, compatible CL 3944462
LogInit: Registered custom module enumerator with build ID '3944462'
LogTaskGraph: Started task graph with 5 named threads and 14 total threads with 3 sets of task threads.
LogStats: Stats thread started at 0.181899
LogD3D11RHI: Aftermath initialized
LogICUInternationalization: Display: ICU TimeZone Detection - Raw Offset: -6:00, Platform Override: ''
LogModuleManager: Display: Found up-to-date module file ../../../Engine/Plugins/2D/Paper2D/Binaries/Win64/UE4Editor-Paper2D.dll (API version 3944462).
LogModuleManager: Display: Found up-to-date module file ../../../Engine/Plugins/2D/Paper2D/Binaries/Win64/UE4Editor-Paper2DEditor.dll (API version 3944462).
LogModuleManager: Display: Found up-to-date module file ../../../Engine/Plugins/2D/Paper2D/Binaries/Win64/UE4Editor-PaperSpriteSheetImporter.dll (API version 3944462).
LogModuleManager: Display: Found up-to-date module file ../../../Engine/Plugins/2D/Paper2D/Binaries/Win64/UE4Editor-PaperTiledImporter.dll (API version 3944462).
LogModuleManager: Display: Found up-to-date module file ../../../Engine/Plugins/2D/Paper2D/Binaries/Win64/UE4Editor-SmartSnapping.dll (API version 3944462).
LogModuleManager: Display: Found up-to-date module file ../../../Engine/Plugins/Blendables/LightPropagationVolume/Binaries/Win64/UE4Editor-LightPropagationVolumeRuntime.dll (API version 3944462).
LogModuleManager: Display: Found up-to-date module file ../../../Engine/Plugins/Blendables/LightPropagationVolume/Binaries/Win64/UE4Editor-LightPropagationVolumeEditor.dll (API version 3944462).
LogModuleManager: Display: Found up-to-date module file ../../../Engine/Plugins/Developer/CLionSourceCodeAccess/Binaries/Win64/UE4Editor-CLionSourceCodeAccess.dll (API version 3944462).
LogModuleManager: Display: Found up-to-date module file ../../../Engine/Plugins/Developer/GitSourceControl/Binaries/Win64/UE4Editor-GitSourceControl.dll (API version 3944462).
LogModuleManager: Display: Found up-to-date module file ../../../Engine/Plugins/Developer/PerforceSourceControl/Binaries/Win64/UE4Editor-PerforceSourceControl.dll (API version 3944462).
LogModuleManager: Display: Found up-to-date module file ../../../Engine/Plugins/Developer/SubversionSourceControl/Binaries/Win64/UE4Editor-SubversionSourceControl.dll (API version 3944462).
LogModuleManager: Display: Found up-to-date module file ../../../Engine/Plugins/Developer/UObjectPlugin/Binaries/Win64/UE4Editor-UObjectPlugin.dll (API version 3944462).
LogModuleManager: Display: Found up-to-date module file ../../../Engine/Plugins/Developer/VisualStudioCodeSourceCodeAccess/Binaries/Win64/UE4Editor-VisualStudioCodeSourceCodeAccess.dll (API version 3944462).
LogModuleManager: Display: Found up-to-date module file ../../../Engine/Plugins/Developer/VisualStudioSourceCodeAccess/Binaries/Win64/UE4Editor-VisualStudioSourceCodeAccess.dll (API version 3944462).
LogModuleManager: Display: Found up-to-date module file ../../../Engine/Plugins/Editor/AssetManagerEditor/Binaries/Win64/UE4Editor-AssetManagerEditor.dll (API version 3944462).
LogModuleManager: Display: Found up-to-date module file ../../../Engine/Plugins/Editor/CryptoKeys/Binaries/Win64/UE4Editor-CryptoKeys.dll (API version 3944462).
LogModuleManager: Display: Found up-to-date module file ../../../Engine/Plugins/Editor/CryptoKeys/Binaries/Win64/UE4Editor-CryptoKeysOpenSSL.dll (API version 3944462).
LogModuleManager: Display: Found up-to-date module file ../../../Engine/Plugins/Editor/DataValidation/Binaries/Win64/UE4Editor-DataValidation.dll (API version 3944462).
LogModuleManager: Display: Found up-to-date module file ../../../Engine/Plugins/Editor/FacialAnimation/Binaries/Win64/UE4Editor-FacialAnimation.dll (API version 3944462).
LogModuleManager: Display: Found up-to-date module file ../../../Engine/Plugins/Editor/FacialAnimation/Binaries/Win64/UE4Editor-FacialAnimationEditor.dll (API version 3944462).
LogModuleManager: Display: Found up-to-date module file ../../../Engine/Plugins/Editor/GameplayTagsEditor/Binaries/Win64/UE4Editor-GameplayTagsEditor.dll (API version 3944462).
LogModuleManager: Display: Found up-to-date module file ../../../Engine/Plugins/Editor/MobileLauncherProfileWizard/Binaries/Win64/UE4Editor-MobileLauncherProfileWizard.dll (API version 3944462).
LogModuleManager: Display: Found up-to-date module file ../../../Engine/Plugins/Editor/PluginBrowser/Binaries/Win64/UE4Editor-PluginBrowser.dll (API version 3944462).
LogModuleManager: Display: Found up-to-date module file ../../../Engine/Plugins/Editor/SpeedTreeImporter/Binaries/Win64/UE4Editor-SpeedTreeImporter.dll (API version 3944462).
LogModuleManager: Display: Found up-to-date module file ../../../Engine/Plugins/Enterprise/DatasmithContent/Binaries/Win64/UE4Editor-DatasmithContent.dll (API version 3944462).
LogModuleManager: Display: Found up-to-date module file ../../../Engine/Plugins/Experimental/AlembicImporter/Binaries/Win64/UE4Editor-AlembicImporter.dll (API version 3944462).
LogModuleManager: Display: Found up-to-date module file ../../../Engine/Plugins/Experimental/AlembicImporter/Binaries/Win64/UE4Editor-AlembicLibrary.dll (API version 3944462).
LogModuleManager: Display: Found up-to-date module file ../../../Engine/Plugins/Experimental/CharacterAI/Binaries/Win64/UE4Editor-CharacterAI.dll (API version 3944462).
LogModuleManager: Display: Found up-to-date module file ../../../Engine/Plugins/Experimental/HTML5Networking/Binaries/Win64/UE4Editor-HTML5Networking.dll (API version 3944462).
LogModuleManager: Display: Found up-to-date module file ../../../Engine/Plugins/Media/AndroidMedia/Binaries/Win64/UE4Editor-AndroidMediaEditor.dll (API version 3944462).
LogModuleManager: Display: Found up-to-date module file ../../../Engine/Plugins/Media/AndroidMedia/Binaries/Win64/UE4Editor-AndroidMediaFactory.dll (API version 3944462).
LogModuleManager: Display: Found up-to-date module file ../../../Engine/Plugins/Media/AvfMedia/Binaries/Win64/UE4Editor-AvfMediaEditor.dll (API version 3944462).
LogModuleManager: Display: Found up-to-date module file ../../../Engine/Plugins/Media/AvfMedia/Binaries/Win64/UE4Editor-AvfMediaFactory.dll (API version 3944462).
LogModuleManager: Display: Found up-to-date module file ../../../Engine/Plugins/Media/AvfMedia/Binaries/Win64/UE4Editor-AvfMediaFactory.dll (API version 3944462).
LogModuleManager: Display: Found up-to-date module file ../../../Engine/Plugins/Media/ImgMedia/Binaries/Win64/UE4Editor-ImgMedia.dll (API version 3944462).
LogModuleManager: Display: Found up-to-date module file ../../../Engine/Plugins/Media/ImgMedia/Binaries/Win64/UE4Editor-ImgMediaEditor.dll (API version 3944462).
LogModuleManager: Display: Found up-to-date module file ../../../Engine/Plugins/Media/ImgMedia/Binaries/Win64/UE4Editor-ImgMediaFactory.dll (API version 3944462).
LogModuleManager: Display: Found up-to-date module file ../../../Engine/Plugins/Media/ImgMedia/Binaries/Win64/UE4Editor-ImgMediaFactory.dll (API version 3944462).
LogModuleManager: Display: Found up-to-date module file ../../../Engine/Plugins/Media/ImgMedia/Binaries/Win64/UE4Editor-OpenExrWrapper.dll (API version 3944462).
LogModuleManager: Display: Found up-to-date module file ../../../Engine/Plugins/Media/LinearTimecode/Binaries/Win64/UE4Editor-LinearTimecode.dll (API version 3944462).
LogModuleManager: Display: Found up-to-date module file ../../../Engine/Plugins/Media/MediaCompositing/Binaries/Win64/UE4Editor-MediaCompositing.dll (API version 3944462).
LogModuleManager: Display: Found up-to-date module file ../../../Engine/Plugins/Media/MediaCompositing/Binaries/Win64/UE4Editor-MediaCompositingEditor.dll (API version 3944462).
LogModuleManager: Display: Found up-to-date module file ../../../Engine/Plugins/Media/MediaPlayerEditor/Binaries/Win64/UE4Editor-MediaPlayerEditor.dll (API version 3944462).
LogModuleManager: Display: Found up-to-date module file ../../../Engine/Plugins/Media/WmfMedia/Binaries/Win64/UE4Editor-WmfMedia.dll (API version 3944462).
LogModuleManager: Display: Found up-to-date module file ../../../Engine/Plugins/Media/WmfMedia/Binaries/Win64/UE4Editor-WmfMediaEditor.dll (API version 3944462).
LogModuleManager: Display: Found up-to-date module file ../../../Engine/Plugins/Media/WmfMedia/Binaries/Win64/UE4Editor-WmfMediaFactory.dll (API version 3944462).
LogModuleManager: Display: Found up-to-date module file ../../../Engine/Plugins/Media/WmfMedia/Binaries/Win64/UE4Editor-WmfMediaFactory.dll (API version 3944462).
LogModuleManager: Display: Found up-to-date module file ../../../Engine/Plugins/Messaging/TcpMessaging/Binaries/Win64/UE4Editor-TcpMessaging.dll (API version 3944462).
LogModuleManager: Display: Found up-to-date module file ../../../Engine/Plugins/Messaging/UdpMessaging/Binaries/Win64/UE4Editor-UdpMessaging.dll (API version 3944462).
LogModuleManager: Display: Found up-to-date module file ../../../Engine/Plugins/MovieScene/ActorSequence/Binaries/Win64/UE4Editor-ActorSequence.dll (API version 3944462).
LogModuleManager: Display: Found up-to-date module file ../../../Engine/Plugins/MovieScene/LevelSequenceEditor/Binaries/Win64/UE4Editor-LevelSequenceEditor.dll (API version 3944462).
LogModuleManager: Display: Found up-to-date module file ../../../Engine/Plugins/MovieScene/MatineeToLevelSequence/Binaries/Win64/UE4Editor-MatineeToLevelSequence.dll (API version 3944462).
LogModuleManager: Display: Found up-to-date module file ../../../Engine/Plugins/NetcodeUnitTest/NetcodeUnitTest/Binaries/Win64/UE4Editor-NetcodeUnitTest.dll (API version 3944462).
LogModuleManager: Display: Found up-to-date module file ../../../Engine/Plugins/NetcodeUnitTest/NUTUnrealEngine4/Binaries/Win64/UE4Editor-NUTUnrealEngine4.dll (API version 3944462).
LogModuleManager: Display: Found up-to-date module file ../../../Engine/Plugins/Online/OnlineSubsystem/Binaries/Win64/UE4Editor-OnlineSubsystem.dll (API version 3944462).
LogModuleManager: Display: Found up-to-date module file ../../../Engine/Plugins/Runtime/AndroidPermission/Binaries/Win64/UE4Editor-AndroidPermission.dll (API version 3944462).
LogModuleManager: Display: Found up-to-date module file ../../../Engine/Plugins/Online/OnlineSubsystemNull/Binaries/Win64/UE4Editor-OnlineSubsystemNull.dll (API version 3944462).
LogModuleManager: Display: Found up-to-date module file ../../../Engine/Plugins/Online/OnlineSubsystemUtils/Binaries/Win64/UE4Editor-OnlineSubsystemUtils.dll (API version 3944462).
LogModuleManager: Display: Found up-to-date module file ../../../Engine/Plugins/Online/OnlineSubsystemUtils/Binaries/Win64/UE4Editor-OnlineBlueprintSupport.dll (API version 3944462).
LogModuleManager: Display: Found up-to-date module file ../../../Engine/Plugins/Runtime/AndroidDeviceProfileSelector/Binaries/Win64/UE4Editor-AndroidDeviceProfileSelector.dll (API version 3944462).
LogModuleManager: Display: Found up-to-date module file ../../../Engine/Plugins/Runtime/AppleARKit/Binaries/Win64/UE4Editor-AppleARKit.dll (API version 3944462).
LogModuleManager: Display: Found up-to-date module file ../../../Engine/Plugins/Runtime/ProceduralMeshComponent/Binaries/Win64/UE4Editor-ProceduralMeshComponent.dll (API version 3944462).
LogModuleManager: Display: Found up-to-date module file ../../../Engine/Plugins/Runtime/ProceduralMeshComponent/Binaries/Win64/UE4Editor-ProceduralMeshComponentEditor.dll (API version 3944462).
LogModuleManager: Display: Found up-to-date module file ../../../Engine/Plugins/Animation/LiveLink/Binaries/Win64/UE4Editor-LiveLink.dll (API version 3944462).
LogModuleManager: Display: Found up-to-date module file ../../../Engine/Plugins/Animation/LiveLink/Binaries/Win64/UE4Editor-LiveLinkEditor.dll (API version 3944462).
LogModuleManager: Display: Found up-to-date module file ../../../Engine/Plugins/Runtime/ArchVisCharacter/Binaries/Win64/UE4Editor-ArchVisCharacter.dll (API version 3944462).
LogModuleManager: Display: Found up-to-date module file ../../../Engine/Plugins/Runtime/AudioCapture/Binaries/Win64/UE4Editor-AudioCapture.dll (API version 3944462).
LogModuleManager: Display: Found up-to-date module file ../../../Engine/Plugins/Runtime/AudioCapture/Binaries/Win64/UE4Editor-AudioCaptureEditor.dll (API version 3944462).
LogModuleManager: Display: Found up-to-date module file ../../../Engine/Plugins/Runtime/CableComponent/Binaries/Win64/UE4Editor-CableComponent.dll (API version 3944462).
LogModuleManager: Display: Found up-to-date module file ../../../Engine/Plugins/Runtime/CustomMeshComponent/Binaries/Win64/UE4Editor-CustomMeshComponent.dll (API version 3944462).
LogModuleManager: Display: Found up-to-date module file ../../../Engine/Plugins/Runtime/ExampleDeviceProfileSelector/Binaries/Win64/UE4Editor-ExampleDeviceProfileSelector.dll (API version 3944462).
LogModuleManager: Display: Found up-to-date module file ../../../Engine/Plugins/Runtime/ImmediatePhysics/Binaries/Win64/UE4Editor-ImmediatePhysics.dll (API version 3944462).
LogModuleManager: Display: Found up-to-date module file ../../../Engine/Plugins/Runtime/ImmediatePhysics/Binaries/Win64/UE4Editor-ImmediatePhysicsEditor.dll (API version 3944462).
LogModuleManager: Display: Found up-to-date module file ../../../Engine/Plugins/Runtime/LocationServicesBPLibrary/Binaries/Win64/UE4Editor-LocationServicesBPLibrary.dll (API version 3944462).
LogModuleManager: Display: Found up-to-date module file ../../../Engine/Plugins/Runtime/MobilePatchingUtils/Binaries/Win64/UE4Editor-MobilePatchingUtils.dll (API version 3944462).
LogModuleManager: Display: Found up-to-date module file ../../../Engine/Plugins/Runtime/Oculus/OculusVR/Binaries/Win64/UE4Editor-OculusHMD.dll (API version 3944462).
LogModuleManager: Display: Found up-to-date module file ../../../Engine/Plugins/Runtime/Oculus/OculusVR/Binaries/Win64/UE4Editor-OculusInput.dll (API version 3944462).
LogModuleManager: Display: Found up-to-date module file ../../../Engine/Plugins/Runtime/Oculus/OculusVR/Binaries/Win64/UE4Editor-OculusEditor.dll (API version 3944462).
LogModuleManager: Display: Found up-to-date module file ../../../Engine/Plugins/Runtime/PhysXVehicles/Binaries/Win64/UE4Editor-PhysXVehicles.dll (API version 3944462).
LogModuleManager: Display: Found up-to-date module file ../../../Engine/Plugins/Runtime/PhysXVehicles/Binaries/Win64/UE4Editor-PhysXVehiclesEditor.dll (API version 3944462).
LogModuleManager: Display: Found up-to-date module file ../../../Engine/Plugins/Runtime/RuntimePhysXCooking/Binaries/Win64/UE4Editor-RuntimePhysXCooking.dll (API version 3944462).
LogModuleManager: Display: Found up-to-date module file ../../../Engine/Plugins/Runtime/Steam/SteamVR/Binaries/Win64/UE4Editor-SteamVR.dll (API version 3944462).
LogModuleManager: Display: Found up-to-date module file ../../../Engine/Plugins/Runtime/Steam/SteamVR/Binaries/Win64/UE4Editor-SteamVRController.dll (API version 3944462).
LogModuleManager: Display: Found up-to-date module file ../../../Engine/Plugins/Runtime/WindowsMoviePlayer/Binaries/Win64/UE4Editor-WindowsMoviePlayer.dll (API version 3944462).
LogPluginManager: Mounting plugin Paper2D
LogPluginManager: Mounting plugin LiveLink
LogPluginManager: Mounting plugin LightPropagationVolume
LogPluginManager: Mounting plugin CLionSourceCodeAccess
LogPluginManager: Mounting plugin CodeLiteSourceCodeAccess
LogPluginManager: Mounting plugin GitSourceControl
LogPluginManager: Mounting plugin KDevelopSourceCodeAccess
LogPluginManager: Mounting plugin NullSourceCodeAccess
LogPluginManager: Mounting plugin PerforceSourceControl
LogPluginManager: Mounting plugin SubversionSourceControl
LogPluginManager: Mounting plugin UObjectPlugin
LogPluginManager: Mounting plugin VisualStudioCodeSourceCodeAccess
LogPluginManager: Mounting plugin VisualStudioSourceCodeAccess
LogPluginManager: Mounting plugin XCodeSourceCodeAccess
LogPluginManager: Mounting plugin AssetManagerEditor
LogPluginManager: Mounting plugin CryptoKeys
LogPluginManager: Mounting plugin DataValidation
LogPluginManager: Mounting plugin FacialAnimation
LogPluginManager: Mounting plugin GameplayTagsEditor
LogPluginManager: Mounting plugin MobileLauncherProfileWizard
LogPluginManager: Mounting plugin PluginBrowser
LogPluginManager: Mounting plugin SpeedTreeImporter
LogPluginManager: Mounting plugin DatasmithContent
LogPluginManager: Mounting plugin AlembicImporter
LogPluginManager: Mounting plugin CharacterAI
LogPluginManager: Mounting plugin HTML5Networking
LogPluginManager: Mounting plugin AndroidMedia
LogPluginManager: Mounting plugin AvfMedia
LogPluginManager: Mounting plugin ImgMedia
LogPluginManager: Mounting plugin LinearTimecode
LogPluginManager: Mounting plugin MediaCompositing
LogPluginManager: Mounting plugin MediaPlayerEditor
LogPluginManager: Mounting plugin WmfMedia
LogPluginManager: Mounting plugin TcpMessaging
LogPluginManager: Mounting plugin UdpMessaging
LogPluginManager: Mounting plugin ActorSequence
LogPluginManager: Mounting plugin LevelSequenceEditor
LogPluginManager: Mounting plugin MatineeToLevelSequence
LogPluginManager: Mounting plugin NetcodeUnitTest
LogPluginManager: Mounting plugin NUTUnrealEngine4
LogPluginManager: Mounting plugin OnlineSubsystemGooglePlay
LogPluginManager: Mounting plugin OnlineSubsystemIOS
LogPluginManager: Mounting plugin OnlineSubsystem
LogPluginManager: Mounting plugin OnlineSubsystemNull
LogPluginManager: Mounting plugin OnlineSubsystemUtils
LogPluginManager: Mounting plugin AndroidDeviceProfileSelector
LogPluginManager: Mounting plugin AndroidMoviePlayer
LogPluginManager: Mounting plugin AndroidPermission
LogPluginManager: Mounting plugin AppleARKit
LogPluginManager: Mounting plugin AppleMoviePlayer
LogPluginManager: Mounting plugin ArchVisCharacter
LogPluginManager: Mounting plugin AudioCapture
LogPluginManager: Mounting plugin CableComponent
LogPluginManager: Mounting plugin CustomMeshComponent
LogPluginManager: Mounting plugin ExampleDeviceProfileSelector
LogPluginManager: Mounting plugin GoogleCloudMessaging
LogPluginManager: Mounting plugin ImmediatePhysics
LogPluginManager: Mounting plugin IOSDeviceProfileSelector
LogPluginManager: Mounting plugin LinuxDeviceProfileSelector
LogPluginManager: Mounting plugin LocationServicesBPLibrary
LogPluginManager: Mounting plugin MobilePatchingUtils
LogPluginManager: Mounting plugin OculusVR
LogPluginManager: Plugin shader directory ../../../Engine/Plugins/Runtime/Oculus/OculusVR/Shaders found
LogPluginManager: Mapping shader source directory ../../../Engine/Plugins/Runtime/Oculus/OculusVR/Shaders to virtual directory /Plugin/OculusVR
LogPluginManager: Mounting plugin PhysXVehicles
LogPluginManager: Mounting plugin ProceduralMeshComponent
LogPluginManager: Mounting plugin RuntimePhysXCooking
LogPluginManager: Mounting plugin SteamVR
LogPluginManager: Mounting plugin WindowsMoviePlayer
LogStreaming: Display: Took  1.496s to configure plugins.
LogInit: Using libcurl 7.47.1
LogInit:  - built for x86_64-pc-win32
LogInit:  - supports SSL with OpenSSL/1.0.2g
LogInit:  - supports HTTP deflate (compression) using libz 1.2.8
LogInit:  - other features:
LogInit:      CURL_VERSION_SSL
LogInit:      CURL_VERSION_LIBZ
LogInit:      CURL_VERSION_IPV6
LogInit:      CURL_VERSION_ASYNCHDNS
LogInit:      CURL_VERSION_LARGEFILE
LogInit:      CURL_VERSION_IDN
LogInit:  CurlRequestOptions (configurable via config and command line):
LogInit:  - bVerifyPeer = false  - Libcurl will NOT verify peer certificate
LogInit:  - bUseHttpProxy = false  - Libcurl will NOT use HTTP proxy
LogInit:  - bDontReuseConnections = false  - Libcurl will reuse connections
LogInit:  - CertBundlePath = nullptr  - Libcurl will use whatever was configured at build time.
LogInit:  - MaxHostConnections = 16  - Libcurl will limit the number of connections to a host
LogInit:  - LocalHostAddr = Default
LogInit: WinSock: version 1.1 (2.2), MaxSocks=32767, MaxUdp=65467
LogInit: WinSock: I am DESKTOP-FKFG7D5 (192.168.1.3:0)
LogInit: Build: ++UE4+Release-4.19-CL-3944462
LogInit: Engine Version: 4.19.0-3944462+++UE4+Release-4.19
LogInit: Compatible Engine Version: 4.19.0-3944462+++UE4+Release-4.19
LogInit: Net CL: 3944462
LogDevObjectVersion: Number of dev versions registered: 18
LogDevObjectVersion:   Dev-Blueprints (B0D832E4-1F89-4F0D-ACCF-7EB736FD4AA2): 10
LogDevObjectVersion:   Dev-Build (E1C64328-A22C-4D53-A36C-8E866417BD8C): 0
LogDevObjectVersion:   Dev-Core (375EC13C-06E4-48FB-B500-84F0262A717E): 2
LogDevObjectVersion:   Dev-Editor (E4B068ED-F494-42E9-A231-DA0B2E46BB41): 23
LogDevObjectVersion:   Dev-Framework (CFFC743F-43B0-4480-9391-14DF171D2073): 33
LogDevObjectVersion:   Dev-Mobile (B02B49B5-BB20-44E9-A304-32B752E40360): 2
LogDevObjectVersion:   Dev-Networking (A4E4105C-59A1-49B5-A7C5-40C4547EDFEE): 0
LogDevObjectVersion:   Dev-Online (39C831C9-5AE6-47DC-9A44-9C173E1C8E7C): 0
LogDevObjectVersion:   Dev-Physics (78F01B33-EBEA-4F98-B9B4-84EACCB95AA2): 0
LogDevObjectVersion:   Dev-Platform (6631380F-2D4D-43E0-8009-CF276956A95A): 0
LogDevObjectVersion:   Dev-Rendering (12F88B9F-8875-4AFC-A67C-D90C383ABD29): 25
LogDevObjectVersion:   Dev-Sequencer (7B5AE74C-D270-4C10-A958-57980B212A5A): 6
LogDevObjectVersion:   Dev-VR (D7296918-1DD6-4BDD-9DE2-64A83CC13884): 1
LogDevObjectVersion:   Dev-LoadTimes (C2A15278-BFE7-4AFE-6C17-90FF531DF755): 1
LogDevObjectVersion:   Private-Geometry (6EACA3D4-40EC-4CC1-B786-8BED09428FC5): 2
LogDevObjectVersion:   Dev-AnimPhys (29E575DD-E0A3-4627-9D10-D276232CDCEA): 16
LogDevObjectVersion:   Dev-ReflectionCapture (6B266CEC-1EC7-4B8F-A30B-E4D90942FC07): 1
LogDevObjectVersion:   Dev-Automation (0DF73D61-A23F-47EA-B727-89E90C41499A): 1
LogInit: Compiled (64-bit): Mar 13 2018 23:12:32
LogInit: Compiled with Visual C++: 19.00.24215.01
LogInit: Build Configuration: Development
LogInit: Branch Name: ++UE4+Release-4.19
LogInit: Command Line:  
LogInit: Base Directory: D:/UE4P/UE_4.19/Engine/Binaries/Win64/
LogInit: Installed Engine Build: 1
LogStreaming: Display: Took  0.048s to delete old logs.
LogInit: Presizing for max 8388607 objects, including 0 objects not considered by GC, pre-allocating 0 bytes for permanent pool.
LogInit: Object subsystem initialized
[2018.04.28-17.21.34:329][  0]LogInit: Selected Device Profile: [Windows]
[2018.04.28-17.21.34:329][  0]LogInit: Applying CVar settings loaded from the selected device profile: [Windows]
[2018.04.28-17.21.34:351][  0]LogInit: Computer: DESKTOP-FKFG7D5
[2018.04.28-17.21.34:351][  0]LogInit: User: Brad
[2018.04.28-17.21.34:351][  0]LogInit: CPU Page size=4096, Cores=4
[2018.04.28-17.21.34:351][  0]LogInit: High frequency timer resolution =3.386479 MHz
[2018.04.28-17.21.34:352][  0]LogMemory: Memory total: Physical=15.9GB (16GB approx)
[2018.04.28-17.21.34:352][  0]LogMemory: Platform Memory Stats for Windows
[2018.04.28-17.21.34:352][  0]LogMemory: Process Physical Memory: 281.46 MB used, 281.46 MB peak
[2018.04.28-17.21.34:352][  0]LogMemory: Process Virtual Memory: 270.70 MB used, 270.70 MB peak
[2018.04.28-17.21.34:352][  0]LogMemory: Physical Memory: 7810.48 MB used,  8518.27 MB free, 16328.75 MB total
[2018.04.28-17.21.34:352][  0]LogMemory: Virtual Memory: 741.08 MB used,  8518.27 MB free, 134217728.00 MB total
[2018.04.28-17.21.34:370][  0]LogInit: Using OS detected language (en-US).
[2018.04.28-17.21.34:370][  0]LogInit: Using OS detected locale (en-US).
[2018.04.28-17.21.34:375][  0]LogTextLocalizationManager: No specific localization for 'en-US' exists, so the 'en' localization will be used.
[2018.04.28-17.21.34:824][  0]LogStreaming: Display: Took  0.454s to EndInitTextLocalization.
[2018.04.28-17.21.34:824][  0]LogInit: Setting process to per monitor DPI aware
[2018.04.28-17.21.34:851][  0]LogSlate: New Slate User Created.  User Index 0, Is Virtual User: 0
[2018.04.28-17.21.34:852][  0]LogSlate: Slate User Registered.  User Index 0, Is Virtual User: 0
[2018.04.28-17.21.35:210][  0]LogD3D11RHI: D3D11 adapters:
[2018.04.28-17.21.35:277][  0]LogD3D11RHI:    0. 'NVIDIA GeForce GTX 980 Ti' (Feature Level 11_0)
[2018.04.28-17.21.35:277][  0]LogD3D11RHI:       6097/0/8164 MB DedicatedVideo/DedicatedSystem/SharedSystem, Outputs:1, VendorId:0x10de
[2018.04.28-17.21.35:281][  0]LogD3D11RHI:    1. 'Microsoft Basic Render Driver' (Feature Level 11_0)
[2018.04.28-17.21.35:281][  0]LogD3D11RHI:       0/0/8164 MB DedicatedVideo/DedicatedSystem/SharedSystem, Outputs:0, VendorId:0x1414
[2018.04.28-17.21.35:281][  0]LogD3D11RHI: Chosen D3D11 Adapter: 0
[2018.04.28-17.21.35:290][  0]LogD3D11RHI: Creating new Direct3DDevice
[2018.04.28-17.21.35:290][  0]LogD3D11RHI:     GPU DeviceId: 0x17c8 (for the marketing name, search the web for "GPU Device Id")
[2018.04.28-17.21.35:290][  0]LogWindows: EnumDisplayDevices:
[2018.04.28-17.21.35:290][  0]LogWindows:    0. 'NVIDIA GeForce GTX 980 Ti' (P:1 D:1)
[2018.04.28-17.21.35:290][  0]LogWindows:    1. 'NVIDIA GeForce GTX 980 Ti' (P:0 D:0)
[2018.04.28-17.21.35:291][  0]LogWindows:    2. 'NVIDIA GeForce GTX 980 Ti' (P:0 D:0)
[2018.04.28-17.21.35:291][  0]LogWindows:    3. 'NVIDIA GeForce GTX 980 Ti' (P:0 D:0)
[2018.04.28-17.21.35:291][  0]LogWindows: DebugString: GetVideoDriverDetailsInvalid PrimaryIsNotTheChoosenAdapter GetVideoDriverDetailsInvalid PrimaryIsNotTheChoosenAdapter GetVideoDriverDetailsInvalid PrimaryIsNotTheChoosenAdapter GetVideoDriverDetailsInvalid PrimaryIsNotTheChoosenAdapter FoundDriverCount:0 
[2018.04.28-17.21.35:291][  0]LogD3D11RHI:     Adapter Name: NVIDIA GeForce GTX 980 Ti
[2018.04.28-17.21.35:291][  0]LogD3D11RHI:   Driver Version: Unknown (internal:Unknown, unified:Unknown)
[2018.04.28-17.21.35:291][  0]LogD3D11RHI:      Driver Date: Unknown
[2018.04.28-17.21.35:291][  0]LogRHI: Texture pool is 4268 MB (70% of 6097 MB)
[2018.04.28-17.21.35:333][  0]LogD3D11RHI: [Aftermath] Aftermath enabled and primed
[2018.04.28-17.21.35:333][  0]LogD3D11RHI: Async texture creation enabled
[2018.04.28-17.21.35:415][  0]LogD3D11RHI: GPU Timing Frequency: 1000.000000 (Debug: 2 2)
[2018.04.28-17.21.35:417][  0]LogShaderCompilers: Guid format shader working directory is -2 characters bigger than the processId version (../../../../../GitHubDDriveRep/Ha_VRJ_Test/havr/Intermediate/Shaders/WorkingDirectory/6640/).
[2018.04.28-17.21.35:417][  0]LogShaderCompilers: Cleaned the shader compiler working directory 'C:/Users/Brad/AppData/Local/Temp/UnrealShaderWorkingDir/CD4BDAB44ED96F6CC066AB9B1BEACDA5/'.
[2018.04.28-17.21.35:689][  0]LogTemp: Display: Loaded TP AllDesktopTargetPlatform
[2018.04.28-17.21.35:704][  0]LogTemp: Display: Loaded TP MacClientTargetPlatform
[2018.04.28-17.21.35:719][  0]LogTemp: Display: Loaded TP MacNoEditorTargetPlatform
[2018.04.28-17.21.35:734][  0]LogTemp: Display: Loaded TP MacServerTargetPlatform
[2018.04.28-17.21.35:751][  0]LogTemp: Display: Loaded TP MacTargetPlatform
[2018.04.28-17.21.35:766][  0]LogTemp: Display: Loaded TP WindowsClientTargetPlatform
[2018.04.28-17.21.35:782][  0]LogTemp: Display: Loaded TP WindowsNoEditorTargetPlatform
[2018.04.28-17.21.35:797][  0]LogTemp: Display: Loaded TP WindowsServerTargetPlatform
[2018.04.28-17.21.35:804][  0]LogTemp: Display: Loaded TP WindowsTargetPlatform
[2018.04.28-17.21.35:818][  0]LogTemp: Display: Loaded TP Android_ASTCTargetPlatform
[2018.04.28-17.21.35:832][  0]LogTemp: Display: Loaded TP Android_ATCTargetPlatform
[2018.04.28-17.21.35:846][  0]LogTemp: Display: Loaded TP Android_DXTTargetPlatform
[2018.04.28-17.21.35:860][  0]LogTemp: Display: Loaded TP Android_ETC1aTargetPlatform
[2018.04.28-17.21.35:874][  0]LogTemp: Display: Loaded TP Android_ETC1TargetPlatform
[2018.04.28-17.21.35:888][  0]LogTemp: Display: Loaded TP Android_ETC2TargetPlatform
[2018.04.28-17.21.35:917][  0]LogTemp: Display: Loaded TP Android_MultiTargetPlatform
[2018.04.28-17.21.35:917][  0]LogTemp: Display: Loaded TP Android_PVRTCTargetPlatform
[2018.04.28-17.21.35:930][  0]LogTemp: Display: Loaded TP AndroidTargetPlatform
[2018.04.28-17.21.35:932][  0]LogTemp: Display: Loaded TP HTML5TargetPlatform
[2018.04.28-17.21.35:970][  0]LogTemp: Display: Loaded TP IOSTargetPlatform
[2018.04.28-17.21.35:984][  0]LogTemp: Display: Loaded TP TVOSTargetPlatform
[2018.04.28-17.21.35:999][  0]LogTemp: Display: Loaded TP LinuxClientTargetPlatform
[2018.04.28-17.21.36:013][  0]LogTemp: Display: Loaded TP LinuxNoEditorTargetPlatform
[2018.04.28-17.21.36:028][  0]LogTemp: Display: Loaded TP LinuxServerTargetPlatform
[2018.04.28-17.21.36:043][  0]LogTemp: Display: Loaded TP LinuxTargetPlatform
[2018.04.28-17.21.36:043][  0]LogTargetPlatformManager: Display: Building Assets For Windows
[2018.04.28-17.21.36:174][  0]LogXGEController: Cannot use XGE Controller as Incredibuild is not installed on this machine.
[2018.04.28-17.21.36:174][  0]LogShaderCompilers: Cannot use XGE Shader Compiler as Incredibuild is not installed on this machine.
[2018.04.28-17.21.36:174][  0]LogShaderCompilers: Display: Using Local Shader Compiler.
[2018.04.28-17.21.37:032][  0]LogDerivedDataCache: Display: Max Cache Size: 512 MB
[2018.04.28-17.21.37:133][  0]LogDerivedDataCache: Loaded boot cache 0.10s 88MB C:/Users/Brad/AppData/Local/UnrealEngine/4.19/DerivedDataCache/Boot.ddc.
[2018.04.28-17.21.37:133][  0]LogDerivedDataCache: Display: Loaded Boot cache: C:/Users/Brad/AppData/Local/UnrealEngine/4.19/DerivedDataCache/Boot.ddc
[2018.04.28-17.21.37:133][  0]LogDerivedDataCache: FDerivedDataBackendGraph:  Pak pak cache file ../../../../../GitHubDDriveRep/Ha_VRJ_Test/havr/DerivedDataCache/DDC.ddp not found, will not use a pak cache.
[2018.04.28-17.21.37:133][  0]LogDerivedDataCache: Unable to find inner node Pak for hierarchical cache Hierarchy.
[2018.04.28-17.21.37:133][  0]LogDerivedDataCache: FDerivedDataBackendGraph:  CompressedPak pak cache file ../../../../../GitHubDDriveRep/Ha_VRJ_Test/havr/DerivedDataCache/Compressed.ddp not found, will not use a pak cache.
[2018.04.28-17.21.37:133][  0]LogDerivedDataCache: Unable to find inner node CompressedPak for hierarchical cache Hierarchy.
[2018.04.28-17.21.37:152][  0]LogDerivedDataCache: Display: Pak cache opened for reading ../../../Engine/DerivedDataCache/Compressed.ddp.
[2018.04.28-17.21.37:163][  0]LogDerivedDataCache: Using Local data cache path C:/Users/Brad/AppData/Local/UnrealEngine/Common/DerivedDataCache: Writable
[2018.04.28-17.21.37:177][  0]LogMaterial: Verifying Global Shaders for PCD3D_SM5
[2018.04.28-17.21.37:177][  0]LogSlate: Using Freetype 2.6.0
[2018.04.28-17.21.37:178][  0]LogSlate: SlateFontCache - WITH_FREETYPE: 1, WITH_HARFBUZZ: 1
[2018.04.28-17.21.37:178][  0]LogSlate: SlateFontCache - WITH_FREETYPE: 1, WITH_HARFBUZZ: 1
[2018.04.28-17.21.37:343][  0]LogAssetRegistry: FAssetRegistry took 0.0271 seconds to start up
[2018.04.28-17.21.37:761][  0]LogInit: Selected Device Profile: [Windows]
[2018.04.28-17.21.37:933][  0]LogSimplygon: Simplygon DLL not present - disabling.
[2018.04.28-17.21.37:937][  0]LogMeshReduction: Using SimplygonSwarm for distributed automatic mesh merging
[2018.04.28-17.21.37:937][  0]LogMeshReduction: Using QuadricMeshReduction for automatic static mesh reduction
[2018.04.28-17.21.37:937][  0]LogMeshReduction: No automatic skeletal mesh reduction module available
[2018.04.28-17.21.37:937][  0]LogMeshReduction: No automatic mesh merging module available
[2018.04.28-17.21.37:937][  0]LogMeshMerging: No automatic mesh merging module available
[2018.04.28-17.21.37:981][  0]LogNetVersion: havr , NetCL: 3944462, EngineNetVer: 2, GameNetVer: 0 (Checksum: 3686149312)
[2018.04.28-17.21.38:660][  0]LogPackageLocalizationCache: Processed 9 localized package path(s) for 2 prioritized culture(s) in 0.212883 seconds
[2018.04.28-17.21.38:668][  0]LogUObjectArray: 36728 objects as part of root set at end of initial load.
[2018.04.28-17.21.38:668][  0]LogUObjectAllocator: 7314312 out of 0 bytes used by permanent object pool.
[2018.04.28-17.21.38:668][  0]LogUObjectArray: CloseDisregardForGC: 0/0 objects in disregard for GC pool
[2018.04.28-17.21.40:614][  0]LogTcpMessaging: Initializing TcpMessaging bridge
[2018.04.28-17.21.40:650][  0]LogUdpMessaging: Initializing bridge on interface 0.0.0.0:0 to multicast group 230.0.0.1:6666.
[2018.04.28-17.21.41:110][  0]SourceControl: Source control is disabled
[2018.04.28-17.21.41:110][  0]SourceControl: Source control is disabled
[2018.04.28-17.21.41:135][  0]SourceControl: Source control is disabled
[2018.04.28-17.21.41:161][  0]SourceControl: Source control is disabled
[2018.04.28-17.21.41:798][  0]LogAndroidPermission: UAndroidPermissionCallbackProxy::GetInstance
[2018.04.28-17.21.42:028][  0]LogOcInput: OculusInput pre-init called
[2018.04.28-17.21.42:160][  0]LogEngine: Initializing Engine...
[2018.04.28-17.21.42:161][  0]LogHMD: Oculus plugin initialized. Version: 4.19.0-3944462+++UE4+Release-4.19, OVRPlugin: 1.21.0
[2018.04.28-17.21.42:163][  0]LogStats: UGameplayTagsManager::ConstructGameplayTagTree: Construct from data asset -  0.000 s
[2018.04.28-17.21.42:163][  0]LogStats: UGameplayTagsManager::ConstructGameplayTagTree: GameplayTagTreeChangedEvent.Broadcast -  0.000 s
[2018.04.28-17.21.42:414][  0]LogAIModule: Creating AISystem for world Untitled
[2018.04.28-17.21.42:449][  0]LogInit: XAudio2 using 'Speakers (High Definition Audio Device)' : 2 channels at 48 kHz using 16 bits per sample (channel mask 0x3)
[2018.04.28-17.21.42:465][  0]LogInit: FAudioDevice initialized.
[2018.04.28-17.21.42:549][  0]LogDerivedDataCache: Saved boot cache 0.08s 88MB C:/Users/Brad/AppData/Local/UnrealEngine/4.19/DerivedDataCache/Boot.ddc.
[2018.04.28-17.21.42:563][  0]LogInit: Texture streaming: Enabled
[2018.04.28-17.21.42:580][  0]LogEngineSessionManager: EngineSessionManager initialized
[2018.04.28-17.21.42:593][  0]LogInit: Transaction tracking system initialized
[2018.04.28-17.21.42:615][  0]BlueprintLog: New page: Editor Load
[2018.04.28-17.21.42:683][  0]LocalizationService: Localization service is disabled
[2018.04.28-17.21.42:802][  0]LogConsoleResponse: Display: 
[2018.04.28-17.21.43:010][  0]LogCook: Display: Max memory allowance for cook 16384mb min free memory 0mb
[2018.04.28-17.21.43:010][  0]LogCook: Display: Mobile HDR setting 1
[2018.04.28-17.21.43:011][  0]LogGameplayTags: Display: UGameplayTagsManager::DoneAddingNativeTags. DelegateIsBound: 0
[2018.04.28-17.21.43:011][  0]LogStats: UGameplayTagsManager::ConstructGameplayTagTree: Construct from data asset -  0.000 s
[2018.04.28-17.21.43:011][  0]LogStats: UGameplayTagsManager::ConstructGameplayTagTree: GameplayTagTreeChangedEvent.Broadcast -  0.000 s
[2018.04.28-17.21.43:474][  0]LogFileCache: Scanning file cache for directory 'D:/GitHubDDriveRep/Ha_VRJ_Test/havr/Content/' took 0.02s
[2018.04.28-17.21.43:474][  0]SourceControl: Source control is disabled
[2018.04.28-17.21.43:474][  0]Cmd: MAP LOAD FILE="../../../../../GitHubDDriveRep/Ha_VRJ_Test/havr/Content/VirtualRealityBP/Maps/MotionControllerMap.umap" TEMPLATE=0 SHOWPROGRESS=1 FEATURELEVEL=3
[2018.04.28-17.21.43:475][  0]LightingResults: New page: Lighting Build
[2018.04.28-17.21.43:477][  0]MapCheck: New page: Map Check
[2018.04.28-17.21.43:477][  0]LightingResults: New page: Lighting Build
[2018.04.28-17.21.52:771][  0]LogSkeletalMesh: Skeletal Mesh found in DDC [1.660131ms] /Game/VirtualReality/Mannequin/Character/Mesh/MannequinHand_Right.MannequinHand_Right
[2018.04.28-17.21.53:446][  0]LogPhysics: Warning: PHYSX: (D:\Build\++UE4+Dev-AnimPhys+Engine\Sync\Engine\Source\ThirdParty\PhysX3\PhysX_3.4\Source\PhysXCooking\src\convex\QuickHullConvexHullLib.cpp 937) eINTERNAL_ERROR : QuickHullConvexHullLib::findSimplex: Simplex input points appers to be coplanar.
[2018.04.28-17.21.53:446][  0]LogPhysics: Warning: PHYSX: (D:\Build\++UE4+Dev-AnimPhys+Engine\Sync\Engine\Source\ThirdParty\PhysX3\PhysX_3.4\Source\PhysXCooking\src\convex\QuickHullConvexHullLib.cpp 937) eINTERNAL_ERROR : QuickHullConvexHullLib::findSimplex: Simplex input points appers to be coplanar.
[2018.04.28-17.21.53:446][  0]LogPhysics: Warning: Failed to cook convex: /Game/Models/Appliances/Fridge/LGLFXS29626S28-8CFRefrigerator-FBX__Sweep__5645_.LGLFXS29626S28-8CFRefrigerator-FBX__Sweep__5645_ 0 (FlipX:0). The remaining elements will not get cooked.
[2018.04.28-17.21.53:446][  0]LogPhysics: Warning: PHYSX: (D:\Build\++UE4+Dev-AnimPhys+Engine\Sync\Engine\Source\ThirdParty\PhysX3\PhysX_3.4\Source\PhysXCooking\src\convex\QuickHullConvexHullLib.cpp 937) eINTERNAL_ERROR : QuickHullConvexHullLib::findSimplex: Simplex input points appers to be coplanar.
[2018.04.28-17.21.53:446][  0]LogPhysics: Warning: PHYSX: (D:\Build\++UE4+Dev-AnimPhys+Engine\Sync\Engine\Source\ThirdParty\PhysX3\PhysX_3.4\Source\PhysXCooking\src\convex\QuickHullConvexHullLib.cpp 937) eINTERNAL_ERROR : QuickHullConvexHullLib::findSimplex: Simplex input points appers to be coplanar.
[2018.04.28-17.21.53:446][  0]LogPhysics: Warning: Failed to cook convex: /Game/Models/Appliances/Fridge/LGLFXS29626S28-8CFRefrigerator-FBX__Sweep__5645_.LGLFXS29626S28-8CFRefrigerator-FBX__Sweep__5645_ 0 (FlipX:1). The remaining elements will not get cooked.
[2018.04.28-17.21.53:446][  0]LogPhysics: Warning: Attempt to build physics data for /Game/Models/Appliances/Fridge/LGLFXS29626S28-8CFRefrigerator-FBX__Sweep__5645_.LGLFXS29626S28-8CFRefrigerator-FBX__Sweep__5645_:BodySetup_0 when we are unable to.
[2018.04.28-17.21.53:450][  0]LogPhysics: Warning: Failed to cook TriMesh: /Game/Models/Appliances/Fridge/LGLFXS29626S28-8CFRefrigerator-FBX__Extrusion__6779_.LGLFXS29626S28-8CFRefrigerator-FBX__Extrusion__6779_.
[2018.04.28-17.21.53:451][  0]LogPhysics: Warning: Attempt to build physics data for /Game/Models/Appliances/Fridge/LGLFXS29626S28-8CFRefrigerator-FBX__Extrusion__6779_.LGLFXS29626S28-8CFRefrigerator-FBX__Extrusion__6779_:BodySetup_0 when we are unable to.
[2018.04.28-17.21.53:452][  0]LogPhysics: Warning: Failed to cook TriMesh: /Game/Models/Appliances/Fridge/LGLFXS29626S28-8CFRefrigerator-FBX__Extrusion__6335_.LGLFXS29626S28-8CFRefrigerator-FBX__Extrusion__6335_.
[2018.04.28-17.21.53:452][  0]LogPhysics: Warning: Attempt to build physics data for /Game/Models/Appliances/Fridge/LGLFXS29626S28-8CFRefrigerator-FBX__Extrusion__6335_.LGLFXS29626S28-8CFRefrigerator-FBX__Extrusion__6335_:BodySetup_0 when we are unable to.
[2018.04.28-17.21.53:489][  0]LogPhysics: Warning: Failed to cook TriMesh: /Game/Models/Appliances/Fridge/LGLFXS29626S28-8CFRefrigerator-FBX__Extrusion__5274_.LGLFXS29626S28-8CFRefrigerator-FBX__Extrusion__5274_.
[2018.04.28-17.21.53:490][  0]LogPhysics: Warning: Attempt to build physics data for /Game/Models/Appliances/Fridge/LGLFXS29626S28-8CFRefrigerator-FBX__Extrusion__5274_.LGLFXS29626S28-8CFRefrigerator-FBX__Extrusion__5274_:BodySetup_0 when we are unable to.
[2018.04.28-17.21.53:564][  0]LogSkeletalMesh: Skeletal Mesh found in DDC [0.501996ms] /Game/Models/Chairs/Cushion_chair/1_Object002.1_Object002
[2018.04.28-17.21.53:565][  0]LogSkeletalMesh: Skeletal Mesh found in DDC [0.468333ms] /Game/Models/Chairs/Cushion_chair/1_Object001.1_Object001
[2018.04.28-17.21.53:618][  0]LogSkeletalMesh: Skeletal Mesh found in DDC [47.796547ms] /Game/Models/Chairs/Cushion_chair/1_chair.1_chair
[2018.04.28-17.21.54:319][  0]LogPhysics: Warning: Failed to cook TriMesh: /Game/Models/Appliances/toaster/touster_polymsh_detached.touster_polymsh_detached.
[2018.04.28-17.21.54:319][  0]LogPhysics: Warning: Attempt to build physics data for /Game/Models/Appliances/toaster/touster_polymsh_detached.touster_polymsh_detached:BodySetup_0 when we are unable to.
[2018.04.28-17.21.54:346][  0]LogAIModule: Creating AISystem for world MotionControllerMap
[2018.04.28-17.21.54:361][  0]LogEditorServer: Finished looking for orphan Actors (0.000 secs)
[2018.04.28-17.21.54:394][  0]Cmd: MAP CHECKDEP NOCLEARLOG
[2018.04.28-17.21.54:516][  0]MapCheck: Map check complete: 0 Error(s), 0 Warning(s), took 121.948ms to complete.
[2018.04.28-17.21.54:516][  0]LogFileHelpers: Loading map 'MotionControllerMap' took 11.043
[2018.04.28-17.21.54:664][  0]LogCollectionManager: Loaded 0 collections in 0.001232 seconds
[2018.04.28-17.21.54:708][  0]LogFileCache: Scanning file cache for directory 'D:/GitHubDDriveRep/Ha_VRJ_Test/havr/Saved/Collections/' took 0.01s
[2018.04.28-17.21.54:708][  0]LogFileCache: Scanning file cache for directory 'D:/GitHubDDriveRep/Ha_VRJ_Test/havr/Content/Developers/Brad/Collections/' took 0.01s
[2018.04.28-17.21.54:708][  0]LogFileCache: Scanning file cache for directory 'D:/GitHubDDriveRep/Ha_VRJ_Test/havr/Content/Collections/' took 0.01s
[2018.04.28-17.21.54:708][  0]LogCollectionManager: Rebuilt the GUID cache for 0 collections in 0.000001 seconds
[2018.04.28-17.21.54:718][  0]LogContentBrowser: Native class hierarchy populated in 0.0101 seconds. Added 2452 classes and 558 folders.
[2018.04.28-17.21.54:724][  0]LogContentBrowser: Native class hierarchy updated for 'WidgetCarousel' in 0.0003 seconds. Added 0 classes and 0 folders.
[2018.04.28-17.21.54:794][  0]LogContentBrowser: Native class hierarchy updated for 'AddContentDialog' in 0.0002 seconds. Added 0 classes and 0 folders.
[2018.04.28-17.21.54:798][  0]LogContentBrowser: Native class hierarchy updated for 'SceneOutliner' in 0.0003 seconds. Added 1 classes and 2 folders.
[2018.04.28-17.21.54:819][  0]LogSlate: Took 0.000227 seconds to synchronously load lazily loaded font '../../../Engine/Content/Slate/Fonts/Roboto-Regular.ttf' (155K)
[2018.04.28-17.21.54:821][  0]LogSlate: Took 0.000221 seconds to synchronously load lazily loaded font '../../../Engine/Content/Slate/Fonts/Roboto-Bold.ttf' (160K)
[2018.04.28-17.21.54:828][  0]LogSlate: Took 0.000306 seconds to synchronously load lazily loaded font '../../../Engine/Content/Editor/Slate/Fonts/FontAwesome.ttf' (139K)
[2018.04.28-17.21.54:952][  0]LogRenderer: Reallocating scene render targets to support 988x576 Format 26 NumSamples 1 (Frame:1).
[2018.04.28-17.21.55:090][  0]LogContentBrowser: Native class hierarchy updated for 'HierarchicalLODOutliner' in 0.0003 seconds. Added 0 classes and 0 folders.
[2018.04.28-17.21.55:090][  0]LogLoad: (Engine Initialization) Total time: 24.37 seconds
[2018.04.28-17.21.55:090][  0]LogLoad: (Engine Initialization) Total Blueprint compile time: 0.00 seconds
[2018.04.28-17.21.55:430][  0]LogOcInput: OculusInput is initialized
[2018.04.28-17.21.55:452][  0]LogContentStreaming: Texture pool size now 1000 MB
[2018.04.28-17.21.55:494][  0]LogSlate: Took 0.000276 seconds to synchronously load lazily loaded font '../../../Engine/Content/Slate/Fonts/Roboto-Light.ttf' (167K)
[2018.04.28-17.21.56:127][  2]LogAssetRegistry: Asset discovery search completed in 18.8077 seconds
[2018.04.28-17.21.56:148][  2]LogCollectionManager: Rebuilt the object cache for 0 collections in 0.000001 seconds (found 0 objects)
[2018.04.28-17.21.56:148][  2]LogCollectionManager: Fixed up redirectors for 0 collections in 0.000078 seconds (updated 0 objects)
[2018.04.28-17.22.12:763][ 52]LogSlate: FSceneViewport::OnFocusLost() reason 0
[2018.04.28-17.22.33:805][753]Cmd: MAP LOAD FILE="../../../../../GitHubDDriveRep/Ha_VRJ_Test/havr/Content/Maps/Basic_Level.umap" TEMPLATE=0 SHOWPROGRESS=1 FEATURELEVEL=3
[2018.04.28-17.22.33:817][753]LogSlate: Took 0.000268 seconds to synchronously load lazily loaded font '../../../Engine/Content/Slate/Fonts/Roboto-Light.ttf' (167K)
[2018.04.28-17.22.33:828][753]LightingResults: New page: Lighting Build
[2018.04.28-17.22.33:829][753]LoadErrors: New page: Loading map: Basic_Level.umap
[2018.04.28-17.22.33:833][753]MapCheck: New page: Map Check
[2018.04.28-17.22.33:833][753]LightingResults: New page: Lighting Build
[2018.04.28-17.22.34:658][753]LogAIModule: Creating AISystem for world Basic_Level
[2018.04.28-17.22.46:448][753]LogEditorServer: Finished looking for orphan Actors (0.000 secs)
[2018.04.28-17.22.46:517][753]Cmd: MAP CHECKDEP NOCLEARLOG
[2018.04.28-17.22.46:639][753]MapCheck: Map check complete: 0 Error(s), 0 Warning(s), took 122.065ms to complete.
[2018.04.28-17.22.46:639][753]LogFileHelpers: Loading map 'Basic_Level' took 12.835
[2018.04.28-17.22.46:642][753]LogSlate: Window 'Open Level' being destroyed
[2018.04.28-17.22.58:857][638]LogSlate: FSceneViewport::OnFocusLost() reason 0
[2018.04.28-17.23.18:031][994]LogSlate: FSceneViewport::OnFocusLost() reason 0
[2018.04.28-17.23.25:019][448]Cmd: TRANSACTION UNDO
[2018.04.28-17.23.25:019][448]LogEditorTransaction: Undo Create Actors
[2018.04.28-17.23.25:717][484]Cmd: TRANSACTION UNDO
[2018.04.28-17.23.25:718][484]LogEditorTransaction: Undo Move Actors
[2018.04.28-17.23.27:528][600]Cmd: TRANSACTION UNDO
[2018.04.28-17.23.27:529][600]LogEditorTransaction: Undo Create Actors
[2018.04.28-17.23.28:819][716]LogSlate: FSceneViewport::OnFocusLost() reason 0
[2018.04.28-17.23.57:692][322]Cmd: MAP LOAD FILE="../../../../../GitHubDDriveRep/Ha_VRJ_Test/havr/Content/VirtualRealityBP/Maps/MotionControllerMap.umap" TEMPLATE=0 SHOWPROGRESS=1 FEATURELEVEL=3
[2018.04.28-17.23.57:705][322]LightingResults: New page: Lighting Build
[2018.04.28-17.23.57:706][322]LoadErrors: New page: Loading map: MotionControllerMap.umap
[2018.04.28-17.23.57:716][322]MapCheck: New page: Map Check
[2018.04.28-17.23.57:716][322]LightingResults: New page: Lighting Build
[2018.04.28-17.23.57:803][322]LogAIModule: Creating AISystem for world MotionControllerMap
[2018.04.28-17.23.57:811][322]LogEditorServer: Finished looking for orphan Actors (0.000 secs)
[2018.04.28-17.23.57:866][322]Cmd: MAP CHECKDEP NOCLEARLOG
[2018.04.28-17.23.57:974][322]MapCheck: Map check complete: 0 Error(s), 0 Warning(s), took 107.576ms to complete.
[2018.04.28-17.23.57:974][322]LogFileHelpers: Loading map 'MotionControllerMap' took 0.283
[2018.04.28-17.23.57:976][322]LogSlate: Window 'Open Level' being destroyed
[2018.04.28-17.24.03:902][ 15]LogSlate: FSceneViewport::OnFocusLost() reason 0
[2018.04.28-17.24.06:957][320]LogSlate: Took 0.020952 seconds to synchronously load lazily loaded font '../../../Engine/Content/Slate/Fonts/Roboto-Italic.ttf' (157K)
[2018.04.28-17.24.17:636][288]LogContentBrowser: Native class hierarchy updated for 'BlueprintGraph' in 0.0006 seconds. Added 116 classes and 0 folders.
[2018.04.28-17.24.19:107][288]LogSlate: Took 0.011892 seconds to synchronously load lazily loaded font '../../../Engine/Content/Slate/Fonts/Roboto-BoldCondensed.ttf' (158K)
[2018.04.28-17.24.24:225][477]LogSlate: Window 'MotionControllerPawn' being destroyed
[2018.04.28-17.24.24:228][477]LogSlate: Window 'MotionControllerPawn' being destroyed
[2018.04.28-17.25.17:361][781]LogSlate: Window 'New Level' being destroyed
[2018.04.28-17.25.23:136][327]Cmd: MAP LOAD FILE="../../../../../GitHubDDriveRep/Ha_VRJ_Test/havr/Content/Maps/Building_Level.umap" TEMPLATE=0 SHOWPROGRESS=1 FEATURELEVEL=3
[2018.04.28-17.25.23:144][327]LightingResults: New page: Lighting Build
[2018.04.28-17.25.23:145][327]LoadErrors: New page: Loading map: Building_Level.umap
[2018.04.28-17.25.23:170][327]MapCheck: New page: Map Check
[2018.04.28-17.25.23:171][327]LightingResults: New page: Lighting Build
[2018.04.28-17.25.23:835][327]LogAIModule: Creating AISystem for world Building_Level
[2018.04.28-17.25.24:289][327]LogEditorServer: Finished looking for orphan Actors (0.000 secs)
[2018.04.28-17.25.24:347][327]Cmd: MAP CHECKDEP NOCLEARLOG
[2018.04.28-17.25.24:456][327]MapCheck: Map check complete: 0 Error(s), 0 Warning(s), took 108.895ms to complete.
[2018.04.28-17.25.24:456][327]LogFileHelpers: Loading map 'Building_Level' took 1.321
[2018.04.28-17.25.24:458][327]LogSlate: Window 'Open Level' being destroyed
[2018.04.28-17.25.27:247][607]LogSlate: FSceneViewport::OnFocusLost() reason 0
[2018.04.28-17.25.31:985][896]LogEditorViewport: Clicking on Actor (LMB): StaticMeshActor (Cube)
[2018.04.28-17.25.35:312][171]LogSlate: FSceneViewport::OnFocusLost() reason 2
[2018.04.28-17.25.37:327][401]LogTemp: Repeating last play command: VR Preview
[2018.04.28-17.25.37:355][401]LogPlayLevel: PlayLevel: No blueprints needed recompiling
[2018.04.28-17.25.37:355][401]LogHMD: Initializing OVRPlugin session
[2018.04.28-17.25.37:487][401]PIE: New page: PIE session: Building_Level (Apr 28, 2018, 7:25:37 AM)
[2018.04.28-17.25.37:487][401]LogPlayLevel: Creating play world package: /Game/Maps/UEDPIE_0_Building_Level
[2018.04.28-17.25.37:619][401]LogPlayLevel: PIE: StaticDuplicateObject took: (0.130929s)
[2018.04.28-17.25.37:619][401]LogAIModule: Creating AISystem for world Building_Level
[2018.04.28-17.25.37:619][401]LogPlayLevel: PIE: World Init took: (0.000847s)
[2018.04.28-17.25.37:620][401]LogPlayLevel: PIE: Created PIE world by copying editor world from /Game/Maps/Building_Level.Building_Level to /Game/Maps/UEDPIE_0_Building_Level.Building_Level (0.131973s)
[2018.04.28-17.25.37:655][401]LogInit: XAudio2 using 'Headphones (Rift Audio)' : 2 channels at 48 kHz using 16 bits per sample (channel mask 0x3)
[2018.04.28-17.25.37:665][401]LogInit: FAudioDevice initialized.
[2018.04.28-17.25.37:773][401]LogHMD: Allocating Oculus 2720 x 1600 rendertarget swapchain
[2018.04.28-17.25.37:815][401]LogUObjectGlobals: Warning: Failed to find object 'Class None.'
[2018.04.28-17.25.37:816][401]LogLoad: Game class is 'GameModeBase'
[2018.04.28-17.25.37:875][401]LogWorld: Bringing World /Game/Maps/UEDPIE_0_Building_Level.Building_Level up for play (max tick rate 0) at 2018.04.28-12.25.37
[2018.04.28-17.25.37:898][401]LogWorld: Bringing up level for play took: 0.065347
[2018.04.28-17.25.37:921][401]LogContentBrowser: Native class hierarchy updated for 'MovieSceneCapture' in 0.0004 seconds. Added 11 classes and 0 folders.
[2018.04.28-17.25.37:997][401]PIE: Play in editor start time for /Game/Maps/UEDPIE_0_Building_Level 0.88
[2018.04.28-17.25.37:998][401]LogEngine: Changing dynamic resolution state.
[2018.04.28-17.25.38:107][401]LogRenderer: Releasing previous depth to switch default clear from depth: 0.000000 stencil: 0 to depth: 0.000000 stencil: 0
[2018.04.28-17.25.38:110][401]LogRenderer: Releasing previous depth to switch default clear from depth: 0.000000 stencil: 0 to depth: 0.000000 stencil: 0
[2018.04.28-17.25.38:112][401]LogRenderer: Releasing previous depth to switch default clear from depth: 0.000000 stencil: 0 to depth: 0.000000 stencil: 0
[2018.04.28-17.25.38:114][401]LogRenderer: Releasing previous depth to switch default clear from depth: 0.000000 stencil: 0 to depth: 0.000000 stencil: 0
[2018.04.28-17.25.38:116][401]LogRenderer: Releasing previous depth to switch default clear from depth: 0.000000 stencil: 0 to depth: 0.000000 stencil: 0
[2018.04.28-17.25.38:118][401]LogRenderer: Releasing previous depth to switch default clear from depth: 0.000000 stencil: 0 to depth: 0.000000 stencil: 0
[2018.04.28-17.25.38:131][401]LogRenderer: Reallocating scene render targets to support 2720x1600 Format 26 NumSamples 1 (Frame:1).
[2018.04.28-17.25.38:131][401]LogHMD: Allocating Oculus 2720 x 1600 depth rendertarget swapchain
[2018.04.28-17.25.51:000][761]LogSlate: Window 'havr Game Preview Standalone (64-bit/PCD3D_SM5)' being destroyed
[2018.04.28-17.25.51:109][762]LogEngine: Changing dynamic resolution state.
[2018.04.28-17.25.53:954][ 66]LogEditorViewport: Clicking on Actor (LMB): SphereReflectionCapture (SphereReflectionCapture)
[2018.04.28-17.25.55:384][193]LogEditorViewport: Clicking on Actor (LMB): MotionControllerPawn_C (MotionControllerPawn)
[2018.04.28-17.25.59:280][438]LogSlate: FSceneViewport::OnFocusLost() reason 0
[2018.04.28-17.26.01:262][566]LogEditorViewport: Clicking on Actor (LMB): MotionControllerPawn_C (MotionControllerPawn)
[2018.04.28-17.26.05:711][863]Cmd: DELETE
[2018.04.28-17.26.05:711][863]Cmd: ACTOR DELETE
[2018.04.28-17.26.05:811][863]LogEditorActor: Deleted Actor: MotionControllerPawn_C
[2018.04.28-17.26.05:855][863]LogEditorActor: Deleted 1 Actors (0.113 secs)
[2018.04.28-17.26.09:913][110]LogSlate: FSceneViewport::OnFocusLost() reason 2
[2018.04.28-17.26.13:394][498]LogSlate: FSceneViewport::OnFocusLost() reason 2
[2018.04.28-17.26.49:058][213]LogSlate: Window 'Save Content' being destroyed
[2018.04.28-17.26.49:062][213]Cmd: MAP LOAD FILE="../../../../../GitHubDDriveRep/Ha_VRJ_Test/havr/Content/VirtualRealityBP/Maps/HMDLocomotionMap.umap" TEMPLATE=0 SHOWPROGRESS=1 FEATURELEVEL=3
[2018.04.28-17.26.49:074][213]LightingResults: New page: Lighting Build
[2018.04.28-17.26.49:075][213]LoadErrors: New page: Loading map: HMDLocomotionMap.umap
[2018.04.28-17.26.49:085][213]MapCheck: New page: Map Check
[2018.04.28-17.26.49:085][213]LightingResults: New page: Lighting Build
[2018.04.28-17.26.49:374][213]LogAIModule: Creating AISystem for world HMDLocomotionMap
[2018.04.28-17.26.49:382][213]LogEditorServer: Finished looking for orphan Actors (0.000 secs)
[2018.04.28-17.26.49:444][213]Cmd: MAP CHECKDEP NOCLEARLOG
[2018.04.28-17.26.49:553][213]MapCheck: Map check complete: 0 Error(s), 0 Warning(s), took 108.116ms to complete.
[2018.04.28-17.26.49:553][213]LogFileHelpers: Loading map 'HMDLocomotionMap' took 0.492
[2018.04.28-17.26.49:555][213]LogSlate: Window 'Open Level' being destroyed
[2018.04.28-17.26.55:107][852]Cmd: MAP LOAD FILE="../../../../../GitHubDDriveRep/Ha_VRJ_Test/havr/Content/VirtualRealityBP/Maps/MotionControllerMap.umap" TEMPLATE=0 SHOWPROGRESS=1 FEATURELEVEL=3
[2018.04.28-17.26.55:115][852]LightingResults: New page: Lighting Build
[2018.04.28-17.26.55:115][852]LoadErrors: New page: Loading map: MotionControllerMap.umap
[2018.04.28-17.26.55:116][852]MapCheck: New page: Map Check
[2018.04.28-17.26.55:116][852]LightingResults: New page: Lighting Build
[2018.04.28-17.26.55:165][852]LogAIModule: Creating AISystem for world MotionControllerMap
[2018.04.28-17.26.55:174][852]LogEditorServer: Finished looking for orphan Actors (0.000 secs)
[2018.04.28-17.26.55:234][852]Cmd: MAP CHECKDEP NOCLEARLOG
[2018.04.28-17.26.55:344][852]MapCheck: Map check complete: 0 Error(s), 0 Warning(s), took 110.537ms to complete.
[2018.04.28-17.26.55:345][852]LogFileHelpers: Loading map 'MotionControllerMap' took 0.239
[2018.04.28-17.26.55:347][852]LogSlate: Window 'Open Level' being destroyed
[2018.04.28-17.26.58:371][210]LogEditorViewport: Clicking on Actor (LMB): MotionControllerPawn_C (VRPawn)
[2018.04.28-17.26.59:555][320]LogEditorViewport: Clicking on Actor (context menu): MotionControllerPawn_C (VRPawn)
[2018.04.28-17.26.59:603][320]LogSlate: FSceneViewport::OnFocusLost() reason 2
[2018.04.28-17.27.04:484][709]LogEditorViewport: Clicking on Actor (LMB): MotionControllerPawn_C (VRPawn)
[2018.04.28-17.27.05:001][755]LogEditorViewport: Clicking on Actor (context menu): MotionControllerPawn_C (VRPawn)
[2018.04.28-17.27.05:023][755]LogSlate: FSceneViewport::OnFocusLost() reason 2
[2018.04.28-17.27.14:310][528]LogEditorViewport: Clicking on Actor (LMB): BP_Sky_Sphere_C (SkySphereBlueprint)
[2018.04.28-17.28.49:606][574]LogSlate: FSceneViewport::OnFocusLost() reason 0
[2018.04.28-17.30.08:339][575]LogSlate: FSceneViewport::OnFocusLost() reason 0
[2018.04.28-17.30.09:578][702]LogEditorViewport: Clicking on Actor (LMB): MotionControllerPawn_C (VRPawn)
[2018.04.28-17.30.25:445][359]LogSlate: FSceneViewport::OnFocusLost() reason 0
[2018.04.28-17.30.48:156][502]LogSlate: FSceneViewport::OnFocusLost() reason 0
[2018.04.28-17.31.01:867][604]LogSlate: FSceneViewport::OnFocusLost() reason 0
[2018.04.28-17.35.18:190][639]LogTemp: Repeating last play command: VR Preview
[2018.04.28-17.35.18:219][639]LogBlueprintUserMessages: Early PlayInEditor Detection: Level '/Game/VirtualRealityBP/Maps/MotionControllerMap.MotionControllerMap:PersistentLevel' has LevelScriptBlueprint '/Game/VirtualRealityBP/Maps/MotionControllerMap.MotionControllerMap:PersistentLevel.MotionControllerMap' with GeneratedClass '/Game/VirtualRealityBP/Maps/MotionControllerMap.MotionControllerMap_C' with ClassGeneratedBy '/Game/VirtualRealityBP/Maps/MotionControllerMap.MotionControllerMap:PersistentLevel.MotionControllerMap'
[2018.04.28-17.35.18:219][639]LogPlayLevel: PlayLevel: No blueprints needed recompiling
[2018.04.28-17.35.18:219][639]LogHMD: Initializing OVRPlugin session
[2018.04.28-17.35.18:265][639]PIE: New page: PIE session: MotionControllerMap (Apr 28, 2018, 7:35:18 AM)
[2018.04.28-17.35.18:265][639]LogPlayLevel: Creating play world package: /Game/VirtualRealityBP/Maps/UEDPIE_0_MotionControllerMap
[2018.04.28-17.35.18:311][639]LogPlayLevel: PIE: StaticDuplicateObject took: (0.045316s)
[2018.04.28-17.35.18:311][639]LogAIModule: Creating AISystem for world MotionControllerMap
[2018.04.28-17.35.18:312][639]LogPlayLevel: PIE: World Init took: (0.000858s)
[2018.04.28-17.35.18:312][639]LogPlayLevel: PIE: Created PIE world by copying editor world from /Game/VirtualRealityBP/Maps/MotionControllerMap.MotionControllerMap to /Game/VirtualRealityBP/Maps/UEDPIE_0_MotionControllerMap.MotionControllerMap (0.046340s)
[2018.04.28-17.35.18:381][639]LogInit: XAudio2 using 'Headphones (Rift Audio)' : 2 channels at 48 kHz using 16 bits per sample (channel mask 0x3)
[2018.04.28-17.35.18:395][639]LogInit: FAudioDevice initialized.
[2018.04.28-17.35.18:493][639]LogHMD: Allocating Oculus 2720 x 1600 rendertarget swapchain
[2018.04.28-17.35.18:525][639]LogUObjectGlobals: Warning: Failed to find object 'Class None.'
[2018.04.28-17.35.18:525][639]LogLoad: Game class is 'GameModeBase'
[2018.04.28-17.35.18:527][639]LogWorld: Bringing World /Game/VirtualRealityBP/Maps/UEDPIE_0_MotionControllerMap.MotionControllerMap up for play (max tick rate 0) at 2018.04.28-12.35.18
[2018.04.28-17.35.18:550][639]LogWorld: Bringing up level for play took: 0.024983
[2018.04.28-17.35.18:606][639]PIE: Play in editor start time for /Game/VirtualRealityBP/Maps/UEDPIE_0_MotionControllerMap -0.512
[2018.04.28-17.35.18:606][639]LogBlueprintUserMessages: Late PlayInEditor Detection: Level '/Game/VirtualRealityBP/Maps/MotionControllerMap.MotionControllerMap:PersistentLevel' has LevelScriptBlueprint '/Game/VirtualRealityBP/Maps/MotionControllerMap.MotionControllerMap:PersistentLevel.MotionControllerMap' with GeneratedClass '/Game/VirtualRealityBP/Maps/MotionControllerMap.MotionControllerMap_C' with ClassGeneratedBy '/Game/VirtualRealityBP/Maps/MotionControllerMap.MotionControllerMap:PersistentLevel.MotionControllerMap'
[2018.04.28-17.35.18:608][639]LogEngine: Changing dynamic resolution state.
[2018.04.28-17.35.18:702][639]LogRenderer: Releasing previous depth to switch default clear from depth: 0.000000 stencil: 0 to depth: 0.000000 stencil: 0
[2018.04.28-17.35.18:702][639]LogHMD: Allocating Oculus 2720 x 1600 depth rendertarget swapchain
[2018.04.28-17.35.19:587][692]LogBlueprintUserMessages: Early EndPlayMap Detection: Level '/Game/VirtualRealityBP/Maps/MotionControllerMap.MotionControllerMap:PersistentLevel' has LevelScriptBlueprint '/Game/VirtualRealityBP/Maps/MotionControllerMap.MotionControllerMap:PersistentLevel.MotionControllerMap' with GeneratedClass '/Game/VirtualRealityBP/Maps/MotionControllerMap.MotionControllerMap_C' with ClassGeneratedBy '/Game/VirtualRealityBP/Maps/MotionControllerMap.MotionControllerMap:PersistentLevel.MotionControllerMap'
[2018.04.28-17.35.19:711][692]LogSlate: Window 'havr Game Preview Standalone (64-bit/PCD3D_SM5)' being destroyed
[2018.04.28-17.35.19:867][692]LogBlueprintUserMessages: Late EndPlayMap Detection: Level '/Game/VirtualRealityBP/Maps/MotionControllerMap.MotionControllerMap:PersistentLevel' has LevelScriptBlueprint '/Game/VirtualRealityBP/Maps/MotionControllerMap.MotionControllerMap:PersistentLevel.MotionControllerMap' with GeneratedClass '/Game/VirtualRealityBP/Maps/MotionControllerMap.MotionControllerMap_C' with ClassGeneratedBy '/Game/VirtualRealityBP/Maps/MotionControllerMap.MotionControllerMap:PersistentLevel.MotionControllerMap'
[2018.04.28-17.35.19:937][693]LogEngine: Changing dynamic resolution state.
[2018.04.28-17.38.44:410][853]LogSlate: FSceneViewport::OnFocusLost() reason 0
[2018.04.28-17.43.50:356][568]LogTemp: Repeating last play command: VR Preview
[2018.04.28-17.43.50:382][568]LogBlueprintUserMessages: Early PlayInEditor Detection: Level '/Game/VirtualRealityBP/Maps/MotionControllerMap.MotionControllerMap:PersistentLevel' has LevelScriptBlueprint '/Game/VirtualRealityBP/Maps/MotionControllerMap.MotionControllerMap:PersistentLevel.MotionControllerMap' with GeneratedClass '/Game/VirtualRealityBP/Maps/MotionControllerMap.MotionControllerMap_C' with ClassGeneratedBy '/Game/VirtualRealityBP/Maps/MotionControllerMap.MotionControllerMap:PersistentLevel.MotionControllerMap'
[2018.04.28-17.43.50:383][568]LogPlayLevel: PlayLevel: No blueprints needed recompiling
[2018.04.28-17.43.50:383][568]LogHMD: Initializing OVRPlugin session
[2018.04.28-17.43.50:430][568]PIE: New page: PIE session: MotionControllerMap (Apr 28, 2018, 7:43:50 AM)
[2018.04.28-17.43.50:431][568]LogPlayLevel: Creating play world package: /Game/VirtualRealityBP/Maps/UEDPIE_0_MotionControllerMap
[2018.04.28-17.43.50:439][568]LogPlayLevel: PIE: StaticDuplicateObject took: (0.008257s)
[2018.04.28-17.43.50:439][568]LogAIModule: Creating AISystem for world MotionControllerMap
[2018.04.28-17.43.50:440][568]LogPlayLevel: PIE: World Init took: (0.000811s)
[2018.04.28-17.43.50:440][568]LogPlayLevel: PIE: Created PIE world by copying editor world from /Game/VirtualRealityBP/Maps/MotionControllerMap.MotionControllerMap to /Game/VirtualRealityBP/Maps/UEDPIE_0_MotionControllerMap.MotionControllerMap (0.009236s)
[2018.04.28-17.43.50:487][568]LogInit: XAudio2 using 'Headphones (Rift Audio)' : 2 channels at 48 kHz using 16 bits per sample (channel mask 0x3)
[2018.04.28-17.43.50:500][568]LogInit: FAudioDevice initialized.
[2018.04.28-17.43.50:599][568]LogHMD: Allocating Oculus 2720 x 1600 rendertarget swapchain
[2018.04.28-17.43.50:630][568]LogUObjectGlobals: Warning: Failed to find object 'Class None.'
[2018.04.28-17.43.50:630][568]LogLoad: Game class is 'GameModeBase'
[2018.04.28-17.43.50:632][568]LogWorld: Bringing World /Game/VirtualRealityBP/Maps/UEDPIE_0_MotionControllerMap.MotionControllerMap up for play (max tick rate 0) at 2018.04.28-12.43.50
[2018.04.28-17.43.50:633][568]LogWorld: Bringing up level for play took: 0.002692
[2018.04.28-17.43.50:669][568]PIE: Play in editor start time for /Game/VirtualRealityBP/Maps/UEDPIE_0_MotionControllerMap -0.447
[2018.04.28-17.43.50:670][568]LogBlueprintUserMessages: Late PlayInEditor Detection: Level '/Game/VirtualRealityBP/Maps/MotionControllerMap.MotionControllerMap:PersistentLevel' has LevelScriptBlueprint '/Game/VirtualRealityBP/Maps/MotionControllerMap.MotionControllerMap:PersistentLevel.MotionControllerMap' with GeneratedClass '/Game/VirtualRealityBP/Maps/MotionControllerMap.MotionControllerMap_C' with ClassGeneratedBy '/Game/VirtualRealityBP/Maps/MotionControllerMap.MotionControllerMap:PersistentLevel.MotionControllerMap'
[2018.04.28-17.43.50:672][568]LogEngine: Changing dynamic resolution state.
[2018.04.28-17.43.50:684][568]LogRenderer: Releasing previous depth to switch default clear from depth: 0.000000 stencil: 0 to depth: 0.000000 stencil: 0
[2018.04.28-17.43.50:684][568]LogHMD: Allocating Oculus 2720 x 1600 depth rendertarget swapchain
[2018.04.28-17.44.29:738][ 26]LogBlueprintUserMessages: Early EndPlayMap Detection: Level '/Game/VirtualRealityBP/Maps/MotionControllerMap.MotionControllerMap:PersistentLevel' has LevelScriptBlueprint '/Game/VirtualRealityBP/Maps/MotionControllerMap.MotionControllerMap:PersistentLevel.MotionControllerMap' with GeneratedClass '/Game/VirtualRealityBP/Maps/MotionControllerMap.MotionControllerMap_C' with ClassGeneratedBy '/Game/VirtualRealityBP/Maps/MotionControllerMap.MotionControllerMap:PersistentLevel.MotionControllerMap'
[2018.04.28-17.44.29:863][ 26]LogSlate: Window 'havr Game Preview Standalone (64-bit/PCD3D_SM5)' being destroyed
[2018.04.28-17.44.29:901][ 26]LogBlueprintUserMessages: Late EndPlayMap Detection: Level '/Game/VirtualRealityBP/Maps/MotionControllerMap.MotionControllerMap:PersistentLevel' has LevelScriptBlueprint '/Game/VirtualRealityBP/Maps/MotionControllerMap.MotionControllerMap:PersistentLevel.MotionControllerMap' with GeneratedClass '/Game/VirtualRealityBP/Maps/MotionControllerMap.MotionControllerMap_C' with ClassGeneratedBy '/Game/VirtualRealityBP/Maps/MotionControllerMap.MotionControllerMap:PersistentLevel.MotionControllerMap'
[2018.04.28-17.44.30:137][ 27]LogEngine: Changing dynamic resolution state.
[2018.04.28-17.47.44:669][512]LogSlate: FSceneViewport::OnFocusLost() reason 0
[2018.04.28-17.48.56:196][298]LogEditorViewport: Clicking on Actor (LMB): PostProcessVolume (PostProcessVolume)
[2018.04.28-17.48.59:843][615]LogSlate: FSceneViewport::OnFocusLost() reason 0
[2018.04.28-17.49.17:213][126]LogSlate: FSceneViewport::OnFocusLost() reason 0
[2018.04.28-17.49.19:248][295]LogSlate: FSceneViewport::OnFocusLost() reason 0
[2018.04.28-17.49.21:703][508]LogSlate: FSceneViewport::OnFocusLost() reason 0
[2018.04.28-17.50.58:884][ 12]Cmd: EDIT COPY
[2018.04.28-17.52.09:206][507]Cmd: EDIT COPY
[2018.04.28-17.53.39:766][137]Cmd: EDIT COPY
[2018.04.28-17.53.43:259][424]Cmd: EDIT COPY
[2018.04.28-17.53.52:020][190]Cmd: EDIT COPY
[2018.04.28-17.54.01:080][379]Cmd: EDIT COPY
[2018.04.28-17.58.20:674][353]LogSlate: FSceneViewport::OnFocusLost() reason 0
[2018.04.28-17.58.21:203][385]LogSlate: Window 'MotionControllerPawn' being destroyed
[2018.04.28-17.58.21:313][385]LogSlate: Window 'havr - Unreal Editor' being destroyed
[2018.04.28-17.58.21:314][385]LogWindowsTextInputMethodSystem: Display: IME system now deactivated.
[2018.04.28-17.58.21:762][386]Cmd: QUIT_EDITOR
[2018.04.28-17.58.22:711][386]LogSlate: Slate User Destroyed.  User Index 0, Is Virtual User: 0
[2018.04.28-17.58.22:729][386]LogExit: Preparing to exit.
[2018.04.28-17.58.24:298][386]LogDirectoryWatcher: A directory notification for 'D:/GitHubDDriveRep/Ha_VRJ_Test/havr/Content/' was aborted.
[2018.04.28-17.58.24:723][386]LogExit: Editor shut down
[2018.04.28-17.58.24:818][386]LogExit: Transaction tracking system shut down
[2018.04.28-17.58.25:910][386]LogDirectoryWatcher: A directory notification for '../../../Engine/Content/' was aborted.
[2018.04.28-17.58.25:910][386]LogDirectoryWatcher: A directory notification for '../../../../../GitHubDDriveRep/Ha_VRJ_Test/havr/Content/' was aborted.
[2018.04.28-17.58.25:910][386]LogDirectoryWatcher: A directory notification for '../../Plugins/2D/Paper2D/Content/' was aborted.
[2018.04.28-17.58.25:910][386]LogDirectoryWatcher: A directory notification for '../../Plugins/Enterprise/DatasmithContent/Content/' was aborted.
[2018.04.28-17.58.25:910][386]LogDirectoryWatcher: A directory notification for '../../Plugins/Media/MediaCompositing/Content/' was aborted.
[2018.04.28-17.58.25:910][386]LogDirectoryWatcher: A directory notification for '../../Plugins/Runtime/AppleARKit/Content/' was aborted.
[2018.04.28-17.58.25:910][386]LogDirectoryWatcher: A directory notification for '../../Plugins/Runtime/Oculus/OculusVR/Content/' was aborted.
[2018.04.28-17.58.25:910][386]LogDirectoryWatcher: A directory notification for '../../Plugins/Runtime/Steam/SteamVR/Content/' was aborted.
[2018.04.28-17.58.29:545][386]LogExit: Object subsystem successfully closed.
[2018.04.28-17.58.29:693][386]LogShaderCompilers: Display: Shaders left to compile 0
[2018.04.28-17.58.29:719][386]LogD3D11RHI: Shutdown
[2018.04.28-17.58.29:720][386]LogD3D11RHI: CleanupD3DDevice
[2018.04.28-17.58.29:755][386]LogD3D11RHI: ~FD3D11DynamicRHI
[2018.04.28-17.58.31:181][386]LogModuleManager: Shutting down and abandoning module MovieSceneCapture (580)
[2018.04.28-17.58.31:181][386]LogModuleManager: Shutting down and abandoning module NewLevelDialog (578)
[2018.04.28-17.58.31:181][386]LogModuleManager: Shutting down and abandoning module BlueprintGraph (576)
[2018.04.28-17.58.31:181][386]LogModuleManager: Shutting down and abandoning module HierarchicalLODOutliner (574)
[2018.04.28-17.58.31:181][386]LogModuleManager: Shutting down and abandoning module SceneOutliner (572)
[2018.04.28-17.58.31:182][386]LogModuleManager: Shutting down and abandoning module AddContentDialog (570)
[2018.04.28-17.58.31:187][386]LogDirectoryWatcher: A directory notification for 'D:/UE4P/UE_4.19/FeaturePacks/' was aborted.
[2018.04.28-17.58.31:194][386]LogModuleManager: Shutting down and abandoning module WidgetCarousel (569)
[2018.04.28-17.58.31:195][386]LogModuleManager: Shutting down and abandoning module EditorWidgets (566)
[2018.04.28-17.58.31:195][386]LogModuleManager: Shutting down and abandoning module CollectionManager (564)
[2018.04.28-17.58.31:224][386]LogDirectoryWatcher: A directory notification for 'D:/GitHubDDriveRep/Ha_VRJ_Test/havr/Content/Collections/' was aborted.
[2018.04.28-17.58.31:224][386]LogDirectoryWatcher: A directory notification for 'D:/GitHubDDriveRep/Ha_VRJ_Test/havr/Content/Developers/Brad/Collections/' was aborted.
[2018.04.28-17.58.31:224][386]LogDirectoryWatcher: A directory notification for 'D:/GitHubDDriveRep/Ha_VRJ_Test/havr/Saved/Collections/' was aborted.
[2018.04.28-17.58.31:224][386]LogModuleManager: Shutting down and abandoning module StatsViewer (562)
[2018.04.28-17.58.31:252][386]LogModuleManager: Shutting down and abandoning module FoliageEdit (560)
[2018.04.28-17.58.31:252][386]LogModuleManager: Shutting down and abandoning module LandscapeEditor (558)
[2018.04.28-17.58.31:257][386]LogModuleManager: Shutting down and abandoning module MeshPaintMode (556)
[2018.04.28-17.58.31:261][386]LogModuleManager: Shutting down and abandoning module SceneDepthPickerMode (554)
[2018.04.28-17.58.31:261][386]LogModuleManager: Shutting down and abandoning module ActorPickerMode (552)
[2018.04.28-17.58.31:261][386]LogModuleManager: Shutting down and abandoning module GeometryMode (550)
[2018.04.28-17.58.31:277][386]LogModuleManager: Shutting down and abandoning module TextureAlignMode (548)
[2018.04.28-17.58.31:277][386]LogModuleManager: Shutting down and abandoning module BspMode (546)
[2018.04.28-17.58.31:277][386]LogModuleManager: Shutting down and abandoning module PIEPreviewDeviceProfileSelector (544)
[2018.04.28-17.58.31:277][386]LogModuleManager: Shutting down and abandoning module HardwareSurvey (542)
[2018.04.28-17.58.31:277][386]LogModuleManager: Shutting down and abandoning module SequenceRecorderSections (540)
[2018.04.28-17.58.31:277][386]LogModuleManager: Shutting down and abandoning module AutomationWorker (538)
[2018.04.28-17.58.31:277][386]LogModuleManager: Shutting down and abandoning module AudioCaptureEditor (536)
[2018.04.28-17.58.31:277][386]LogModuleManager: Shutting down and abandoning module SequenceRecorder (535)
[2018.04.28-17.58.31:350][386]LogModuleManager: Shutting down and abandoning module MatineeToLevelSequence (532)
[2018.04.28-17.58.31:350][386]LogModuleManager: Shutting down and abandoning module LevelSequenceEditor (530)
[2018.04.28-17.58.31:392][386]LogModuleManager: Shutting down and abandoning module PlacementMode (529)
[2018.04.28-17.58.31:392][386]LogModuleManager: Shutting down and abandoning module MaterialEditor (528)
[2018.04.28-17.58.31:490][386]LogModuleManager: Shutting down and abandoning module WmfMediaFactory (524)
[2018.04.28-17.58.31:490][386]LogModuleManager: Shutting down and abandoning module WmfMediaEditor (522)
[2018.04.28-17.58.31:490][386]LogModuleManager: Shutting down and abandoning module MediaPlayerEditor (520)
[2018.04.28-17.58.31:542][386]LogModuleManager: Shutting down and abandoning module OpenExrWrapper (518)
[2018.04.28-17.58.31:542][386]LogModuleManager: Shutting down and abandoning module ImgMediaFactory (516)
[2018.04.28-17.58.31:542][386]LogModuleManager: Shutting down and abandoning module ImgMediaEditor (514)
[2018.04.28-17.58.31:542][386]LogModuleManager: Shutting down and abandoning module AvfMediaFactory (512)
[2018.04.28-17.58.31:542][386]LogModuleManager: Shutting down and abandoning module AvfMediaEditor (510)
[2018.04.28-17.58.31:542][386]LogModuleManager: Shutting down and abandoning module AndroidMediaFactory (508)
[2018.04.28-17.58.31:542][386]LogModuleManager: Shutting down and abandoning module AndroidMediaEditor (506)
[2018.04.28-17.58.31:543][386]LogModuleManager: Shutting down and abandoning module CharacterAI (504)
[2018.04.28-17.58.31:543][386]LogModuleManager: Shutting down and abandoning module SmartSnapping (502)
[2018.04.28-17.58.31:543][386]LogModuleManager: Shutting down and abandoning module SessionServices (500)
[2018.04.28-17.58.31:543][386]LogModuleManager: Shutting down and abandoning module ViewportSnapping (498)
[2018.04.28-17.58.31:543][386]LogModuleManager: Shutting down and abandoning module ViewportInteraction (496)
[2018.04.28-17.58.31:543][386]LogModuleManager: Shutting down and abandoning module ClothPainter (494)
[2018.04.28-17.58.31:565][386]LogModuleManager: Shutting down and abandoning module SkeletalMeshEditor (493)
[2018.04.28-17.58.31:641][386]LogModuleManager: Shutting down and abandoning module LogVisualizer (490)
[2018.04.28-17.58.31:714][386]LogModuleManager: Shutting down and abandoning module IntroTutorials (488)
[2018.04.28-17.58.31:825][386]LogModuleManager: Shutting down and abandoning module GameProjectGeneration (487)
[2018.04.28-17.58.31:871][386]LogModuleManager: Shutting down and abandoning module IOSPlatformEditor (484)
[2018.04.28-17.58.31:872][386]LogModuleManager: Shutting down and abandoning module HTML5PlatformEditor (482)
[2018.04.28-17.58.31:872][386]LogModuleManager: Shutting down and abandoning module AndroidPlatformEditor (480)
[2018.04.28-17.58.31:872][386]LogModuleManager: Shutting down and abandoning module AndroidDeviceDetection (479)
[2018.04.28-17.58.32:532][386]LogModuleManager: Shutting down and abandoning module WindowsPlatformEditor (476)
[2018.04.28-17.58.32:532][386]LogModuleManager: Shutting down and abandoning module IOSRuntimeSettings (474)
[2018.04.28-17.58.32:532][386]LogModuleManager: Shutting down and abandoning module AndroidRuntimeSettings (472)
[2018.04.28-17.58.32:532][386]LogModuleManager: Shutting down and abandoning module InputBindingEditor (470)
[2018.04.28-17.58.32:552][386]LogModuleManager: Shutting down and abandoning module MergeActors (468)
[2018.04.28-17.58.32:565][386]LogModuleManager: Shutting down and abandoning module LocalizationDashboard (466)
[2018.04.28-17.58.32:599][386]LogModuleManager: Shutting down and abandoning module LocalizationService (465)
[2018.04.28-17.58.32:632][386]LogModuleManager: Shutting down and abandoning module HardwareTargeting (462)
[2018.04.28-17.58.32:632][386]LogModuleManager: Shutting down and abandoning module DeviceProfileEditor (460)
[2018.04.28-17.58.32:641][386]LogModuleManager: Shutting down and abandoning module UndoHistory (458)
[2018.04.28-17.58.32:641][386]LogModuleManager: Shutting down and abandoning module XmlParser (456)
[2018.04.28-17.58.32:641][386]LogModuleManager: Shutting down and abandoning module Blutility (454)
[2018.04.28-17.58.32:641][386]LogModuleManager: Shutting down and abandoning module ProjectSettingsViewer (452)
[2018.04.28-17.58.32:641][386]LogModuleManager: Shutting down and abandoning module ProjectTargetPlatformEditor (451)
[2018.04.28-17.58.32:642][386]LogModuleManager: Shutting down and abandoning module EditorSettingsViewer (448)
[2018.04.28-17.58.32:642][386]LogModuleManager: Shutting down and abandoning module SettingsEditor (446)
[2018.04.28-17.58.32:642][386]LogModuleManager: Shutting down and abandoning module ProjectLauncher (444)
[2018.04.28-17.58.32:671][386]LogModuleManager: Shutting down and abandoning module SessionFrontend (442)
[2018.04.28-17.58.32:680][386]LogModuleManager: Shutting down and abandoning module ProfilerClient (440)
[2018.04.28-17.58.32:688][386]LogModuleManager: Shutting down and abandoning module DeviceManager (438)
[2018.04.28-17.58.32:696][386]LogModuleManager: Shutting down and abandoning module TargetDeviceServices (437)
[2018.04.28-17.58.32:763][386]LogModuleManager: Shutting down and abandoning module AutomationController (434)
[2018.04.28-17.58.32:776][386]LogModuleManager: Shutting down and abandoning module AutomationWindow (432)
[2018.04.28-17.58.32:882][386]LogModuleManager: Shutting down and abandoning module Layers (430)
[2018.04.28-17.58.32:953][386]LogModuleManager: Shutting down and abandoning module ComponentVisualizers (428)
[2018.04.28-17.58.32:953][386]LogModuleManager: Shutting down and abandoning module DetailCustomizations (426)
[2018.04.28-17.58.32:988][386]LogModuleManager: Shutting down and abandoning module PackagesDialog (424)
[2018.04.28-17.58.32:989][386]LogModuleManager: Shutting down and abandoning module Persona (422)
[2018.04.28-17.58.32:999][386]LogModuleManager: Shutting down and abandoning module AdvancedPreviewScene (421)
[2018.04.28-17.58.33:000][386]LogModuleManager: Shutting down and abandoning module AnimGraph (419)
[2018.04.28-17.58.33:000][386]LogModuleManager: Shutting down and abandoning module Kismet (416)
[2018.04.28-17.58.33:034][386]LogModuleManager: Shutting down and abandoning module GraphEditor (414)
[2018.04.28-17.58.33:035][386]LogModuleManager: Shutting down and abandoning module ClassViewer (412)
[2018.04.28-17.58.33:035][386]LogModuleManager: Shutting down and abandoning module Toolbox (410)
[2018.04.28-17.58.33:035][386]LogModuleManager: Shutting down and abandoning module ModuleUI (408)
[2018.04.28-17.58.33:049][386]LogModuleManager: Shutting down and abandoning module MovieSceneTools (406)
[2018.04.28-17.58.33:106][386]LogModuleManager: Shutting down and abandoning module OutputLog (404)
[2018.04.28-17.58.33:110][386]LogModuleManager: Shutting down and abandoning module GammaUI (402)
[2018.04.28-17.58.33:127][386]LogModuleManager: Shutting down and abandoning module Documentation (400)
[2018.04.28-17.58.33:127][386]LogModuleManager: Shutting down and abandoning module MovieSceneTracks (398)
[2018.04.28-17.58.33:127][386]LogModuleManager: Shutting down and abandoning module MovieScene (396)
[2018.04.28-17.58.33:127][386]LogModuleManager: Shutting down and abandoning module StreamingPauseRendering (394)
[2018.04.28-17.58.33:127][386]LogModuleManager: Shutting down and abandoning module LauncherPlatform (392)
[2018.04.28-17.58.33:127][386]LogModuleManager: Shutting down and abandoning module AnalyticsET (390)
[2018.04.28-17.58.33:127][386]LogModuleManager: Shutting down and abandoning module PortalServices (388)
[2018.04.28-17.58.33:127][386]LogModuleManager: Shutting down and abandoning module PortalRpc (386)
[2018.04.28-17.58.33:127][386]LogModuleManager: Shutting down and abandoning module MessagingRpc (384)
[2018.04.28-17.58.33:127][386]LogModuleManager: Shutting down and abandoning module AIModule (382)
[2018.04.28-17.58.33:154][386]LogModuleManager: Shutting down and abandoning module GameplayDebugger (381)
[2018.04.28-17.58.33:155][386]LogModuleManager: Shutting down and abandoning module AITestSuite (379)
[2018.04.28-17.58.33:161][386]LogModuleManager: Shutting down and abandoning module DesktopPlatform (376)
[2018.04.28-17.58.33:170][386]LogModuleManager: Shutting down and abandoning module ProfilerService (374)
[2018.04.28-17.58.33:186][386]LogModuleManager: Shutting down and abandoning module TaskGraph (372)
[2018.04.28-17.58.33:218][386]LogModuleManager: Shutting down and abandoning module SteamVRController (370)
[2018.04.28-17.58.33:218][386]LogModuleManager: Shutting down and abandoning module ProceduralMeshComponentEditor (368)
[2018.04.28-17.58.33:218][386]LogModuleManager: Shutting down and abandoning module ProceduralMeshComponent (366)
[2018.04.28-17.58.33:235][386]LogModuleManager: Shutting down and abandoning module OculusInput (364)
[2018.04.28-17.58.33:235][386]LogModuleManager: Shutting down and abandoning module MobilePatchingUtils (362)
[2018.04.28-17.58.33:235][386]LogModuleManager: Shutting down and abandoning module CustomMeshComponent (360)
[2018.04.28-17.58.33:236][386]LogModuleManager: Shutting down and abandoning module CableComponent (358)
[2018.04.28-17.58.33:236][386]LogModuleManager: Shutting down and abandoning module AudioCapture (356)
[2018.04.28-17.58.33:236][386]LogModuleManager: Shutting down and abandoning module ArchVisCharacter (354)
[2018.04.28-17.58.33:236][386]LogModuleManager: Shutting down and abandoning module AndroidPermission (352)
[2018.04.28-17.58.33:236][386]LogModuleManager: Shutting down and abandoning module NUTUnrealEngine4 (348)
[2018.04.28-17.58.33:238][386]LogModuleManager: Shutting down and abandoning module NetcodeUnitTest (346)
[2018.04.28-17.58.33:267][386]LogModuleManager: Shutting down and abandoning module MediaCompositingEditor (344)
[2018.04.28-17.58.33:267][386]LogModuleManager: Shutting down and abandoning module MediaCompositing (342)
[2018.04.28-17.58.33:267][386]LogModuleManager: Shutting down and abandoning module LinearTimecode (340)
[2018.04.28-17.58.33:267][386]LogModuleManager: Shutting down and abandoning module ImgMedia (338)
[2018.04.28-17.58.33:276][386]LogModuleManager: Shutting down and abandoning module HTML5Networking (336)
[2018.04.28-17.58.33:276][386]LogModuleManager: Shutting down and abandoning module AlembicImporter (334)
[2018.04.28-17.58.33:293][386]LogModuleManager: Shutting down and abandoning module AlembicLibrary (333)
[2018.04.28-17.58.33:293][386]LogModuleManager: Shutting down and abandoning module GeometryCache (332)
[2018.04.28-17.58.33:293][386]LogModuleManager: Shutting down and abandoning module GeometryCacheEd (331)
[2018.04.28-17.58.33:293][386]LogModuleManager: Shutting down and abandoning module DatasmithContent (326)
[2018.04.28-17.58.33:293][386]LogModuleManager: Shutting down and abandoning module SpeedTreeImporter (324)
[2018.04.28-17.58.33:294][386]LogModuleManager: Shutting down and abandoning module PluginBrowser (322)
[2018.04.28-17.58.33:328][386]LogModuleManager: Shutting down and abandoning module MobileLauncherProfileWizard (320)
[2018.04.28-17.58.33:384][386]LogModuleManager: Shutting down and abandoning module CryptoKeysOpenSSL (318)
[2018.04.28-17.58.33:390][386]LogModuleManager: Shutting down and abandoning module CryptoKeys (316)
[2018.04.28-17.58.33:390][386]LogModuleManager: Shutting down and abandoning module VisualStudioSourceCodeAccess (314)
[2018.04.28-17.58.33:390][386]LogModuleManager: Shutting down and abandoning module VisualStudioCodeSourceCodeAccess (312)
[2018.04.28-17.58.33:390][386]LogModuleManager: Shutting down and abandoning module UObjectPlugin (310)
[2018.04.28-17.58.33:391][386]LogModuleManager: Shutting down and abandoning module SubversionSourceControl (308)
[2018.04.28-17.58.33:426][386]LogModuleManager: Shutting down and abandoning module PerforceSourceControl (306)
[2018.04.28-17.58.33:489][386]LogModuleManager: Shutting down and abandoning module GitSourceControl (304)
[2018.04.28-17.58.33:556][386]LogModuleManager: Shutting down and abandoning module SourceControl (303)
[2018.04.28-17.58.33:602][386]LogModuleManager: Shutting down and abandoning module CLionSourceCodeAccess (300)
[2018.04.28-17.58.33:602][386]LogModuleManager: Shutting down and abandoning module LightPropagationVolumeEditor (298)
[2018.04.28-17.58.33:602][386]LogModuleManager: Shutting down and abandoning module PaperTiledImporter (296)
[2018.04.28-17.58.33:602][386]LogModuleManager: Shutting down and abandoning module PaperSpriteSheetImporter (294)
[2018.04.28-17.58.33:602][386]LogModuleManager: Shutting down and abandoning module Paper2DEditor (292)
[2018.04.28-17.58.33:646][386]LogModuleManager: Shutting down and abandoning module MeshPaint (291)
[2018.04.28-17.58.33:656][386]LogModuleManager: Shutting down and abandoning module RuntimePhysXCooking (288)
[2018.04.28-17.58.33:656][386]LogModuleManager: Shutting down and abandoning module PhysXVehiclesEditor (286)
[2018.04.28-17.58.33:657][386]LogModuleManager: Shutting down and abandoning module PhysXVehicles (284)
[2018.04.28-17.58.33:657][386]LogModuleManager: Shutting down and abandoning module OculusEditor (282)
[2018.04.28-17.58.33:657][386]LogModuleManager: Shutting down and abandoning module LocationServicesBPLibrary (280)
[2018.04.28-17.58.33:657][386]LogModuleManager: Shutting down and abandoning module ImmediatePhysicsEditor (278)
[2018.04.28-17.58.33:657][386]LogModuleManager: Shutting down and abandoning module ImmediatePhysics (276)
[2018.04.28-17.58.33:683][386]LogModuleManager: Shutting down and abandoning module ActorSequence (274)
[2018.04.28-17.58.33:683][386]LogModuleManager: Shutting down and abandoning module UdpMessaging (272)
[2018.04.28-17.58.33:796][386]LogModuleManager: Shutting down and abandoning module TcpMessaging (270)
[2018.04.28-17.58.33:918][386]LogModuleManager: Shutting down and abandoning module GameplayTagsEditor (268)
[2018.04.28-17.58.33:936][386]LogModuleManager: Shutting down and abandoning module FacialAnimationEditor (266)
[2018.04.28-17.58.33:937][386]LogModuleManager: Shutting down and abandoning module FacialAnimation (264)
[2018.04.28-17.58.33:937][386]LogModuleManager: Shutting down and abandoning module DataValidation (262)
[2018.04.28-17.58.33:937][386]LogModuleManager: Shutting down and abandoning module AssetManagerEditor (260)
[2018.04.28-17.58.34:000][386]LogModuleManager: Shutting down and abandoning module LevelEditor (259)
[2018.04.28-17.58.34:065][386]LogModuleManager: Shutting down and abandoning module PixelInspectorModule (258)
[2018.04.28-17.58.34:090][386]LogModuleManager: Shutting down and abandoning module CommonMenuExtensions (256)
[2018.04.28-17.58.34:091][386]LogModuleManager: Shutting down and abandoning module MainFrame (254)
[2018.04.28-17.58.34:091][386]LogModuleManager: Shutting down and abandoning module HotReload (253)
[2018.04.28-17.58.34:206][386]LogModuleManager: Shutting down and abandoning module ContentBrowser (249)
[2018.04.28-17.58.34:208][386]LogModuleManager: Shutting down and abandoning module TreeMap (247)
[2018.04.28-17.58.34:242][386]LogModuleManager: Shutting down and abandoning module LightPropagationVolumeRuntime (244)
[2018.04.28-17.58.34:242][386]LogModuleManager: Shutting down and abandoning module LiveLinkEditor (242)
[2018.04.28-17.58.34:265][386]LogModuleManager: Shutting down and abandoning module LiveLink (240)
[2018.04.28-17.58.34:922][386]LogModuleManager: Shutting down and abandoning module Paper2D (238)
[2018.04.28-17.58.34:922][386]LogModuleManager: Shutting down and abandoning module WindowsMoviePlayer (236)
[2018.04.28-17.58.34:922][386]LogModuleManager: Shutting down and abandoning module WmfMedia (234)
[2018.04.28-17.58.34:939][386]LogModuleManager: Shutting down and abandoning module PacketHandler (232)
[2018.04.28-17.58.34:940][386]LogModuleManager: Shutting down and abandoning module ClothingSystemEditor (230)
[2018.04.28-17.58.34:940][386]LogModuleManager: Shutting down and abandoning module ClothingSystemRuntime (228)
[2018.04.28-17.58.34:976][386]LogModuleManager: Shutting down and abandoning module MediaAssets (226)
[2018.04.28-17.58.34:976][386]LogModuleManager: Shutting down and abandoning module Media (225)
[2018.04.28-17.58.34:982][386]LogModuleManager: Shutting down and abandoning module Overlay (222)
[2018.04.28-17.58.34:982][386]LogModuleManager: Shutting down and abandoning module OverlayEditor (221)
[2018.04.28-17.58.34:982][386]LogModuleManager: Shutting down and abandoning module VREditor (218)
[2018.04.28-17.58.35:008][386]LogModuleManager: Shutting down and abandoning module StringTableEditor (216)
[2018.04.28-17.58.35:008][386]LogModuleManager: Shutting down and abandoning module GameplayTasksEditor (214)
[2018.04.28-17.58.35:008][386]LogModuleManager: Shutting down and abandoning module BehaviorTreeEditor (212)
[2018.04.28-17.58.35:060][386]LogModuleManager: Shutting down and abandoning module FunctionalTesting (210)
[2018.04.28-17.58.35:060][386]LogModuleManager: Shutting down and abandoning module CollisionAnalyzer (208)
[2018.04.28-17.58.35:072][386]LogModuleManager: Shutting down and abandoning module WorkspaceMenuStructure (207)
[2018.04.28-17.58.35:072][386]LogModuleManager: Shutting down and abandoning module UMG (204)
[2018.04.28-17.58.35:085][386]LogModuleManager: Shutting down and abandoning module UMGEditor (203)
[2018.04.28-17.58.35:113][386]LogModuleManager: Shutting down and abandoning module Sequencer (202)
[2018.04.28-17.58.35:147][386]LogModuleManager: Shutting down and abandoning module MessageLog (199)
[2018.04.28-17.58.35:147][386]LogModuleManager: Shutting down and abandoning module SlateReflector (194)
[2018.04.28-17.58.35:171][386]LogModuleManager: Shutting down and abandoning module Slate (192)
[2018.04.28-17.58.35:173][386]LogModuleManager: Shutting down and abandoning module EditorStyle (190)
[2018.04.28-17.58.35:177][386]LogModuleManager: Shutting down and abandoning module MRMesh (188)
[2018.04.28-17.58.35:177][386]LogModuleManager: Shutting down and abandoning module SourceCodeAccess (186)
[2018.04.28-17.58.35:177][386]LogModuleManager: Shutting down and abandoning module HeadMountedDisplay (184)
[2018.04.28-17.58.35:177][386]LogModuleManager: Shutting down and abandoning module XAudio2 (182)
[2018.04.28-17.58.35:177][386]LogModuleManager: Shutting down and abandoning module Networking (180)
[2018.04.28-17.58.35:177][386]LogModuleManager: Shutting down and abandoning module Core (178)
[2018.04.28-17.58.35:177][386]LogModuleManager: Shutting down and abandoning module LevelSequence (176)
[2018.04.28-17.58.35:200][386]LogModuleManager: Shutting down and abandoning module KismetCompiler (174)
[2018.04.28-17.58.35:200][386]LogModuleManager: Shutting down and abandoning module MeshUtilities (172)
[2018.04.28-17.58.35:221][386]LogModuleManager: Shutting down and abandoning module MeshMergeUtilities (171)
[2018.04.28-17.58.35:221][386]LogModuleManager: Shutting down and abandoning module MeshReductionInterface (170)
[2018.04.28-17.58.35:221][386]LogModuleManager: Shutting down and abandoning module SimplygonSwarm (169)
[2018.04.28-17.58.35:231][386]LogModuleManager: Shutting down and abandoning module SimplygonMeshReduction (167)
[2018.04.28-17.58.35:236][386]LogModuleManager: Shutting down and abandoning module QuadricMeshReduction (165)
[2018.04.28-17.58.35:236][386]LogModuleManager: Shutting down and abandoning module MaterialBaking (161)
[2018.04.28-17.58.35:244][386]LogModuleManager: Shutting down and abandoning module DirectoryWatcher (157)
[2018.04.28-17.58.35:254][386]LogModuleManager: Shutting down and abandoning module DerivedDataCache (154)
[2018.04.28-17.58.35:313][386]LogDerivedDataCache: Shutdown
[2018.04.28-17.58.35:313][386]LogModuleManager: Shutting down and abandoning module XGEController (152)
[2018.04.28-17.58.35:313][386]LogModuleManager: Shutting down and abandoning module TargetPlatform (150)
[2018.04.28-17.58.35:313][386]LogModuleManager: Shutting down and abandoning module VulkanShaderFormat (149)
[2018.04.28-17.58.35:332][386]LogModuleManager: Shutting down and abandoning module ShaderFormatVectorVM (147)
[2018.04.28-17.58.35:359][386]LogModuleManager: Shutting down and abandoning module ShaderFormatOpenGL (145)
[2018.04.28-17.58.35:367][386]LogModuleManager: Shutting down and abandoning module ShaderFormatD3D (143)
[2018.04.28-17.58.35:367][386]LogModuleManager: Shutting down and abandoning module MetalShaderFormat (141)
[2018.04.28-17.58.35:373][386]LogModuleManager: Shutting down and abandoning module TextureFormatUncompressed (139)
[2018.04.28-17.58.35:373][386]LogModuleManager: Shutting down and abandoning module TextureFormatPVR (137)
[2018.04.28-17.58.35:373][386]LogModuleManager: Shutting down and abandoning module TextureFormatDXT (135)
[2018.04.28-17.58.35:373][386]LogModuleManager: Shutting down and abandoning module TextureFormatIntelISPCTexComp (133)
[2018.04.28-17.58.35:373][386]LogModuleManager: Shutting down and abandoning module TextureFormatASTC (131)
[2018.04.28-17.58.35:373][386]LogModuleManager: Shutting down and abandoning module ImageWrapper (130)
[2018.04.28-17.58.35:373][386]LogModuleManager: Shutting down and abandoning module TextureFormatAndroid (127)
[2018.04.28-17.58.35:373][386]LogModuleManager: Shutting down and abandoning module AudioFormatOpus (125)
[2018.04.28-17.58.35:373][386]LogModuleManager: Shutting down and abandoning module AudioFormatOgg (123)
[2018.04.28-17.58.35:374][386]LogModuleManager: Shutting down and abandoning module AudioFormatADPCM (121)
[2018.04.28-17.58.35:374][386]LogModuleManager: Shutting down and abandoning module LinuxTargetPlatform (119)
[2018.04.28-17.58.35:374][386]LogModuleManager: Shutting down and abandoning module LinuxServerTargetPlatform (117)
[2018.04.28-17.58.35:374][386]LogModuleManager: Shutting down and abandoning module LinuxNoEditorTargetPlatform (115)
[2018.04.28-17.58.35:374][386]LogModuleManager: Shutting down and abandoning module LinuxClientTargetPlatform (113)
[2018.04.28-17.58.35:374][386]LogModuleManager: Shutting down and abandoning module TVOSTargetPlatform (111)
[2018.04.28-17.58.35:374][386]LogModuleManager: Shutting down and abandoning module Messaging (109)
[2018.04.28-17.58.35:374][386]LogModuleManager: Shutting down and abandoning module IOSTargetPlatform (107)
[2018.04.28-17.58.35:374][386]LogModuleManager: Shutting down and abandoning module HTML5TargetPlatform (105)
[2018.04.28-17.58.35:374][386]LogModuleManager: Shutting down and abandoning module AndroidTargetPlatform (103)
[2018.04.28-17.58.35:374][386]LogModuleManager: Shutting down and abandoning module Android_PVRTCTargetPlatform (101)
[2018.04.28-17.58.35:374][386]LogModuleManager: Shutting down and abandoning module Android_MultiTargetPlatform (99)
[2018.04.28-17.58.35:374][386]LogModuleManager: Shutting down and abandoning module Android_ETC2TargetPlatform (97)
[2018.04.28-17.58.35:374][386]LogModuleManager: Shutting down and abandoning module Android_ETC1TargetPlatform (95)
[2018.04.28-17.58.35:374][386]LogModuleManager: Shutting down and abandoning module Android_ETC1aTargetPlatform (93)
[2018.04.28-17.58.35:374][386]LogModuleManager: Shutting down and abandoning module Android_DXTTargetPlatform (91)
[2018.04.28-17.58.35:374][386]LogModuleManager: Shutting down and abandoning module Android_ATCTargetPlatform (89)
[2018.04.28-17.58.35:374][386]LogModuleManager: Shutting down and abandoning module Android_ASTCTargetPlatform (87)
[2018.04.28-17.58.35:374][386]LogModuleManager: Shutting down and abandoning module WindowsTargetPlatform (85)
[2018.04.28-17.58.35:375][386]LogModuleManager: Shutting down and abandoning module WindowsServerTargetPlatform (83)
[2018.04.28-17.58.35:375][386]LogModuleManager: Shutting down and abandoning module WindowsNoEditorTargetPlatform (81)
[2018.04.28-17.58.35:375][386]LogModuleManager: Shutting down and abandoning module WindowsClientTargetPlatform (79)
[2018.04.28-17.58.35:375][386]LogModuleManager: Shutting down and abandoning module MacTargetPlatform (77)
[2018.04.28-17.58.35:375][386]LogModuleManager: Shutting down and abandoning module MacServerTargetPlatform (75)
[2018.04.28-17.58.35:375][386]LogModuleManager: Shutting down and abandoning module MacNoEditorTargetPlatform (73)
[2018.04.28-17.58.35:375][386]LogModuleManager: Shutting down and abandoning module MacClientTargetPlatform (71)
[2018.04.28-17.58.35:375][386]LogModuleManager: Shutting down and abandoning module AllDesktopTargetPlatform (69)
[2018.04.28-17.58.35:375][386]LogModuleManager: Shutting down and abandoning module InputCore (66)
[2018.04.28-17.58.35:375][386]LogModuleManager: Shutting down and abandoning module Settings (64)
[2018.04.28-17.58.35:375][386]LogModuleManager: Shutting down and abandoning module PhysXCooking (62)
[2018.04.28-17.58.35:375][386]LogModuleManager: Shutting down and abandoning module SteamVR (60)
[2018.04.28-17.58.35:390][386]LogModuleManager: Shutting down and abandoning module OculusHMD (58)
[2018.04.28-17.58.35:390][386]LogModuleManager: Shutting down and abandoning module ExampleDeviceProfileSelector (56)
[2018.04.28-17.58.35:390][386]LogModuleManager: Shutting down and abandoning module AppleARKit (54)
[2018.04.28-17.58.35:390][386]LogModuleManager: Shutting down and abandoning module AugmentedReality (51)
[2018.04.28-17.58.35:390][386]LogModuleManager: Shutting down and abandoning module OnlineBlueprintSupport (48)
[2018.04.28-17.58.35:391][386]LogModuleManager: Shutting down and abandoning module OnlineSubsystem (44)
[2018.04.28-17.58.35:418][386]LogModuleManager: Shutting down and abandoning module XMPP (43)
[2018.04.28-17.58.35:442][386]LogModuleManager: Shutting down and abandoning module HTTP (41)
[2018.04.28-17.58.35:478][386]LogHttp: Display: Http module shutting down, but needs to wait on 1 outstanding Http requests:
[2018.04.28-17.58.35:478][386]LogHttp: Display: 	verb=[POST] url=[https://datarouter.ol.epicgames.com/datarouter/api/v1/public/data?SessionID=%7BC29146E2-416C-66EF-DCBA-DEADCF6DD442%7D&AppID=UEEditor.Rocket.Release&AppVersion=4.19.0-3944462%2B%2B%2BUE4%2BRelease-4.19&UserID=f3de0f9440d7aa1242fbf189e10a3c48%7C3b358db9697144059ebfd7a116889269%7C51dbd286-d0c8-4618-b21c-352298b6b129&AppEnvironment=datacollector-binary&UploadType=eteventstream] status=Processing
[2018.04.28-17.58.35:510][386]LogModuleManager: Shutting down and abandoning module SSL (40)
[2018.04.28-17.58.35:535][386]LogModuleManager: Shutting down and abandoning module AnimationModifiers (36)
[2018.04.28-17.58.35:553][386]LogModuleManager: Shutting down and abandoning module PropertyEditor (35)
[2018.04.28-17.58.35:565][386]LogModuleManager: Shutting down and abandoning module AudioEditor (32)
[2018.04.28-17.58.35:598][386]LogModuleManager: Shutting down and abandoning module TextureCompressor (30)
[2018.04.28-17.58.35:599][386]LogModuleManager: Shutting down and abandoning module ShaderCore (28)
[2018.04.28-17.58.35:599][386]LogModuleManager: Shutting down and abandoning module Landscape (26)
[2018.04.28-17.58.35:599][386]LogModuleManager: Shutting down and abandoning module SlateRHIRenderer (24)
[2018.04.28-17.58.35:623][386]LogModuleManager: Shutting down and abandoning module OpenGLDrv (22)
[2018.04.28-17.58.35:661][386]LogModuleManager: Shutting down and abandoning module D3D11RHI (20)
[2018.04.28-17.58.35:661][386]LogModuleManager: Shutting down and abandoning module AnimGraphRuntime (18)
[2018.04.28-17.58.35:690][386]LogModuleManager: Shutting down and abandoning module Renderer (16)
[2018.04.28-17.58.35:690][386]LogModuleManager: Shutting down and abandoning module Engine (14)
[2018.04.28-17.58.35:690][386]LogModuleManager: Shutting down and abandoning module CoreUObject (12)
[2018.04.28-17.58.35:690][386]LogModuleManager: Shutting down and abandoning module NetworkFile (10)
[2018.04.28-17.58.35:690][386]LogModuleManager: Shutting down and abandoning module CookedIterativeFile (8)
[2018.04.28-17.58.35:690][386]LogModuleManager: Shutting down and abandoning module StreamingFile (6)
[2018.04.28-17.58.35:690][386]LogModuleManager: Shutting down and abandoning module SandboxFile (4)
[2018.04.28-17.58.35:690][386]LogModuleManager: Shutting down and abandoning module PakFile (2)
[2018.04.28-17.58.35:710][386]LogExit: Exiting.
[2018.04.28-17.58.35:743][386]Log file closed, 04/28/18 12:58:35
