Log file open, 04/16/18 15:52:28
LogWindows: Failed to load 'aqProf.dll' (GetLastError=126)
LogWindows: File 'aqProf.dll' does not exist
LogWindows: Failed to load 'VSPerf140.dll' (GetLastError=126)
LogWindows: File 'VSPerf140.dll' does not exist
LogWindows: Failed to load 'VtuneApi.dll' (GetLastError=126)
LogWindows: File 'VtuneApi.dll' does not exist
LogWindows: Failed to load 'VtuneApi32e.dll' (GetLastError=126)
LogWindows: File 'VtuneApi32e.dll' does not exist
LogInit: Display: Running engine for game: havr
LogPlatformFile: Not using cached read wrapper
LogInit: Display: RandInit(1848543012) SRandInit(1848543013).
LogInit: Read version file with build ID '3944462'
LogInit: Overriding engine version to CL 3944462, compatible CL 3944462
LogInit: Registered custom module enumerator with build ID '3944462'
LogTaskGraph: Started task graph with 5 named threads and 14 total threads with 3 sets of task threads.
LogStats: Stats thread started at 0.165700
LogD3D11RHI: Aftermath initialized
LogICUInternationalization: Display: ICU TimeZone Detection - Raw Offset: -6:00, Platform Override: ''
LogModuleManager: Display: Found up-to-date module file ../../../Engine/Plugins/2D/Paper2D/Binaries/Win64/UE4Editor-Paper2D.dll (API version 3944462).
LogModuleManager: Display: Found up-to-date module file ../../../Engine/Plugins/2D/Paper2D/Binaries/Win64/UE4Editor-Paper2DEditor.dll (API version 3944462).
LogModuleManager: Display: Found up-to-date module file ../../../Engine/Plugins/2D/Paper2D/Binaries/Win64/UE4Editor-PaperSpriteSheetImporter.dll (API version 3944462).
LogModuleManager: Display: Found up-to-date module file ../../../Engine/Plugins/2D/Paper2D/Binaries/Win64/UE4Editor-PaperTiledImporter.dll (API version 3944462).
LogModuleManager: Display: Found up-to-date module file ../../../Engine/Plugins/2D/Paper2D/Binaries/Win64/UE4Editor-SmartSnapping.dll (API version 3944462).
LogModuleManager: Display: Found up-to-date module file ../../../Engine/Plugins/Blendables/LightPropagationVolume/Binaries/Win64/UE4Editor-LightPropagationVolumeRuntime.dll (API version 3944462).
LogModuleManager: Display: Found up-to-date module file ../../../Engine/Plugins/Blendables/LightPropagationVolume/Binaries/Win64/UE4Editor-LightPropagationVolumeEditor.dll (API version 3944462).
LogModuleManager: Display: Found up-to-date module file ../../../Engine/Plugins/Developer/CLionSourceCodeAccess/Binaries/Win64/UE4Editor-CLionSourceCodeAccess.dll (API version 3944462).
LogModuleManager: Display: Found up-to-date module file ../../../Engine/Plugins/Developer/GitSourceControl/Binaries/Win64/UE4Editor-GitSourceControl.dll (API version 3944462).
LogModuleManager: Display: Found up-to-date module file ../../../Engine/Plugins/Developer/PerforceSourceControl/Binaries/Win64/UE4Editor-PerforceSourceControl.dll (API version 3944462).
LogModuleManager: Display: Found up-to-date module file ../../../Engine/Plugins/Developer/SubversionSourceControl/Binaries/Win64/UE4Editor-SubversionSourceControl.dll (API version 3944462).
LogModuleManager: Display: Found up-to-date module file ../../../Engine/Plugins/Developer/UObjectPlugin/Binaries/Win64/UE4Editor-UObjectPlugin.dll (API version 3944462).
LogModuleManager: Display: Found up-to-date module file ../../../Engine/Plugins/Developer/VisualStudioCodeSourceCodeAccess/Binaries/Win64/UE4Editor-VisualStudioCodeSourceCodeAccess.dll (API version 3944462).
LogModuleManager: Display: Found up-to-date module file ../../../Engine/Plugins/Developer/VisualStudioSourceCodeAccess/Binaries/Win64/UE4Editor-VisualStudioSourceCodeAccess.dll (API version 3944462).
LogModuleManager: Display: Found up-to-date module file ../../../Engine/Plugins/Editor/AssetManagerEditor/Binaries/Win64/UE4Editor-AssetManagerEditor.dll (API version 3944462).
LogModuleManager: Display: Found up-to-date module file ../../../Engine/Plugins/Editor/CryptoKeys/Binaries/Win64/UE4Editor-CryptoKeys.dll (API version 3944462).
LogModuleManager: Display: Found up-to-date module file ../../../Engine/Plugins/Editor/CryptoKeys/Binaries/Win64/UE4Editor-CryptoKeysOpenSSL.dll (API version 3944462).
LogModuleManager: Display: Found up-to-date module file ../../../Engine/Plugins/Editor/DataValidation/Binaries/Win64/UE4Editor-DataValidation.dll (API version 3944462).
LogModuleManager: Display: Found up-to-date module file ../../../Engine/Plugins/Editor/FacialAnimation/Binaries/Win64/UE4Editor-FacialAnimation.dll (API version 3944462).
LogModuleManager: Display: Found up-to-date module file ../../../Engine/Plugins/Editor/FacialAnimation/Binaries/Win64/UE4Editor-FacialAnimationEditor.dll (API version 3944462).
LogModuleManager: Display: Found up-to-date module file ../../../Engine/Plugins/Editor/GameplayTagsEditor/Binaries/Win64/UE4Editor-GameplayTagsEditor.dll (API version 3944462).
LogModuleManager: Display: Found up-to-date module file ../../../Engine/Plugins/Editor/MobileLauncherProfileWizard/Binaries/Win64/UE4Editor-MobileLauncherProfileWizard.dll (API version 3944462).
LogModuleManager: Display: Found up-to-date module file ../../../Engine/Plugins/Editor/PluginBrowser/Binaries/Win64/UE4Editor-PluginBrowser.dll (API version 3944462).
LogModuleManager: Display: Found up-to-date module file ../../../Engine/Plugins/Editor/SpeedTreeImporter/Binaries/Win64/UE4Editor-SpeedTreeImporter.dll (API version 3944462).
LogModuleManager: Display: Found up-to-date module file ../../../Engine/Plugins/Enterprise/DatasmithContent/Binaries/Win64/UE4Editor-DatasmithContent.dll (API version 3944462).
LogModuleManager: Display: Found up-to-date module file ../../../Engine/Plugins/Experimental/AlembicImporter/Binaries/Win64/UE4Editor-AlembicImporter.dll (API version 3944462).
LogModuleManager: Display: Found up-to-date module file ../../../Engine/Plugins/Experimental/AlembicImporter/Binaries/Win64/UE4Editor-AlembicLibrary.dll (API version 3944462).
LogModuleManager: Display: Found up-to-date module file ../../../Engine/Plugins/Experimental/CharacterAI/Binaries/Win64/UE4Editor-CharacterAI.dll (API version 3944462).
LogModuleManager: Display: Found up-to-date module file ../../../Engine/Plugins/Experimental/HTML5Networking/Binaries/Win64/UE4Editor-HTML5Networking.dll (API version 3944462).
LogModuleManager: Display: Found up-to-date module file ../../../Engine/Plugins/Media/AndroidMedia/Binaries/Win64/UE4Editor-AndroidMediaEditor.dll (API version 3944462).
LogModuleManager: Display: Found up-to-date module file ../../../Engine/Plugins/Media/AndroidMedia/Binaries/Win64/UE4Editor-AndroidMediaFactory.dll (API version 3944462).
LogModuleManager: Display: Found up-to-date module file ../../../Engine/Plugins/Media/AvfMedia/Binaries/Win64/UE4Editor-AvfMediaEditor.dll (API version 3944462).
LogModuleManager: Display: Found up-to-date module file ../../../Engine/Plugins/Media/AvfMedia/Binaries/Win64/UE4Editor-AvfMediaFactory.dll (API version 3944462).
LogModuleManager: Display: Found up-to-date module file ../../../Engine/Plugins/Media/AvfMedia/Binaries/Win64/UE4Editor-AvfMediaFactory.dll (API version 3944462).
LogModuleManager: Display: Found up-to-date module file ../../../Engine/Plugins/Media/ImgMedia/Binaries/Win64/UE4Editor-ImgMedia.dll (API version 3944462).
LogModuleManager: Display: Found up-to-date module file ../../../Engine/Plugins/Media/ImgMedia/Binaries/Win64/UE4Editor-ImgMediaEditor.dll (API version 3944462).
LogModuleManager: Display: Found up-to-date module file ../../../Engine/Plugins/Media/ImgMedia/Binaries/Win64/UE4Editor-ImgMediaFactory.dll (API version 3944462).
LogModuleManager: Display: Found up-to-date module file ../../../Engine/Plugins/Media/ImgMedia/Binaries/Win64/UE4Editor-ImgMediaFactory.dll (API version 3944462).
LogModuleManager: Display: Found up-to-date module file ../../../Engine/Plugins/Media/ImgMedia/Binaries/Win64/UE4Editor-OpenExrWrapper.dll (API version 3944462).
LogModuleManager: Display: Found up-to-date module file ../../../Engine/Plugins/Media/LinearTimecode/Binaries/Win64/UE4Editor-LinearTimecode.dll (API version 3944462).
LogModuleManager: Display: Found up-to-date module file ../../../Engine/Plugins/Media/MediaCompositing/Binaries/Win64/UE4Editor-MediaCompositing.dll (API version 3944462).
LogModuleManager: Display: Found up-to-date module file ../../../Engine/Plugins/Media/MediaCompositing/Binaries/Win64/UE4Editor-MediaCompositingEditor.dll (API version 3944462).
LogModuleManager: Display: Found up-to-date module file ../../../Engine/Plugins/Media/MediaPlayerEditor/Binaries/Win64/UE4Editor-MediaPlayerEditor.dll (API version 3944462).
LogModuleManager: Display: Found up-to-date module file ../../../Engine/Plugins/Media/WmfMedia/Binaries/Win64/UE4Editor-WmfMedia.dll (API version 3944462).
LogModuleManager: Display: Found up-to-date module file ../../../Engine/Plugins/Media/WmfMedia/Binaries/Win64/UE4Editor-WmfMediaEditor.dll (API version 3944462).
LogModuleManager: Display: Found up-to-date module file ../../../Engine/Plugins/Media/WmfMedia/Binaries/Win64/UE4Editor-WmfMediaFactory.dll (API version 3944462).
LogModuleManager: Display: Found up-to-date module file ../../../Engine/Plugins/Media/WmfMedia/Binaries/Win64/UE4Editor-WmfMediaFactory.dll (API version 3944462).
LogModuleManager: Display: Found up-to-date module file ../../../Engine/Plugins/Messaging/TcpMessaging/Binaries/Win64/UE4Editor-TcpMessaging.dll (API version 3944462).
LogModuleManager: Display: Found up-to-date module file ../../../Engine/Plugins/Messaging/UdpMessaging/Binaries/Win64/UE4Editor-UdpMessaging.dll (API version 3944462).
LogModuleManager: Display: Found up-to-date module file ../../../Engine/Plugins/MovieScene/ActorSequence/Binaries/Win64/UE4Editor-ActorSequence.dll (API version 3944462).
LogModuleManager: Display: Found up-to-date module file ../../../Engine/Plugins/MovieScene/LevelSequenceEditor/Binaries/Win64/UE4Editor-LevelSequenceEditor.dll (API version 3944462).
LogModuleManager: Display: Found up-to-date module file ../../../Engine/Plugins/MovieScene/MatineeToLevelSequence/Binaries/Win64/UE4Editor-MatineeToLevelSequence.dll (API version 3944462).
LogModuleManager: Display: Found up-to-date module file ../../../Engine/Plugins/NetcodeUnitTest/NetcodeUnitTest/Binaries/Win64/UE4Editor-NetcodeUnitTest.dll (API version 3944462).
LogModuleManager: Display: Found up-to-date module file ../../../Engine/Plugins/NetcodeUnitTest/NUTUnrealEngine4/Binaries/Win64/UE4Editor-NUTUnrealEngine4.dll (API version 3944462).
LogModuleManager: Display: Found up-to-date module file ../../../Engine/Plugins/Online/OnlineSubsystem/Binaries/Win64/UE4Editor-OnlineSubsystem.dll (API version 3944462).
LogModuleManager: Display: Found up-to-date module file ../../../Engine/Plugins/Runtime/AndroidPermission/Binaries/Win64/UE4Editor-AndroidPermission.dll (API version 3944462).
LogModuleManager: Display: Found up-to-date module file ../../../Engine/Plugins/Online/OnlineSubsystemNull/Binaries/Win64/UE4Editor-OnlineSubsystemNull.dll (API version 3944462).
LogModuleManager: Display: Found up-to-date module file ../../../Engine/Plugins/Online/OnlineSubsystemUtils/Binaries/Win64/UE4Editor-OnlineSubsystemUtils.dll (API version 3944462).
LogModuleManager: Display: Found up-to-date module file ../../../Engine/Plugins/Online/OnlineSubsystemUtils/Binaries/Win64/UE4Editor-OnlineBlueprintSupport.dll (API version 3944462).
LogModuleManager: Display: Found up-to-date module file ../../../Engine/Plugins/Runtime/AndroidDeviceProfileSelector/Binaries/Win64/UE4Editor-AndroidDeviceProfileSelector.dll (API version 3944462).
LogModuleManager: Display: Found up-to-date module file ../../../Engine/Plugins/Runtime/AppleARKit/Binaries/Win64/UE4Editor-AppleARKit.dll (API version 3944462).
LogModuleManager: Display: Found up-to-date module file ../../../Engine/Plugins/Runtime/ProceduralMeshComponent/Binaries/Win64/UE4Editor-ProceduralMeshComponent.dll (API version 3944462).
LogModuleManager: Display: Found up-to-date module file ../../../Engine/Plugins/Runtime/ProceduralMeshComponent/Binaries/Win64/UE4Editor-ProceduralMeshComponentEditor.dll (API version 3944462).
LogModuleManager: Display: Found up-to-date module file ../../../Engine/Plugins/Animation/LiveLink/Binaries/Win64/UE4Editor-LiveLink.dll (API version 3944462).
LogModuleManager: Display: Found up-to-date module file ../../../Engine/Plugins/Animation/LiveLink/Binaries/Win64/UE4Editor-LiveLinkEditor.dll (API version 3944462).
LogModuleManager: Display: Found up-to-date module file ../../../Engine/Plugins/Runtime/ArchVisCharacter/Binaries/Win64/UE4Editor-ArchVisCharacter.dll (API version 3944462).
LogModuleManager: Display: Found up-to-date module file ../../../Engine/Plugins/Runtime/AudioCapture/Binaries/Win64/UE4Editor-AudioCapture.dll (API version 3944462).
LogModuleManager: Display: Found up-to-date module file ../../../Engine/Plugins/Runtime/AudioCapture/Binaries/Win64/UE4Editor-AudioCaptureEditor.dll (API version 3944462).
LogModuleManager: Display: Found up-to-date module file ../../../Engine/Plugins/Runtime/CableComponent/Binaries/Win64/UE4Editor-CableComponent.dll (API version 3944462).
LogModuleManager: Display: Found up-to-date module file ../../../Engine/Plugins/Runtime/CustomMeshComponent/Binaries/Win64/UE4Editor-CustomMeshComponent.dll (API version 3944462).
LogModuleManager: Display: Found up-to-date module file ../../../Engine/Plugins/Runtime/ExampleDeviceProfileSelector/Binaries/Win64/UE4Editor-ExampleDeviceProfileSelector.dll (API version 3944462).
LogModuleManager: Display: Found up-to-date module file ../../../Engine/Plugins/Runtime/ImmediatePhysics/Binaries/Win64/UE4Editor-ImmediatePhysics.dll (API version 3944462).
LogModuleManager: Display: Found up-to-date module file ../../../Engine/Plugins/Runtime/ImmediatePhysics/Binaries/Win64/UE4Editor-ImmediatePhysicsEditor.dll (API version 3944462).
LogModuleManager: Display: Found up-to-date module file ../../../Engine/Plugins/Runtime/LocationServicesBPLibrary/Binaries/Win64/UE4Editor-LocationServicesBPLibrary.dll (API version 3944462).
LogModuleManager: Display: Found up-to-date module file ../../../Engine/Plugins/Runtime/MobilePatchingUtils/Binaries/Win64/UE4Editor-MobilePatchingUtils.dll (API version 3944462).
LogModuleManager: Display: Found up-to-date module file ../../../Engine/Plugins/Runtime/Oculus/OculusVR/Binaries/Win64/UE4Editor-OculusHMD.dll (API version 3944462).
LogModuleManager: Display: Found up-to-date module file ../../../Engine/Plugins/Runtime/Oculus/OculusVR/Binaries/Win64/UE4Editor-OculusInput.dll (API version 3944462).
LogModuleManager: Display: Found up-to-date module file ../../../Engine/Plugins/Runtime/Oculus/OculusVR/Binaries/Win64/UE4Editor-OculusEditor.dll (API version 3944462).
LogModuleManager: Display: Found up-to-date module file ../../../Engine/Plugins/Runtime/PhysXVehicles/Binaries/Win64/UE4Editor-PhysXVehicles.dll (API version 3944462).
LogModuleManager: Display: Found up-to-date module file ../../../Engine/Plugins/Runtime/PhysXVehicles/Binaries/Win64/UE4Editor-PhysXVehiclesEditor.dll (API version 3944462).
LogModuleManager: Display: Found up-to-date module file ../../../Engine/Plugins/Runtime/RuntimePhysXCooking/Binaries/Win64/UE4Editor-RuntimePhysXCooking.dll (API version 3944462).
LogModuleManager: Display: Found up-to-date module file ../../../Engine/Plugins/Runtime/Steam/SteamVR/Binaries/Win64/UE4Editor-SteamVR.dll (API version 3944462).
LogModuleManager: Display: Found up-to-date module file ../../../Engine/Plugins/Runtime/Steam/SteamVR/Binaries/Win64/UE4Editor-SteamVRController.dll (API version 3944462).
LogModuleManager: Display: Found up-to-date module file ../../../Engine/Plugins/Runtime/WindowsMoviePlayer/Binaries/Win64/UE4Editor-WindowsMoviePlayer.dll (API version 3944462).
LogPluginManager: Mounting plugin Paper2D
LogPluginManager: Mounting plugin LiveLink
LogPluginManager: Mounting plugin LightPropagationVolume
LogPluginManager: Mounting plugin CLionSourceCodeAccess
LogPluginManager: Mounting plugin CodeLiteSourceCodeAccess
LogPluginManager: Mounting plugin GitSourceControl
LogPluginManager: Mounting plugin KDevelopSourceCodeAccess
LogPluginManager: Mounting plugin NullSourceCodeAccess
LogPluginManager: Mounting plugin PerforceSourceControl
LogPluginManager: Mounting plugin SubversionSourceControl
LogPluginManager: Mounting plugin UObjectPlugin
LogPluginManager: Mounting plugin VisualStudioCodeSourceCodeAccess
LogPluginManager: Mounting plugin VisualStudioSourceCodeAccess
LogPluginManager: Mounting plugin XCodeSourceCodeAccess
LogPluginManager: Mounting plugin AssetManagerEditor
LogPluginManager: Mounting plugin CryptoKeys
LogPluginManager: Mounting plugin DataValidation
LogPluginManager: Mounting plugin FacialAnimation
LogPluginManager: Mounting plugin GameplayTagsEditor
LogPluginManager: Mounting plugin MobileLauncherProfileWizard
LogPluginManager: Mounting plugin PluginBrowser
LogPluginManager: Mounting plugin SpeedTreeImporter
LogPluginManager: Mounting plugin DatasmithContent
LogPluginManager: Mounting plugin AlembicImporter
LogPluginManager: Mounting plugin CharacterAI
LogPluginManager: Mounting plugin HTML5Networking
LogPluginManager: Mounting plugin AndroidMedia
LogPluginManager: Mounting plugin AvfMedia
LogPluginManager: Mounting plugin ImgMedia
LogPluginManager: Mounting plugin LinearTimecode
LogPluginManager: Mounting plugin MediaCompositing
LogPluginManager: Mounting plugin MediaPlayerEditor
LogPluginManager: Mounting plugin WmfMedia
LogPluginManager: Mounting plugin TcpMessaging
LogPluginManager: Mounting plugin UdpMessaging
LogPluginManager: Mounting plugin ActorSequence
LogPluginManager: Mounting plugin LevelSequenceEditor
LogPluginManager: Mounting plugin MatineeToLevelSequence
LogPluginManager: Mounting plugin NetcodeUnitTest
LogPluginManager: Mounting plugin NUTUnrealEngine4
LogPluginManager: Mounting plugin OnlineSubsystemGooglePlay
LogPluginManager: Mounting plugin OnlineSubsystemIOS
LogPluginManager: Mounting plugin OnlineSubsystem
LogPluginManager: Mounting plugin OnlineSubsystemNull
LogPluginManager: Mounting plugin OnlineSubsystemUtils
LogPluginManager: Mounting plugin AndroidDeviceProfileSelector
LogPluginManager: Mounting plugin AndroidMoviePlayer
LogPluginManager: Mounting plugin AndroidPermission
LogPluginManager: Mounting plugin AppleARKit
LogPluginManager: Mounting plugin AppleMoviePlayer
LogPluginManager: Mounting plugin ArchVisCharacter
LogPluginManager: Mounting plugin AudioCapture
LogPluginManager: Mounting plugin CableComponent
LogPluginManager: Mounting plugin CustomMeshComponent
LogPluginManager: Mounting plugin ExampleDeviceProfileSelector
LogPluginManager: Mounting plugin GoogleCloudMessaging
LogPluginManager: Mounting plugin ImmediatePhysics
LogPluginManager: Mounting plugin IOSDeviceProfileSelector
LogPluginManager: Mounting plugin LinuxDeviceProfileSelector
LogPluginManager: Mounting plugin LocationServicesBPLibrary
LogPluginManager: Mounting plugin MobilePatchingUtils
LogPluginManager: Mounting plugin OculusVR
LogPluginManager: Plugin shader directory ../../../Engine/Plugins/Runtime/Oculus/OculusVR/Shaders found
LogPluginManager: Mapping shader source directory ../../../Engine/Plugins/Runtime/Oculus/OculusVR/Shaders to virtual directory /Plugin/OculusVR
LogPluginManager: Mounting plugin PhysXVehicles
LogPluginManager: Mounting plugin ProceduralMeshComponent
LogPluginManager: Mounting plugin RuntimePhysXCooking
LogPluginManager: Mounting plugin SteamVR
LogPluginManager: Mounting plugin WindowsMoviePlayer
LogStreaming: Display: Took  1.135s to configure plugins.
LogInit: Using libcurl 7.47.1
LogInit:  - built for x86_64-pc-win32
LogInit:  - supports SSL with OpenSSL/1.0.2g
LogInit:  - supports HTTP deflate (compression) using libz 1.2.8
LogInit:  - other features:
LogInit:      CURL_VERSION_SSL
LogInit:      CURL_VERSION_LIBZ
LogInit:      CURL_VERSION_IPV6
LogInit:      CURL_VERSION_ASYNCHDNS
LogInit:      CURL_VERSION_LARGEFILE
LogInit:      CURL_VERSION_IDN
LogInit:  CurlRequestOptions (configurable via config and command line):
LogInit:  - bVerifyPeer = false  - Libcurl will NOT verify peer certificate
LogInit:  - bUseHttpProxy = false  - Libcurl will NOT use HTTP proxy
LogInit:  - bDontReuseConnections = false  - Libcurl will reuse connections
LogInit:  - CertBundlePath = nullptr  - Libcurl will use whatever was configured at build time.
LogInit:  - MaxHostConnections = 16  - Libcurl will limit the number of connections to a host
LogInit:  - LocalHostAddr = Default
LogInit: WinSock: version 1.1 (2.2), MaxSocks=32767, MaxUdp=65467
LogInit: WinSock: I am DESKTOP-FKFG7D5 (192.168.1.3:0)
LogInit: Build: ++UE4+Release-4.19-CL-3944462
LogInit: Engine Version: 4.19.0-3944462+++UE4+Release-4.19
LogInit: Compatible Engine Version: 4.19.0-3944462+++UE4+Release-4.19
LogInit: Net CL: 3944462
LogDevObjectVersion: Number of dev versions registered: 18
LogDevObjectVersion:   Dev-Blueprints (B0D832E4-1F89-4F0D-ACCF-7EB736FD4AA2): 10
LogDevObjectVersion:   Dev-Build (E1C64328-A22C-4D53-A36C-8E866417BD8C): 0
LogDevObjectVersion:   Dev-Core (375EC13C-06E4-48FB-B500-84F0262A717E): 2
LogDevObjectVersion:   Dev-Editor (E4B068ED-F494-42E9-A231-DA0B2E46BB41): 23
LogDevObjectVersion:   Dev-Framework (CFFC743F-43B0-4480-9391-14DF171D2073): 33
LogDevObjectVersion:   Dev-Mobile (B02B49B5-BB20-44E9-A304-32B752E40360): 2
LogDevObjectVersion:   Dev-Networking (A4E4105C-59A1-49B5-A7C5-40C4547EDFEE): 0
LogDevObjectVersion:   Dev-Online (39C831C9-5AE6-47DC-9A44-9C173E1C8E7C): 0
LogDevObjectVersion:   Dev-Physics (78F01B33-EBEA-4F98-B9B4-84EACCB95AA2): 0
LogDevObjectVersion:   Dev-Platform (6631380F-2D4D-43E0-8009-CF276956A95A): 0
LogDevObjectVersion:   Dev-Rendering (12F88B9F-8875-4AFC-A67C-D90C383ABD29): 25
LogDevObjectVersion:   Dev-Sequencer (7B5AE74C-D270-4C10-A958-57980B212A5A): 6
LogDevObjectVersion:   Dev-VR (D7296918-1DD6-4BDD-9DE2-64A83CC13884): 1
LogDevObjectVersion:   Dev-LoadTimes (C2A15278-BFE7-4AFE-6C17-90FF531DF755): 1
LogDevObjectVersion:   Private-Geometry (6EACA3D4-40EC-4CC1-B786-8BED09428FC5): 2
LogDevObjectVersion:   Dev-AnimPhys (29E575DD-E0A3-4627-9D10-D276232CDCEA): 16
LogDevObjectVersion:   Dev-ReflectionCapture (6B266CEC-1EC7-4B8F-A30B-E4D90942FC07): 1
LogDevObjectVersion:   Dev-Automation (0DF73D61-A23F-47EA-B727-89E90C41499A): 1
LogInit: Compiled (64-bit): Mar 13 2018 23:12:32
LogInit: Compiled with Visual C++: 19.00.24215.01
LogInit: Build Configuration: Development
LogInit: Branch Name: ++UE4+Release-4.19
LogInit: Command Line:  
LogInit: Base Directory: D:/UE4P/UE_4.19/Engine/Binaries/Win64/
LogInit: Installed Engine Build: 1
LogStreaming: Display: Took  0.001s to delete old logs.
LogInit: Presizing for max 8388607 objects, including 0 objects not considered by GC, pre-allocating 0 bytes for permanent pool.
LogInit: Object subsystem initialized
[2018.04.16-20.52.29:516][  0]LogInit: Selected Device Profile: [Windows]
[2018.04.16-20.52.29:516][  0]LogInit: Applying CVar settings loaded from the selected device profile: [Windows]
[2018.04.16-20.52.29:533][  0]LogInit: Computer: DESKTOP-FKFG7D5
[2018.04.16-20.52.29:533][  0]LogInit: User: Brad
[2018.04.16-20.52.29:533][  0]LogInit: CPU Page size=4096, Cores=4
[2018.04.16-20.52.29:533][  0]LogInit: High frequency timer resolution =3.386483 MHz
[2018.04.16-20.52.29:533][  0]LogMemory: Memory total: Physical=15.9GB (16GB approx)
[2018.04.16-20.52.29:533][  0]LogMemory: Platform Memory Stats for Windows
[2018.04.16-20.52.29:533][  0]LogMemory: Process Physical Memory: 281.07 MB used, 281.07 MB peak
[2018.04.16-20.52.29:533][  0]LogMemory: Process Virtual Memory: 270.64 MB used, 270.64 MB peak
[2018.04.16-20.52.29:533][  0]LogMemory: Physical Memory: 6144.53 MB used,  10184.22 MB free, 16328.75 MB total
[2018.04.16-20.52.29:533][  0]LogMemory: Virtual Memory: 741.08 MB used,  10184.22 MB free, 134217728.00 MB total
[2018.04.16-20.52.29:550][  0]LogInit: Using OS detected language (en-US).
[2018.04.16-20.52.29:550][  0]LogInit: Using OS detected locale (en-US).
[2018.04.16-20.52.29:554][  0]LogTextLocalizationManager: No specific localization for 'en-US' exists, so the 'en' localization will be used.
[2018.04.16-20.52.29:938][  0]LogStreaming: Display: Took  0.388s to EndInitTextLocalization.
[2018.04.16-20.52.29:938][  0]LogInit: Setting process to per monitor DPI aware
[2018.04.16-20.52.29:971][  0]LogSlate: New Slate User Created.  User Index 0, Is Virtual User: 0
[2018.04.16-20.52.29:971][  0]LogSlate: Slate User Registered.  User Index 0, Is Virtual User: 0
[2018.04.16-20.52.30:244][  0]LogD3D11RHI: D3D11 adapters:
[2018.04.16-20.52.30:286][  0]LogD3D11RHI:    0. 'NVIDIA GeForce GTX 980 Ti' (Feature Level 11_0)
[2018.04.16-20.52.30:286][  0]LogD3D11RHI:       6097/0/8164 MB DedicatedVideo/DedicatedSystem/SharedSystem, Outputs:1, VendorId:0x10de
[2018.04.16-20.52.30:289][  0]LogD3D11RHI:    1. 'Microsoft Basic Render Driver' (Feature Level 11_0)
[2018.04.16-20.52.30:289][  0]LogD3D11RHI:       0/0/8164 MB DedicatedVideo/DedicatedSystem/SharedSystem, Outputs:0, VendorId:0x1414
[2018.04.16-20.52.30:289][  0]LogD3D11RHI: Chosen D3D11 Adapter: 0
[2018.04.16-20.52.30:297][  0]LogD3D11RHI: Creating new Direct3DDevice
[2018.04.16-20.52.30:297][  0]LogD3D11RHI:     GPU DeviceId: 0x17c8 (for the marketing name, search the web for "GPU Device Id")
[2018.04.16-20.52.30:297][  0]LogWindows: EnumDisplayDevices:
[2018.04.16-20.52.30:297][  0]LogWindows:    0. 'NVIDIA GeForce GTX 980 Ti' (P:1 D:1)
[2018.04.16-20.52.30:297][  0]LogWindows:    1. 'NVIDIA GeForce GTX 980 Ti' (P:0 D:0)
[2018.04.16-20.52.30:297][  0]LogWindows:    2. 'NVIDIA GeForce GTX 980 Ti' (P:0 D:0)
[2018.04.16-20.52.30:297][  0]LogWindows:    3. 'NVIDIA GeForce GTX 980 Ti' (P:0 D:0)
[2018.04.16-20.52.30:297][  0]LogWindows: DebugString: GetVideoDriverDetailsInvalid PrimaryIsNotTheChoosenAdapter GetVideoDriverDetailsInvalid PrimaryIsNotTheChoosenAdapter GetVideoDriverDetailsInvalid PrimaryIsNotTheChoosenAdapter GetVideoDriverDetailsInvalid PrimaryIsNotTheChoosenAdapter FoundDriverCount:0 
[2018.04.16-20.52.30:297][  0]LogD3D11RHI:     Adapter Name: NVIDIA GeForce GTX 980 Ti
[2018.04.16-20.52.30:297][  0]LogD3D11RHI:   Driver Version: Unknown (internal:Unknown, unified:Unknown)
[2018.04.16-20.52.30:298][  0]LogD3D11RHI:      Driver Date: Unknown
[2018.04.16-20.52.30:298][  0]LogRHI: Texture pool is 4268 MB (70% of 6097 MB)
[2018.04.16-20.52.30:332][  0]LogD3D11RHI: [Aftermath] Aftermath enabled and primed
[2018.04.16-20.52.30:332][  0]LogD3D11RHI: Async texture creation enabled
[2018.04.16-20.52.30:400][  0]LogD3D11RHI: GPU Timing Frequency: 1000.000000 (Debug: 2 2)
[2018.04.16-20.52.30:402][  0]LogShaderCompilers: Guid format shader working directory is -3 characters bigger than the processId version (../../../../../GitHubDDriveRep/Ha_VRJ_Test/havr/Intermediate/Shaders/WorkingDirectory/15476/).
[2018.04.16-20.52.30:402][  0]LogShaderCompilers: Cleaned the shader compiler working directory 'C:/Users/Brad/AppData/Local/Temp/UnrealShaderWorkingDir/BD5BB92B49CB8F4BD78C6CB1EA583285/'.
[2018.04.16-20.52.30:615][  0]LogTemp: Display: Loaded TP AllDesktopTargetPlatform
[2018.04.16-20.52.30:627][  0]LogTemp: Display: Loaded TP MacClientTargetPlatform
[2018.04.16-20.52.30:640][  0]LogTemp: Display: Loaded TP MacNoEditorTargetPlatform
[2018.04.16-20.52.30:653][  0]LogTemp: Display: Loaded TP MacServerTargetPlatform
[2018.04.16-20.52.30:666][  0]LogTemp: Display: Loaded TP MacTargetPlatform
[2018.04.16-20.52.30:679][  0]LogTemp: Display: Loaded TP WindowsClientTargetPlatform
[2018.04.16-20.52.30:692][  0]LogTemp: Display: Loaded TP WindowsNoEditorTargetPlatform
[2018.04.16-20.52.30:705][  0]LogTemp: Display: Loaded TP WindowsServerTargetPlatform
[2018.04.16-20.52.30:711][  0]LogTemp: Display: Loaded TP WindowsTargetPlatform
[2018.04.16-20.52.30:723][  0]LogTemp: Display: Loaded TP Android_ASTCTargetPlatform
[2018.04.16-20.52.30:735][  0]LogTemp: Display: Loaded TP Android_ATCTargetPlatform
[2018.04.16-20.52.30:747][  0]LogTemp: Display: Loaded TP Android_DXTTargetPlatform
[2018.04.16-20.52.30:759][  0]LogTemp: Display: Loaded TP Android_ETC1aTargetPlatform
[2018.04.16-20.52.30:771][  0]LogTemp: Display: Loaded TP Android_ETC1TargetPlatform
[2018.04.16-20.52.30:783][  0]LogTemp: Display: Loaded TP Android_ETC2TargetPlatform
[2018.04.16-20.52.30:807][  0]LogTemp: Display: Loaded TP Android_MultiTargetPlatform
[2018.04.16-20.52.30:807][  0]LogTemp: Display: Loaded TP Android_PVRTCTargetPlatform
[2018.04.16-20.52.30:820][  0]LogTemp: Display: Loaded TP AndroidTargetPlatform
[2018.04.16-20.52.30:821][  0]LogTemp: Display: Loaded TP HTML5TargetPlatform
[2018.04.16-20.52.30:857][  0]LogTemp: Display: Loaded TP IOSTargetPlatform
[2018.04.16-20.52.30:869][  0]LogTemp: Display: Loaded TP TVOSTargetPlatform
[2018.04.16-20.52.30:882][  0]LogTemp: Display: Loaded TP LinuxClientTargetPlatform
[2018.04.16-20.52.30:894][  0]LogTemp: Display: Loaded TP LinuxNoEditorTargetPlatform
[2018.04.16-20.52.30:906][  0]LogTemp: Display: Loaded TP LinuxServerTargetPlatform
[2018.04.16-20.52.30:918][  0]LogTemp: Display: Loaded TP LinuxTargetPlatform
[2018.04.16-20.52.30:918][  0]LogTargetPlatformManager: Display: Building Assets For Windows
[2018.04.16-20.52.31:025][  0]LogXGEController: Cleaning working directory: C:/Users/Brad/AppData/Local/Temp/UnrealXGEWorkingDir/
[2018.04.16-20.52.31:025][  0]LogXGEController: Cannot use XGE Controller as Incredibuild is not installed on this machine.
[2018.04.16-20.52.31:025][  0]LogShaderCompilers: Cannot use XGE Shader Compiler as Incredibuild is not installed on this machine.
[2018.04.16-20.52.31:025][  0]LogShaderCompilers: Display: Using Local Shader Compiler.
[2018.04.16-20.52.31:719][  0]LogDerivedDataCache: Display: Max Cache Size: 512 MB
[2018.04.16-20.52.31:790][  0]LogDerivedDataCache: Loaded boot cache 0.07s 75MB C:/Users/Brad/AppData/Local/UnrealEngine/4.19/DerivedDataCache/Boot.ddc.
[2018.04.16-20.52.31:790][  0]LogDerivedDataCache: Display: Loaded Boot cache: C:/Users/Brad/AppData/Local/UnrealEngine/4.19/DerivedDataCache/Boot.ddc
[2018.04.16-20.52.31:791][  0]LogDerivedDataCache: FDerivedDataBackendGraph:  Pak pak cache file ../../../../../GitHubDDriveRep/Ha_VRJ_Test/havr/DerivedDataCache/DDC.ddp not found, will not use a pak cache.
[2018.04.16-20.52.31:791][  0]LogDerivedDataCache: Unable to find inner node Pak for hierarchical cache Hierarchy.
[2018.04.16-20.52.31:791][  0]LogDerivedDataCache: FDerivedDataBackendGraph:  CompressedPak pak cache file ../../../../../GitHubDDriveRep/Ha_VRJ_Test/havr/DerivedDataCache/Compressed.ddp not found, will not use a pak cache.
[2018.04.16-20.52.31:791][  0]LogDerivedDataCache: Unable to find inner node CompressedPak for hierarchical cache Hierarchy.
[2018.04.16-20.52.31:805][  0]LogDerivedDataCache: Display: Pak cache opened for reading ../../../Engine/DerivedDataCache/Compressed.ddp.
[2018.04.16-20.52.31:817][  0]LogDerivedDataCache: Using Local data cache path C:/Users/Brad/AppData/Local/UnrealEngine/Common/DerivedDataCache: Writable
[2018.04.16-20.52.31:829][  0]LogMaterial: Verifying Global Shaders for PCD3D_SM5
[2018.04.16-20.52.31:830][  0]LogSlate: Using Freetype 2.6.0
[2018.04.16-20.52.31:831][  0]LogSlate: SlateFontCache - WITH_FREETYPE: 1, WITH_HARFBUZZ: 1
[2018.04.16-20.52.31:831][  0]LogSlate: SlateFontCache - WITH_FREETYPE: 1, WITH_HARFBUZZ: 1
[2018.04.16-20.52.31:966][  0]LogAssetRegistry: FAssetRegistry took 0.0260 seconds to start up
[2018.04.16-20.52.32:299][  0]LogInit: Selected Device Profile: [Windows]
[2018.04.16-20.52.32:444][  0]LogSimplygon: Simplygon DLL not present - disabling.
[2018.04.16-20.52.32:446][  0]LogMeshReduction: Using SimplygonSwarm for distributed automatic mesh merging
[2018.04.16-20.52.32:446][  0]LogMeshReduction: Using QuadricMeshReduction for automatic static mesh reduction
[2018.04.16-20.52.32:446][  0]LogMeshReduction: No automatic skeletal mesh reduction module available
[2018.04.16-20.52.32:446][  0]LogMeshReduction: No automatic mesh merging module available
[2018.04.16-20.52.32:446][  0]LogMeshMerging: No automatic mesh merging module available
[2018.04.16-20.52.32:481][  0]LogNetVersion: havr , NetCL: 3944462, EngineNetVer: 2, GameNetVer: 0 (Checksum: 3686149312)
[2018.04.16-20.52.32:957][  0]LogPackageLocalizationCache: Processed 9 localized package path(s) for 2 prioritized culture(s) in 0.097375 seconds
[2018.04.16-20.52.32:962][  0]LogUObjectArray: 36728 objects as part of root set at end of initial load.
[2018.04.16-20.52.32:962][  0]LogUObjectAllocator: 7314304 out of 0 bytes used by permanent object pool.
[2018.04.16-20.52.32:962][  0]LogUObjectArray: CloseDisregardForGC: 0/0 objects in disregard for GC pool
[2018.04.16-20.52.34:619][  0]LogTcpMessaging: Initializing TcpMessaging bridge
[2018.04.16-20.52.34:652][  0]LogUdpMessaging: Initializing bridge on interface 0.0.0.0:0 to multicast group 230.0.0.1:6666.
[2018.04.16-20.52.35:050][  0]SourceControl: Source control is disabled
[2018.04.16-20.52.35:050][  0]SourceControl: Source control is disabled
[2018.04.16-20.52.35:072][  0]SourceControl: Source control is disabled
[2018.04.16-20.52.35:095][  0]SourceControl: Source control is disabled
[2018.04.16-20.52.35:652][  0]LogAndroidPermission: UAndroidPermissionCallbackProxy::GetInstance
[2018.04.16-20.52.35:850][  0]LogOcInput: OculusInput pre-init called
[2018.04.16-20.52.35:969][  0]LogEngine: Initializing Engine...
[2018.04.16-20.52.35:970][  0]LogHMD: Oculus plugin initialized. Version: 4.19.0-3944462+++UE4+Release-4.19, OVRPlugin: 1.21.0
[2018.04.16-20.52.35:971][  0]LogStats: UGameplayTagsManager::ConstructGameplayTagTree: Construct from data asset -  0.000 s
[2018.04.16-20.52.35:971][  0]LogStats: UGameplayTagsManager::ConstructGameplayTagTree: GameplayTagTreeChangedEvent.Broadcast -  0.000 s
[2018.04.16-20.52.36:197][  0]LogAIModule: Creating AISystem for world Untitled
[2018.04.16-20.52.36:224][  0]LogInit: XAudio2 using 'Speakers (High Definition Audio Device)' : 2 channels at 48 kHz using 16 bits per sample (channel mask 0x3)
[2018.04.16-20.52.36:238][  0]LogInit: FAudioDevice initialized.
[2018.04.16-20.52.36:362][  0]LogDerivedDataCache: Saved boot cache 0.12s 75MB C:/Users/Brad/AppData/Local/UnrealEngine/4.19/DerivedDataCache/Boot.ddc.
[2018.04.16-20.52.36:378][  0]LogInit: Texture streaming: Enabled
[2018.04.16-20.52.36:391][  0]LogEngineSessionManager: EngineSessionManager initialized
[2018.04.16-20.52.36:406][  0]LogInit: Transaction tracking system initialized
[2018.04.16-20.52.36:423][  0]BlueprintLog: New page: Editor Load
[2018.04.16-20.52.36:487][  0]LocalizationService: Localization service is disabled
[2018.04.16-20.52.36:598][  0]LogConsoleResponse: Display: 
[2018.04.16-20.52.36:746][  0]LogCook: Display: Max memory allowance for cook 16384mb min free memory 0mb
[2018.04.16-20.52.36:746][  0]LogCook: Display: Mobile HDR setting 1
[2018.04.16-20.52.36:746][  0]LogGameplayTags: Display: UGameplayTagsManager::DoneAddingNativeTags. DelegateIsBound: 0
[2018.04.16-20.52.36:747][  0]LogStats: UGameplayTagsManager::ConstructGameplayTagTree: Construct from data asset -  0.000 s
[2018.04.16-20.52.36:747][  0]LogStats: UGameplayTagsManager::ConstructGameplayTagTree: GameplayTagTreeChangedEvent.Broadcast -  0.000 s
[2018.04.16-20.52.37:023][  0]LogFileCache: Scanning file cache for directory 'D:/GitHubDDriveRep/Ha_VRJ_Test/havr/Content/' took 0.02s
[2018.04.16-20.52.37:153][  0]SourceControl: Source control is disabled
[2018.04.16-20.52.37:154][  0]Cmd: MAP LOAD FILE="../../../../../GitHubDDriveRep/Ha_VRJ_Test/havr/Content/VirtualRealityBP/Maps/MotionControllerMap.umap" TEMPLATE=0 SHOWPROGRESS=1 FEATURELEVEL=3
[2018.04.16-20.52.37:158][  0]LightingResults: New page: Lighting Build
[2018.04.16-20.52.37:160][  0]MapCheck: New page: Map Check
[2018.04.16-20.52.37:160][  0]LightingResults: New page: Lighting Build
[2018.04.16-20.52.38:613][  0]LogSkeletalMesh: Skeletal Mesh found in DDC [1.526362ms] /Game/VirtualReality/Mannequin/Character/Mesh/MannequinHand_Right.MannequinHand_Right
[2018.04.16-20.52.38:631][  0]LogAIModule: Creating AISystem for world MotionControllerMap
[2018.04.16-20.52.38:640][  0]LogEditorServer: Finished looking for orphan Actors (0.000 secs)
[2018.04.16-20.52.38:658][  0]Cmd: MAP CHECKDEP NOCLEARLOG
[2018.04.16-20.52.38:731][  0]MapCheck: Map check complete: 0 Error(s), 0 Warning(s), took 72.993ms to complete.
[2018.04.16-20.52.38:731][  0]LogFileHelpers: Loading map 'MotionControllerMap' took 1.577
[2018.04.16-20.52.38:860][  0]LogCollectionManager: Loaded 0 collections in 0.000953 seconds
[2018.04.16-20.52.38:902][  0]LogFileCache: Scanning file cache for directory 'D:/GitHubDDriveRep/Ha_VRJ_Test/havr/Saved/Collections/' took 0.01s
[2018.04.16-20.52.38:902][  0]LogFileCache: Scanning file cache for directory 'D:/GitHubDDriveRep/Ha_VRJ_Test/havr/Content/Developers/Brad/Collections/' took 0.01s
[2018.04.16-20.52.38:902][  0]LogFileCache: Scanning file cache for directory 'D:/GitHubDDriveRep/Ha_VRJ_Test/havr/Content/Collections/' took 0.01s
[2018.04.16-20.52.38:902][  0]LogCollectionManager: Rebuilt the GUID cache for 0 collections in 0.000001 seconds
[2018.04.16-20.52.38:911][  0]LogContentBrowser: Native class hierarchy populated in 0.0095 seconds. Added 2452 classes and 558 folders.
[2018.04.16-20.52.38:917][  0]LogContentBrowser: Native class hierarchy updated for 'WidgetCarousel' in 0.0002 seconds. Added 0 classes and 0 folders.
[2018.04.16-20.52.38:981][  0]LogContentBrowser: Native class hierarchy updated for 'AddContentDialog' in 0.0002 seconds. Added 0 classes and 0 folders.
[2018.04.16-20.52.38:985][  0]LogContentBrowser: Native class hierarchy updated for 'SceneOutliner' in 0.0003 seconds. Added 1 classes and 2 folders.
[2018.04.16-20.52.39:031][  0]LogContentBrowser: Native class hierarchy updated for 'HierarchicalLODOutliner' in 0.0003 seconds. Added 0 classes and 0 folders.
[2018.04.16-20.52.39:031][  0]LogLoad: (Engine Initialization) Total time: 12.04 seconds
[2018.04.16-20.52.39:031][  0]LogLoad: (Engine Initialization) Total Blueprint compile time: 0.00 seconds
[2018.04.16-20.52.39:040][  0]LogWindowsTextInputMethodSystem: Display: IME system now deactivated.
[2018.04.16-20.52.39:041][  0]LogOcInput: OculusInput is initialized
[2018.04.16-20.52.39:056][  0]LogContentStreaming: Texture pool size now 1000 MB
[2018.04.16-20.52.39:058][  0]LogSlate: Took 0.000273 seconds to synchronously load lazily loaded font '../../../Engine/Content/Slate/Fonts/Roboto-Regular.ttf' (155K)
[2018.04.16-20.52.39:060][  0]LogSlate: Took 0.000255 seconds to synchronously load lazily loaded font '../../../Engine/Content/Slate/Fonts/Roboto-Bold.ttf' (160K)
[2018.04.16-20.52.39:065][  0]LogSlate: Took 0.000197 seconds to synchronously load lazily loaded font '../../../Engine/Content/Editor/Slate/Fonts/FontAwesome.ttf' (139K)
[2018.04.16-20.52.39:153][  0]LogSlate: Took 0.000381 seconds to synchronously load lazily loaded font '../../../Engine/Content/Slate/Fonts/Roboto-Light.ttf' (167K)
[2018.04.16-20.52.39:205][  2]LogRenderer: Reallocating scene render targets to support 656x372 Format 26 NumSamples 1 (Frame:1).
[2018.04.16-20.52.46:491][856]LogAssetRegistry: Asset discovery search completed in 14.5476 seconds
[2018.04.16-20.52.46:493][856]LogCollectionManager: Rebuilt the object cache for 0 collections in 0.000000 seconds (found 0 objects)
[2018.04.16-20.52.46:493][856]LogCollectionManager: Fixed up redirectors for 0 collections in 0.000076 seconds (updated 0 objects)
[2018.04.16-20.53.10:514][692]LogRenderer: Reallocating scene render targets to support 988x576 Format 26 NumSamples 1 (Frame:3694).
[2018.04.16-20.53.12:548][934]LogSlate: FSceneViewport::OnFocusLost() reason 0
[2018.04.16-20.53.12:631][944]LogTemp: Repeating last play command: VR Preview
[2018.04.16-20.53.12:691][944]LogBlueprintUserMessages: Early PlayInEditor Detection: Level '/Game/VirtualRealityBP/Maps/MotionControllerMap.MotionControllerMap:PersistentLevel' has LevelScriptBlueprint '/Game/VirtualRealityBP/Maps/MotionControllerMap.MotionControllerMap:PersistentLevel.MotionControllerMap' with GeneratedClass '/Game/VirtualRealityBP/Maps/MotionControllerMap.MotionControllerMap_C' with ClassGeneratedBy '/Game/VirtualRealityBP/Maps/MotionControllerMap.MotionControllerMap:PersistentLevel.MotionControllerMap'
[2018.04.16-20.53.12:716][944]LogPlayLevel: PlayLevel: No blueprints needed recompiling
[2018.04.16-20.53.12:728][944]LogHMD: Initializing OVRPlugin session
[2018.04.16-20.53.13:024][944]PIE: New page: PIE session: MotionControllerMap (Apr 16, 2018, 10:53:13 AM)
[2018.04.16-20.53.13:032][944]LogPlayLevel: Creating play world package: /Game/VirtualRealityBP/Maps/UEDPIE_0_MotionControllerMap
[2018.04.16-20.53.13:071][944]LogPlayLevel: PIE: StaticDuplicateObject took: (0.039496s)
[2018.04.16-20.53.13:072][944]LogAIModule: Creating AISystem for world MotionControllerMap
[2018.04.16-20.53.13:072][944]LogPlayLevel: PIE: World Init took: (0.000701s)
[2018.04.16-20.53.13:072][944]LogPlayLevel: PIE: Created PIE world by copying editor world from /Game/VirtualRealityBP/Maps/MotionControllerMap.MotionControllerMap to /Game/VirtualRealityBP/Maps/UEDPIE_0_MotionControllerMap.MotionControllerMap (0.040400s)
[2018.04.16-20.53.13:139][944]LogInit: XAudio2 using 'Headphones (Rift Audio)' : 2 channels at 48 kHz using 16 bits per sample (channel mask 0x3)
[2018.04.16-20.53.13:149][944]LogInit: FAudioDevice initialized.
[2018.04.16-20.53.13:247][944]LogHMD: Allocating Oculus 2720 x 1600 rendertarget swapchain
[2018.04.16-20.53.13:299][944]LogUObjectGlobals: Warning: Failed to find object 'Class None.'
[2018.04.16-20.53.13:299][944]LogLoad: Game class is 'GameModeBase'
[2018.04.16-20.53.13:447][944]LogWorld: Bringing World /Game/VirtualRealityBP/Maps/UEDPIE_0_MotionControllerMap.MotionControllerMap up for play (max tick rate 0) at 2018.04.16-15.53.13
[2018.04.16-20.53.13:495][944]LogWorld: Bringing up level for play took: 0.049733
[2018.04.16-20.53.13:613][944]LogContentBrowser: Native class hierarchy updated for 'MovieSceneCapture' in 0.0004 seconds. Added 11 classes and 0 folders.
[2018.04.16-20.53.13:762][944]PIE: Play in editor start time for /Game/VirtualRealityBP/Maps/UEDPIE_0_MotionControllerMap 1.646
[2018.04.16-20.53.13:762][944]LogBlueprintUserMessages: Late PlayInEditor Detection: Level '/Game/VirtualRealityBP/Maps/MotionControllerMap.MotionControllerMap:PersistentLevel' has LevelScriptBlueprint '/Game/VirtualRealityBP/Maps/MotionControllerMap.MotionControllerMap:PersistentLevel.MotionControllerMap' with GeneratedClass '/Game/VirtualRealityBP/Maps/MotionControllerMap.MotionControllerMap_C' with ClassGeneratedBy '/Game/VirtualRealityBP/Maps/MotionControllerMap.MotionControllerMap:PersistentLevel.MotionControllerMap'
[2018.04.16-20.53.13:771][944]LogEngine: Changing dynamic resolution state.
[2018.04.16-20.53.13:965][944]LogRenderer: Releasing previous depth to switch default clear from depth: 0.000000 stencil: 0 to depth: 0.000000 stencil: 0
[2018.04.16-20.53.13:965][944]LogRenderer: Releasing previous depth to switch default clear from depth: 0.000000 stencil: 0 to depth: 0.000000 stencil: 0
[2018.04.16-20.53.13:965][944]LogRenderer: Releasing previous depth to switch default clear from depth: 0.000000 stencil: 0 to depth: 0.000000 stencil: 0
[2018.04.16-20.53.13:965][944]LogRenderer: Releasing previous depth to switch default clear from depth: 0.000000 stencil: 0 to depth: 0.000000 stencil: 0
[2018.04.16-20.53.13:965][944]LogRenderer: Releasing previous depth to switch default clear from depth: 0.000000 stencil: 0 to depth: 0.000000 stencil: 0
[2018.04.16-20.53.13:965][944]LogRenderer: Releasing previous depth to switch default clear from depth: 0.000000 stencil: 0 to depth: 0.000000 stencil: 0
[2018.04.16-20.53.14:005][944]LogRenderer: Reallocating scene render targets to support 2720x1600 Format 26 NumSamples 1 (Frame:1).
[2018.04.16-20.53.14:014][944]LogHMD: Allocating Oculus 2720 x 1600 depth rendertarget swapchain
[2018.04.16-20.53.54:894][757]LogBlueprintUserMessages: Early EndPlayMap Detection: Level '/Game/VirtualRealityBP/Maps/MotionControllerMap.MotionControllerMap:PersistentLevel' has LevelScriptBlueprint '/Game/VirtualRealityBP/Maps/MotionControllerMap.MotionControllerMap:PersistentLevel.MotionControllerMap' with GeneratedClass '/Game/VirtualRealityBP/Maps/MotionControllerMap.MotionControllerMap_C' with ClassGeneratedBy '/Game/VirtualRealityBP/Maps/MotionControllerMap.MotionControllerMap:PersistentLevel.MotionControllerMap'
[2018.04.16-20.53.55:140][757]LogSlate: Window 'havr Game Preview Standalone (64-bit/PCD3D_SM5)' being destroyed
[2018.04.16-20.53.55:184][757]LogBlueprintUserMessages: Late EndPlayMap Detection: Level '/Game/VirtualRealityBP/Maps/MotionControllerMap.MotionControllerMap:PersistentLevel' has LevelScriptBlueprint '/Game/VirtualRealityBP/Maps/MotionControllerMap.MotionControllerMap:PersistentLevel.MotionControllerMap' with GeneratedClass '/Game/VirtualRealityBP/Maps/MotionControllerMap.MotionControllerMap_C' with ClassGeneratedBy '/Game/VirtualRealityBP/Maps/MotionControllerMap.MotionControllerMap:PersistentLevel.MotionControllerMap'
[2018.04.16-20.53.55:408][758]LogEngine: Changing dynamic resolution state.
[2018.04.16-20.54.14:586][420]LogSlate: Took 0.000288 seconds to synchronously load lazily loaded font '../../../Engine/Content/Slate/Fonts/Roboto-Light.ttf' (167K)
[2018.04.16-20.54.14:982][420]LogContentBrowser: Native class hierarchy updated for 'BlueprintGraph' in 0.0007 seconds. Added 116 classes and 0 folders.
[2018.04.16-20.54.16:192][420]LogSlate: Took 0.000286 seconds to synchronously load lazily loaded font '../../../Engine/Content/Slate/Fonts/Roboto-BoldCondensed.ttf' (158K)
[2018.04.16-20.54.16:673][421]LogSlate: Took 0.000417 seconds to synchronously load lazily loaded font '../../../Engine/Content/Slate/Fonts/Roboto-Italic.ttf' (157K)
[2018.04.16-20.55.22:594][477]LogSlate: FSceneViewport::OnFocusLost() reason 0
[2018.04.16-20.58.35:132][250]BlueprintLog: New page: Compile BP_MotionController
[2018.04.16-20.58.44:655][652]LogSlate: Window 'BP_MotionController*' being destroyed
[2018.04.16-20.58.44:662][652]LogSlate: Window 'BP_MotionController*' being destroyed
[2018.04.16-20.58.47:495][823]LogSlate: FSceneViewport::OnFocusLost() reason 0
[2018.04.16-20.59.11:619][621]LogSlate: Only BGRA pngs, bmps or icos are supported in by External Image Picker
[2018.04.16-20.59.11:852][622]LogTemp: Executing iPhonePackager certificates Engine -bundlename com.YourCompany.havr
[2018.04.16-20.59.11:852][622]LogTemp: CWD: D:\UE4P\UE_4.19\Engine\Binaries\DotNET\IOS
[2018.04.16-20.59.11:852][622]LogTemp: Initial Dir: D:\UE4P\UE_4.19
[2018.04.16-20.59.11:852][622]LogTemp: Env CWD: D:\UE4P\UE_4.19\Engine\Binaries\DotNET\IOS
[2018.04.16-20.59.11:852][622]LogTemp: BranchPath = DESKTOP-FKFG7D5/D/UE4P/UE_4.19/Engine/Binaries --- GameBranchPath = DESKTOP-FKFG7D5/D/UE4P/UE_4.19/Engine/Binaries
[2018.04.16-20.59.11:852][622]LogTemp: IPP ERROR: Could not find provision directory 'C:\Users\Brad\AppData\Local/Apple Computer/MobileDevice/Provisioning Profiles/'.
[2018.04.16-21.00.12:533][524]LogSlate: Window 'Project Settings' being destroyed
[2018.04.16-21.00.12:538][524]LogSlate: Window 'Project Settings' being destroyed
[2018.04.16-21.01.34:223][850]LogUObjectArray: Warning: Other object in slot
[2018.04.16-21.01.34:573][850]LogStats: FPlatformStackWalk::StackWalkAndDump -  0.343 s
[2018.04.16-21.01.34:574][850]LogOutputDevice: Error: === Handled ensure: ===
[2018.04.16-21.01.34:574][850]LogOutputDevice: Error: 
[2018.04.16-21.01.34:574][850]LogOutputDevice: Error: Ensure condition failed: false [File:D:\Build\++UE4+Release-4.19+Compile\Sync\Engine\Source\Editor\UnrealEd\Private\Kismet2\KismetDebugUtilities.cpp] [Line: 1108]
[2018.04.16-21.01.34:574][850]LogOutputDevice: Error: Error: Invalid (but non-null) property associated with pin; cannot get variable value
[2018.04.16-21.01.34:574][850]LogOutputDevice: Error: Stack: 
[2018.04.16-21.01.34:574][850]LogOutputDevice: Error: [Callstack] 0x000000000B0BBA76 UE4Editor-Core.dll!UnknownFunction []
[2018.04.16-21.01.34:574][850]LogOutputDevice: Error: [Callstack] 0x000000000AE1AE3A UE4Editor-Core.dll!UnknownFunction []
[2018.04.16-21.01.34:574][850]LogOutputDevice: Error: [Callstack] 0x000000000AE2ECD6 UE4Editor-Core.dll!UnknownFunction []
[2018.04.16-21.01.34:574][850]LogOutputDevice: Error: [Callstack] 0x00000000FA2F3DF6 UE4Editor-UnrealEd.dll!UnknownFunction []
[2018.04.16-21.01.34:574][850]LogOutputDevice: Error: [Callstack] 0x000000000BBEB2A8 UE4Editor-BlueprintGraph.dll!UnknownFunction []
[2018.04.16-21.01.34:574][850]LogOutputDevice: Error: [Callstack] 0x00000000F840C22A UE4Editor-GraphEditor.dll!UnknownFunction []
[2018.04.16-21.01.34:574][850]LogOutputDevice: Error: [Callstack] 0x00000000F82977AC UE4Editor-GraphEditor.dll!UnknownFunction []
[2018.04.16-21.01.34:574][850]LogOutputDevice: Error: [Callstack] 0x00000000F829AEC9 UE4Editor-GraphEditor.dll!UnknownFunction []
[2018.04.16-21.01.34:574][850]LogOutputDevice: Error: [Callstack] 0x00000000F83D6E65 UE4Editor-GraphEditor.dll!UnknownFunction []
[2018.04.16-21.01.34:574][850]LogOutputDevice: Error: [Callstack] 0x0000000013636057 UE4Editor-Slate.dll!UnknownFunction []
[2018.04.16-21.01.34:574][850]LogOutputDevice: Error: [Callstack] 0x000000001363BB51 UE4Editor-Slate.dll!UnknownFunction []
[2018.04.16-21.01.34:574][850]LogOutputDevice: Error: [Callstack] 0x000000001386C253 UE4Editor-Slate.dll!UnknownFunction []
[2018.04.16-21.01.34:574][850]LogOutputDevice: Error: [Callstack] 0x0000000013690475 UE4Editor-Slate.dll!UnknownFunction []
[2018.04.16-21.01.34:574][850]LogOutputDevice: Error: [Callstack] 0x0000000013668360 UE4Editor-Slate.dll!UnknownFunction []
[2018.04.16-21.01.34:574][850]LogOutputDevice: Error: [Callstack] 0x000000001365B197 UE4Editor-Slate.dll!UnknownFunction []
[2018.04.16-21.01.34:574][850]LogOutputDevice: Error: [Callstack] 0x000000002822E4EE UE4Editor-ApplicationCore.dll!UnknownFunction []
[2018.04.16-21.01.34:574][850]LogOutputDevice: Error: [Callstack] 0x0000000028221B78 UE4Editor-ApplicationCore.dll!UnknownFunction []
[2018.04.16-21.01.34:574][850]LogOutputDevice: Error: [Callstack] 0x000000002823052C UE4Editor-ApplicationCore.dll!UnknownFunction []
[2018.04.16-21.01.34:574][850]LogOutputDevice: Error: [Callstack] 0x000000002821D679 UE4Editor-ApplicationCore.dll!UnknownFunction []
[2018.04.16-21.01.34:574][850]LogOutputDevice: Error: [Callstack] 0x0000000054E8B85D USER32.dll!UnknownFunction []
[2018.04.16-21.01.34:574][850]LogOutputDevice: Error: [Callstack] 0x0000000054E8B1EF USER32.dll!UnknownFunction []
[2018.04.16-21.01.34:574][850]LogOutputDevice: Error: [Callstack] 0x0000000028231666 UE4Editor-ApplicationCore.dll!UnknownFunction []
[2018.04.16-21.01.34:574][850]LogOutputDevice: Error: [Callstack] 0x0000000002485475 UE4Editor.exe!UnknownFunction []
[2018.04.16-21.01.34:574][850]LogOutputDevice: Error: [Callstack] 0x0000000002496BD0 UE4Editor.exe!UnknownFunction []
[2018.04.16-21.01.34:574][850]LogOutputDevice: Error: [Callstack] 0x0000000002496C4A UE4Editor.exe!UnknownFunction []
[2018.04.16-21.01.34:574][850]LogOutputDevice: Error: [Callstack] 0x00000000024A4149 UE4Editor.exe!UnknownFunction []
[2018.04.16-21.01.34:574][850]LogOutputDevice: Error: [Callstack] 0x00000000024A5B57 UE4Editor.exe!UnknownFunction []
[2018.04.16-21.01.34:574][850]LogOutputDevice: Error: [Callstack] 0x00000000549A1FE4 KERNEL32.DLL!UnknownFunction []
[2018.04.16-21.01.34:574][850]LogOutputDevice: Error: [Callstack] 0x000000005556F061 ntdll.dll!UnknownFunction []
[2018.04.16-21.01.34:574][850]LogOutputDevice: Error: 
[2018.04.16-21.01.34:582][850]LogStats:                SubmitErrorReport -  0.000 s
[2018.04.16-21.01.38:883][850]LogStats:                    SendNewReport -  4.300 s
[2018.04.16-21.01.38:883][850]LogStats:             FDebug::EnsureFailed -  4.660 s
[2018.04.16-21.01.38:883][850]LogUObjectArray: Warning: Other object in slot
[2018.04.16-21.01.43:712][ 42]LogSavePackage: Save=139.44ms
[2018.04.16-21.01.43:712][ 42]LogSavePackage: Moving '../../../../../GitHubDDriveRep/Ha_VRJ_Test/havr/Saved/MotionControllerPawn0C7EF8F84638DF8897E4DDA271C650BC.tmp' to '../../../../../GitHubDDriveRep/Ha_VRJ_Test/havr/Content/VirtualRealityBP/Blueprints/MotionControllerPawn.uasset'
[2018.04.16-21.01.43:716][ 42]LogSavePackage: Display: Finished SavePackage ../../../../../GitHubDDriveRep/Ha_VRJ_Test/havr/Content/VirtualRealityBP/Blueprints/MotionControllerPawn.uasset
[2018.04.16-21.02.16:399][373]BlueprintLog: New page: Compile BP_MotionController
[2018.04.16-21.03.28:652][613]BlueprintLog: New page: Compile MotionControllerPawn
[2018.04.16-21.03.30:457][660]LogTemp: Repeating last play command: VR Preview
[2018.04.16-21.03.30:532][660]LogBlueprintUserMessages: Early PlayInEditor Detection: Level '/Game/VirtualRealityBP/Maps/MotionControllerMap.MotionControllerMap:PersistentLevel' has LevelScriptBlueprint '/Game/VirtualRealityBP/Maps/MotionControllerMap.MotionControllerMap:PersistentLevel.MotionControllerMap' with GeneratedClass '/Game/VirtualRealityBP/Maps/MotionControllerMap.MotionControllerMap_C' with ClassGeneratedBy '/Game/VirtualRealityBP/Maps/MotionControllerMap.MotionControllerMap:PersistentLevel.MotionControllerMap'
[2018.04.16-21.03.30:533][660]LogPlayLevel: PlayLevel: No blueprints needed recompiling
[2018.04.16-21.03.30:533][660]LogHMD: Initializing OVRPlugin session
[2018.04.16-21.03.30:590][660]PIE: New page: PIE session: MotionControllerMap (Apr 16, 2018, 11:03:30 AM)
[2018.04.16-21.03.30:590][660]LogPlayLevel: Creating play world package: /Game/VirtualRealityBP/Maps/UEDPIE_0_MotionControllerMap
[2018.04.16-21.03.30:599][660]LogPlayLevel: PIE: StaticDuplicateObject took: (0.008321s)
[2018.04.16-21.03.30:599][660]LogAIModule: Creating AISystem for world MotionControllerMap
[2018.04.16-21.03.30:599][660]LogPlayLevel: PIE: World Init took: (0.000735s)
[2018.04.16-21.03.30:599][660]LogPlayLevel: PIE: Created PIE world by copying editor world from /Game/VirtualRealityBP/Maps/MotionControllerMap.MotionControllerMap to /Game/VirtualRealityBP/Maps/UEDPIE_0_MotionControllerMap.MotionControllerMap (0.009242s)
[2018.04.16-21.03.30:669][660]LogInit: XAudio2 using 'Headphones (Rift Audio)' : 2 channels at 48 kHz using 16 bits per sample (channel mask 0x3)
[2018.04.16-21.03.30:687][660]LogInit: FAudioDevice initialized.
[2018.04.16-21.03.30:785][660]LogHMD: Allocating Oculus 2720 x 1600 rendertarget swapchain
[2018.04.16-21.03.30:816][660]LogUObjectGlobals: Warning: Failed to find object 'Class None.'
[2018.04.16-21.03.30:816][660]LogLoad: Game class is 'GameModeBase'
[2018.04.16-21.03.30:819][660]LogWorld: Bringing World /Game/VirtualRealityBP/Maps/UEDPIE_0_MotionControllerMap.MotionControllerMap up for play (max tick rate 0) at 2018.04.16-16.03.30
[2018.04.16-21.03.30:820][660]LogWorld: Bringing up level for play took: 0.003071
[2018.04.16-21.03.30:853][660]PIE: Play in editor start time for /Game/VirtualRealityBP/Maps/UEDPIE_0_MotionControllerMap 0.737
[2018.04.16-21.03.30:863][660]LogBlueprintUserMessages: Late PlayInEditor Detection: Level '/Game/VirtualRealityBP/Maps/MotionControllerMap.MotionControllerMap:PersistentLevel' has LevelScriptBlueprint '/Game/VirtualRealityBP/Maps/MotionControllerMap.MotionControllerMap:PersistentLevel.MotionControllerMap' with GeneratedClass '/Game/VirtualRealityBP/Maps/MotionControllerMap.MotionControllerMap_C' with ClassGeneratedBy '/Game/VirtualRealityBP/Maps/MotionControllerMap.MotionControllerMap:PersistentLevel.MotionControllerMap'
[2018.04.16-21.03.30:866][660]LogEngine: Changing dynamic resolution state.
[2018.04.16-21.03.31:086][660]LogRenderer: Releasing previous depth to switch default clear from depth: 0.000000 stencil: 0 to depth: 0.000000 stencil: 0
[2018.04.16-21.03.31:086][660]LogHMD: Allocating Oculus 2720 x 1600 depth rendertarget swapchain
[2018.04.16-21.04.35:958][435]LogBlueprintUserMessages: Early EndPlayMap Detection: Level '/Game/VirtualRealityBP/Maps/MotionControllerMap.MotionControllerMap:PersistentLevel' has LevelScriptBlueprint '/Game/VirtualRealityBP/Maps/MotionControllerMap.MotionControllerMap:PersistentLevel.MotionControllerMap' with GeneratedClass '/Game/VirtualRealityBP/Maps/MotionControllerMap.MotionControllerMap_C' with ClassGeneratedBy '/Game/VirtualRealityBP/Maps/MotionControllerMap.MotionControllerMap:PersistentLevel.MotionControllerMap'
[2018.04.16-21.04.36:258][435]LogSlate: Window 'havr Game Preview Standalone (64-bit/PCD3D_SM5)' being destroyed
[2018.04.16-21.04.36:326][435]LogBlueprintUserMessages: Late EndPlayMap Detection: Level '/Game/VirtualRealityBP/Maps/MotionControllerMap.MotionControllerMap:PersistentLevel' has LevelScriptBlueprint '/Game/VirtualRealityBP/Maps/MotionControllerMap.MotionControllerMap:PersistentLevel.MotionControllerMap' with GeneratedClass '/Game/VirtualRealityBP/Maps/MotionControllerMap.MotionControllerMap_C' with ClassGeneratedBy '/Game/VirtualRealityBP/Maps/MotionControllerMap.MotionControllerMap:PersistentLevel.MotionControllerMap'
[2018.04.16-21.04.36:631][436]LogEngine: Changing dynamic resolution state.
[2018.04.16-21.05.02:035][575]LogSavePackage: Save=291.05ms
[2018.04.16-21.05.02:035][575]LogSavePackage: Moving '../../../../../GitHubDDriveRep/Ha_VRJ_Test/havr/Saved/MotionControllerMap_Auto197DDA01A4998976D1D9E4CBCFAA72933.tmp' to '../../../../../GitHubDDriveRep/Ha_VRJ_Test/havr/Saved/Autosaves/Game/VirtualRealityBP/Maps/MotionControllerMap_Auto1.umap'
[2018.04.16-21.05.02:036][575]LogSavePackage: Display: Finished SavePackage ../../../../../GitHubDDriveRep/Ha_VRJ_Test/havr/Saved/Autosaves/Game/VirtualRealityBP/Maps/MotionControllerMap_Auto1.umap
[2018.04.16-21.05.02:050][575]LogFileHelpers: Editor autosave (incl. sublevels) for '/Game/VirtualRealityBP/Maps/MotionControllerMap' took 0.390
[2018.04.16-21.05.02:051][575]LogFileHelpers: Editor autosave (incl. sublevels) for all levels took 0.390
[2018.04.16-21.05.02:053][575]OBJ SavePackage: Generating thumbnails for [0] asset(s) in package [/Game/VirtualRealityBP/Blueprints/MotionControllerPawn] ([1] browsable assets)...
[2018.04.16-21.05.02:053][575]OBJ SavePackage: Finished generating thumbnails for package [/Game/VirtualRealityBP/Blueprints/MotionControllerPawn]
[2018.04.16-21.05.02:267][575]LogSavePackage: Save=199.22ms
[2018.04.16-21.05.02:267][575]LogSavePackage: Moving '../../../../../GitHubDDriveRep/Ha_VRJ_Test/havr/Saved/MotionControllerPawn_Auto131E46EDB4777986FAE6B8A907A537D9D.tmp' to '../../../../../GitHubDDriveRep/Ha_VRJ_Test/havr/Saved/Autosaves/Game/VirtualRealityBP/Blueprints/MotionControllerPawn_Auto1.uasset'
[2018.04.16-21.05.02:269][575]LogSavePackage: Display: Finished SavePackage ../../../../../GitHubDDriveRep/Ha_VRJ_Test/havr/Saved/Autosaves/Game/VirtualRealityBP/Blueprints/MotionControllerPawn_Auto1.uasset
[2018.04.16-21.05.02:271][575]OBJ SavePackage: Generating thumbnails for [1] asset(s) in package [/Game/VirtualRealityBP/Blueprints/BP_MotionController] ([1] browsable assets)...
[2018.04.16-21.05.02:306][575]OBJ SavePackage:     Rendered thumbnail for [Blueprint /Game/VirtualRealityBP/Blueprints/BP_MotionController.BP_MotionController]
[2018.04.16-21.05.02:306][575]OBJ SavePackage: Finished generating thumbnails for package [/Game/VirtualRealityBP/Blueprints/BP_MotionController]
[2018.04.16-21.05.02:798][575]LogSavePackage: Save=468.64ms
[2018.04.16-21.05.02:798][575]LogSavePackage: Moving '../../../../../GitHubDDriveRep/Ha_VRJ_Test/havr/Saved/BP_MotionController_Auto16A77A4BA4F88707822AA3EB87D163853.tmp' to '../../../../../GitHubDDriveRep/Ha_VRJ_Test/havr/Saved/Autosaves/Game/VirtualRealityBP/Blueprints/BP_MotionController_Auto1.uasset'
[2018.04.16-21.05.02:801][575]LogSavePackage: Display: Finished SavePackage ../../../../../GitHubDDriveRep/Ha_VRJ_Test/havr/Saved/Autosaves/Game/VirtualRealityBP/Blueprints/BP_MotionController_Auto1.uasset
[2018.04.16-21.05.02:801][575]LogFileHelpers: Auto-saving content packages took 0.750
[2018.04.16-21.05.06:089][660]LogSlate: Window 'BP_MotionController*' being destroyed
[2018.04.16-21.05.06:093][660]LogSlate: Window 'BP_MotionController*' being destroyed
[2018.04.16-21.05.06:239][660]LogActorComponent: UnregisterComponent: (/Engine/Transient.EditorFloorComp) Not registered. Aborting.
[2018.04.16-21.05.09:160][701]LogSavePackage: Save=215.58ms
[2018.04.16-21.05.09:160][701]LogSavePackage: Moving '../../../../../GitHubDDriveRep/Ha_VRJ_Test/havr/Saved/MotionControllerMapBA78CCB8405006568FF82389BC481658.tmp' to '../../../../../GitHubDDriveRep/Ha_VRJ_Test/havr/Content/VirtualRealityBP/Maps/MotionControllerMap.umap'
[2018.04.16-21.05.09:174][701]LogSavePackage: Display: Finished SavePackage ../../../../../GitHubDDriveRep/Ha_VRJ_Test/havr/Content/VirtualRealityBP/Maps/MotionControllerMap.umap
[2018.04.16-21.05.09:375][701]LogSavePackage: Save=122.13ms
[2018.04.16-21.05.09:375][701]LogSavePackage: Moving '../../../../../GitHubDDriveRep/Ha_VRJ_Test/havr/Saved/MotionControllerMap_BuiltData91B26BF548D7EE214A5C509F89706AD8.tmp' to '../../../../../GitHubDDriveRep/Ha_VRJ_Test/havr/Content/VirtualRealityBP/Maps/MotionControllerMap_BuiltData.uasset'
[2018.04.16-21.05.09:376][701]LogSavePackage: Display: Finished SavePackage ../../../../../GitHubDDriveRep/Ha_VRJ_Test/havr/Content/VirtualRealityBP/Maps/MotionControllerMap_BuiltData.uasset
[2018.04.16-21.05.11:886][804]LogSlate: Window 'Save Content' being destroyed
[2018.04.16-21.05.12:230][804]LogSavePackage: Save=307.17ms
[2018.04.16-21.05.12:230][804]LogSavePackage: Moving '../../../../../GitHubDDriveRep/Ha_VRJ_Test/havr/Saved/BP_MotionController5967D5E3434740842307D8BE08B5C932.tmp' to '../../../../../GitHubDDriveRep/Ha_VRJ_Test/havr/Content/VirtualRealityBP/Blueprints/BP_MotionController.uasset'
[2018.04.16-21.05.12:242][804]LogSavePackage: Display: Finished SavePackage ../../../../../GitHubDDriveRep/Ha_VRJ_Test/havr/Content/VirtualRealityBP/Blueprints/BP_MotionController.uasset
[2018.04.16-21.05.12:388][804]LogSavePackage: Save=132.06ms
[2018.04.16-21.05.12:388][804]LogSavePackage: Moving '../../../../../GitHubDDriveRep/Ha_VRJ_Test/havr/Saved/MotionControllerPawnF0DCA490491A00E2A6B81D9F140F0786.tmp' to '../../../../../GitHubDDriveRep/Ha_VRJ_Test/havr/Content/VirtualRealityBP/Blueprints/MotionControllerPawn.uasset'
[2018.04.16-21.05.12:394][804]LogSavePackage: Display: Finished SavePackage ../../../../../GitHubDDriveRep/Ha_VRJ_Test/havr/Content/VirtualRealityBP/Blueprints/MotionControllerPawn.uasset
[2018.04.16-21.05.12:544][804]LogSlate: Window 'havr - Unreal Editor' being destroyed
[2018.04.16-21.05.12:544][804]LogWindowsTextInputMethodSystem: Display: IME system now deactivated.
[2018.04.16-21.05.12:838][805]Cmd: QUIT_EDITOR
[2018.04.16-21.05.13:698][805]LogSlate: Slate User Destroyed.  User Index 0, Is Virtual User: 0
[2018.04.16-21.05.13:698][805]LogExit: Preparing to exit.
[2018.04.16-21.05.14:780][805]LogDirectoryWatcher: A directory notification for 'D:/GitHubDDriveRep/Ha_VRJ_Test/havr/Content/' was aborted.
[2018.04.16-21.05.14:851][805]LogExit: Editor shut down
[2018.04.16-21.05.14:855][805]LogExit: Transaction tracking system shut down
[2018.04.16-21.05.15:206][805]LogDirectoryWatcher: A directory notification for '../../../Engine/Content/' was aborted.
[2018.04.16-21.05.15:207][805]LogDirectoryWatcher: A directory notification for '../../../../../GitHubDDriveRep/Ha_VRJ_Test/havr/Content/' was aborted.
[2018.04.16-21.05.15:207][805]LogDirectoryWatcher: A directory notification for '../../Plugins/2D/Paper2D/Content/' was aborted.
[2018.04.16-21.05.15:207][805]LogDirectoryWatcher: A directory notification for '../../Plugins/Enterprise/DatasmithContent/Content/' was aborted.
[2018.04.16-21.05.15:207][805]LogDirectoryWatcher: A directory notification for '../../Plugins/Media/MediaCompositing/Content/' was aborted.
[2018.04.16-21.05.15:207][805]LogDirectoryWatcher: A directory notification for '../../Plugins/Runtime/AppleARKit/Content/' was aborted.
[2018.04.16-21.05.15:208][805]LogDirectoryWatcher: A directory notification for '../../Plugins/Runtime/Oculus/OculusVR/Content/' was aborted.
[2018.04.16-21.05.15:208][805]LogDirectoryWatcher: A directory notification for '../../Plugins/Runtime/Steam/SteamVR/Content/' was aborted.
[2018.04.16-21.05.15:692][805]LogExit: Object subsystem successfully closed.
[2018.04.16-21.05.15:736][805]LogShaderCompilers: Display: Shaders left to compile 0
[2018.04.16-21.05.15:743][805]LogD3D11RHI: Shutdown
[2018.04.16-21.05.15:743][805]LogD3D11RHI: CleanupD3DDevice
[2018.04.16-21.05.15:756][805]LogD3D11RHI: ~FD3D11DynamicRHI
[2018.04.16-21.05.15:775][805]LogModuleManager: Shutting down and abandoning module ExternalImagePicker (580)
[2018.04.16-21.05.15:775][805]LogModuleManager: Shutting down and abandoning module BlueprintGraph (578)
[2018.04.16-21.05.15:776][805]LogModuleManager: Shutting down and abandoning module MovieSceneCapture (576)
[2018.04.16-21.05.15:789][805]LogModuleManager: Shutting down and abandoning module HierarchicalLODOutliner (574)
[2018.04.16-21.05.15:789][805]LogModuleManager: Shutting down and abandoning module SceneOutliner (572)
[2018.04.16-21.05.15:789][805]LogModuleManager: Shutting down and abandoning module AddContentDialog (570)
[2018.04.16-21.05.15:789][805]LogDirectoryWatcher: A directory notification for 'D:/UE4P/UE_4.19/FeaturePacks/' was aborted.
[2018.04.16-21.05.15:790][805]LogModuleManager: Shutting down and abandoning module WidgetCarousel (569)
[2018.04.16-21.05.15:790][805]LogModuleManager: Shutting down and abandoning module EditorWidgets (566)
[2018.04.16-21.05.15:790][805]LogModuleManager: Shutting down and abandoning module CollectionManager (564)
[2018.04.16-21.05.15:790][805]LogDirectoryWatcher: A directory notification for 'D:/GitHubDDriveRep/Ha_VRJ_Test/havr/Content/Collections/' was aborted.
[2018.04.16-21.05.15:790][805]LogDirectoryWatcher: A directory notification for 'D:/GitHubDDriveRep/Ha_VRJ_Test/havr/Content/Developers/Brad/Collections/' was aborted.
[2018.04.16-21.05.15:790][805]LogDirectoryWatcher: A directory notification for 'D:/GitHubDDriveRep/Ha_VRJ_Test/havr/Saved/Collections/' was aborted.
[2018.04.16-21.05.15:791][805]LogModuleManager: Shutting down and abandoning module StatsViewer (562)
[2018.04.16-21.05.15:791][805]LogModuleManager: Shutting down and abandoning module FoliageEdit (560)
[2018.04.16-21.05.15:791][805]LogModuleManager: Shutting down and abandoning module LandscapeEditor (558)
[2018.04.16-21.05.15:791][805]LogModuleManager: Shutting down and abandoning module MeshPaintMode (556)
[2018.04.16-21.05.15:791][805]LogModuleManager: Shutting down and abandoning module SceneDepthPickerMode (554)
[2018.04.16-21.05.15:791][805]LogModuleManager: Shutting down and abandoning module ActorPickerMode (552)
[2018.04.16-21.05.15:791][805]LogModuleManager: Shutting down and abandoning module GeometryMode (550)
[2018.04.16-21.05.15:791][805]LogModuleManager: Shutting down and abandoning module TextureAlignMode (548)
[2018.04.16-21.05.15:791][805]LogModuleManager: Shutting down and abandoning module BspMode (546)
[2018.04.16-21.05.15:791][805]LogModuleManager: Shutting down and abandoning module PIEPreviewDeviceProfileSelector (544)
[2018.04.16-21.05.15:791][805]LogModuleManager: Shutting down and abandoning module HardwareSurvey (542)
[2018.04.16-21.05.15:791][805]LogModuleManager: Shutting down and abandoning module SequenceRecorderSections (540)
[2018.04.16-21.05.15:791][805]LogModuleManager: Shutting down and abandoning module AutomationWorker (538)
[2018.04.16-21.05.15:791][805]LogModuleManager: Shutting down and abandoning module AudioCaptureEditor (536)
[2018.04.16-21.05.15:791][805]LogModuleManager: Shutting down and abandoning module SequenceRecorder (535)
[2018.04.16-21.05.15:791][805]LogModuleManager: Shutting down and abandoning module MatineeToLevelSequence (532)
[2018.04.16-21.05.15:791][805]LogModuleManager: Shutting down and abandoning module LevelSequenceEditor (530)
[2018.04.16-21.05.15:791][805]LogModuleManager: Shutting down and abandoning module PlacementMode (529)
[2018.04.16-21.05.15:791][805]LogModuleManager: Shutting down and abandoning module MaterialEditor (528)
[2018.04.16-21.05.15:791][805]LogModuleManager: Shutting down and abandoning module WmfMediaFactory (524)
[2018.04.16-21.05.15:792][805]LogModuleManager: Shutting down and abandoning module WmfMediaEditor (522)
[2018.04.16-21.05.15:792][805]LogModuleManager: Shutting down and abandoning module MediaPlayerEditor (520)
[2018.04.16-21.05.15:792][805]LogModuleManager: Shutting down and abandoning module OpenExrWrapper (518)
[2018.04.16-21.05.15:792][805]LogModuleManager: Shutting down and abandoning module ImgMediaFactory (516)
[2018.04.16-21.05.15:792][805]LogModuleManager: Shutting down and abandoning module ImgMediaEditor (514)
[2018.04.16-21.05.15:792][805]LogModuleManager: Shutting down and abandoning module AvfMediaFactory (512)
[2018.04.16-21.05.15:792][805]LogModuleManager: Shutting down and abandoning module AvfMediaEditor (510)
[2018.04.16-21.05.15:792][805]LogModuleManager: Shutting down and abandoning module AndroidMediaFactory (508)
[2018.04.16-21.05.15:792][805]LogModuleManager: Shutting down and abandoning module AndroidMediaEditor (506)
[2018.04.16-21.05.15:792][805]LogModuleManager: Shutting down and abandoning module CharacterAI (504)
[2018.04.16-21.05.15:792][805]LogModuleManager: Shutting down and abandoning module SmartSnapping (502)
[2018.04.16-21.05.15:792][805]LogModuleManager: Shutting down and abandoning module SessionServices (500)
[2018.04.16-21.05.15:792][805]LogModuleManager: Shutting down and abandoning module ViewportSnapping (498)
[2018.04.16-21.05.15:792][805]LogModuleManager: Shutting down and abandoning module ViewportInteraction (496)
[2018.04.16-21.05.15:792][805]LogModuleManager: Shutting down and abandoning module ClothPainter (494)
[2018.04.16-21.05.15:792][805]LogModuleManager: Shutting down and abandoning module SkeletalMeshEditor (493)
[2018.04.16-21.05.15:797][805]LogModuleManager: Shutting down and abandoning module LogVisualizer (490)
[2018.04.16-21.05.15:797][805]LogModuleManager: Shutting down and abandoning module IntroTutorials (488)
[2018.04.16-21.05.15:797][805]LogModuleManager: Shutting down and abandoning module GameProjectGeneration (487)
[2018.04.16-21.05.15:797][805]LogModuleManager: Shutting down and abandoning module IOSPlatformEditor (484)
[2018.04.16-21.05.15:797][805]LogModuleManager: Shutting down and abandoning module HTML5PlatformEditor (482)
[2018.04.16-21.05.15:797][805]LogModuleManager: Shutting down and abandoning module AndroidPlatformEditor (480)
[2018.04.16-21.05.15:797][805]LogModuleManager: Shutting down and abandoning module AndroidDeviceDetection (479)
[2018.04.16-21.05.15:825][805]LogModuleManager: Shutting down and abandoning module WindowsPlatformEditor (476)
[2018.04.16-21.05.15:825][805]LogModuleManager: Shutting down and abandoning module IOSRuntimeSettings (474)
[2018.04.16-21.05.15:825][805]LogModuleManager: Shutting down and abandoning module AndroidRuntimeSettings (472)
[2018.04.16-21.05.15:825][805]LogModuleManager: Shutting down and abandoning module InputBindingEditor (470)
[2018.04.16-21.05.15:825][805]LogModuleManager: Shutting down and abandoning module MergeActors (468)
[2018.04.16-21.05.15:825][805]LogModuleManager: Shutting down and abandoning module LocalizationDashboard (466)
[2018.04.16-21.05.15:825][805]LogModuleManager: Shutting down and abandoning module LocalizationService (465)
[2018.04.16-21.05.15:825][805]LogModuleManager: Shutting down and abandoning module HardwareTargeting (462)
[2018.04.16-21.05.15:825][805]LogModuleManager: Shutting down and abandoning module DeviceProfileEditor (460)
[2018.04.16-21.05.15:825][805]LogModuleManager: Shutting down and abandoning module UndoHistory (458)
[2018.04.16-21.05.15:825][805]LogModuleManager: Shutting down and abandoning module XmlParser (456)
[2018.04.16-21.05.15:825][805]LogModuleManager: Shutting down and abandoning module Blutility (454)
[2018.04.16-21.05.15:825][805]LogModuleManager: Shutting down and abandoning module ProjectSettingsViewer (452)
[2018.04.16-21.05.15:825][805]LogModuleManager: Shutting down and abandoning module ProjectTargetPlatformEditor (451)
[2018.04.16-21.05.15:825][805]LogModuleManager: Shutting down and abandoning module EditorSettingsViewer (448)
[2018.04.16-21.05.15:825][805]LogModuleManager: Shutting down and abandoning module SettingsEditor (446)
[2018.04.16-21.05.15:826][805]LogModuleManager: Shutting down and abandoning module ProjectLauncher (444)
[2018.04.16-21.05.15:826][805]LogModuleManager: Shutting down and abandoning module SessionFrontend (442)
[2018.04.16-21.05.15:826][805]LogModuleManager: Shutting down and abandoning module ProfilerClient (440)
[2018.04.16-21.05.15:826][805]LogModuleManager: Shutting down and abandoning module DeviceManager (438)
[2018.04.16-21.05.15:826][805]LogModuleManager: Shutting down and abandoning module TargetDeviceServices (437)
[2018.04.16-21.05.15:902][805]LogModuleManager: Shutting down and abandoning module AutomationController (434)
[2018.04.16-21.05.15:902][805]LogModuleManager: Shutting down and abandoning module AutomationWindow (432)
[2018.04.16-21.05.15:902][805]LogModuleManager: Shutting down and abandoning module Layers (430)
[2018.04.16-21.05.15:902][805]LogModuleManager: Shutting down and abandoning module ComponentVisualizers (428)
[2018.04.16-21.05.15:902][805]LogModuleManager: Shutting down and abandoning module DetailCustomizations (426)
[2018.04.16-21.05.15:902][805]LogModuleManager: Shutting down and abandoning module PackagesDialog (424)
[2018.04.16-21.05.15:903][805]LogModuleManager: Shutting down and abandoning module Persona (422)
[2018.04.16-21.05.15:909][805]LogModuleManager: Shutting down and abandoning module AdvancedPreviewScene (421)
[2018.04.16-21.05.15:909][805]LogModuleManager: Shutting down and abandoning module AnimGraph (419)
[2018.04.16-21.05.15:909][805]LogModuleManager: Shutting down and abandoning module Kismet (416)
[2018.04.16-21.05.15:927][805]LogModuleManager: Shutting down and abandoning module GraphEditor (414)
[2018.04.16-21.05.15:927][805]LogModuleManager: Shutting down and abandoning module ClassViewer (412)
[2018.04.16-21.05.15:927][805]LogModuleManager: Shutting down and abandoning module Toolbox (410)
[2018.04.16-21.05.15:927][805]LogModuleManager: Shutting down and abandoning module ModuleUI (408)
[2018.04.16-21.05.15:927][805]LogModuleManager: Shutting down and abandoning module MovieSceneTools (406)
[2018.04.16-21.05.15:927][805]LogModuleManager: Shutting down and abandoning module OutputLog (404)
[2018.04.16-21.05.15:927][805]LogModuleManager: Shutting down and abandoning module GammaUI (402)
[2018.04.16-21.05.15:927][805]LogModuleManager: Shutting down and abandoning module Documentation (400)
[2018.04.16-21.05.15:927][805]LogModuleManager: Shutting down and abandoning module MovieSceneTracks (398)
[2018.04.16-21.05.15:927][805]LogModuleManager: Shutting down and abandoning module MovieScene (396)
[2018.04.16-21.05.15:927][805]LogModuleManager: Shutting down and abandoning module StreamingPauseRendering (394)
[2018.04.16-21.05.15:927][805]LogModuleManager: Shutting down and abandoning module LauncherPlatform (392)
[2018.04.16-21.05.15:928][805]LogModuleManager: Shutting down and abandoning module AnalyticsET (390)
[2018.04.16-21.05.15:928][805]LogModuleManager: Shutting down and abandoning module PortalServices (388)
[2018.04.16-21.05.15:928][805]LogModuleManager: Shutting down and abandoning module PortalRpc (386)
[2018.04.16-21.05.15:928][805]LogModuleManager: Shutting down and abandoning module MessagingRpc (384)
[2018.04.16-21.05.15:928][805]LogModuleManager: Shutting down and abandoning module AIModule (382)
[2018.04.16-21.05.15:928][805]LogModuleManager: Shutting down and abandoning module GameplayDebugger (381)
[2018.04.16-21.05.15:928][805]LogModuleManager: Shutting down and abandoning module AITestSuite (379)
[2018.04.16-21.05.15:928][805]LogModuleManager: Shutting down and abandoning module DesktopPlatform (376)
[2018.04.16-21.05.15:928][805]LogModuleManager: Shutting down and abandoning module ProfilerService (374)
[2018.04.16-21.05.15:933][805]LogModuleManager: Shutting down and abandoning module TaskGraph (372)
[2018.04.16-21.05.15:933][805]LogModuleManager: Shutting down and abandoning module SteamVRController (370)
[2018.04.16-21.05.15:933][805]LogModuleManager: Shutting down and abandoning module ProceduralMeshComponentEditor (368)
[2018.04.16-21.05.15:933][805]LogModuleManager: Shutting down and abandoning module ProceduralMeshComponent (366)
[2018.04.16-21.05.15:933][805]LogModuleManager: Shutting down and abandoning module OculusInput (364)
[2018.04.16-21.05.15:933][805]LogModuleManager: Shutting down and abandoning module MobilePatchingUtils (362)
[2018.04.16-21.05.15:933][805]LogModuleManager: Shutting down and abandoning module CustomMeshComponent (360)
[2018.04.16-21.05.15:933][805]LogModuleManager: Shutting down and abandoning module CableComponent (358)
[2018.04.16-21.05.15:933][805]LogModuleManager: Shutting down and abandoning module AudioCapture (356)
[2018.04.16-21.05.15:933][805]LogModuleManager: Shutting down and abandoning module ArchVisCharacter (354)
[2018.04.16-21.05.15:933][805]LogModuleManager: Shutting down and abandoning module AndroidPermission (352)
[2018.04.16-21.05.15:933][805]LogModuleManager: Shutting down and abandoning module NUTUnrealEngine4 (348)
[2018.04.16-21.05.15:933][805]LogModuleManager: Shutting down and abandoning module NetcodeUnitTest (346)
[2018.04.16-21.05.15:933][805]LogModuleManager: Shutting down and abandoning module MediaCompositingEditor (344)
[2018.04.16-21.05.15:934][805]LogModuleManager: Shutting down and abandoning module MediaCompositing (342)
[2018.04.16-21.05.15:934][805]LogModuleManager: Shutting down and abandoning module LinearTimecode (340)
[2018.04.16-21.05.15:934][805]LogModuleManager: Shutting down and abandoning module ImgMedia (338)
[2018.04.16-21.05.15:936][805]LogModuleManager: Shutting down and abandoning module HTML5Networking (336)
[2018.04.16-21.05.15:937][805]LogModuleManager: Shutting down and abandoning module AlembicImporter (334)
[2018.04.16-21.05.15:937][805]LogModuleManager: Shutting down and abandoning module AlembicLibrary (333)
[2018.04.16-21.05.15:937][805]LogModuleManager: Shutting down and abandoning module GeometryCache (332)
[2018.04.16-21.05.15:937][805]LogModuleManager: Shutting down and abandoning module GeometryCacheEd (331)
[2018.04.16-21.05.15:937][805]LogModuleManager: Shutting down and abandoning module DatasmithContent (326)
[2018.04.16-21.05.15:937][805]LogModuleManager: Shutting down and abandoning module SpeedTreeImporter (324)
[2018.04.16-21.05.15:937][805]LogModuleManager: Shutting down and abandoning module PluginBrowser (322)
[2018.04.16-21.05.15:937][805]LogModuleManager: Shutting down and abandoning module MobileLauncherProfileWizard (320)
[2018.04.16-21.05.15:937][805]LogModuleManager: Shutting down and abandoning module CryptoKeysOpenSSL (318)
[2018.04.16-21.05.15:937][805]LogModuleManager: Shutting down and abandoning module CryptoKeys (316)
[2018.04.16-21.05.15:937][805]LogModuleManager: Shutting down and abandoning module VisualStudioSourceCodeAccess (314)
[2018.04.16-21.05.15:937][805]LogModuleManager: Shutting down and abandoning module VisualStudioCodeSourceCodeAccess (312)
[2018.04.16-21.05.15:937][805]LogModuleManager: Shutting down and abandoning module UObjectPlugin (310)
[2018.04.16-21.05.15:937][805]LogModuleManager: Shutting down and abandoning module SubversionSourceControl (308)
[2018.04.16-21.05.15:937][805]LogModuleManager: Shutting down and abandoning module PerforceSourceControl (306)
[2018.04.16-21.05.15:937][805]LogModuleManager: Shutting down and abandoning module GitSourceControl (304)
[2018.04.16-21.05.15:937][805]LogModuleManager: Shutting down and abandoning module SourceControl (303)
[2018.04.16-21.05.15:937][805]LogModuleManager: Shutting down and abandoning module CLionSourceCodeAccess (300)
[2018.04.16-21.05.15:937][805]LogModuleManager: Shutting down and abandoning module LightPropagationVolumeEditor (298)
[2018.04.16-21.05.15:937][805]LogModuleManager: Shutting down and abandoning module PaperTiledImporter (296)
[2018.04.16-21.05.15:937][805]LogModuleManager: Shutting down and abandoning module PaperSpriteSheetImporter (294)
[2018.04.16-21.05.15:937][805]LogModuleManager: Shutting down and abandoning module Paper2DEditor (292)
[2018.04.16-21.05.15:937][805]LogModuleManager: Shutting down and abandoning module MeshPaint (291)
[2018.04.16-21.05.15:937][805]LogModuleManager: Shutting down and abandoning module RuntimePhysXCooking (288)
[2018.04.16-21.05.15:937][805]LogModuleManager: Shutting down and abandoning module PhysXVehiclesEditor (286)
[2018.04.16-21.05.15:937][805]LogModuleManager: Shutting down and abandoning module PhysXVehicles (284)
[2018.04.16-21.05.15:937][805]LogModuleManager: Shutting down and abandoning module OculusEditor (282)
[2018.04.16-21.05.15:937][805]LogModuleManager: Shutting down and abandoning module LocationServicesBPLibrary (280)
[2018.04.16-21.05.15:937][805]LogModuleManager: Shutting down and abandoning module ImmediatePhysicsEditor (278)
[2018.04.16-21.05.15:937][805]LogModuleManager: Shutting down and abandoning module ImmediatePhysics (276)
[2018.04.16-21.05.15:937][805]LogModuleManager: Shutting down and abandoning module ActorSequence (274)
[2018.04.16-21.05.15:938][805]LogModuleManager: Shutting down and abandoning module UdpMessaging (272)
[2018.04.16-21.05.16:038][805]LogModuleManager: Shutting down and abandoning module TcpMessaging (270)
[2018.04.16-21.05.16:140][805]LogModuleManager: Shutting down and abandoning module GameplayTagsEditor (268)
[2018.04.16-21.05.16:140][805]LogModuleManager: Shutting down and abandoning module FacialAnimationEditor (266)
[2018.04.16-21.05.16:140][805]LogModuleManager: Shutting down and abandoning module FacialAnimation (264)
[2018.04.16-21.05.16:140][805]LogModuleManager: Shutting down and abandoning module DataValidation (262)
[2018.04.16-21.05.16:140][805]LogModuleManager: Shutting down and abandoning module AssetManagerEditor (260)
[2018.04.16-21.05.16:140][805]LogModuleManager: Shutting down and abandoning module LevelEditor (259)
[2018.04.16-21.05.16:141][805]LogModuleManager: Shutting down and abandoning module PixelInspectorModule (258)
[2018.04.16-21.05.16:141][805]LogModuleManager: Shutting down and abandoning module CommonMenuExtensions (256)
[2018.04.16-21.05.16:141][805]LogModuleManager: Shutting down and abandoning module MainFrame (254)
[2018.04.16-21.05.16:141][805]LogModuleManager: Shutting down and abandoning module HotReload (253)
[2018.04.16-21.05.16:141][805]LogModuleManager: Shutting down and abandoning module ContentBrowser (249)
[2018.04.16-21.05.16:142][805]LogModuleManager: Shutting down and abandoning module TreeMap (247)
[2018.04.16-21.05.16:142][805]LogModuleManager: Shutting down and abandoning module LightPropagationVolumeRuntime (244)
[2018.04.16-21.05.16:142][805]LogModuleManager: Shutting down and abandoning module LiveLinkEditor (242)
[2018.04.16-21.05.16:143][805]LogModuleManager: Shutting down and abandoning module LiveLink (240)
[2018.04.16-21.05.16:825][805]LogModuleManager: Shutting down and abandoning module Paper2D (238)
[2018.04.16-21.05.16:826][805]LogModuleManager: Shutting down and abandoning module WindowsMoviePlayer (236)
[2018.04.16-21.05.16:826][805]LogModuleManager: Shutting down and abandoning module WmfMedia (234)
[2018.04.16-21.05.16:831][805]LogModuleManager: Shutting down and abandoning module PacketHandler (232)
[2018.04.16-21.05.16:831][805]LogModuleManager: Shutting down and abandoning module ClothingSystemEditor (230)
[2018.04.16-21.05.16:831][805]LogModuleManager: Shutting down and abandoning module ClothingSystemRuntime (228)
[2018.04.16-21.05.16:831][805]LogModuleManager: Shutting down and abandoning module MediaAssets (226)
[2018.04.16-21.05.16:831][805]LogModuleManager: Shutting down and abandoning module Media (225)
[2018.04.16-21.05.16:837][805]LogModuleManager: Shutting down and abandoning module Overlay (222)
[2018.04.16-21.05.16:837][805]LogModuleManager: Shutting down and abandoning module OverlayEditor (221)
[2018.04.16-21.05.16:837][805]LogModuleManager: Shutting down and abandoning module VREditor (218)
[2018.04.16-21.05.16:837][805]LogModuleManager: Shutting down and abandoning module StringTableEditor (216)
[2018.04.16-21.05.16:837][805]LogModuleManager: Shutting down and abandoning module GameplayTasksEditor (214)
[2018.04.16-21.05.16:837][805]LogModuleManager: Shutting down and abandoning module BehaviorTreeEditor (212)
[2018.04.16-21.05.16:837][805]LogModuleManager: Shutting down and abandoning module FunctionalTesting (210)
[2018.04.16-21.05.16:837][805]LogModuleManager: Shutting down and abandoning module CollisionAnalyzer (208)
[2018.04.16-21.05.16:837][805]LogModuleManager: Shutting down and abandoning module WorkspaceMenuStructure (207)
[2018.04.16-21.05.16:837][805]LogModuleManager: Shutting down and abandoning module UMG (204)
[2018.04.16-21.05.16:837][805]LogModuleManager: Shutting down and abandoning module UMGEditor (203)
[2018.04.16-21.05.16:838][805]LogModuleManager: Shutting down and abandoning module Sequencer (202)
[2018.04.16-21.05.16:838][805]LogModuleManager: Shutting down and abandoning module MessageLog (199)
[2018.04.16-21.05.16:838][805]LogModuleManager: Shutting down and abandoning module SlateReflector (194)
[2018.04.16-21.05.16:838][805]LogModuleManager: Shutting down and abandoning module Slate (192)
[2018.04.16-21.05.16:838][805]LogModuleManager: Shutting down and abandoning module EditorStyle (190)
[2018.04.16-21.05.16:840][805]LogModuleManager: Shutting down and abandoning module MRMesh (188)
[2018.04.16-21.05.16:840][805]LogModuleManager: Shutting down and abandoning module SourceCodeAccess (186)
[2018.04.16-21.05.16:840][805]LogModuleManager: Shutting down and abandoning module HeadMountedDisplay (184)
[2018.04.16-21.05.16:840][805]LogModuleManager: Shutting down and abandoning module XAudio2 (182)
[2018.04.16-21.05.16:840][805]LogModuleManager: Shutting down and abandoning module Networking (180)
[2018.04.16-21.05.16:840][805]LogModuleManager: Shutting down and abandoning module Core (178)
[2018.04.16-21.05.16:840][805]LogModuleManager: Shutting down and abandoning module LevelSequence (176)
[2018.04.16-21.05.16:840][805]LogModuleManager: Shutting down and abandoning module KismetCompiler (174)
[2018.04.16-21.05.16:840][805]LogModuleManager: Shutting down and abandoning module MeshUtilities (172)
[2018.04.16-21.05.16:840][805]LogModuleManager: Shutting down and abandoning module MeshMergeUtilities (171)
[2018.04.16-21.05.16:841][805]LogModuleManager: Shutting down and abandoning module MeshReductionInterface (170)
[2018.04.16-21.05.16:841][805]LogModuleManager: Shutting down and abandoning module SimplygonSwarm (169)
[2018.04.16-21.05.16:841][805]LogModuleManager: Shutting down and abandoning module SimplygonMeshReduction (167)
[2018.04.16-21.05.16:841][805]LogModuleManager: Shutting down and abandoning module QuadricMeshReduction (165)
[2018.04.16-21.05.16:841][805]LogModuleManager: Shutting down and abandoning module MaterialBaking (161)
[2018.04.16-21.05.16:841][805]LogModuleManager: Shutting down and abandoning module DirectoryWatcher (157)
[2018.04.16-21.05.16:841][805]LogModuleManager: Shutting down and abandoning module DerivedDataCache (154)
[2018.04.16-21.05.16:927][805]LogDerivedDataCache: Shutdown
[2018.04.16-21.05.16:927][805]LogModuleManager: Shutting down and abandoning module XGEController (152)
[2018.04.16-21.05.16:927][805]LogXGEController: Cleaning working directory: C:/Users/Brad/AppData/Local/Temp/UnrealXGEWorkingDir/
[2018.04.16-21.05.16:927][805]LogModuleManager: Shutting down and abandoning module TargetPlatform (150)
[2018.04.16-21.05.16:927][805]LogModuleManager: Shutting down and abandoning module VulkanShaderFormat (149)
[2018.04.16-21.05.16:927][805]LogModuleManager: Shutting down and abandoning module ShaderFormatVectorVM (147)
[2018.04.16-21.05.16:928][805]LogModuleManager: Shutting down and abandoning module ShaderFormatOpenGL (145)
[2018.04.16-21.05.16:928][805]LogModuleManager: Shutting down and abandoning module ShaderFormatD3D (143)
[2018.04.16-21.05.16:928][805]LogModuleManager: Shutting down and abandoning module MetalShaderFormat (141)
[2018.04.16-21.05.16:928][805]LogModuleManager: Shutting down and abandoning module TextureFormatUncompressed (139)
[2018.04.16-21.05.16:928][805]LogModuleManager: Shutting down and abandoning module TextureFormatPVR (137)
[2018.04.16-21.05.16:928][805]LogModuleManager: Shutting down and abandoning module TextureFormatDXT (135)
[2018.04.16-21.05.16:928][805]LogModuleManager: Shutting down and abandoning module TextureFormatIntelISPCTexComp (133)
[2018.04.16-21.05.16:928][805]LogModuleManager: Shutting down and abandoning module TextureFormatASTC (131)
[2018.04.16-21.05.16:928][805]LogModuleManager: Shutting down and abandoning module ImageWrapper (130)
[2018.04.16-21.05.16:928][805]LogModuleManager: Shutting down and abandoning module TextureFormatAndroid (127)
[2018.04.16-21.05.16:928][805]LogModuleManager: Shutting down and abandoning module AudioFormatOpus (125)
[2018.04.16-21.05.16:928][805]LogModuleManager: Shutting down and abandoning module AudioFormatOgg (123)
[2018.04.16-21.05.16:928][805]LogModuleManager: Shutting down and abandoning module AudioFormatADPCM (121)
[2018.04.16-21.05.16:928][805]LogModuleManager: Shutting down and abandoning module LinuxTargetPlatform (119)
[2018.04.16-21.05.16:928][805]LogModuleManager: Shutting down and abandoning module LinuxServerTargetPlatform (117)
[2018.04.16-21.05.16:928][805]LogModuleManager: Shutting down and abandoning module LinuxNoEditorTargetPlatform (115)
[2018.04.16-21.05.16:928][805]LogModuleManager: Shutting down and abandoning module LinuxClientTargetPlatform (113)
[2018.04.16-21.05.16:929][805]LogModuleManager: Shutting down and abandoning module TVOSTargetPlatform (111)
[2018.04.16-21.05.16:929][805]LogModuleManager: Shutting down and abandoning module Messaging (109)
[2018.04.16-21.05.16:929][805]LogModuleManager: Shutting down and abandoning module IOSTargetPlatform (107)
[2018.04.16-21.05.16:929][805]LogModuleManager: Shutting down and abandoning module HTML5TargetPlatform (105)
[2018.04.16-21.05.16:929][805]LogModuleManager: Shutting down and abandoning module AndroidTargetPlatform (103)
[2018.04.16-21.05.16:929][805]LogModuleManager: Shutting down and abandoning module Android_PVRTCTargetPlatform (101)
[2018.04.16-21.05.16:929][805]LogModuleManager: Shutting down and abandoning module Android_MultiTargetPlatform (99)
[2018.04.16-21.05.16:929][805]LogModuleManager: Shutting down and abandoning module Android_ETC2TargetPlatform (97)
[2018.04.16-21.05.16:929][805]LogModuleManager: Shutting down and abandoning module Android_ETC1TargetPlatform (95)
[2018.04.16-21.05.16:929][805]LogModuleManager: Shutting down and abandoning module Android_ETC1aTargetPlatform (93)
[2018.04.16-21.05.16:929][805]LogModuleManager: Shutting down and abandoning module Android_DXTTargetPlatform (91)
[2018.04.16-21.05.16:929][805]LogModuleManager: Shutting down and abandoning module Android_ATCTargetPlatform (89)
[2018.04.16-21.05.16:929][805]LogModuleManager: Shutting down and abandoning module Android_ASTCTargetPlatform (87)
[2018.04.16-21.05.16:929][805]LogModuleManager: Shutting down and abandoning module WindowsTargetPlatform (85)
[2018.04.16-21.05.16:929][805]LogModuleManager: Shutting down and abandoning module WindowsServerTargetPlatform (83)
[2018.04.16-21.05.16:929][805]LogModuleManager: Shutting down and abandoning module WindowsNoEditorTargetPlatform (81)
[2018.04.16-21.05.16:929][805]LogModuleManager: Shutting down and abandoning module WindowsClientTargetPlatform (79)
[2018.04.16-21.05.16:929][805]LogModuleManager: Shutting down and abandoning module MacTargetPlatform (77)
[2018.04.16-21.05.16:929][805]LogModuleManager: Shutting down and abandoning module MacServerTargetPlatform (75)
[2018.04.16-21.05.16:929][805]LogModuleManager: Shutting down and abandoning module MacNoEditorTargetPlatform (73)
[2018.04.16-21.05.16:929][805]LogModuleManager: Shutting down and abandoning module MacClientTargetPlatform (71)
[2018.04.16-21.05.16:930][805]LogModuleManager: Shutting down and abandoning module AllDesktopTargetPlatform (69)
[2018.04.16-21.05.16:930][805]LogModuleManager: Shutting down and abandoning module InputCore (66)
[2018.04.16-21.05.16:930][805]LogModuleManager: Shutting down and abandoning module Settings (64)
[2018.04.16-21.05.16:930][805]LogModuleManager: Shutting down and abandoning module PhysXCooking (62)
[2018.04.16-21.05.16:930][805]LogModuleManager: Shutting down and abandoning module SteamVR (60)
[2018.04.16-21.05.16:930][805]LogModuleManager: Shutting down and abandoning module OculusHMD (58)
[2018.04.16-21.05.16:930][805]LogModuleManager: Shutting down and abandoning module ExampleDeviceProfileSelector (56)
[2018.04.16-21.05.16:930][805]LogModuleManager: Shutting down and abandoning module AppleARKit (54)
[2018.04.16-21.05.16:930][805]LogModuleManager: Shutting down and abandoning module AugmentedReality (51)
[2018.04.16-21.05.16:930][805]LogModuleManager: Shutting down and abandoning module OnlineBlueprintSupport (48)
[2018.04.16-21.05.16:930][805]LogModuleManager: Shutting down and abandoning module OnlineSubsystem (44)
[2018.04.16-21.05.16:930][805]LogModuleManager: Shutting down and abandoning module XMPP (43)
[2018.04.16-21.05.16:930][805]LogModuleManager: Shutting down and abandoning module HTTP (41)
[2018.04.16-21.05.16:930][805]LogHttp: Display: Http module shutting down, but needs to wait on 1 outstanding Http requests:
[2018.04.16-21.05.16:930][805]LogHttp: Display: 	verb=[POST] url=[https://datarouter.ol.epicgames.com/datarouter/api/v1/public/data?SessionID=%7BE3CB74F3-4813-4A00-4B49-F2A2F632EB64%7D&AppID=UEEditor.Rocket.Release&AppVersion=4.19.0-3944462%2B%2B%2BUE4%2BRelease-4.19&UserID=f3de0f9440d7aa1242fbf189e10a3c48%7C3b358db9697144059ebfd7a116889269%7C51dbd286-d0c8-4618-b21c-352298b6b129&AppEnvironment=datacollector-binary&UploadType=eteventstream] status=Processing
[2018.04.16-21.05.16:954][805]LogModuleManager: Shutting down and abandoning module SSL (40)
[2018.04.16-21.05.16:956][805]LogModuleManager: Shutting down and abandoning module AnimationModifiers (36)
[2018.04.16-21.05.16:956][805]LogModuleManager: Shutting down and abandoning module PropertyEditor (35)
[2018.04.16-21.05.16:956][805]LogModuleManager: Shutting down and abandoning module AudioEditor (32)
[2018.04.16-21.05.16:956][805]LogModuleManager: Shutting down and abandoning module TextureCompressor (30)
[2018.04.16-21.05.16:956][805]LogModuleManager: Shutting down and abandoning module ShaderCore (28)
[2018.04.16-21.05.16:956][805]LogModuleManager: Shutting down and abandoning module Landscape (26)
[2018.04.16-21.05.16:956][805]LogModuleManager: Shutting down and abandoning module SlateRHIRenderer (24)
[2018.04.16-21.05.16:963][805]LogModuleManager: Shutting down and abandoning module OpenGLDrv (22)
[2018.04.16-21.05.16:963][805]LogModuleManager: Shutting down and abandoning module D3D11RHI (20)
[2018.04.16-21.05.16:963][805]LogModuleManager: Shutting down and abandoning module AnimGraphRuntime (18)
[2018.04.16-21.05.16:963][805]LogModuleManager: Shutting down and abandoning module Renderer (16)
[2018.04.16-21.05.16:963][805]LogModuleManager: Shutting down and abandoning module Engine (14)
[2018.04.16-21.05.16:963][805]LogModuleManager: Shutting down and abandoning module CoreUObject (12)
[2018.04.16-21.05.16:963][805]LogModuleManager: Shutting down and abandoning module NetworkFile (10)
[2018.04.16-21.05.16:963][805]LogModuleManager: Shutting down and abandoning module CookedIterativeFile (8)
[2018.04.16-21.05.16:963][805]LogModuleManager: Shutting down and abandoning module StreamingFile (6)
[2018.04.16-21.05.16:963][805]LogModuleManager: Shutting down and abandoning module SandboxFile (4)
[2018.04.16-21.05.16:963][805]LogModuleManager: Shutting down and abandoning module PakFile (2)
[2018.04.16-21.05.16:966][805]LogExit: Exiting.
[2018.04.16-21.05.17:001][805]Log file closed, 04/16/18 16:05:17
